/home/solgi/MSP-IMTS/tPatchGNN/run_models.py
2025-10-23 14:30:20
run_models.py --dataset activity --history 3000 --hid_dim 32 --te_dim 10 --node_dim 10 --nlayer 1 --tf_layer 1 --nhead 1 --batch_size 32 --lr 1e-3 --patience 60 --epoch 600 --seed 2 --gpu 0 --multi_scales 100,300 --multi_strides 100,300 --fusion concat
Namespace(multi_scales='100,300', multi_strides='100,300', fusion='concat', state='def', n=100000000, hop=1, nhead=1, tf_layer=1, nlayer=1, epoch=600, patience=60, history=3000, patch_size=24, stride=24, logmode='a', lr=0.001, w_decay=0.0, batch_size=32, save='experiments/', load=None, seed=2, dataset='activity', quantization=0.0, model='tPatchGNN', outlayer='Linear', hid_dim=32, te_dim=10, node_dim=10, gpu='0', npatch=125, device=device(type='cuda'), PID=3006097, pred_window=1000, ndim=12)
- Epoch 000, ExpID 89917
Train - Loss (one batch): 0.00442
Val - Loss, MSE, RMSE, MAE, MAPE: 0.00453, 0.00453, 0.06550, 0.04771, 237826.89%
Test - Best epoch, Loss, MSE, RMSE, MAE, MAPE: 0, 0.00429, 0.00429, 0.06391, 0.04649, 11.21%
Time spent: 13.41s
- Epoch 001, ExpID 89917
Train - Loss (one batch): 0.00356
Val - Loss, MSE, RMSE, MAE, MAPE: 0.00426, 0.00426, 0.06353, 0.04580, 228200.29%
Test - Best epoch, Loss, MSE, RMSE, MAE, MAPE: 1, 0.00406, 0.00406, 0.06217, 0.04489, 10.60%
Time spent: 7.36s
- Epoch 002, ExpID 89917
Train - Loss (one batch): 0.00343
Val - Loss, MSE, RMSE, MAE, MAPE: 0.00392, 0.00392, 0.06079, 0.04264, 225263.51%
Test - Best epoch, Loss, MSE, RMSE, MAE, MAPE: 2, 0.00373, 0.00373, 0.05941, 0.04174, 9.95%
Time spent: 6.95s
- Epoch 003, ExpID 89917
Train - Loss (one batch): 0.00487
Val - Loss, MSE, RMSE, MAE, MAPE: 0.00407, 0.00407, 0.06216, 0.04438, 221292.24%
Test - Best epoch, Loss, MSE, RMSE, MAE, MAPE: 2, 0.00373, 0.00373, 0.05941, 0.04174, 9.95%
Time spent: 6.25s
- Epoch 004, ExpID 89917
Train - Loss (one batch): 0.00239
Val - Loss, MSE, RMSE, MAE, MAPE: 0.00373, 0.00373, 0.05924, 0.04116, 220198.74%
Test - Best epoch, Loss, MSE, RMSE, MAE, MAPE: 4, 0.00354, 0.00354, 0.05782, 0.04020, 9.58%
Time spent: 6.97s
- Epoch 005, ExpID 89917
Train - Loss (one batch): 0.00160
Val - Loss, MSE, RMSE, MAE, MAPE: 0.00510, 0.00510, 0.07022, 0.05506, 230697.62%
Test - Best epoch, Loss, MSE, RMSE, MAE, MAPE: 4, 0.00354, 0.00354, 0.05782, 0.04020, 9.58%
Time spent: 6.25s
- Epoch 006, ExpID 89917
Train - Loss (one batch): 0.00333
Val - Loss, MSE, RMSE, MAE, MAPE: 0.00377, 0.00377, 0.05975, 0.04240, 219904.05%
Test - Best epoch, Loss, MSE, RMSE, MAE, MAPE: 4, 0.00354, 0.00354, 0.05782, 0.04020, 9.58%
Time spent: 6.21s
- Epoch 007, ExpID 89917
Train - Loss (one batch): 0.00282
Val - Loss, MSE, RMSE, MAE, MAPE: 0.00315, 0.00315, 0.05395, 0.03443, 209194.04%
Test - Best epoch, Loss, MSE, RMSE, MAE, MAPE: 7, 0.00298, 0.00298, 0.05257, 0.03362, 8.03%
Time spent: 7.08s
- Epoch 008, ExpID 89917
Train - Loss (one batch): 0.00237
Val - Loss, MSE, RMSE, MAE, MAPE: 0.00338, 0.00338, 0.05621, 0.03789, 215614.93%
Test - Best epoch, Loss, MSE, RMSE, MAE, MAPE: 7, 0.00298, 0.00298, 0.05257, 0.03362, 8.03%
Time spent: 6.24s
- Epoch 009, ExpID 89917
Train - Loss (one batch): 0.00289
Val - Loss, MSE, RMSE, MAE, MAPE: 0.00386, 0.00386, 0.06057, 0.04347, 214193.05%
Test - Best epoch, Loss, MSE, RMSE, MAE, MAPE: 7, 0.00298, 0.00298, 0.05257, 0.03362, 8.03%
Time spent: 6.24s
- Epoch 010, ExpID 89917
Train - Loss (one batch): 0.00356
Val - Loss, MSE, RMSE, MAE, MAPE: 0.00331, 0.00331, 0.05556, 0.03710, 210356.81%
Test - Best epoch, Loss, MSE, RMSE, MAE, MAPE: 7, 0.00298, 0.00298, 0.05257, 0.03362, 8.03%
Time spent: 6.24s
- Epoch 011, ExpID 89917
Train - Loss (one batch): 0.00170
Val - Loss, MSE, RMSE, MAE, MAPE: 0.00395, 0.00395, 0.06140, 0.04444, 211558.19%
Test - Best epoch, Loss, MSE, RMSE, MAE, MAPE: 7, 0.00298, 0.00298, 0.05257, 0.03362, 8.03%
Time spent: 6.24s
- Epoch 012, ExpID 89917
Train - Loss (one batch): 0.00354
Val - Loss, MSE, RMSE, MAE, MAPE: 0.00372, 0.00372, 0.05934, 0.04199, 216440.03%
Test - Best epoch, Loss, MSE, RMSE, MAE, MAPE: 7, 0.00298, 0.00298, 0.05257, 0.03362, 8.03%
Time spent: 6.44s
- Epoch 013, ExpID 89917
Train - Loss (one batch): 0.00160
Val - Loss, MSE, RMSE, MAE, MAPE: 0.00320, 0.00320, 0.05457, 0.03595, 208515.21%
Test - Best epoch, Loss, MSE, RMSE, MAE, MAPE: 7, 0.00298, 0.00298, 0.05257, 0.03362, 8.03%
Time spent: 6.66s
- Epoch 014, ExpID 89917
Train - Loss (one batch): 0.00332
Val - Loss, MSE, RMSE, MAE, MAPE: 0.00348, 0.00348, 0.05712, 0.03966, 217578.17%
Test - Best epoch, Loss, MSE, RMSE, MAE, MAPE: 7, 0.00298, 0.00298, 0.05257, 0.03362, 8.03%
Time spent: 6.71s
- Epoch 015, ExpID 89917
Train - Loss (one batch): 0.00213
Val - Loss, MSE, RMSE, MAE, MAPE: 0.00428, 0.00428, 0.06423, 0.04841, 215451.80%
Test - Best epoch, Loss, MSE, RMSE, MAE, MAPE: 7, 0.00298, 0.00298, 0.05257, 0.03362, 8.03%
Time spent: 6.14s
- Epoch 016, ExpID 89917
Train - Loss (one batch): 0.00333
Val - Loss, MSE, RMSE, MAE, MAPE: 0.00310, 0.00310, 0.05362, 0.03438, 202268.07%
Test - Best epoch, Loss, MSE, RMSE, MAE, MAPE: 16, 0.00296, 0.00296, 0.05258, 0.03393, 7.89%
Time spent: 7.13s
- Epoch 017, ExpID 89917
Train - Loss (one batch): 0.00219
Val - Loss, MSE, RMSE, MAE, MAPE: 0.00377, 0.00377, 0.05989, 0.04270, 214334.10%
Test - Best epoch, Loss, MSE, RMSE, MAE, MAPE: 16, 0.00296, 0.00296, 0.05258, 0.03393, 7.89%
Time spent: 6.79s
- Epoch 018, ExpID 89917
Train - Loss (one batch): 0.00373
Val - Loss, MSE, RMSE, MAE, MAPE: 0.00327, 0.00327, 0.05514, 0.03639, 205814.73%
Test - Best epoch, Loss, MSE, RMSE, MAE, MAPE: 16, 0.00296, 0.00296, 0.05258, 0.03393, 7.89%
Time spent: 6.13s
- Epoch 019, ExpID 89917
Train - Loss (one batch): 0.00417
Val - Loss, MSE, RMSE, MAE, MAPE: 0.00377, 0.00377, 0.05986, 0.04318, 213389.47%
Test - Best epoch, Loss, MSE, RMSE, MAE, MAPE: 16, 0.00296, 0.00296, 0.05258, 0.03393, 7.89%
Time spent: 6.53s
- Epoch 020, ExpID 89917
Train - Loss (one batch): 0.00169
Val - Loss, MSE, RMSE, MAE, MAPE: 0.00297, 0.00297, 0.05232, 0.03322, 203817.68%
Test - Best epoch, Loss, MSE, RMSE, MAE, MAPE: 20, 0.00284, 0.00284, 0.05137, 0.03276, 7.81%
Time spent: 7.26s
- Epoch 021, ExpID 89917
Train - Loss (one batch): 0.00235
Val - Loss, MSE, RMSE, MAE, MAPE: 0.00320, 0.00320, 0.05473, 0.03656, 208602.76%
Test - Best epoch, Loss, MSE, RMSE, MAE, MAPE: 20, 0.00284, 0.00284, 0.05137, 0.03276, 7.81%
Time spent: 6.19s
- Epoch 022, ExpID 89917
Train - Loss (one batch): 0.00199
Val - Loss, MSE, RMSE, MAE, MAPE: 0.00354, 0.00354, 0.05780, 0.04055, 209138.53%
Test - Best epoch, Loss, MSE, RMSE, MAE, MAPE: 20, 0.00284, 0.00284, 0.05137, 0.03276, 7.81%
Time spent: 6.72s
- Epoch 023, ExpID 89917
Train - Loss (one batch): 0.00482
Val - Loss, MSE, RMSE, MAE, MAPE: 0.00312, 0.00312, 0.05390, 0.03526, 205886.97%
Test - Best epoch, Loss, MSE, RMSE, MAE, MAPE: 20, 0.00284, 0.00284, 0.05137, 0.03276, 7.81%
Time spent: 6.67s
- Epoch 024, ExpID 89917
Train - Loss (one batch): 0.00291
Val - Loss, MSE, RMSE, MAE, MAPE: 0.00293, 0.00293, 0.05196, 0.03285, 202293.15%
Test - Best epoch, Loss, MSE, RMSE, MAE, MAPE: 24, 0.00281, 0.00281, 0.05110, 0.03250, 7.70%
Time spent: 6.98s
- Epoch 025, ExpID 89917
Train - Loss (one batch): 0.00290
Val - Loss, MSE, RMSE, MAE, MAPE: 0.00299, 0.00299, 0.05255, 0.03360, 202805.12%
Test - Best epoch, Loss, MSE, RMSE, MAE, MAPE: 24, 0.00281, 0.00281, 0.05110, 0.03250, 7.70%
Time spent: 6.14s
- Epoch 026, ExpID 89917
Train - Loss (one batch): 0.00188
Val - Loss, MSE, RMSE, MAE, MAPE: 0.00304, 0.00304, 0.05308, 0.03409, 196692.51%
Test - Best epoch, Loss, MSE, RMSE, MAE, MAPE: 24, 0.00281, 0.00281, 0.05110, 0.03250, 7.70%
Time spent: 6.21s
- Epoch 027, ExpID 89917
Train - Loss (one batch): 0.00298
Val - Loss, MSE, RMSE, MAE, MAPE: 0.00291, 0.00291, 0.05185, 0.03297, 202062.16%
Test - Best epoch, Loss, MSE, RMSE, MAE, MAPE: 27, 0.00280, 0.00280, 0.05106, 0.03263, 7.77%
Time spent: 6.89s
- Epoch 028, ExpID 89917
Train - Loss (one batch): 0.00270
Val - Loss, MSE, RMSE, MAE, MAPE: 0.00303, 0.00303, 0.05290, 0.03390, 189774.17%
Test - Best epoch, Loss, MSE, RMSE, MAE, MAPE: 27, 0.00280, 0.00280, 0.05106, 0.03263, 7.77%
Time spent: 6.18s
- Epoch 029, ExpID 89917
Train - Loss (one batch): 0.00257
Val - Loss, MSE, RMSE, MAE, MAPE: 0.00306, 0.00306, 0.05337, 0.03513, 208749.90%
Test - Best epoch, Loss, MSE, RMSE, MAE, MAPE: 27, 0.00280, 0.00280, 0.05106, 0.03263, 7.77%
Time spent: 6.20s
- Epoch 030, ExpID 89917
Train - Loss (one batch): 0.00302
Val - Loss, MSE, RMSE, MAE, MAPE: 0.00297, 0.00297, 0.05232, 0.03356, 205609.88%
Test - Best epoch, Loss, MSE, RMSE, MAE, MAPE: 27, 0.00280, 0.00280, 0.05106, 0.03263, 7.77%
Time spent: 6.19s
- Epoch 031, ExpID 89917
Train - Loss (one batch): 0.00250
Val - Loss, MSE, RMSE, MAE, MAPE: 0.00332, 0.00332, 0.05579, 0.03855, 217690.26%
Test - Best epoch, Loss, MSE, RMSE, MAE, MAPE: 27, 0.00280, 0.00280, 0.05106, 0.03263, 7.77%
Time spent: 6.18s
- Epoch 032, ExpID 89917
Train - Loss (one batch): 0.00249
Val - Loss, MSE, RMSE, MAE, MAPE: 0.00331, 0.00331, 0.05587, 0.03821, 207157.06%
Test - Best epoch, Loss, MSE, RMSE, MAE, MAPE: 27, 0.00280, 0.00280, 0.05106, 0.03263, 7.77%
Time spent: 6.21s
- Epoch 033, ExpID 89917
Train - Loss (one batch): 0.00228
Val - Loss, MSE, RMSE, MAE, MAPE: 0.00313, 0.00313, 0.05414, 0.03647, 207731.95%
Test - Best epoch, Loss, MSE, RMSE, MAE, MAPE: 27, 0.00280, 0.00280, 0.05106, 0.03263, 7.77%
Time spent: 6.23s
- Epoch 034, ExpID 89917
Train - Loss (one batch): 0.00246
Val - Loss, MSE, RMSE, MAE, MAPE: 0.00310, 0.00310, 0.05385, 0.03591, 209008.50%
Test - Best epoch, Loss, MSE, RMSE, MAE, MAPE: 27, 0.00280, 0.00280, 0.05106, 0.03263, 7.77%
Time spent: 6.22s
- Epoch 035, ExpID 89917
Train - Loss (one batch): 0.00248
Val - Loss, MSE, RMSE, MAE, MAPE: 0.00296, 0.00296, 0.05229, 0.03356, 207003.05%
Test - Best epoch, Loss, MSE, RMSE, MAE, MAPE: 27, 0.00280, 0.00280, 0.05106, 0.03263, 7.77%
Time spent: 6.30s
- Epoch 036, ExpID 89917
Train - Loss (one batch): 0.00200
Val - Loss, MSE, RMSE, MAE, MAPE: 0.00307, 0.00307, 0.05344, 0.03485, 202201.84%
Test - Best epoch, Loss, MSE, RMSE, MAE, MAPE: 27, 0.00280, 0.00280, 0.05106, 0.03263, 7.77%
Time spent: 6.27s
- Epoch 037, ExpID 89917
Train - Loss (one batch): 0.00211
Val - Loss, MSE, RMSE, MAE, MAPE: 0.00286, 0.00286, 0.05140, 0.03276, 203844.66%
Test - Best epoch, Loss, MSE, RMSE, MAE, MAPE: 37, 0.00277, 0.00277, 0.05077, 0.03253, 7.70%
Time spent: 6.92s
- Epoch 038, ExpID 89917
Train - Loss (one batch): 0.00247
Val - Loss, MSE, RMSE, MAE, MAPE: 0.00295, 0.00295, 0.05217, 0.03372, 204967.43%
Test - Best epoch, Loss, MSE, RMSE, MAE, MAPE: 37, 0.00277, 0.00277, 0.05077, 0.03253, 7.70%
Time spent: 6.26s
- Epoch 039, ExpID 89917
Train - Loss (one batch): 0.00355
Val - Loss, MSE, RMSE, MAE, MAPE: 0.00296, 0.00296, 0.05236, 0.03388, 203838.36%
Test - Best epoch, Loss, MSE, RMSE, MAE, MAPE: 37, 0.00277, 0.00277, 0.05077, 0.03253, 7.70%
Time spent: 6.52s
- Epoch 040, ExpID 89917
Train - Loss (one batch): 0.00258
Val - Loss, MSE, RMSE, MAE, MAPE: 0.00286, 0.00286, 0.05137, 0.03271, 205245.10%
Test - Best epoch, Loss, MSE, RMSE, MAE, MAPE: 40, 0.00276, 0.00276, 0.05062, 0.03240, 7.75%
Time spent: 7.02s
- Epoch 041, ExpID 89917
Train - Loss (one batch): 0.00321
Val - Loss, MSE, RMSE, MAE, MAPE: 0.00300, 0.00300, 0.05289, 0.03494, 203629.89%
Test - Best epoch, Loss, MSE, RMSE, MAE, MAPE: 40, 0.00276, 0.00276, 0.05062, 0.03240, 7.75%
Time spent: 6.67s
- Epoch 042, ExpID 89917
Train - Loss (one batch): 0.00196
Val - Loss, MSE, RMSE, MAE, MAPE: 0.00315, 0.00315, 0.05429, 0.03668, 208517.12%
Test - Best epoch, Loss, MSE, RMSE, MAE, MAPE: 40, 0.00276, 0.00276, 0.05062, 0.03240, 7.75%
Time spent: 6.17s
- Epoch 043, ExpID 89917
Train - Loss (one batch): 0.00245
Val - Loss, MSE, RMSE, MAE, MAPE: 0.00302, 0.00302, 0.05300, 0.03473, 203645.21%
Test - Best epoch, Loss, MSE, RMSE, MAE, MAPE: 40, 0.00276, 0.00276, 0.05062, 0.03240, 7.75%
Time spent: 6.24s
- Epoch 044, ExpID 89917
Train - Loss (one batch): 0.00404
Val - Loss, MSE, RMSE, MAE, MAPE: 0.00362, 0.00362, 0.05868, 0.04279, 215064.49%
Test - Best epoch, Loss, MSE, RMSE, MAE, MAPE: 40, 0.00276, 0.00276, 0.05062, 0.03240, 7.75%
Time spent: 6.23s
- Epoch 045, ExpID 89917
Train - Loss (one batch): 0.00166
Val - Loss, MSE, RMSE, MAE, MAPE: 0.00283, 0.00283, 0.05113, 0.03240, 200189.23%
Test - Best epoch, Loss, MSE, RMSE, MAE, MAPE: 45, 0.00276, 0.00276, 0.05062, 0.03213, 7.54%
Time spent: 7.09s
- Epoch 046, ExpID 89917
Train - Loss (one batch): 0.00202
Val - Loss, MSE, RMSE, MAE, MAPE: 0.00312, 0.00312, 0.05398, 0.03621, 209809.69%
Test - Best epoch, Loss, MSE, RMSE, MAE, MAPE: 45, 0.00276, 0.00276, 0.05062, 0.03213, 7.54%
Time spent: 6.73s
- Epoch 047, ExpID 89917
Train - Loss (one batch): 0.00194
Val - Loss, MSE, RMSE, MAE, MAPE: 0.00291, 0.00291, 0.05180, 0.03363, 212413.05%
Test - Best epoch, Loss, MSE, RMSE, MAE, MAPE: 45, 0.00276, 0.00276, 0.05062, 0.03213, 7.54%
Time spent: 6.15s
- Epoch 048, ExpID 89917
Train - Loss (one batch): 0.00163
Val - Loss, MSE, RMSE, MAE, MAPE: 0.00285, 0.00285, 0.05134, 0.03280, 203254.37%
Test - Best epoch, Loss, MSE, RMSE, MAE, MAPE: 45, 0.00276, 0.00276, 0.05062, 0.03213, 7.54%
Time spent: 6.25s
- Epoch 049, ExpID 89917
Train - Loss (one batch): 0.00248
Val - Loss, MSE, RMSE, MAE, MAPE: 0.00283, 0.00283, 0.05112, 0.03251, 197064.24%
Test - Best epoch, Loss, MSE, RMSE, MAE, MAPE: 45, 0.00276, 0.00276, 0.05062, 0.03213, 7.54%
Time spent: 6.19s
- Epoch 050, ExpID 89917
Train - Loss (one batch): 0.00176
Val - Loss, MSE, RMSE, MAE, MAPE: 0.00290, 0.00290, 0.05179, 0.03322, 200063.36%
Test - Best epoch, Loss, MSE, RMSE, MAE, MAPE: 45, 0.00276, 0.00276, 0.05062, 0.03213, 7.54%
Time spent: 6.51s
- Epoch 051, ExpID 89917
Train - Loss (one batch): 0.00194
Val - Loss, MSE, RMSE, MAE, MAPE: 0.00298, 0.00298, 0.05270, 0.03443, 199658.61%
Test - Best epoch, Loss, MSE, RMSE, MAE, MAPE: 45, 0.00276, 0.00276, 0.05062, 0.03213, 7.54%
Time spent: 6.22s
- Epoch 052, ExpID 89917
Train - Loss (one batch): 0.00262
Val - Loss, MSE, RMSE, MAE, MAPE: 0.00290, 0.00290, 0.05173, 0.03311, 187755.29%
Test - Best epoch, Loss, MSE, RMSE, MAE, MAPE: 45, 0.00276, 0.00276, 0.05062, 0.03213, 7.54%
Time spent: 6.17s
- Epoch 053, ExpID 89917
Train - Loss (one batch): 0.00323
Val - Loss, MSE, RMSE, MAE, MAPE: 0.00293, 0.00293, 0.05208, 0.03358, 203118.59%
Test - Best epoch, Loss, MSE, RMSE, MAE, MAPE: 45, 0.00276, 0.00276, 0.05062, 0.03213, 7.54%
Time spent: 6.33s
- Epoch 054, ExpID 89917
Train - Loss (one batch): 0.00209
Val - Loss, MSE, RMSE, MAE, MAPE: 0.00281, 0.00281, 0.05092, 0.03229, 205759.50%
Test - Best epoch, Loss, MSE, RMSE, MAE, MAPE: 54, 0.00275, 0.00275, 0.05052, 0.03213, 7.68%
Time spent: 7.60s
- Epoch 055, ExpID 89917
Train - Loss (one batch): 0.00359
Val - Loss, MSE, RMSE, MAE, MAPE: 0.00331, 0.00331, 0.05589, 0.03911, 208837.14%
Test - Best epoch, Loss, MSE, RMSE, MAE, MAPE: 54, 0.00275, 0.00275, 0.05052, 0.03213, 7.68%
Time spent: 6.14s
- Epoch 056, ExpID 89917
Train - Loss (one batch): 0.00177
Val - Loss, MSE, RMSE, MAE, MAPE: 0.00304, 0.00304, 0.05325, 0.03474, 199532.52%
Test - Best epoch, Loss, MSE, RMSE, MAE, MAPE: 54, 0.00275, 0.00275, 0.05052, 0.03213, 7.68%
Time spent: 6.24s
- Epoch 057, ExpID 89917
Train - Loss (one batch): 0.00146
Val - Loss, MSE, RMSE, MAE, MAPE: 0.00294, 0.00294, 0.05223, 0.03400, 200957.67%
Test - Best epoch, Loss, MSE, RMSE, MAE, MAPE: 54, 0.00275, 0.00275, 0.05052, 0.03213, 7.68%
Time spent: 6.64s
- Epoch 058, ExpID 89917
Train - Loss (one batch): 0.00263
Val - Loss, MSE, RMSE, MAE, MAPE: 0.00280, 0.00280, 0.05090, 0.03260, 201042.89%
Test - Best epoch, Loss, MSE, RMSE, MAE, MAPE: 58, 0.00272, 0.00272, 0.05027, 0.03225, 7.70%
Time spent: 7.18s
- Epoch 059, ExpID 89917
Train - Loss (one batch): 0.00106
Val - Loss, MSE, RMSE, MAE, MAPE: 0.00282, 0.00282, 0.05095, 0.03229, 205753.94%
Test - Best epoch, Loss, MSE, RMSE, MAE, MAPE: 58, 0.00272, 0.00272, 0.05027, 0.03225, 7.70%
Time spent: 6.37s
- Epoch 060, ExpID 89917
Train - Loss (one batch): 0.00165
Val - Loss, MSE, RMSE, MAE, MAPE: 0.00303, 0.00303, 0.05317, 0.03522, 204000.33%
Test - Best epoch, Loss, MSE, RMSE, MAE, MAPE: 58, 0.00272, 0.00272, 0.05027, 0.03225, 7.70%
Time spent: 6.24s
- Epoch 061, ExpID 89917
Train - Loss (one batch): 0.00324
Val - Loss, MSE, RMSE, MAE, MAPE: 0.00317, 0.00317, 0.05457, 0.03766, 212091.69%
Test - Best epoch, Loss, MSE, RMSE, MAE, MAPE: 58, 0.00272, 0.00272, 0.05027, 0.03225, 7.70%
Time spent: 6.78s
- Epoch 062, ExpID 89917
Train - Loss (one batch): 0.00193
Val - Loss, MSE, RMSE, MAE, MAPE: 0.00364, 0.00364, 0.05888, 0.04263, 212595.43%
Test - Best epoch, Loss, MSE, RMSE, MAE, MAPE: 58, 0.00272, 0.00272, 0.05027, 0.03225, 7.70%
Time spent: 6.20s
- Epoch 063, ExpID 89917
Train - Loss (one batch): 0.00252
Val - Loss, MSE, RMSE, MAE, MAPE: 0.00287, 0.00287, 0.05151, 0.03340, 210930.72%
Test - Best epoch, Loss, MSE, RMSE, MAE, MAPE: 58, 0.00272, 0.00272, 0.05027, 0.03225, 7.70%
Time spent: 6.19s
- Epoch 064, ExpID 89917
Train - Loss (one batch): 0.00235
Val - Loss, MSE, RMSE, MAE, MAPE: 0.00286, 0.00286, 0.05146, 0.03325, 209595.25%
Test - Best epoch, Loss, MSE, RMSE, MAE, MAPE: 58, 0.00272, 0.00272, 0.05027, 0.03225, 7.70%
Time spent: 6.20s
- Epoch 065, ExpID 89917
Train - Loss (one batch): 0.00233
Val - Loss, MSE, RMSE, MAE, MAPE: 0.00297, 0.00297, 0.05253, 0.03443, 207608.22%
Test - Best epoch, Loss, MSE, RMSE, MAE, MAPE: 58, 0.00272, 0.00272, 0.05027, 0.03225, 7.70%
Time spent: 6.28s
- Epoch 066, ExpID 89917
Train - Loss (one batch): 0.00254
Val - Loss, MSE, RMSE, MAE, MAPE: 0.00283, 0.00283, 0.05111, 0.03253, 193024.54%
Test - Best epoch, Loss, MSE, RMSE, MAE, MAPE: 58, 0.00272, 0.00272, 0.05027, 0.03225, 7.70%
Time spent: 6.20s
- Epoch 067, ExpID 89917
Train - Loss (one batch): 0.00256
Val - Loss, MSE, RMSE, MAE, MAPE: 0.00279, 0.00279, 0.05072, 0.03202, 199850.92%
Test - Best epoch, Loss, MSE, RMSE, MAE, MAPE: 67, 0.00272, 0.00272, 0.05029, 0.03188, 7.52%
Time spent: 7.00s
- Epoch 068, ExpID 89917
Train - Loss (one batch): 0.00269
Val - Loss, MSE, RMSE, MAE, MAPE: 0.00283, 0.00283, 0.05107, 0.03234, 201535.69%
Test - Best epoch, Loss, MSE, RMSE, MAE, MAPE: 67, 0.00272, 0.00272, 0.05029, 0.03188, 7.52%
Time spent: 6.55s
- Epoch 069, ExpID 89917
Train - Loss (one batch): 0.00329
Val - Loss, MSE, RMSE, MAE, MAPE: 0.00282, 0.00282, 0.05107, 0.03292, 207023.20%
Test - Best epoch, Loss, MSE, RMSE, MAE, MAPE: 67, 0.00272, 0.00272, 0.05029, 0.03188, 7.52%
Time spent: 6.21s
- Epoch 070, ExpID 89917
Train - Loss (one batch): 0.00185
Val - Loss, MSE, RMSE, MAE, MAPE: 0.00307, 0.00307, 0.05354, 0.03546, 199637.24%
Test - Best epoch, Loss, MSE, RMSE, MAE, MAPE: 67, 0.00272, 0.00272, 0.05029, 0.03188, 7.52%
Time spent: 6.67s
- Epoch 071, ExpID 89917
Train - Loss (one batch): 0.00198
Val - Loss, MSE, RMSE, MAE, MAPE: 0.00296, 0.00296, 0.05252, 0.03470, 208668.40%
Test - Best epoch, Loss, MSE, RMSE, MAE, MAPE: 67, 0.00272, 0.00272, 0.05029, 0.03188, 7.52%
Time spent: 6.19s
- Epoch 072, ExpID 89917
Train - Loss (one batch): 0.00232
Val - Loss, MSE, RMSE, MAE, MAPE: 0.00290, 0.00290, 0.05191, 0.03377, 202211.60%
Test - Best epoch, Loss, MSE, RMSE, MAE, MAPE: 67, 0.00272, 0.00272, 0.05029, 0.03188, 7.52%
Time spent: 6.39s
- Epoch 073, ExpID 89917
Train - Loss (one batch): 0.00340
Val - Loss, MSE, RMSE, MAE, MAPE: 0.00281, 0.00281, 0.05091, 0.03238, 199370.83%
Test - Best epoch, Loss, MSE, RMSE, MAE, MAPE: 67, 0.00272, 0.00272, 0.05029, 0.03188, 7.52%
Time spent: 6.25s
- Epoch 074, ExpID 89917
Train - Loss (one batch): 0.00275
Val - Loss, MSE, RMSE, MAE, MAPE: 0.00299, 0.00299, 0.05287, 0.03492, 205835.23%
Test - Best epoch, Loss, MSE, RMSE, MAE, MAPE: 67, 0.00272, 0.00272, 0.05029, 0.03188, 7.52%
Time spent: 6.32s
- Epoch 075, ExpID 89917
Train - Loss (one batch): 0.00133
Val - Loss, MSE, RMSE, MAE, MAPE: 0.00282, 0.00282, 0.05104, 0.03250, 200018.47%
Test - Best epoch, Loss, MSE, RMSE, MAE, MAPE: 67, 0.00272, 0.00272, 0.05029, 0.03188, 7.52%
Time spent: 6.36s
- Epoch 076, ExpID 89917
Train - Loss (one batch): 0.00238
Val - Loss, MSE, RMSE, MAE, MAPE: 0.00280, 0.00280, 0.05085, 0.03228, 195268.06%
Test - Best epoch, Loss, MSE, RMSE, MAE, MAPE: 67, 0.00272, 0.00272, 0.05029, 0.03188, 7.52%
Time spent: 6.24s
- Epoch 077, ExpID 89917
Train - Loss (one batch): 0.00185
Val - Loss, MSE, RMSE, MAE, MAPE: 0.00298, 0.00298, 0.05270, 0.03518, 209742.91%
Test - Best epoch, Loss, MSE, RMSE, MAE, MAPE: 67, 0.00272, 0.00272, 0.05029, 0.03188, 7.52%
Time spent: 6.18s
- Epoch 078, ExpID 89917
Train - Loss (one batch): 0.00210
Val - Loss, MSE, RMSE, MAE, MAPE: 0.00284, 0.00284, 0.05125, 0.03297, 195290.94%
Test - Best epoch, Loss, MSE, RMSE, MAE, MAPE: 67, 0.00272, 0.00272, 0.05029, 0.03188, 7.52%
Time spent: 6.51s
- Epoch 079, ExpID 89917
Train - Loss (one batch): 0.00169
Val - Loss, MSE, RMSE, MAE, MAPE: 0.00279, 0.00279, 0.05079, 0.03248, 202067.63%
Test - Best epoch, Loss, MSE, RMSE, MAE, MAPE: 67, 0.00272, 0.00272, 0.05029, 0.03188, 7.52%
Time spent: 6.23s
- Epoch 080, ExpID 89917
Train - Loss (one batch): 0.00277
Val - Loss, MSE, RMSE, MAE, MAPE: 0.00327, 0.00327, 0.05558, 0.03905, 209316.68%
Test - Best epoch, Loss, MSE, RMSE, MAE, MAPE: 67, 0.00272, 0.00272, 0.05029, 0.03188, 7.52%
Time spent: 6.28s
- Epoch 081, ExpID 89917
Train - Loss (one batch): 0.00238
Val - Loss, MSE, RMSE, MAE, MAPE: 0.00303, 0.00303, 0.05317, 0.03607, 212604.57%
Test - Best epoch, Loss, MSE, RMSE, MAE, MAPE: 67, 0.00272, 0.00272, 0.05029, 0.03188, 7.52%
Time spent: 6.21s
- Epoch 082, ExpID 89917
Train - Loss (one batch): 0.00202
Val - Loss, MSE, RMSE, MAE, MAPE: 0.00290, 0.00290, 0.05188, 0.03406, 207141.96%
Test - Best epoch, Loss, MSE, RMSE, MAE, MAPE: 67, 0.00272, 0.00272, 0.05029, 0.03188, 7.52%
Time spent: 6.24s
- Epoch 083, ExpID 89917
Train - Loss (one batch): 0.00194
Val - Loss, MSE, RMSE, MAE, MAPE: 0.00294, 0.00294, 0.05231, 0.03440, 201849.64%
Test - Best epoch, Loss, MSE, RMSE, MAE, MAPE: 67, 0.00272, 0.00272, 0.05029, 0.03188, 7.52%
Time spent: 6.77s
- Epoch 084, ExpID 89917
Train - Loss (one batch): 0.00189
Val - Loss, MSE, RMSE, MAE, MAPE: 0.00281, 0.00281, 0.05094, 0.03292, 206447.70%
Test - Best epoch, Loss, MSE, RMSE, MAE, MAPE: 67, 0.00272, 0.00272, 0.05029, 0.03188, 7.52%
Time spent: 6.27s
- Epoch 085, ExpID 89917
Train - Loss (one batch): 0.00219
Val - Loss, MSE, RMSE, MAE, MAPE: 0.00307, 0.00307, 0.05364, 0.03618, 205668.82%
Test - Best epoch, Loss, MSE, RMSE, MAE, MAPE: 67, 0.00272, 0.00272, 0.05029, 0.03188, 7.52%
Time spent: 6.18s
- Epoch 086, ExpID 89917
Train - Loss (one batch): 0.00236
Val - Loss, MSE, RMSE, MAE, MAPE: 0.00289, 0.00289, 0.05180, 0.03389, 207695.39%
Test - Best epoch, Loss, MSE, RMSE, MAE, MAPE: 67, 0.00272, 0.00272, 0.05029, 0.03188, 7.52%
Time spent: 6.53s
- Epoch 087, ExpID 89917
Train - Loss (one batch): 0.00156
Val - Loss, MSE, RMSE, MAE, MAPE: 0.00287, 0.00287, 0.05155, 0.03380, 206651.83%
Test - Best epoch, Loss, MSE, RMSE, MAE, MAPE: 67, 0.00272, 0.00272, 0.05029, 0.03188, 7.52%
Time spent: 6.22s
- Epoch 088, ExpID 89917
Train - Loss (one batch): 0.00252
Val - Loss, MSE, RMSE, MAE, MAPE: 0.00280, 0.00280, 0.05090, 0.03263, 195857.40%
Test - Best epoch, Loss, MSE, RMSE, MAE, MAPE: 67, 0.00272, 0.00272, 0.05029, 0.03188, 7.52%
Time spent: 6.22s
- Epoch 089, ExpID 89917
Train - Loss (one batch): 0.00239
Val - Loss, MSE, RMSE, MAE, MAPE: 0.00277, 0.00277, 0.05059, 0.03242, 203282.57%
Test - Best epoch, Loss, MSE, RMSE, MAE, MAPE: 89, 0.00274, 0.00274, 0.05040, 0.03246, 7.81%
Time spent: 6.89s
- Epoch 090, ExpID 89917
Train - Loss (one batch): 0.00250
Val - Loss, MSE, RMSE, MAE, MAPE: 0.00275, 0.00275, 0.05028, 0.03169, 202255.29%
Test - Best epoch, Loss, MSE, RMSE, MAE, MAPE: 90, 0.00270, 0.00270, 0.05007, 0.03176, 7.54%
Time spent: 7.39s
- Epoch 091, ExpID 89917
Train - Loss (one batch): 0.00271
Val - Loss, MSE, RMSE, MAE, MAPE: 0.00283, 0.00283, 0.05115, 0.03298, 205306.95%
Test - Best epoch, Loss, MSE, RMSE, MAE, MAPE: 90, 0.00270, 0.00270, 0.05007, 0.03176, 7.54%
Time spent: 6.18s
- Epoch 092, ExpID 89917
Train - Loss (one batch): 0.00370
Val - Loss, MSE, RMSE, MAE, MAPE: 0.00289, 0.00289, 0.05170, 0.03395, 206198.04%
Test - Best epoch, Loss, MSE, RMSE, MAE, MAPE: 90, 0.00270, 0.00270, 0.05007, 0.03176, 7.54%
Time spent: 6.15s
- Epoch 093, ExpID 89917
Train - Loss (one batch): 0.00187
Val - Loss, MSE, RMSE, MAE, MAPE: 0.00283, 0.00283, 0.05115, 0.03298, 204312.43%
Test - Best epoch, Loss, MSE, RMSE, MAE, MAPE: 90, 0.00270, 0.00270, 0.05007, 0.03176, 7.54%
Time spent: 6.33s
- Epoch 094, ExpID 89917
Train - Loss (one batch): 0.00224
Val - Loss, MSE, RMSE, MAE, MAPE: 0.00282, 0.00282, 0.05108, 0.03282, 202714.56%
Test - Best epoch, Loss, MSE, RMSE, MAE, MAPE: 90, 0.00270, 0.00270, 0.05007, 0.03176, 7.54%
Time spent: 6.23s
- Epoch 095, ExpID 89917
Train - Loss (one batch): 0.00264
Val - Loss, MSE, RMSE, MAE, MAPE: 0.00299, 0.00299, 0.05278, 0.03509, 199697.22%
Test - Best epoch, Loss, MSE, RMSE, MAE, MAPE: 90, 0.00270, 0.00270, 0.05007, 0.03176, 7.54%
Time spent: 6.16s
- Epoch 096, ExpID 89917
Train - Loss (one batch): 0.00154
Val - Loss, MSE, RMSE, MAE, MAPE: 0.00281, 0.00281, 0.05094, 0.03243, 193467.25%
Test - Best epoch, Loss, MSE, RMSE, MAE, MAPE: 90, 0.00270, 0.00270, 0.05007, 0.03176, 7.54%
Time spent: 6.11s
- Epoch 097, ExpID 89917
Train - Loss (one batch): 0.00254
Val - Loss, MSE, RMSE, MAE, MAPE: 0.00281, 0.00281, 0.05091, 0.03287, 199136.60%
Test - Best epoch, Loss, MSE, RMSE, MAE, MAPE: 90, 0.00270, 0.00270, 0.05007, 0.03176, 7.54%
Time spent: 6.09s
- Epoch 098, ExpID 89917
Train - Loss (one batch): 0.00272
Val - Loss, MSE, RMSE, MAE, MAPE: 0.00308, 0.00308, 0.05366, 0.03653, 205250.11%
Test - Best epoch, Loss, MSE, RMSE, MAE, MAPE: 90, 0.00270, 0.00270, 0.05007, 0.03176, 7.54%
Time spent: 6.78s
- Epoch 099, ExpID 89917
Train - Loss (one batch): 0.00217
Val - Loss, MSE, RMSE, MAE, MAPE: 0.00289, 0.00289, 0.05178, 0.03408, 204138.81%
Test - Best epoch, Loss, MSE, RMSE, MAE, MAPE: 90, 0.00270, 0.00270, 0.05007, 0.03176, 7.54%
Time spent: 6.13s
- Epoch 100, ExpID 89917
Train - Loss (one batch): 0.00250
Val - Loss, MSE, RMSE, MAE, MAPE: 0.00279, 0.00279, 0.05079, 0.03262, 198747.74%
Test - Best epoch, Loss, MSE, RMSE, MAE, MAPE: 90, 0.00270, 0.00270, 0.05007, 0.03176, 7.54%
Time spent: 6.17s
- Epoch 101, ExpID 89917
Train - Loss (one batch): 0.00223
Val - Loss, MSE, RMSE, MAE, MAPE: 0.00339, 0.00339, 0.05673, 0.04060, 207318.59%
Test - Best epoch, Loss, MSE, RMSE, MAE, MAPE: 90, 0.00270, 0.00270, 0.05007, 0.03176, 7.54%
Time spent: 6.47s
- Epoch 102, ExpID 89917
Train - Loss (one batch): 0.00162
Val - Loss, MSE, RMSE, MAE, MAPE: 0.00290, 0.00290, 0.05180, 0.03389, 205014.86%
Test - Best epoch, Loss, MSE, RMSE, MAE, MAPE: 90, 0.00270, 0.00270, 0.05007, 0.03176, 7.54%
Time spent: 6.16s
- Epoch 103, ExpID 89917
Train - Loss (one batch): 0.00200
Val - Loss, MSE, RMSE, MAE, MAPE: 0.00276, 0.00276, 0.05046, 0.03190, 198314.55%
Test - Best epoch, Loss, MSE, RMSE, MAE, MAPE: 90, 0.00270, 0.00270, 0.05007, 0.03176, 7.54%
Time spent: 6.56s
- Epoch 104, ExpID 89917
Train - Loss (one batch): 0.00292
Val - Loss, MSE, RMSE, MAE, MAPE: 0.00339, 0.00339, 0.05659, 0.04060, 211578.75%
Test - Best epoch, Loss, MSE, RMSE, MAE, MAPE: 90, 0.00270, 0.00270, 0.05007, 0.03176, 7.54%
Time spent: 6.15s
- Epoch 105, ExpID 89917
Train - Loss (one batch): 0.00246
Val - Loss, MSE, RMSE, MAE, MAPE: 0.00284, 0.00284, 0.05131, 0.03326, 196095.27%
Test - Best epoch, Loss, MSE, RMSE, MAE, MAPE: 90, 0.00270, 0.00270, 0.05007, 0.03176, 7.54%
Time spent: 6.20s
- Epoch 106, ExpID 89917
Train - Loss (one batch): 0.00310
Val - Loss, MSE, RMSE, MAE, MAPE: 0.00277, 0.00277, 0.05057, 0.03216, 196170.89%
Test - Best epoch, Loss, MSE, RMSE, MAE, MAPE: 90, 0.00270, 0.00270, 0.05007, 0.03176, 7.54%
Time spent: 6.66s
- Epoch 107, ExpID 89917
Train - Loss (one batch): 0.00326
Val - Loss, MSE, RMSE, MAE, MAPE: 0.00283, 0.00283, 0.05120, 0.03334, 201162.17%
Test - Best epoch, Loss, MSE, RMSE, MAE, MAPE: 90, 0.00270, 0.00270, 0.05007, 0.03176, 7.54%
Time spent: 6.19s
- Epoch 108, ExpID 89917
Train - Loss (one batch): 0.00405
Val - Loss, MSE, RMSE, MAE, MAPE: 0.00281, 0.00281, 0.05096, 0.03256, 202798.57%
Test - Best epoch, Loss, MSE, RMSE, MAE, MAPE: 90, 0.00270, 0.00270, 0.05007, 0.03176, 7.54%
Time spent: 6.18s
- Epoch 109, ExpID 89917
Train - Loss (one batch): 0.00190
Val - Loss, MSE, RMSE, MAE, MAPE: 0.00275, 0.00275, 0.05043, 0.03231, 196993.82%
Test - Best epoch, Loss, MSE, RMSE, MAE, MAPE: 90, 0.00270, 0.00270, 0.05007, 0.03176, 7.54%
Time spent: 6.22s
- Epoch 110, ExpID 89917
Train - Loss (one batch): 0.00240
Val - Loss, MSE, RMSE, MAE, MAPE: 0.00301, 0.00301, 0.05307, 0.03589, 203887.13%
Test - Best epoch, Loss, MSE, RMSE, MAE, MAPE: 90, 0.00270, 0.00270, 0.05007, 0.03176, 7.54%
Time spent: 6.62s
- Epoch 111, ExpID 89917
Train - Loss (one batch): 0.00198
Val - Loss, MSE, RMSE, MAE, MAPE: 0.00279, 0.00279, 0.05071, 0.03221, 198423.52%
Test - Best epoch, Loss, MSE, RMSE, MAE, MAPE: 90, 0.00270, 0.00270, 0.05007, 0.03176, 7.54%
Time spent: 6.22s
- Epoch 112, ExpID 89917
Train - Loss (one batch): 0.00232
Val - Loss, MSE, RMSE, MAE, MAPE: 0.00286, 0.00286, 0.05156, 0.03350, 198808.31%
Test - Best epoch, Loss, MSE, RMSE, MAE, MAPE: 90, 0.00270, 0.00270, 0.05007, 0.03176, 7.54%
Time spent: 6.70s
- Epoch 113, ExpID 89917
Train - Loss (one batch): 0.00261
Val - Loss, MSE, RMSE, MAE, MAPE: 0.00275, 0.00275, 0.05026, 0.03176, 200056.08%
Test - Best epoch, Loss, MSE, RMSE, MAE, MAPE: 90, 0.00270, 0.00270, 0.05007, 0.03176, 7.54%
Time spent: 6.71s
- Epoch 114, ExpID 89917
Train - Loss (one batch): 0.00307
Val - Loss, MSE, RMSE, MAE, MAPE: 0.00282, 0.00282, 0.05103, 0.03273, 194145.08%
Test - Best epoch, Loss, MSE, RMSE, MAE, MAPE: 90, 0.00270, 0.00270, 0.05007, 0.03176, 7.54%
Time spent: 6.52s
- Epoch 115, ExpID 89917
Train - Loss (one batch): 0.00282
Val - Loss, MSE, RMSE, MAE, MAPE: 0.00313, 0.00313, 0.05416, 0.03719, 214222.37%
Test - Best epoch, Loss, MSE, RMSE, MAE, MAPE: 90, 0.00270, 0.00270, 0.05007, 0.03176, 7.54%
Time spent: 6.35s
- Epoch 116, ExpID 89917
Train - Loss (one batch): 0.00187
Val - Loss, MSE, RMSE, MAE, MAPE: 0.00283, 0.00283, 0.05119, 0.03280, 196065.25%
Test - Best epoch, Loss, MSE, RMSE, MAE, MAPE: 90, 0.00270, 0.00270, 0.05007, 0.03176, 7.54%
Time spent: 6.21s
- Epoch 117, ExpID 89917
Train - Loss (one batch): 0.00299
Val - Loss, MSE, RMSE, MAE, MAPE: 0.00282, 0.00282, 0.05097, 0.03280, 203646.92%
Test - Best epoch, Loss, MSE, RMSE, MAE, MAPE: 90, 0.00270, 0.00270, 0.05007, 0.03176, 7.54%
Time spent: 6.18s
- Epoch 118, ExpID 89917
Train - Loss (one batch): 0.00320
Val - Loss, MSE, RMSE, MAE, MAPE: 0.00283, 0.00283, 0.05124, 0.03334, 197398.97%
Test - Best epoch, Loss, MSE, RMSE, MAE, MAPE: 90, 0.00270, 0.00270, 0.05007, 0.03176, 7.54%
Time spent: 6.38s
- Epoch 119, ExpID 89917
Train - Loss (one batch): 0.00258
Val - Loss, MSE, RMSE, MAE, MAPE: 0.00335, 0.00335, 0.05628, 0.04007, 208430.02%
Test - Best epoch, Loss, MSE, RMSE, MAE, MAPE: 90, 0.00270, 0.00270, 0.05007, 0.03176, 7.54%
Time spent: 6.65s
- Epoch 120, ExpID 89917
Train - Loss (one batch): 0.00148
Val - Loss, MSE, RMSE, MAE, MAPE: 0.00289, 0.00289, 0.05177, 0.03406, 205256.36%
Test - Best epoch, Loss, MSE, RMSE, MAE, MAPE: 90, 0.00270, 0.00270, 0.05007, 0.03176, 7.54%
Time spent: 6.22s
- Epoch 121, ExpID 89917
Train - Loss (one batch): 0.00198
Val - Loss, MSE, RMSE, MAE, MAPE: 0.00292, 0.00292, 0.05205, 0.03442, 204702.66%
Test - Best epoch, Loss, MSE, RMSE, MAE, MAPE: 90, 0.00270, 0.00270, 0.05007, 0.03176, 7.54%
Time spent: 6.23s
- Epoch 122, ExpID 89917
Train - Loss (one batch): 0.00241
Val - Loss, MSE, RMSE, MAE, MAPE: 0.00278, 0.00278, 0.05064, 0.03231, 200958.19%
Test - Best epoch, Loss, MSE, RMSE, MAE, MAPE: 90, 0.00270, 0.00270, 0.05007, 0.03176, 7.54%
Time spent: 6.73s
- Epoch 123, ExpID 89917
Train - Loss (one batch): 0.00235
Val - Loss, MSE, RMSE, MAE, MAPE: 0.00274, 0.00274, 0.05027, 0.03194, 197264.82%
Test - Best epoch, Loss, MSE, RMSE, MAE, MAPE: 123, 0.00272, 0.00272, 0.05021, 0.03220, 7.66%
Time spent: 7.01s
- Epoch 124, ExpID 89917
Train - Loss (one batch): 0.00224
Val - Loss, MSE, RMSE, MAE, MAPE: 0.00274, 0.00274, 0.05024, 0.03191, 196866.86%
Test - Best epoch, Loss, MSE, RMSE, MAE, MAPE: 123, 0.00272, 0.00272, 0.05021, 0.03220, 7.66%
Time spent: 6.19s
- Epoch 125, ExpID 89917
Train - Loss (one batch): 0.00168
Val - Loss, MSE, RMSE, MAE, MAPE: 0.00295, 0.00295, 0.05235, 0.03498, 202393.53%
Test - Best epoch, Loss, MSE, RMSE, MAE, MAPE: 123, 0.00272, 0.00272, 0.05021, 0.03220, 7.66%
Time spent: 6.21s
- Epoch 126, ExpID 89917
Train - Loss (one batch): 0.00299
Val - Loss, MSE, RMSE, MAE, MAPE: 0.00287, 0.00287, 0.05157, 0.03339, 199875.03%
Test - Best epoch, Loss, MSE, RMSE, MAE, MAPE: 123, 0.00272, 0.00272, 0.05021, 0.03220, 7.66%
Time spent: 6.23s
- Epoch 127, ExpID 89917
Train - Loss (one batch): 0.00154
Val - Loss, MSE, RMSE, MAE, MAPE: 0.00277, 0.00277, 0.05050, 0.03208, 200610.13%
Test - Best epoch, Loss, MSE, RMSE, MAE, MAPE: 123, 0.00272, 0.00272, 0.05021, 0.03220, 7.66%
Time spent: 6.29s
- Epoch 128, ExpID 89917
Train - Loss (one batch): 0.00249
Val - Loss, MSE, RMSE, MAE, MAPE: 0.00283, 0.00283, 0.05121, 0.03320, 194563.19%
Test - Best epoch, Loss, MSE, RMSE, MAE, MAPE: 123, 0.00272, 0.00272, 0.05021, 0.03220, 7.66%
Time spent: 6.40s
- Epoch 129, ExpID 89917
Train - Loss (one batch): 0.00264
Val - Loss, MSE, RMSE, MAE, MAPE: 0.00277, 0.00277, 0.05048, 0.03216, 198120.90%
Test - Best epoch, Loss, MSE, RMSE, MAE, MAPE: 123, 0.00272, 0.00272, 0.05021, 0.03220, 7.66%
Time spent: 6.25s
- Epoch 130, ExpID 89917
Train - Loss (one batch): 0.00250
Val - Loss, MSE, RMSE, MAE, MAPE: 0.00294, 0.00294, 0.05232, 0.03486, 203454.79%
Test - Best epoch, Loss, MSE, RMSE, MAE, MAPE: 123, 0.00272, 0.00272, 0.05021, 0.03220, 7.66%
Time spent: 6.43s
- Epoch 131, ExpID 89917
Train - Loss (one batch): 0.00331
Val - Loss, MSE, RMSE, MAE, MAPE: 0.00287, 0.00287, 0.05154, 0.03328, 197519.83%
Test - Best epoch, Loss, MSE, RMSE, MAE, MAPE: 123, 0.00272, 0.00272, 0.05021, 0.03220, 7.66%
Time spent: 6.77s
- Epoch 132, ExpID 89917
Train - Loss (one batch): 0.00233
Val - Loss, MSE, RMSE, MAE, MAPE: 0.00274, 0.00274, 0.05024, 0.03176, 197024.66%
Test - Best epoch, Loss, MSE, RMSE, MAE, MAPE: 123, 0.00272, 0.00272, 0.05021, 0.03220, 7.66%
Time spent: 6.23s
- Epoch 133, ExpID 89917
Train - Loss (one batch): 0.00182
Val - Loss, MSE, RMSE, MAE, MAPE: 0.00276, 0.00276, 0.05040, 0.03200, 201961.27%
Test - Best epoch, Loss, MSE, RMSE, MAE, MAPE: 123, 0.00272, 0.00272, 0.05021, 0.03220, 7.66%
Time spent: 6.20s
- Epoch 134, ExpID 89917
Train - Loss (one batch): 0.00305
Val - Loss, MSE, RMSE, MAE, MAPE: 0.00286, 0.00286, 0.05143, 0.03346, 204395.08%
Test - Best epoch, Loss, MSE, RMSE, MAE, MAPE: 123, 0.00272, 0.00272, 0.05021, 0.03220, 7.66%
Time spent: 6.76s
- Epoch 135, ExpID 89917
Train - Loss (one batch): 0.00332
Val - Loss, MSE, RMSE, MAE, MAPE: 0.00279, 0.00279, 0.05070, 0.03222, 202314.67%
Test - Best epoch, Loss, MSE, RMSE, MAE, MAPE: 123, 0.00272, 0.00272, 0.05021, 0.03220, 7.66%
Time spent: 6.79s
- Epoch 136, ExpID 89917
Train - Loss (one batch): 0.00268
Val - Loss, MSE, RMSE, MAE, MAPE: 0.00293, 0.00293, 0.05216, 0.03431, 203505.43%
Test - Best epoch, Loss, MSE, RMSE, MAE, MAPE: 123, 0.00272, 0.00272, 0.05021, 0.03220, 7.66%
Time spent: 6.21s
- Epoch 137, ExpID 89917
Train - Loss (one batch): 0.00263
Val - Loss, MSE, RMSE, MAE, MAPE: 0.00291, 0.00291, 0.05191, 0.03390, 195633.03%
Test - Best epoch, Loss, MSE, RMSE, MAE, MAPE: 123, 0.00272, 0.00272, 0.05021, 0.03220, 7.66%
Time spent: 6.43s
- Epoch 138, ExpID 89917
Train - Loss (one batch): 0.00194
Val - Loss, MSE, RMSE, MAE, MAPE: 0.00296, 0.00296, 0.05240, 0.03486, 205829.43%
Test - Best epoch, Loss, MSE, RMSE, MAE, MAPE: 123, 0.00272, 0.00272, 0.05021, 0.03220, 7.66%
Time spent: 6.14s
- Epoch 139, ExpID 89917
Train - Loss (one batch): 0.00247
Val - Loss, MSE, RMSE, MAE, MAPE: 0.00288, 0.00288, 0.05165, 0.03370, 206241.29%
Test - Best epoch, Loss, MSE, RMSE, MAE, MAPE: 123, 0.00272, 0.00272, 0.05021, 0.03220, 7.66%
Time spent: 6.74s
- Epoch 140, ExpID 89917
Train - Loss (one batch): 0.00179
Val - Loss, MSE, RMSE, MAE, MAPE: 0.00279, 0.00279, 0.05066, 0.03200, 195867.41%
Test - Best epoch, Loss, MSE, RMSE, MAE, MAPE: 123, 0.00272, 0.00272, 0.05021, 0.03220, 7.66%
Time spent: 6.30s
- Epoch 141, ExpID 89917
Train - Loss (one batch): 0.00345
Val - Loss, MSE, RMSE, MAE, MAPE: 0.00305, 0.00305, 0.05331, 0.03593, 201371.23%
Test - Best epoch, Loss, MSE, RMSE, MAE, MAPE: 123, 0.00272, 0.00272, 0.05021, 0.03220, 7.66%
Time spent: 6.17s
- Epoch 142, ExpID 89917
Train - Loss (one batch): 0.00265
Val - Loss, MSE, RMSE, MAE, MAPE: 0.00279, 0.00279, 0.05072, 0.03236, 194553.43%
Test - Best epoch, Loss, MSE, RMSE, MAE, MAPE: 123, 0.00272, 0.00272, 0.05021, 0.03220, 7.66%
Time spent: 6.34s
- Epoch 143, ExpID 89917
Train - Loss (one batch): 0.00279
Val - Loss, MSE, RMSE, MAE, MAPE: 0.00279, 0.00279, 0.05070, 0.03254, 202068.07%
Test - Best epoch, Loss, MSE, RMSE, MAE, MAPE: 123, 0.00272, 0.00272, 0.05021, 0.03220, 7.66%
Time spent: 6.35s
- Epoch 144, ExpID 89917
Train - Loss (one batch): 0.00260
Val - Loss, MSE, RMSE, MAE, MAPE: 0.00280, 0.00280, 0.05075, 0.03236, 199140.96%
Test - Best epoch, Loss, MSE, RMSE, MAE, MAPE: 123, 0.00272, 0.00272, 0.05021, 0.03220, 7.66%
Time spent: 6.31s
- Epoch 145, ExpID 89917
Train - Loss (one batch): 0.00370
Val - Loss, MSE, RMSE, MAE, MAPE: 0.00303, 0.00303, 0.05315, 0.03583, 205987.59%
Test - Best epoch, Loss, MSE, RMSE, MAE, MAPE: 123, 0.00272, 0.00272, 0.05021, 0.03220, 7.66%
Time spent: 6.22s
- Epoch 146, ExpID 89917
Train - Loss (one batch): 0.00184
Val - Loss, MSE, RMSE, MAE, MAPE: 0.00290, 0.00290, 0.05188, 0.03400, 198142.28%
Test - Best epoch, Loss, MSE, RMSE, MAE, MAPE: 123, 0.00272, 0.00272, 0.05021, 0.03220, 7.66%
Time spent: 6.25s
- Epoch 147, ExpID 89917
Train - Loss (one batch): 0.00176
Val - Loss, MSE, RMSE, MAE, MAPE: 0.00279, 0.00279, 0.05068, 0.03232, 195202.17%
Test - Best epoch, Loss, MSE, RMSE, MAE, MAPE: 123, 0.00272, 0.00272, 0.05021, 0.03220, 7.66%
Time spent: 6.20s
- Epoch 148, ExpID 89917
Train - Loss (one batch): 0.00313
Val - Loss, MSE, RMSE, MAE, MAPE: 0.00289, 0.00289, 0.05175, 0.03365, 199145.43%
Test - Best epoch, Loss, MSE, RMSE, MAE, MAPE: 123, 0.00272, 0.00272, 0.05021, 0.03220, 7.66%
Time spent: 6.29s
- Epoch 149, ExpID 89917
Train - Loss (one batch): 0.00262
Val - Loss, MSE, RMSE, MAE, MAPE: 0.00288, 0.00288, 0.05170, 0.03394, 201009.25%
Test - Best epoch, Loss, MSE, RMSE, MAE, MAPE: 123, 0.00272, 0.00272, 0.05021, 0.03220, 7.66%
Time spent: 6.67s
- Epoch 150, ExpID 89917
Train - Loss (one batch): 0.00213
Val - Loss, MSE, RMSE, MAE, MAPE: 0.00297, 0.00297, 0.05255, 0.03486, 197120.44%
Test - Best epoch, Loss, MSE, RMSE, MAE, MAPE: 123, 0.00272, 0.00272, 0.05021, 0.03220, 7.66%
Time spent: 6.19s
- Epoch 151, ExpID 89917
Train - Loss (one batch): 0.00193
Val - Loss, MSE, RMSE, MAE, MAPE: 0.00282, 0.00282, 0.05099, 0.03264, 197734.58%
Test - Best epoch, Loss, MSE, RMSE, MAE, MAPE: 123, 0.00272, 0.00272, 0.05021, 0.03220, 7.66%
Time spent: 6.17s
- Epoch 152, ExpID 89917
Train - Loss (one batch): 0.00271
Val - Loss, MSE, RMSE, MAE, MAPE: 0.00277, 0.00277, 0.05045, 0.03214, 195663.02%
Test - Best epoch, Loss, MSE, RMSE, MAE, MAPE: 123, 0.00272, 0.00272, 0.05021, 0.03220, 7.66%
Time spent: 6.27s
- Epoch 153, ExpID 89917
Train - Loss (one batch): 0.00408
Val - Loss, MSE, RMSE, MAE, MAPE: 0.00277, 0.00277, 0.05047, 0.03192, 195184.65%
Test - Best epoch, Loss, MSE, RMSE, MAE, MAPE: 123, 0.00272, 0.00272, 0.05021, 0.03220, 7.66%
Time spent: 6.67s
- Epoch 154, ExpID 89917
Train - Loss (one batch): 0.00146
Val - Loss, MSE, RMSE, MAE, MAPE: 0.00338, 0.00338, 0.05649, 0.04007, 203341.62%
Test - Best epoch, Loss, MSE, RMSE, MAE, MAPE: 123, 0.00272, 0.00272, 0.05021, 0.03220, 7.66%
Time spent: 6.30s
- Epoch 155, ExpID 89917
Train - Loss (one batch): 0.00305
Val - Loss, MSE, RMSE, MAE, MAPE: 0.00275, 0.00275, 0.05024, 0.03178, 199287.34%
Test - Best epoch, Loss, MSE, RMSE, MAE, MAPE: 123, 0.00272, 0.00272, 0.05021, 0.03220, 7.66%
Time spent: 6.64s
- Epoch 156, ExpID 89917
Train - Loss (one batch): 0.00204
Val - Loss, MSE, RMSE, MAE, MAPE: 0.00294, 0.00294, 0.05226, 0.03444, 205143.53%
Test - Best epoch, Loss, MSE, RMSE, MAE, MAPE: 123, 0.00272, 0.00272, 0.05021, 0.03220, 7.66%
Time spent: 6.19s
- Epoch 157, ExpID 89917
Train - Loss (one batch): 0.00231
Val - Loss, MSE, RMSE, MAE, MAPE: 0.00277, 0.00277, 0.05042, 0.03192, 198933.03%
Test - Best epoch, Loss, MSE, RMSE, MAE, MAPE: 123, 0.00272, 0.00272, 0.05021, 0.03220, 7.66%
Time spent: 6.18s
- Epoch 158, ExpID 89917
Train - Loss (one batch): 0.00306
Val - Loss, MSE, RMSE, MAE, MAPE: 0.00279, 0.00279, 0.05062, 0.03229, 199072.37%
Test - Best epoch, Loss, MSE, RMSE, MAE, MAPE: 123, 0.00272, 0.00272, 0.05021, 0.03220, 7.66%
Time spent: 6.22s
- Epoch 159, ExpID 89917
Train - Loss (one batch): 0.00218
Val - Loss, MSE, RMSE, MAE, MAPE: 0.00280, 0.00280, 0.05075, 0.03230, 199527.09%
Test - Best epoch, Loss, MSE, RMSE, MAE, MAPE: 123, 0.00272, 0.00272, 0.05021, 0.03220, 7.66%
Time spent: 6.22s
- Epoch 160, ExpID 89917
Train - Loss (one batch): 0.00280
Val - Loss, MSE, RMSE, MAE, MAPE: 0.00278, 0.00278, 0.05048, 0.03189, 199591.48%
Test - Best epoch, Loss, MSE, RMSE, MAE, MAPE: 123, 0.00272, 0.00272, 0.05021, 0.03220, 7.66%
Time spent: 6.28s
- Epoch 161, ExpID 89917
Train - Loss (one batch): 0.00214
Val - Loss, MSE, RMSE, MAE, MAPE: 0.00299, 0.00299, 0.05268, 0.03520, 209090.83%
Test - Best epoch, Loss, MSE, RMSE, MAE, MAPE: 123, 0.00272, 0.00272, 0.05021, 0.03220, 7.66%
Time spent: 6.17s
- Epoch 162, ExpID 89917
Train - Loss (one batch): 0.00226
Val - Loss, MSE, RMSE, MAE, MAPE: 0.00278, 0.00278, 0.05052, 0.03184, 195583.96%
Test - Best epoch, Loss, MSE, RMSE, MAE, MAPE: 123, 0.00272, 0.00272, 0.05021, 0.03220, 7.66%
Time spent: 6.65s
- Epoch 163, ExpID 89917
Train - Loss (one batch): 0.00133
Val - Loss, MSE, RMSE, MAE, MAPE: 0.00306, 0.00306, 0.05357, 0.03665, 202641.83%
Test - Best epoch, Loss, MSE, RMSE, MAE, MAPE: 123, 0.00272, 0.00272, 0.05021, 0.03220, 7.66%
Time spent: 6.50s
- Epoch 164, ExpID 89917
Train - Loss (one batch): 0.00214
Val - Loss, MSE, RMSE, MAE, MAPE: 0.00285, 0.00285, 0.05109, 0.03268, 205684.31%
Test - Best epoch, Loss, MSE, RMSE, MAE, MAPE: 123, 0.00272, 0.00272, 0.05021, 0.03220, 7.66%
Time spent: 6.19s
- Epoch 165, ExpID 89917
Train - Loss (one batch): 0.00274
Val - Loss, MSE, RMSE, MAE, MAPE: 0.00278, 0.00278, 0.05050, 0.03183, 197529.48%
Test - Best epoch, Loss, MSE, RMSE, MAE, MAPE: 123, 0.00272, 0.00272, 0.05021, 0.03220, 7.66%
Time spent: 6.21s
- Epoch 166, ExpID 89917
Train - Loss (one batch): 0.00169
Val - Loss, MSE, RMSE, MAE, MAPE: 0.00287, 0.00287, 0.05144, 0.03328, 205022.53%
Test - Best epoch, Loss, MSE, RMSE, MAE, MAPE: 123, 0.00272, 0.00272, 0.05021, 0.03220, 7.66%
Time spent: 6.27s
- Epoch 167, ExpID 89917
Train - Loss (one batch): 0.00274
Val - Loss, MSE, RMSE, MAE, MAPE: 0.00298, 0.00298, 0.05259, 0.03506, 204128.14%
Test - Best epoch, Loss, MSE, RMSE, MAE, MAPE: 123, 0.00272, 0.00272, 0.05021, 0.03220, 7.66%
Time spent: 6.62s
- Epoch 168, ExpID 89917
Train - Loss (one batch): 0.00308
Val - Loss, MSE, RMSE, MAE, MAPE: 0.00285, 0.00285, 0.05125, 0.03303, 200683.82%
Test - Best epoch, Loss, MSE, RMSE, MAE, MAPE: 123, 0.00272, 0.00272, 0.05021, 0.03220, 7.66%
Time spent: 6.73s
- Epoch 169, ExpID 89917
Train - Loss (one batch): 0.00159
Val - Loss, MSE, RMSE, MAE, MAPE: 0.00325, 0.00325, 0.05525, 0.03874, 208177.55%
Test - Best epoch, Loss, MSE, RMSE, MAE, MAPE: 123, 0.00272, 0.00272, 0.05021, 0.03220, 7.66%
Time spent: 6.22s
- Epoch 170, ExpID 89917
Train - Loss (one batch): 0.00229
Val - Loss, MSE, RMSE, MAE, MAPE: 0.00285, 0.00285, 0.05121, 0.03267, 200173.91%
Test - Best epoch, Loss, MSE, RMSE, MAE, MAPE: 123, 0.00272, 0.00272, 0.05021, 0.03220, 7.66%
Time spent: 6.20s
- Epoch 171, ExpID 89917
Train - Loss (one batch): 0.00228
Val - Loss, MSE, RMSE, MAE, MAPE: 0.00277, 0.00277, 0.05040, 0.03167, 196538.75%
Test - Best epoch, Loss, MSE, RMSE, MAE, MAPE: 123, 0.00272, 0.00272, 0.05021, 0.03220, 7.66%
Time spent: 6.17s
- Epoch 172, ExpID 89917
Train - Loss (one batch): 0.00116
Val - Loss, MSE, RMSE, MAE, MAPE: 0.00286, 0.00286, 0.05127, 0.03293, 201410.86%
Test - Best epoch, Loss, MSE, RMSE, MAE, MAPE: 123, 0.00272, 0.00272, 0.05021, 0.03220, 7.66%
Time spent: 6.17s
- Epoch 173, ExpID 89917
Train - Loss (one batch): 0.00147
Val - Loss, MSE, RMSE, MAE, MAPE: 0.00289, 0.00289, 0.05174, 0.03374, 204993.04%
Test - Best epoch, Loss, MSE, RMSE, MAE, MAPE: 123, 0.00272, 0.00272, 0.05021, 0.03220, 7.66%
Time spent: 6.59s
- Epoch 174, ExpID 89917
Train - Loss (one batch): 0.00150
Val - Loss, MSE, RMSE, MAE, MAPE: 0.00293, 0.00293, 0.05204, 0.03422, 205418.59%
Test - Best epoch, Loss, MSE, RMSE, MAE, MAPE: 123, 0.00272, 0.00272, 0.05021, 0.03220, 7.66%
Time spent: 6.29s
- Epoch 175, ExpID 89917
Train - Loss (one batch): 0.00231
Val - Loss, MSE, RMSE, MAE, MAPE: 0.00284, 0.00284, 0.05113, 0.03293, 198857.44%
Test - Best epoch, Loss, MSE, RMSE, MAE, MAPE: 123, 0.00272, 0.00272, 0.05021, 0.03220, 7.66%
Time spent: 6.57s
- Epoch 176, ExpID 89917
Train - Loss (one batch): 0.00214
Val - Loss, MSE, RMSE, MAE, MAPE: 0.00283, 0.00283, 0.05101, 0.03293, 199889.29%
Test - Best epoch, Loss, MSE, RMSE, MAE, MAPE: 123, 0.00272, 0.00272, 0.05021, 0.03220, 7.66%
Time spent: 6.13s
- Epoch 177, ExpID 89917
Train - Loss (one batch): 0.00193
Val - Loss, MSE, RMSE, MAE, MAPE: 0.00280, 0.00280, 0.05074, 0.03219, 194402.62%
Test - Best epoch, Loss, MSE, RMSE, MAE, MAPE: 123, 0.00272, 0.00272, 0.05021, 0.03220, 7.66%
Time spent: 6.17s
- Epoch 178, ExpID 89917
Train - Loss (one batch): 0.00187
Val - Loss, MSE, RMSE, MAE, MAPE: 0.00283, 0.00283, 0.05104, 0.03286, 206903.09%
Test - Best epoch, Loss, MSE, RMSE, MAE, MAPE: 123, 0.00272, 0.00272, 0.05021, 0.03220, 7.66%
Time spent: 6.20s
- Epoch 179, ExpID 89917
Train - Loss (one batch): 0.00169
Val - Loss, MSE, RMSE, MAE, MAPE: 0.00286, 0.00286, 0.05124, 0.03286, 200298.23%
Test - Best epoch, Loss, MSE, RMSE, MAE, MAPE: 123, 0.00272, 0.00272, 0.05021, 0.03220, 7.66%
Time spent: 6.45s
- Epoch 180, ExpID 89917
Train - Loss (one batch): 0.00297
Val - Loss, MSE, RMSE, MAE, MAPE: 0.00279, 0.00279, 0.05063, 0.03207, 198014.26%
Test - Best epoch, Loss, MSE, RMSE, MAE, MAPE: 123, 0.00272, 0.00272, 0.05021, 0.03220, 7.66%
Time spent: 5.78s
- Epoch 181, ExpID 89917
Train - Loss (one batch): 0.00186
Val - Loss, MSE, RMSE, MAE, MAPE: 0.00294, 0.00294, 0.05207, 0.03366, 202027.49%
Test - Best epoch, Loss, MSE, RMSE, MAE, MAPE: 123, 0.00272, 0.00272, 0.05021, 0.03220, 7.66%
Time spent: 6.37s
- Epoch 182, ExpID 89917
Train - Loss (one batch): 0.00182
Val - Loss, MSE, RMSE, MAE, MAPE: 0.00282, 0.00282, 0.05081, 0.03206, 197528.70%
Test - Best epoch, Loss, MSE, RMSE, MAE, MAPE: 123, 0.00272, 0.00272, 0.05021, 0.03220, 7.66%
Time spent: 6.19s
- Epoch 183, ExpID 89917
Train - Loss (one batch): 0.00192
Val - Loss, MSE, RMSE, MAE, MAPE: 0.00295, 0.00295, 0.05225, 0.03428, 201894.37%
Test - Best epoch, Loss, MSE, RMSE, MAE, MAPE: 123, 0.00272, 0.00272, 0.05021, 0.03220, 7.66%
Time spent: 6.56s
