/home/solgi/MSP-IMTS/tPatchGNN/run_models.py
2025-10-23 14:50:12
run_models.py --dataset activity --history 3000 --hid_dim 32 --te_dim 10 --node_dim 10 --nlayer 1 --tf_layer 1 --nhead 1 --batch_size 32 --lr 1e-3 --patience 60 --epoch 600 --seed 4 --gpu 0 --multi_scales 100,300 --multi_strides 100,300 --fusion concat
Namespace(multi_scales='100,300', multi_strides='100,300', fusion='concat', state='def', n=100000000, hop=1, nhead=1, tf_layer=1, nlayer=1, epoch=600, patience=60, history=3000, patch_size=24, stride=24, logmode='a', lr=0.001, w_decay=0.0, batch_size=32, save='experiments/', load=None, seed=4, dataset='activity', quantization=0.0, model='tPatchGNN', outlayer='Linear', hid_dim=32, te_dim=10, node_dim=10, gpu='0', npatch=125, device=device(type='cuda'), PID=3007546, pred_window=1000, ndim=12)
- Epoch 000, ExpID 73810
Train - Loss (one batch): 0.00276
Val - Loss, MSE, RMSE, MAE, MAPE: 0.00391, 0.00391, 0.06028, 0.04128, 224752.74%
Test - Best epoch, Loss, MSE, RMSE, MAE, MAPE: 0, 0.00372, 0.00372, 0.05899, 0.04016, 9.71%
Time spent: 7.65s
- Epoch 001, ExpID 73810
Train - Loss (one batch): 0.00300
Val - Loss, MSE, RMSE, MAE, MAPE: 0.00321, 0.00321, 0.05450, 0.03529, 207853.39%
Test - Best epoch, Loss, MSE, RMSE, MAE, MAPE: 1, 0.00308, 0.00308, 0.05360, 0.03492, 8.25%
Time spent: 6.95s
- Epoch 002, ExpID 73810
Train - Loss (one batch): 0.00211
Val - Loss, MSE, RMSE, MAE, MAPE: 0.00317, 0.00317, 0.05405, 0.03492, 216266.66%
Test - Best epoch, Loss, MSE, RMSE, MAE, MAPE: 2, 0.00304, 0.00304, 0.05314, 0.03445, 8.44%
Time spent: 6.97s
- Epoch 003, ExpID 73810
Train - Loss (one batch): 0.00175
Val - Loss, MSE, RMSE, MAE, MAPE: 0.00357, 0.00357, 0.05799, 0.04035, 214068.56%
Test - Best epoch, Loss, MSE, RMSE, MAE, MAPE: 2, 0.00304, 0.00304, 0.05314, 0.03445, 8.44%
Time spent: 6.62s
- Epoch 004, ExpID 73810
Train - Loss (one batch): 0.00273
Val - Loss, MSE, RMSE, MAE, MAPE: 0.00310, 0.00310, 0.05359, 0.03461, 211473.07%
Test - Best epoch, Loss, MSE, RMSE, MAE, MAPE: 4, 0.00299, 0.00299, 0.05282, 0.03428, 8.32%
Time spent: 6.92s
- Epoch 005, ExpID 73810
Train - Loss (one batch): 0.00576
Val - Loss, MSE, RMSE, MAE, MAPE: 0.00302, 0.00302, 0.05281, 0.03375, 209884.86%
Test - Best epoch, Loss, MSE, RMSE, MAE, MAPE: 5, 0.00291, 0.00291, 0.05206, 0.03349, 8.06%
Time spent: 6.96s
- Epoch 006, ExpID 73810
Train - Loss (one batch): 0.00275
Val - Loss, MSE, RMSE, MAE, MAPE: 0.00310, 0.00310, 0.05354, 0.03464, 212676.04%
Test - Best epoch, Loss, MSE, RMSE, MAE, MAPE: 5, 0.00291, 0.00291, 0.05206, 0.03349, 8.06%
Time spent: 6.21s
- Epoch 007, ExpID 73810
Train - Loss (one batch): 0.00319
Val - Loss, MSE, RMSE, MAE, MAPE: 0.00318, 0.00318, 0.05440, 0.03571, 204961.46%
Test - Best epoch, Loss, MSE, RMSE, MAE, MAPE: 5, 0.00291, 0.00291, 0.05206, 0.03349, 8.06%
Time spent: 6.16s
- Epoch 008, ExpID 73810
Train - Loss (one batch): 0.00352
Val - Loss, MSE, RMSE, MAE, MAPE: 0.00303, 0.00303, 0.05290, 0.03407, 209839.37%
Test - Best epoch, Loss, MSE, RMSE, MAE, MAPE: 5, 0.00291, 0.00291, 0.05206, 0.03349, 8.06%
Time spent: 6.22s
- Epoch 009, ExpID 73810
Train - Loss (one batch): 0.00291
Val - Loss, MSE, RMSE, MAE, MAPE: 0.00316, 0.00316, 0.05423, 0.03575, 204997.24%
Test - Best epoch, Loss, MSE, RMSE, MAE, MAPE: 5, 0.00291, 0.00291, 0.05206, 0.03349, 8.06%
Time spent: 6.28s
- Epoch 010, ExpID 73810
Train - Loss (one batch): 0.00426
Val - Loss, MSE, RMSE, MAE, MAPE: 0.00301, 0.00301, 0.05280, 0.03412, 206493.49%
Test - Best epoch, Loss, MSE, RMSE, MAE, MAPE: 10, 0.00292, 0.00292, 0.05216, 0.03382, 8.14%
Time spent: 7.14s
- Epoch 011, ExpID 73810
Train - Loss (one batch): 0.00295
Val - Loss, MSE, RMSE, MAE, MAPE: 0.00340, 0.00340, 0.05668, 0.03968, 212398.56%
Test - Best epoch, Loss, MSE, RMSE, MAE, MAPE: 10, 0.00292, 0.00292, 0.05216, 0.03382, 8.14%
Time spent: 6.19s
- Epoch 012, ExpID 73810
Train - Loss (one batch): 0.00227
Val - Loss, MSE, RMSE, MAE, MAPE: 0.00296, 0.00296, 0.05234, 0.03361, 205397.70%
Test - Best epoch, Loss, MSE, RMSE, MAE, MAPE: 12, 0.00288, 0.00288, 0.05173, 0.03346, 7.96%
Time spent: 6.96s
- Epoch 013, ExpID 73810
Train - Loss (one batch): 0.00244
Val - Loss, MSE, RMSE, MAE, MAPE: 0.00300, 0.00300, 0.05277, 0.03408, 202297.50%
Test - Best epoch, Loss, MSE, RMSE, MAE, MAPE: 12, 0.00288, 0.00288, 0.05173, 0.03346, 7.96%
Time spent: 6.22s
- Epoch 014, ExpID 73810
Train - Loss (one batch): 0.00264
Val - Loss, MSE, RMSE, MAE, MAPE: 0.00310, 0.00310, 0.05365, 0.03499, 196203.02%
Test - Best epoch, Loss, MSE, RMSE, MAE, MAPE: 12, 0.00288, 0.00288, 0.05173, 0.03346, 7.96%
Time spent: 6.24s
- Epoch 015, ExpID 73810
Train - Loss (one batch): 0.00174
Val - Loss, MSE, RMSE, MAE, MAPE: 0.00323, 0.00323, 0.05503, 0.03724, 211038.54%
Test - Best epoch, Loss, MSE, RMSE, MAE, MAPE: 12, 0.00288, 0.00288, 0.05173, 0.03346, 7.96%
Time spent: 6.25s
- Epoch 016, ExpID 73810
Train - Loss (one batch): 0.00285
Val - Loss, MSE, RMSE, MAE, MAPE: 0.00310, 0.00310, 0.05379, 0.03542, 198898.47%
Test - Best epoch, Loss, MSE, RMSE, MAE, MAPE: 12, 0.00288, 0.00288, 0.05173, 0.03346, 7.96%
Time spent: 6.57s
- Epoch 017, ExpID 73810
Train - Loss (one batch): 0.00384
Val - Loss, MSE, RMSE, MAE, MAPE: 0.00340, 0.00340, 0.05664, 0.03959, 207941.00%
Test - Best epoch, Loss, MSE, RMSE, MAE, MAPE: 12, 0.00288, 0.00288, 0.05173, 0.03346, 7.96%
Time spent: 6.19s
- Epoch 018, ExpID 73810
Train - Loss (one batch): 0.00274
Val - Loss, MSE, RMSE, MAE, MAPE: 0.00303, 0.00303, 0.05312, 0.03506, 210431.36%
Test - Best epoch, Loss, MSE, RMSE, MAE, MAPE: 12, 0.00288, 0.00288, 0.05173, 0.03346, 7.96%
Time spent: 6.19s
- Epoch 019, ExpID 73810
Train - Loss (one batch): 0.00232
Val - Loss, MSE, RMSE, MAE, MAPE: 0.00288, 0.00288, 0.05151, 0.03257, 203153.94%
Test - Best epoch, Loss, MSE, RMSE, MAE, MAPE: 19, 0.00278, 0.00278, 0.05085, 0.03232, 7.73%
Time spent: 6.88s
- Epoch 020, ExpID 73810
Train - Loss (one batch): 0.00218
Val - Loss, MSE, RMSE, MAE, MAPE: 0.00307, 0.00307, 0.05353, 0.03572, 202778.65%
Test - Best epoch, Loss, MSE, RMSE, MAE, MAPE: 19, 0.00278, 0.00278, 0.05085, 0.03232, 7.73%
Time spent: 6.22s
- Epoch 021, ExpID 73810
Train - Loss (one batch): 0.00300
Val - Loss, MSE, RMSE, MAE, MAPE: 0.00299, 0.00299, 0.05268, 0.03452, 206985.37%
Test - Best epoch, Loss, MSE, RMSE, MAE, MAPE: 19, 0.00278, 0.00278, 0.05085, 0.03232, 7.73%
Time spent: 6.55s
- Epoch 022, ExpID 73810
Train - Loss (one batch): 0.00126
Val - Loss, MSE, RMSE, MAE, MAPE: 0.00284, 0.00284, 0.05121, 0.03238, 205122.64%
Test - Best epoch, Loss, MSE, RMSE, MAE, MAPE: 22, 0.00275, 0.00275, 0.05050, 0.03216, 7.63%
Time spent: 7.29s
- Epoch 023, ExpID 73810
Train - Loss (one batch): 0.00251
Val - Loss, MSE, RMSE, MAE, MAPE: 0.00319, 0.00319, 0.05478, 0.03721, 206439.23%
Test - Best epoch, Loss, MSE, RMSE, MAE, MAPE: 22, 0.00275, 0.00275, 0.05050, 0.03216, 7.63%
Time spent: 6.23s
- Epoch 024, ExpID 73810
Train - Loss (one batch): 0.00194
Val - Loss, MSE, RMSE, MAE, MAPE: 0.00294, 0.00294, 0.05227, 0.03411, 201304.25%
Test - Best epoch, Loss, MSE, RMSE, MAE, MAPE: 22, 0.00275, 0.00275, 0.05050, 0.03216, 7.63%
Time spent: 6.19s
- Epoch 025, ExpID 73810
Train - Loss (one batch): 0.00211
Val - Loss, MSE, RMSE, MAE, MAPE: 0.00303, 0.00303, 0.05322, 0.03528, 205428.22%
Test - Best epoch, Loss, MSE, RMSE, MAE, MAPE: 22, 0.00275, 0.00275, 0.05050, 0.03216, 7.63%
Time spent: 6.63s
- Epoch 026, ExpID 73810
Train - Loss (one batch): 0.00164
Val - Loss, MSE, RMSE, MAE, MAPE: 0.00288, 0.00288, 0.05159, 0.03287, 209575.00%
Test - Best epoch, Loss, MSE, RMSE, MAE, MAPE: 22, 0.00275, 0.00275, 0.05050, 0.03216, 7.63%
Time spent: 6.54s
- Epoch 027, ExpID 73810
Train - Loss (one batch): 0.00359
Val - Loss, MSE, RMSE, MAE, MAPE: 0.00308, 0.00308, 0.05368, 0.03635, 210115.51%
Test - Best epoch, Loss, MSE, RMSE, MAE, MAPE: 22, 0.00275, 0.00275, 0.05050, 0.03216, 7.63%
Time spent: 6.17s
- Epoch 028, ExpID 73810
Train - Loss (one batch): 0.00237
Val - Loss, MSE, RMSE, MAE, MAPE: 0.00287, 0.00287, 0.05145, 0.03278, 205868.75%
Test - Best epoch, Loss, MSE, RMSE, MAE, MAPE: 22, 0.00275, 0.00275, 0.05050, 0.03216, 7.63%
Time spent: 6.18s
- Epoch 029, ExpID 73810
Train - Loss (one batch): 0.00218
Val - Loss, MSE, RMSE, MAE, MAPE: 0.00289, 0.00289, 0.05170, 0.03351, 210474.92%
Test - Best epoch, Loss, MSE, RMSE, MAE, MAPE: 22, 0.00275, 0.00275, 0.05050, 0.03216, 7.63%
Time spent: 6.72s
- Epoch 030, ExpID 73810
Train - Loss (one batch): 0.00204
Val - Loss, MSE, RMSE, MAE, MAPE: 0.00300, 0.00300, 0.05280, 0.03515, 217428.94%
Test - Best epoch, Loss, MSE, RMSE, MAE, MAPE: 22, 0.00275, 0.00275, 0.05050, 0.03216, 7.63%
Time spent: 6.44s
- Epoch 031, ExpID 73810
Train - Loss (one batch): 0.00126
Val - Loss, MSE, RMSE, MAE, MAPE: 0.00311, 0.00311, 0.05398, 0.03672, 210929.02%
Test - Best epoch, Loss, MSE, RMSE, MAE, MAPE: 22, 0.00275, 0.00275, 0.05050, 0.03216, 7.63%
Time spent: 6.66s
- Epoch 032, ExpID 73810
Train - Loss (one batch): 0.00192
Val - Loss, MSE, RMSE, MAE, MAPE: 0.00281, 0.00281, 0.05090, 0.03226, 197229.91%
Test - Best epoch, Loss, MSE, RMSE, MAE, MAPE: 32, 0.00272, 0.00272, 0.05027, 0.03198, 7.50%
Time spent: 6.92s
- Epoch 033, ExpID 73810
Train - Loss (one batch): 0.00268
Val - Loss, MSE, RMSE, MAE, MAPE: 0.00287, 0.00287, 0.05148, 0.03346, 210585.82%
Test - Best epoch, Loss, MSE, RMSE, MAE, MAPE: 32, 0.00272, 0.00272, 0.05027, 0.03198, 7.50%
Time spent: 6.19s
- Epoch 034, ExpID 73810
Train - Loss (one batch): 0.00322
Val - Loss, MSE, RMSE, MAE, MAPE: 0.00284, 0.00284, 0.05121, 0.03290, 200759.29%
Test - Best epoch, Loss, MSE, RMSE, MAE, MAPE: 32, 0.00272, 0.00272, 0.05027, 0.03198, 7.50%
Time spent: 6.31s
- Epoch 035, ExpID 73810
Train - Loss (one batch): 0.00230
Val - Loss, MSE, RMSE, MAE, MAPE: 0.00280, 0.00280, 0.05078, 0.03227, 196706.08%
Test - Best epoch, Loss, MSE, RMSE, MAE, MAPE: 35, 0.00272, 0.00272, 0.05027, 0.03214, 7.52%
Time spent: 6.90s
- Epoch 036, ExpID 73810
Train - Loss (one batch): 0.00127
Val - Loss, MSE, RMSE, MAE, MAPE: 0.00281, 0.00281, 0.05095, 0.03233, 203241.71%
Test - Best epoch, Loss, MSE, RMSE, MAE, MAPE: 35, 0.00272, 0.00272, 0.05027, 0.03214, 7.52%
Time spent: 6.37s
- Epoch 037, ExpID 73810
Train - Loss (one batch): 0.00254
Val - Loss, MSE, RMSE, MAE, MAPE: 0.00283, 0.00283, 0.05113, 0.03281, 209743.16%
Test - Best epoch, Loss, MSE, RMSE, MAE, MAPE: 35, 0.00272, 0.00272, 0.05027, 0.03214, 7.52%
Time spent: 6.65s
- Epoch 038, ExpID 73810
Train - Loss (one batch): 0.00261
Val - Loss, MSE, RMSE, MAE, MAPE: 0.00280, 0.00280, 0.05080, 0.03241, 205310.52%
Test - Best epoch, Loss, MSE, RMSE, MAE, MAPE: 35, 0.00272, 0.00272, 0.05027, 0.03214, 7.52%
Time spent: 6.15s
- Epoch 039, ExpID 73810
Train - Loss (one batch): 0.00274
Val - Loss, MSE, RMSE, MAE, MAPE: 0.00278, 0.00278, 0.05062, 0.03233, 203886.82%
Test - Best epoch, Loss, MSE, RMSE, MAE, MAPE: 39, 0.00271, 0.00271, 0.05020, 0.03223, 7.57%
Time spent: 6.87s
- Epoch 040, ExpID 73810
Train - Loss (one batch): 0.00207
Val - Loss, MSE, RMSE, MAE, MAPE: 0.00296, 0.00296, 0.05239, 0.03423, 204858.74%
Test - Best epoch, Loss, MSE, RMSE, MAE, MAPE: 39, 0.00271, 0.00271, 0.05020, 0.03223, 7.57%
Time spent: 6.29s
- Epoch 041, ExpID 73810
Train - Loss (one batch): 0.00238
Val - Loss, MSE, RMSE, MAE, MAPE: 0.00310, 0.00310, 0.05391, 0.03637, 214058.14%
Test - Best epoch, Loss, MSE, RMSE, MAE, MAPE: 39, 0.00271, 0.00271, 0.05020, 0.03223, 7.57%
Time spent: 6.32s
- Epoch 042, ExpID 73810
Train - Loss (one batch): 0.00313
Val - Loss, MSE, RMSE, MAE, MAPE: 0.00314, 0.00314, 0.05432, 0.03712, 212132.42%
Test - Best epoch, Loss, MSE, RMSE, MAE, MAPE: 39, 0.00271, 0.00271, 0.05020, 0.03223, 7.57%
Time spent: 6.65s
- Epoch 043, ExpID 73810
Train - Loss (one batch): 0.00111
Val - Loss, MSE, RMSE, MAE, MAPE: 0.00276, 0.00276, 0.05043, 0.03191, 210258.27%
Test - Best epoch, Loss, MSE, RMSE, MAE, MAPE: 43, 0.00269, 0.00269, 0.04991, 0.03174, 7.58%
Time spent: 6.95s
- Epoch 044, ExpID 73810
Train - Loss (one batch): 0.00231
Val - Loss, MSE, RMSE, MAE, MAPE: 0.00316, 0.00316, 0.05451, 0.03766, 213371.27%
Test - Best epoch, Loss, MSE, RMSE, MAE, MAPE: 43, 0.00269, 0.00269, 0.04991, 0.03174, 7.58%
Time spent: 6.24s
- Epoch 045, ExpID 73810
Train - Loss (one batch): 0.00271
Val - Loss, MSE, RMSE, MAE, MAPE: 0.00280, 0.00280, 0.05084, 0.03266, 211691.58%
Test - Best epoch, Loss, MSE, RMSE, MAE, MAPE: 43, 0.00269, 0.00269, 0.04991, 0.03174, 7.58%
Time spent: 6.50s
- Epoch 046, ExpID 73810
Train - Loss (one batch): 0.00267
Val - Loss, MSE, RMSE, MAE, MAPE: 0.00364, 0.00364, 0.05895, 0.04281, 220016.57%
Test - Best epoch, Loss, MSE, RMSE, MAE, MAPE: 43, 0.00269, 0.00269, 0.04991, 0.03174, 7.58%
Time spent: 6.46s
- Epoch 047, ExpID 73810
Train - Loss (one batch): 0.00262
Val - Loss, MSE, RMSE, MAE, MAPE: 0.00303, 0.00303, 0.05313, 0.03545, 209187.23%
Test - Best epoch, Loss, MSE, RMSE, MAE, MAPE: 43, 0.00269, 0.00269, 0.04991, 0.03174, 7.58%
Time spent: 6.62s
- Epoch 048, ExpID 73810
Train - Loss (one batch): 0.00264
Val - Loss, MSE, RMSE, MAE, MAPE: 0.00299, 0.00299, 0.05283, 0.03522, 206057.40%
Test - Best epoch, Loss, MSE, RMSE, MAE, MAPE: 43, 0.00269, 0.00269, 0.04991, 0.03174, 7.58%
Time spent: 6.28s
- Epoch 049, ExpID 73810
Train - Loss (one batch): 0.00268
Val - Loss, MSE, RMSE, MAE, MAPE: 0.00281, 0.00281, 0.05087, 0.03238, 203243.25%
Test - Best epoch, Loss, MSE, RMSE, MAE, MAPE: 43, 0.00269, 0.00269, 0.04991, 0.03174, 7.58%
Time spent: 6.17s
- Epoch 050, ExpID 73810
Train - Loss (one batch): 0.00277
Val - Loss, MSE, RMSE, MAE, MAPE: 0.00307, 0.00307, 0.05362, 0.03649, 207544.66%
Test - Best epoch, Loss, MSE, RMSE, MAE, MAPE: 43, 0.00269, 0.00269, 0.04991, 0.03174, 7.58%
Time spent: 6.31s
- Epoch 051, ExpID 73810
Train - Loss (one batch): 0.00231
Val - Loss, MSE, RMSE, MAE, MAPE: 0.00284, 0.00284, 0.05119, 0.03273, 198546.53%
Test - Best epoch, Loss, MSE, RMSE, MAE, MAPE: 43, 0.00269, 0.00269, 0.04991, 0.03174, 7.58%
Time spent: 6.17s
- Epoch 052, ExpID 73810
Train - Loss (one batch): 0.00186
Val - Loss, MSE, RMSE, MAE, MAPE: 0.00280, 0.00280, 0.05083, 0.03250, 203435.96%
Test - Best epoch, Loss, MSE, RMSE, MAE, MAPE: 43, 0.00269, 0.00269, 0.04991, 0.03174, 7.58%
Time spent: 6.76s
- Epoch 053, ExpID 73810
Train - Loss (one batch): 0.00202
Val - Loss, MSE, RMSE, MAE, MAPE: 0.00278, 0.00278, 0.05066, 0.03237, 206655.55%
Test - Best epoch, Loss, MSE, RMSE, MAE, MAPE: 43, 0.00269, 0.00269, 0.04991, 0.03174, 7.58%
Time spent: 6.18s
- Epoch 054, ExpID 73810
Train - Loss (one batch): 0.00327
Val - Loss, MSE, RMSE, MAE, MAPE: 0.00286, 0.00286, 0.05141, 0.03319, 207282.91%
Test - Best epoch, Loss, MSE, RMSE, MAE, MAPE: 43, 0.00269, 0.00269, 0.04991, 0.03174, 7.58%
Time spent: 6.62s
- Epoch 055, ExpID 73810
Train - Loss (one batch): 0.00169
Val - Loss, MSE, RMSE, MAE, MAPE: 0.00274, 0.00274, 0.05024, 0.03175, 204111.70%
Test - Best epoch, Loss, MSE, RMSE, MAE, MAPE: 55, 0.00267, 0.00267, 0.04975, 0.03170, 7.57%
Time spent: 7.18s
- Epoch 056, ExpID 73810
Train - Loss (one batch): 0.00181
Val - Loss, MSE, RMSE, MAE, MAPE: 0.00278, 0.00278, 0.05062, 0.03207, 201152.81%
Test - Best epoch, Loss, MSE, RMSE, MAE, MAPE: 55, 0.00267, 0.00267, 0.04975, 0.03170, 7.57%
Time spent: 6.78s
- Epoch 057, ExpID 73810
Train - Loss (one batch): 0.00129
Val - Loss, MSE, RMSE, MAE, MAPE: 0.00290, 0.00290, 0.05181, 0.03416, 216480.81%
Test - Best epoch, Loss, MSE, RMSE, MAE, MAPE: 55, 0.00267, 0.00267, 0.04975, 0.03170, 7.57%
Time spent: 6.67s
- Epoch 058, ExpID 73810
Train - Loss (one batch): 0.00185
Val - Loss, MSE, RMSE, MAE, MAPE: 0.00281, 0.00281, 0.05086, 0.03246, 197461.92%
Test - Best epoch, Loss, MSE, RMSE, MAE, MAPE: 55, 0.00267, 0.00267, 0.04975, 0.03170, 7.57%
Time spent: 6.46s
- Epoch 059, ExpID 73810
Train - Loss (one batch): 0.00278
Val - Loss, MSE, RMSE, MAE, MAPE: 0.00282, 0.00282, 0.05107, 0.03291, 204799.65%
Test - Best epoch, Loss, MSE, RMSE, MAE, MAPE: 55, 0.00267, 0.00267, 0.04975, 0.03170, 7.57%
Time spent: 6.29s
- Epoch 060, ExpID 73810
Train - Loss (one batch): 0.00259
Val - Loss, MSE, RMSE, MAE, MAPE: 0.00292, 0.00292, 0.05203, 0.03433, 208863.11%
Test - Best epoch, Loss, MSE, RMSE, MAE, MAPE: 55, 0.00267, 0.00267, 0.04975, 0.03170, 7.57%
Time spent: 5.46s
- Epoch 061, ExpID 73810
Train - Loss (one batch): 0.00201
Val - Loss, MSE, RMSE, MAE, MAPE: 0.00279, 0.00279, 0.05068, 0.03246, 203822.94%
Test - Best epoch, Loss, MSE, RMSE, MAE, MAPE: 55, 0.00267, 0.00267, 0.04975, 0.03170, 7.57%
Time spent: 5.85s
- Epoch 062, ExpID 73810
Train - Loss (one batch): 0.00180
Val - Loss, MSE, RMSE, MAE, MAPE: 0.00295, 0.00295, 0.05232, 0.03504, 214154.99%
Test - Best epoch, Loss, MSE, RMSE, MAE, MAPE: 55, 0.00267, 0.00267, 0.04975, 0.03170, 7.57%
Time spent: 6.54s
- Epoch 063, ExpID 73810
Train - Loss (one batch): 0.00201
Val - Loss, MSE, RMSE, MAE, MAPE: 0.00299, 0.00299, 0.05282, 0.03493, 200141.91%
Test - Best epoch, Loss, MSE, RMSE, MAE, MAPE: 55, 0.00267, 0.00267, 0.04975, 0.03170, 7.57%
Time spent: 6.16s
- Epoch 064, ExpID 73810
Train - Loss (one batch): 0.00313
Val - Loss, MSE, RMSE, MAE, MAPE: 0.00281, 0.00281, 0.05103, 0.03327, 210103.11%
Test - Best epoch, Loss, MSE, RMSE, MAE, MAPE: 55, 0.00267, 0.00267, 0.04975, 0.03170, 7.57%
Time spent: 6.62s
- Epoch 065, ExpID 73810
Train - Loss (one batch): 0.00285
Val - Loss, MSE, RMSE, MAE, MAPE: 0.00277, 0.00277, 0.05059, 0.03229, 204562.25%
Test - Best epoch, Loss, MSE, RMSE, MAE, MAPE: 55, 0.00267, 0.00267, 0.04975, 0.03170, 7.57%
Time spent: 6.40s
- Epoch 066, ExpID 73810
Train - Loss (one batch): 0.00251
Val - Loss, MSE, RMSE, MAE, MAPE: 0.00304, 0.00304, 0.05331, 0.03595, 202702.09%
Test - Best epoch, Loss, MSE, RMSE, MAE, MAPE: 55, 0.00267, 0.00267, 0.04975, 0.03170, 7.57%
Time spent: 6.66s
- Epoch 067, ExpID 73810
Train - Loss (one batch): 0.00336
Val - Loss, MSE, RMSE, MAE, MAPE: 0.00279, 0.00279, 0.05061, 0.03243, 211815.65%
Test - Best epoch, Loss, MSE, RMSE, MAE, MAPE: 55, 0.00267, 0.00267, 0.04975, 0.03170, 7.57%
Time spent: 6.65s
- Epoch 068, ExpID 73810
Train - Loss (one batch): 0.00290
Val - Loss, MSE, RMSE, MAE, MAPE: 0.00278, 0.00278, 0.05057, 0.03217, 208232.17%
Test - Best epoch, Loss, MSE, RMSE, MAE, MAPE: 55, 0.00267, 0.00267, 0.04975, 0.03170, 7.57%
Time spent: 6.68s
- Epoch 069, ExpID 73810
Train - Loss (one batch): 0.00249
Val - Loss, MSE, RMSE, MAE, MAPE: 0.00281, 0.00281, 0.05091, 0.03245, 201944.83%
Test - Best epoch, Loss, MSE, RMSE, MAE, MAPE: 55, 0.00267, 0.00267, 0.04975, 0.03170, 7.57%
Time spent: 6.32s
- Epoch 070, ExpID 73810
Train - Loss (one batch): 0.00205
Val - Loss, MSE, RMSE, MAE, MAPE: 0.00279, 0.00279, 0.05065, 0.03213, 200725.03%
Test - Best epoch, Loss, MSE, RMSE, MAE, MAPE: 55, 0.00267, 0.00267, 0.04975, 0.03170, 7.57%
Time spent: 6.18s
- Epoch 071, ExpID 73810
Train - Loss (one batch): 0.00341
Val - Loss, MSE, RMSE, MAE, MAPE: 0.00290, 0.00290, 0.05181, 0.03394, 206220.22%
Test - Best epoch, Loss, MSE, RMSE, MAE, MAPE: 55, 0.00267, 0.00267, 0.04975, 0.03170, 7.57%
Time spent: 6.52s
- Epoch 072, ExpID 73810
Train - Loss (one batch): 0.00333
Val - Loss, MSE, RMSE, MAE, MAPE: 0.00279, 0.00279, 0.05070, 0.03224, 200323.00%
Test - Best epoch, Loss, MSE, RMSE, MAE, MAPE: 55, 0.00267, 0.00267, 0.04975, 0.03170, 7.57%
Time spent: 6.34s
- Epoch 073, ExpID 73810
Train - Loss (one batch): 0.00254
Val - Loss, MSE, RMSE, MAE, MAPE: 0.00279, 0.00279, 0.05079, 0.03251, 203693.77%
Test - Best epoch, Loss, MSE, RMSE, MAE, MAPE: 55, 0.00267, 0.00267, 0.04975, 0.03170, 7.57%
Time spent: 6.20s
- Epoch 074, ExpID 73810
Train - Loss (one batch): 0.00397
Val - Loss, MSE, RMSE, MAE, MAPE: 0.00284, 0.00284, 0.05127, 0.03329, 200447.46%
Test - Best epoch, Loss, MSE, RMSE, MAE, MAPE: 55, 0.00267, 0.00267, 0.04975, 0.03170, 7.57%
Time spent: 6.33s
- Epoch 075, ExpID 73810
Train - Loss (one batch): 0.00138
Val - Loss, MSE, RMSE, MAE, MAPE: 0.00280, 0.00280, 0.05080, 0.03227, 201018.95%
Test - Best epoch, Loss, MSE, RMSE, MAE, MAPE: 55, 0.00267, 0.00267, 0.04975, 0.03170, 7.57%
Time spent: 6.66s
- Epoch 076, ExpID 73810
Train - Loss (one batch): 0.00228
Val - Loss, MSE, RMSE, MAE, MAPE: 0.00286, 0.00286, 0.05139, 0.03318, 201507.78%
Test - Best epoch, Loss, MSE, RMSE, MAE, MAPE: 55, 0.00267, 0.00267, 0.04975, 0.03170, 7.57%
Time spent: 6.28s
- Epoch 077, ExpID 73810
Train - Loss (one batch): 0.00250
Val - Loss, MSE, RMSE, MAE, MAPE: 0.00292, 0.00292, 0.05217, 0.03460, 205269.09%
Test - Best epoch, Loss, MSE, RMSE, MAE, MAPE: 55, 0.00267, 0.00267, 0.04975, 0.03170, 7.57%
Time spent: 6.36s
- Epoch 078, ExpID 73810
Train - Loss (one batch): 0.00190
Val - Loss, MSE, RMSE, MAE, MAPE: 0.00276, 0.00276, 0.05043, 0.03194, 199251.72%
Test - Best epoch, Loss, MSE, RMSE, MAE, MAPE: 55, 0.00267, 0.00267, 0.04975, 0.03170, 7.57%
Time spent: 6.01s
- Epoch 079, ExpID 73810
Train - Loss (one batch): 0.00241
Val - Loss, MSE, RMSE, MAE, MAPE: 0.00287, 0.00287, 0.05145, 0.03349, 205590.27%
Test - Best epoch, Loss, MSE, RMSE, MAE, MAPE: 55, 0.00267, 0.00267, 0.04975, 0.03170, 7.57%
Time spent: 6.20s
- Epoch 080, ExpID 73810
Train - Loss (one batch): 0.00187
Val - Loss, MSE, RMSE, MAE, MAPE: 0.00289, 0.00289, 0.05179, 0.03394, 204777.57%
Test - Best epoch, Loss, MSE, RMSE, MAE, MAPE: 55, 0.00267, 0.00267, 0.04975, 0.03170, 7.57%
Time spent: 6.54s
- Epoch 081, ExpID 73810
Train - Loss (one batch): 0.00223
Val - Loss, MSE, RMSE, MAE, MAPE: 0.00279, 0.00279, 0.05067, 0.03243, 203242.44%
Test - Best epoch, Loss, MSE, RMSE, MAE, MAPE: 55, 0.00267, 0.00267, 0.04975, 0.03170, 7.57%
Time spent: 6.23s
- Epoch 082, ExpID 73810
Train - Loss (one batch): 0.00193
Val - Loss, MSE, RMSE, MAE, MAPE: 0.00322, 0.00322, 0.05504, 0.03778, 210859.08%
Test - Best epoch, Loss, MSE, RMSE, MAE, MAPE: 55, 0.00267, 0.00267, 0.04975, 0.03170, 7.57%
Time spent: 6.49s
- Epoch 083, ExpID 73810
Train - Loss (one batch): 0.00200
Val - Loss, MSE, RMSE, MAE, MAPE: 0.00287, 0.00287, 0.05159, 0.03380, 199724.59%
Test - Best epoch, Loss, MSE, RMSE, MAE, MAPE: 55, 0.00267, 0.00267, 0.04975, 0.03170, 7.57%
Time spent: 6.18s
- Epoch 084, ExpID 73810
Train - Loss (one batch): 0.00172
Val - Loss, MSE, RMSE, MAE, MAPE: 0.00284, 0.00284, 0.05120, 0.03276, 202192.37%
Test - Best epoch, Loss, MSE, RMSE, MAE, MAPE: 55, 0.00267, 0.00267, 0.04975, 0.03170, 7.57%
Time spent: 6.47s
- Epoch 085, ExpID 73810
Train - Loss (one batch): 0.00159
Val - Loss, MSE, RMSE, MAE, MAPE: 0.00282, 0.00282, 0.05093, 0.03237, 202908.13%
Test - Best epoch, Loss, MSE, RMSE, MAE, MAPE: 55, 0.00267, 0.00267, 0.04975, 0.03170, 7.57%
Time spent: 6.62s
- Epoch 086, ExpID 73810
Train - Loss (one batch): 0.00304
Val - Loss, MSE, RMSE, MAE, MAPE: 0.00305, 0.00305, 0.05338, 0.03581, 206402.73%
Test - Best epoch, Loss, MSE, RMSE, MAE, MAPE: 55, 0.00267, 0.00267, 0.04975, 0.03170, 7.57%
Time spent: 6.17s
- Epoch 087, ExpID 73810
Train - Loss (one batch): 0.00191
Val - Loss, MSE, RMSE, MAE, MAPE: 0.00284, 0.00284, 0.05118, 0.03284, 205078.67%
Test - Best epoch, Loss, MSE, RMSE, MAE, MAPE: 55, 0.00267, 0.00267, 0.04975, 0.03170, 7.57%
Time spent: 6.82s
- Epoch 088, ExpID 73810
Train - Loss (one batch): 0.00282
Val - Loss, MSE, RMSE, MAE, MAPE: 0.00275, 0.00275, 0.05028, 0.03188, 201997.37%
Test - Best epoch, Loss, MSE, RMSE, MAE, MAPE: 55, 0.00267, 0.00267, 0.04975, 0.03170, 7.57%
Time spent: 6.17s
- Epoch 089, ExpID 73810
Train - Loss (one batch): 0.00223
Val - Loss, MSE, RMSE, MAE, MAPE: 0.00281, 0.00281, 0.05088, 0.03227, 199279.95%
Test - Best epoch, Loss, MSE, RMSE, MAE, MAPE: 55, 0.00267, 0.00267, 0.04975, 0.03170, 7.57%
Time spent: 6.59s
- Epoch 090, ExpID 73810
Train - Loss (one batch): 0.00213
Val - Loss, MSE, RMSE, MAE, MAPE: 0.00285, 0.00285, 0.05126, 0.03287, 212952.97%
Test - Best epoch, Loss, MSE, RMSE, MAE, MAPE: 55, 0.00267, 0.00267, 0.04975, 0.03170, 7.57%
Time spent: 6.24s
- Epoch 091, ExpID 73810
Train - Loss (one batch): 0.00198
Val - Loss, MSE, RMSE, MAE, MAPE: 0.00279, 0.00279, 0.05070, 0.03227, 197987.39%
Test - Best epoch, Loss, MSE, RMSE, MAE, MAPE: 55, 0.00267, 0.00267, 0.04975, 0.03170, 7.57%
Time spent: 6.21s
- Epoch 092, ExpID 73810
Train - Loss (one batch): 0.00152
Val - Loss, MSE, RMSE, MAE, MAPE: 0.00284, 0.00284, 0.05110, 0.03277, 207526.29%
Test - Best epoch, Loss, MSE, RMSE, MAE, MAPE: 55, 0.00267, 0.00267, 0.04975, 0.03170, 7.57%
Time spent: 6.22s
- Epoch 093, ExpID 73810
Train - Loss (one batch): 0.00159
Val - Loss, MSE, RMSE, MAE, MAPE: 0.00282, 0.00282, 0.05087, 0.03219, 204285.98%
Test - Best epoch, Loss, MSE, RMSE, MAE, MAPE: 55, 0.00267, 0.00267, 0.04975, 0.03170, 7.57%
Time spent: 6.28s
- Epoch 094, ExpID 73810
Train - Loss (one batch): 0.00150
Val - Loss, MSE, RMSE, MAE, MAPE: 0.00283, 0.00283, 0.05110, 0.03259, 200156.20%
Test - Best epoch, Loss, MSE, RMSE, MAE, MAPE: 55, 0.00267, 0.00267, 0.04975, 0.03170, 7.57%
Time spent: 6.30s
- Epoch 095, ExpID 73810
Train - Loss (one batch): 0.00245
Val - Loss, MSE, RMSE, MAE, MAPE: 0.00285, 0.00285, 0.05121, 0.03280, 208338.19%
Test - Best epoch, Loss, MSE, RMSE, MAE, MAPE: 55, 0.00267, 0.00267, 0.04975, 0.03170, 7.57%
Time spent: 6.24s
- Epoch 096, ExpID 73810
Train - Loss (one batch): 0.00219
Val - Loss, MSE, RMSE, MAE, MAPE: 0.00278, 0.00278, 0.05067, 0.03230, 203179.88%
Test - Best epoch, Loss, MSE, RMSE, MAE, MAPE: 55, 0.00267, 0.00267, 0.04975, 0.03170, 7.57%
Time spent: 6.23s
- Epoch 097, ExpID 73810
Train - Loss (one batch): 0.00179
Val - Loss, MSE, RMSE, MAE, MAPE: 0.00290, 0.00290, 0.05183, 0.03362, 199055.71%
Test - Best epoch, Loss, MSE, RMSE, MAE, MAPE: 55, 0.00267, 0.00267, 0.04975, 0.03170, 7.57%
Time spent: 6.21s
- Epoch 098, ExpID 73810
Train - Loss (one batch): 0.00180
Val - Loss, MSE, RMSE, MAE, MAPE: 0.00280, 0.00280, 0.05075, 0.03204, 195619.44%
Test - Best epoch, Loss, MSE, RMSE, MAE, MAPE: 55, 0.00267, 0.00267, 0.04975, 0.03170, 7.57%
Time spent: 6.15s
- Epoch 099, ExpID 73810
Train - Loss (one batch): 0.00121
Val - Loss, MSE, RMSE, MAE, MAPE: 0.00282, 0.00282, 0.05093, 0.03250, 213685.42%
Test - Best epoch, Loss, MSE, RMSE, MAE, MAPE: 55, 0.00267, 0.00267, 0.04975, 0.03170, 7.57%
Time spent: 6.36s
- Epoch 100, ExpID 73810
Train - Loss (one batch): 0.00276
Val - Loss, MSE, RMSE, MAE, MAPE: 0.00292, 0.00292, 0.05200, 0.03403, 203535.35%
Test - Best epoch, Loss, MSE, RMSE, MAE, MAPE: 55, 0.00267, 0.00267, 0.04975, 0.03170, 7.57%
Time spent: 6.26s
- Epoch 101, ExpID 73810
Train - Loss (one batch): 0.00192
Val - Loss, MSE, RMSE, MAE, MAPE: 0.00288, 0.00288, 0.05145, 0.03294, 205122.57%
Test - Best epoch, Loss, MSE, RMSE, MAE, MAPE: 55, 0.00267, 0.00267, 0.04975, 0.03170, 7.57%
Time spent: 6.18s
- Epoch 102, ExpID 73810
Train - Loss (one batch): 0.00169
Val - Loss, MSE, RMSE, MAE, MAPE: 0.00285, 0.00285, 0.05122, 0.03276, 206972.06%
Test - Best epoch, Loss, MSE, RMSE, MAE, MAPE: 55, 0.00267, 0.00267, 0.04975, 0.03170, 7.57%
Time spent: 6.60s
- Epoch 103, ExpID 73810
Train - Loss (one batch): 0.00239
Val - Loss, MSE, RMSE, MAE, MAPE: 0.00300, 0.00300, 0.05275, 0.03509, 211308.53%
Test - Best epoch, Loss, MSE, RMSE, MAE, MAPE: 55, 0.00267, 0.00267, 0.04975, 0.03170, 7.57%
Time spent: 6.17s
- Epoch 104, ExpID 73810
Train - Loss (one batch): 0.00248
Val - Loss, MSE, RMSE, MAE, MAPE: 0.00285, 0.00285, 0.05126, 0.03287, 209313.77%
Test - Best epoch, Loss, MSE, RMSE, MAE, MAPE: 55, 0.00267, 0.00267, 0.04975, 0.03170, 7.57%
Time spent: 6.20s
- Epoch 105, ExpID 73810
Train - Loss (one batch): 0.00136
Val - Loss, MSE, RMSE, MAE, MAPE: 0.00299, 0.00299, 0.05271, 0.03510, 216256.22%
Test - Best epoch, Loss, MSE, RMSE, MAE, MAPE: 55, 0.00267, 0.00267, 0.04975, 0.03170, 7.57%
Time spent: 6.24s
- Epoch 106, ExpID 73810
Train - Loss (one batch): 0.00243
Val - Loss, MSE, RMSE, MAE, MAPE: 0.00284, 0.00284, 0.05114, 0.03261, 202437.21%
Test - Best epoch, Loss, MSE, RMSE, MAE, MAPE: 55, 0.00267, 0.00267, 0.04975, 0.03170, 7.57%
Time spent: 6.23s
- Epoch 107, ExpID 73810
Train - Loss (one batch): 0.00239
Val - Loss, MSE, RMSE, MAE, MAPE: 0.00282, 0.00282, 0.05092, 0.03248, 200249.85%
Test - Best epoch, Loss, MSE, RMSE, MAE, MAPE: 55, 0.00267, 0.00267, 0.04975, 0.03170, 7.57%
Time spent: 6.59s
- Epoch 108, ExpID 73810
Train - Loss (one batch): 0.00233
Val - Loss, MSE, RMSE, MAE, MAPE: 0.00280, 0.00280, 0.05075, 0.03233, 209549.51%
Test - Best epoch, Loss, MSE, RMSE, MAE, MAPE: 55, 0.00267, 0.00267, 0.04975, 0.03170, 7.57%
Time spent: 6.69s
- Epoch 109, ExpID 73810
Train - Loss (one batch): 0.00205
Val - Loss, MSE, RMSE, MAE, MAPE: 0.00285, 0.00285, 0.05124, 0.03278, 204797.64%
Test - Best epoch, Loss, MSE, RMSE, MAE, MAPE: 55, 0.00267, 0.00267, 0.04975, 0.03170, 7.57%
Time spent: 6.58s
- Epoch 110, ExpID 73810
Train - Loss (one batch): 0.00161
Val - Loss, MSE, RMSE, MAE, MAPE: 0.00294, 0.00294, 0.05216, 0.03416, 212932.95%
Test - Best epoch, Loss, MSE, RMSE, MAE, MAPE: 55, 0.00267, 0.00267, 0.04975, 0.03170, 7.57%
Time spent: 6.27s
- Epoch 111, ExpID 73810
Train - Loss (one batch): 0.00245
Val - Loss, MSE, RMSE, MAE, MAPE: 0.00286, 0.00286, 0.05142, 0.03335, 206508.83%
Test - Best epoch, Loss, MSE, RMSE, MAE, MAPE: 55, 0.00267, 0.00267, 0.04975, 0.03170, 7.57%
Time spent: 6.37s
- Epoch 112, ExpID 73810
Train - Loss (one batch): 0.00183
Val - Loss, MSE, RMSE, MAE, MAPE: 0.00280, 0.00280, 0.05081, 0.03229, 203864.44%
Test - Best epoch, Loss, MSE, RMSE, MAE, MAPE: 55, 0.00267, 0.00267, 0.04975, 0.03170, 7.57%
Time spent: 6.30s
- Epoch 113, ExpID 73810
Train - Loss (one batch): 0.00235
Val - Loss, MSE, RMSE, MAE, MAPE: 0.00283, 0.00283, 0.05105, 0.03245, 201851.25%
Test - Best epoch, Loss, MSE, RMSE, MAE, MAPE: 55, 0.00267, 0.00267, 0.04975, 0.03170, 7.57%
Time spent: 6.24s
- Epoch 114, ExpID 73810
Train - Loss (one batch): 0.00157
Val - Loss, MSE, RMSE, MAE, MAPE: 0.00284, 0.00284, 0.05109, 0.03250, 201887.53%
Test - Best epoch, Loss, MSE, RMSE, MAE, MAPE: 55, 0.00267, 0.00267, 0.04975, 0.03170, 7.57%
Time spent: 6.15s
- Epoch 115, ExpID 73810
Train - Loss (one batch): 0.00276
Val - Loss, MSE, RMSE, MAE, MAPE: 0.00281, 0.00281, 0.05085, 0.03239, 208644.60%
Test - Best epoch, Loss, MSE, RMSE, MAE, MAPE: 55, 0.00267, 0.00267, 0.04975, 0.03170, 7.57%
Time spent: 6.31s
