/home/ouass/Test/MSP-IMTS/tPatchGNN/run_models.py
2025-10-26 23:20:23
run_models.py --dataset activity --history 3000 --hid_dim 32 --te_dim 10 --node_dim 10 --nlayer 1 --tf_layer 1 --nhead 1 --batch_size 64 --lr 1e-3 --patience 40 --epoch 300 --seed 1 --gpu 0 --multi_scales 60,300 --multi_strides 30,150 --fusion concat
Namespace(multi_scales='60,300', multi_strides='30,150', fusion='concat', attn_hidden=32, attn_temp=1.0, attn_dropout=0.0, attn_norm=False, attn_reg=0.0, state='def', n=100000000, hop=1, nhead=1, tf_layer=1, nlayer=1, epoch=300, patience=40, history=3000, patch_size=24, stride=24, logmode='a', lr=0.001, w_decay=0.0, batch_size=64, save='experiments/', load=None, seed=1, dataset='activity', quantization=0.0, model='tPatchGNN', outlayer='Linear', hid_dim=32, te_dim=10, node_dim=10, gpu='0', npatch=125, device=device(type='cuda'), PID=3416951, pred_window=1000, ndim=12)
- Epoch 000, ExpID 72601
Train - Loss (one batch): 0.35287
Val - Loss, MSE, RMSE, MAE, MAPE: 0.33584, 0.33584, 0.57908, 0.56512, 36772.60%
Test - Best epoch, Loss, MSE, RMSE, MAE, MAPE: 0, 0.34905, 0.34905, 0.59052, 0.57680, 113.64%
Time spent: 10.44s
- Epoch 001, ExpID 72601
Train - Loss (one batch): 0.33663
Val - Loss, MSE, RMSE, MAE, MAPE: 0.33130, 0.33130, 0.57501, 0.56092, 33255.61%
Test - Best epoch, Loss, MSE, RMSE, MAE, MAPE: 1, 0.33917, 0.33917, 0.58219, 0.56830, 111.88%
Time spent: 9.66s
- Epoch 002, ExpID 72601
Train - Loss (one batch): 0.32877
Val - Loss, MSE, RMSE, MAE, MAPE: 0.32668, 0.32668, 0.57105, 0.55686, 31033.03%
Test - Best epoch, Loss, MSE, RMSE, MAE, MAPE: 2, 0.33343, 0.33343, 0.57708, 0.56301, 110.67%
Time spent: 9.79s
- Epoch 003, ExpID 72601
Train - Loss (one batch): 0.32512
Val - Loss, MSE, RMSE, MAE, MAPE: 0.31627, 0.31627, 0.56186, 0.54745, 28097.89%
Test - Best epoch, Loss, MSE, RMSE, MAE, MAPE: 3, 0.32510, 0.32510, 0.56994, 0.55572, 109.19%
Time spent: 9.60s
- Epoch 004, ExpID 72601
Train - Loss (one batch): 0.32196
Val - Loss, MSE, RMSE, MAE, MAPE: 0.30881, 0.30881, 0.55514, 0.54053, 20962.65%
Test - Best epoch, Loss, MSE, RMSE, MAE, MAPE: 4, 0.31987, 0.31987, 0.56536, 0.55103, 108.20%
Time spent: 9.63s
- Epoch 005, ExpID 72601
Train - Loss (one batch): 0.30752
Val - Loss, MSE, RMSE, MAE, MAPE: 0.30103, 0.30103, 0.54809, 0.53329, 16441.12%
Test - Best epoch, Loss, MSE, RMSE, MAE, MAPE: 5, 0.31096, 0.31096, 0.55741, 0.54287, 106.47%
Time spent: 9.62s
- Epoch 006, ExpID 72601
Train - Loss (one batch): 0.30290
Val - Loss, MSE, RMSE, MAE, MAPE: 0.29189, 0.29189, 0.53976, 0.52474, 13995.01%
Test - Best epoch, Loss, MSE, RMSE, MAE, MAPE: 6, 0.30490, 0.30490, 0.55195, 0.53725, 105.26%
Time spent: 9.64s
- Epoch 007, ExpID 72601
Train - Loss (one batch): 0.30712
Val - Loss, MSE, RMSE, MAE, MAPE: 0.28493, 0.28493, 0.53328, 0.51807, 9507.64%
Test - Best epoch, Loss, MSE, RMSE, MAE, MAPE: 7, 0.29952, 0.29952, 0.54706, 0.53223, 104.20%
Time spent: 9.62s
- Epoch 008, ExpID 72601
Train - Loss (one batch): 0.29060
Val - Loss, MSE, RMSE, MAE, MAPE: 0.28257, 0.28257, 0.53092, 0.51561, 5424.99%
Test - Best epoch, Loss, MSE, RMSE, MAE, MAPE: 8, 0.29329, 0.29329, 0.54127, 0.52627, 102.91%
Time spent: 9.60s
- Epoch 009, ExpID 72601
Train - Loss (one batch): 0.28398
Val - Loss, MSE, RMSE, MAE, MAPE: 0.27729, 0.27729, 0.52604, 0.51060, 4158.70%
Test - Best epoch, Loss, MSE, RMSE, MAE, MAPE: 9, 0.28697, 0.28697, 0.53547, 0.52031, 101.68%
Time spent: 9.62s
- Epoch 010, ExpID 72601
Train - Loss (one batch): 0.27728
Val - Loss, MSE, RMSE, MAE, MAPE: 0.27315, 0.27315, 0.52206, 0.50651, 3169.36%
Test - Best epoch, Loss, MSE, RMSE, MAE, MAPE: 10, 0.28300, 0.28300, 0.53177, 0.51651, 100.88%
Time spent: 9.59s
- Epoch 011, ExpID 72601
Train - Loss (one batch): 0.27414
Val - Loss, MSE, RMSE, MAE, MAPE: 0.27006, 0.27006, 0.51919, 0.50354, 1379.83%
Test - Best epoch, Loss, MSE, RMSE, MAE, MAPE: 11, 0.28104, 0.28104, 0.52989, 0.51456, 100.45%
Time spent: 9.59s
- Epoch 012, ExpID 72601
Train - Loss (one batch): 0.27266
Val - Loss, MSE, RMSE, MAE, MAPE: 0.26638, 0.26638, 0.51552, 0.49976, 2446.38%
Test - Best epoch, Loss, MSE, RMSE, MAE, MAPE: 12, 0.27735, 0.27735, 0.52644, 0.51102, 99.73%
Time spent: 9.62s
- Epoch 013, ExpID 72601
Train - Loss (one batch): 0.27503
Val - Loss, MSE, RMSE, MAE, MAPE: 0.26609, 0.26609, 0.51531, 0.49955, 2716.81%
Test - Best epoch, Loss, MSE, RMSE, MAE, MAPE: 13, 0.27388, 0.27388, 0.52311, 0.50759, 98.99%
Time spent: 9.62s
- Epoch 014, ExpID 72601
Train - Loss (one batch): 0.27315
Val - Loss, MSE, RMSE, MAE, MAPE: 0.26298, 0.26298, 0.51231, 0.49645, 3427.38%
Test - Best epoch, Loss, MSE, RMSE, MAE, MAPE: 14, 0.27447, 0.27447, 0.52369, 0.50818, 99.12%
Time spent: 9.87s
- Epoch 015, ExpID 72601
Train - Loss (one batch): 0.26758
Val - Loss, MSE, RMSE, MAE, MAPE: 0.26015, 0.26015, 0.50945, 0.49349, 5830.79%
Test - Best epoch, Loss, MSE, RMSE, MAE, MAPE: 15, 0.26991, 0.26991, 0.51925, 0.50359, 98.11%
Time spent: 9.74s
- Epoch 016, ExpID 72601
Train - Loss (one batch): 0.26789
Val - Loss, MSE, RMSE, MAE, MAPE: 0.25991, 0.25991, 0.50923, 0.49327, 5853.59%
Test - Best epoch, Loss, MSE, RMSE, MAE, MAPE: 16, 0.26988, 0.26988, 0.51927, 0.50362, 98.14%
Time spent: 9.70s
- Epoch 017, ExpID 72601
Train - Loss (one batch): 0.26986
Val - Loss, MSE, RMSE, MAE, MAPE: 0.25841, 0.25841, 0.50775, 0.49175, 8389.99%
Test - Best epoch, Loss, MSE, RMSE, MAE, MAPE: 17, 0.26900, 0.26900, 0.51836, 0.50268, 97.92%
Time spent: 9.60s
- Epoch 018, ExpID 72601
Train - Loss (one batch): 0.24758
Val - Loss, MSE, RMSE, MAE, MAPE: 0.25722, 0.25722, 0.50659, 0.49054, 6418.74%
Test - Best epoch, Loss, MSE, RMSE, MAE, MAPE: 18, 0.26881, 0.26881, 0.51822, 0.50254, 97.91%
Time spent: 9.62s
- Epoch 019, ExpID 72601
Train - Loss (one batch): 0.26307
Val - Loss, MSE, RMSE, MAE, MAPE: 0.25706, 0.25706, 0.50645, 0.49041, 5761.79%
Test - Best epoch, Loss, MSE, RMSE, MAE, MAPE: 19, 0.26734, 0.26734, 0.51682, 0.50108, 97.60%
Time spent: 9.59s
- Epoch 020, ExpID 72601
Train - Loss (one batch): 0.25253
Val - Loss, MSE, RMSE, MAE, MAPE: 0.25660, 0.25660, 0.50594, 0.48987, 6907.88%
Test - Best epoch, Loss, MSE, RMSE, MAE, MAPE: 20, 0.26608, 0.26608, 0.51555, 0.49977, 97.30%
Time spent: 9.60s
- Epoch 021, ExpID 72601
Train - Loss (one batch): 0.25234
Val - Loss, MSE, RMSE, MAE, MAPE: 0.25600, 0.25600, 0.50543, 0.48935, 8560.74%
Test - Best epoch, Loss, MSE, RMSE, MAE, MAPE: 21, 0.26517, 0.26517, 0.51475, 0.49896, 97.16%
Time spent: 9.59s
- Epoch 022, ExpID 72601
Train - Loss (one batch): 0.26443
Val - Loss, MSE, RMSE, MAE, MAPE: 0.25369, 0.25369, 0.50307, 0.48691, 10055.06%
Test - Best epoch, Loss, MSE, RMSE, MAE, MAPE: 22, 0.26404, 0.26404, 0.51361, 0.49778, 96.90%
Time spent: 9.60s
- Epoch 023, ExpID 72601
Train - Loss (one batch): 0.26967
Val - Loss, MSE, RMSE, MAE, MAPE: 0.25276, 0.25276, 0.50204, 0.48584, 10075.19%
Test - Best epoch, Loss, MSE, RMSE, MAE, MAPE: 23, 0.26424, 0.26424, 0.51381, 0.49799, 96.95%
Time spent: 9.63s
- Epoch 024, ExpID 72601
Train - Loss (one batch): 0.24869
Val - Loss, MSE, RMSE, MAE, MAPE: 0.25410, 0.25410, 0.50351, 0.48737, 8222.04%
Test - Best epoch, Loss, MSE, RMSE, MAE, MAPE: 23, 0.26424, 0.26424, 0.51381, 0.49799, 96.95%
Time spent: 8.56s
- Epoch 025, ExpID 72601
Train - Loss (one batch): 0.26491
Val - Loss, MSE, RMSE, MAE, MAPE: 0.25411, 0.25411, 0.50358, 0.48744, 7749.56%
Test - Best epoch, Loss, MSE, RMSE, MAE, MAPE: 23, 0.26424, 0.26424, 0.51381, 0.49799, 96.95%
Time spent: 8.57s
- Epoch 026, ExpID 72601
Train - Loss (one batch): 0.25696
Val - Loss, MSE, RMSE, MAE, MAPE: 0.25226, 0.25226, 0.50159, 0.48536, 11447.20%
Test - Best epoch, Loss, MSE, RMSE, MAE, MAPE: 26, 0.26299, 0.26299, 0.51263, 0.49678, 96.72%
Time spent: 9.66s
- Epoch 027, ExpID 72601
Train - Loss (one batch): 0.24573
Val - Loss, MSE, RMSE, MAE, MAPE: 0.25078, 0.25078, 0.50024, 0.48399, 11313.32%
Test - Best epoch, Loss, MSE, RMSE, MAE, MAPE: 27, 0.26418, 0.26418, 0.51373, 0.49789, 96.91%
Time spent: 9.65s
- Epoch 028, ExpID 72601
Train - Loss (one batch): 0.25160
Val - Loss, MSE, RMSE, MAE, MAPE: 0.25255, 0.25255, 0.50194, 0.48573, 11315.29%
Test - Best epoch, Loss, MSE, RMSE, MAE, MAPE: 27, 0.26418, 0.26418, 0.51373, 0.49789, 96.91%
Time spent: 8.58s
- Epoch 029, ExpID 72601
Train - Loss (one batch): 0.25843
Val - Loss, MSE, RMSE, MAE, MAPE: 0.25304, 0.25304, 0.50243, 0.48624, 9856.89%
Test - Best epoch, Loss, MSE, RMSE, MAE, MAPE: 27, 0.26418, 0.26418, 0.51373, 0.49789, 96.91%
Time spent: 8.54s
- Epoch 030, ExpID 72601
Train - Loss (one batch): 0.26403
Val - Loss, MSE, RMSE, MAE, MAPE: 0.25337, 0.25337, 0.50285, 0.48669, 7746.87%
Test - Best epoch, Loss, MSE, RMSE, MAE, MAPE: 27, 0.26418, 0.26418, 0.51373, 0.49789, 96.91%
Time spent: 8.58s
- Epoch 031, ExpID 72601
Train - Loss (one batch): 0.24937
Val - Loss, MSE, RMSE, MAE, MAPE: 0.25338, 0.25338, 0.50284, 0.48668, 9003.41%
Test - Best epoch, Loss, MSE, RMSE, MAE, MAPE: 27, 0.26418, 0.26418, 0.51373, 0.49789, 96.91%
Time spent: 8.59s
- Epoch 032, ExpID 72601
Train - Loss (one batch): 0.25914
Val - Loss, MSE, RMSE, MAE, MAPE: 0.24988, 0.24988, 0.49933, 0.48304, 11484.51%
Test - Best epoch, Loss, MSE, RMSE, MAE, MAPE: 32, 0.26124, 0.26124, 0.51084, 0.49492, 96.29%
Time spent: 9.56s
- Epoch 033, ExpID 72601
Train - Loss (one batch): 0.25170
Val - Loss, MSE, RMSE, MAE, MAPE: 0.25150, 0.25150, 0.50095, 0.48472, 11446.61%
Test - Best epoch, Loss, MSE, RMSE, MAE, MAPE: 32, 0.26124, 0.26124, 0.51084, 0.49492, 96.29%
Time spent: 8.55s
- Epoch 034, ExpID 72601
Train - Loss (one batch): 0.25581
Val - Loss, MSE, RMSE, MAE, MAPE: 0.25155, 0.25155, 0.50093, 0.48470, 10707.53%
Test - Best epoch, Loss, MSE, RMSE, MAE, MAPE: 32, 0.26124, 0.26124, 0.51084, 0.49492, 96.29%
Time spent: 8.59s
- Epoch 035, ExpID 72601
Train - Loss (one batch): 0.26440
Val - Loss, MSE, RMSE, MAE, MAPE: 0.24981, 0.24981, 0.49915, 0.48285, 12082.18%
Test - Best epoch, Loss, MSE, RMSE, MAE, MAPE: 35, 0.26280, 0.26280, 0.51242, 0.49656, 96.66%
Time spent: 9.60s
- Epoch 036, ExpID 72601
Train - Loss (one batch): 0.24884
Val - Loss, MSE, RMSE, MAE, MAPE: 0.25054, 0.25054, 0.49988, 0.48361, 9809.94%
Test - Best epoch, Loss, MSE, RMSE, MAE, MAPE: 35, 0.26280, 0.26280, 0.51242, 0.49656, 96.66%
Time spent: 8.58s
- Epoch 037, ExpID 72601
Train - Loss (one batch): 0.26669
Val - Loss, MSE, RMSE, MAE, MAPE: 0.25134, 0.25134, 0.50077, 0.48453, 9633.39%
Test - Best epoch, Loss, MSE, RMSE, MAE, MAPE: 35, 0.26280, 0.26280, 0.51242, 0.49656, 96.66%
Time spent: 8.56s
- Epoch 038, ExpID 72601
Train - Loss (one batch): 0.24896
Val - Loss, MSE, RMSE, MAE, MAPE: 0.25005, 0.25005, 0.49951, 0.48324, 10321.85%
Test - Best epoch, Loss, MSE, RMSE, MAE, MAPE: 35, 0.26280, 0.26280, 0.51242, 0.49656, 96.66%
Time spent: 8.61s
- Epoch 039, ExpID 72601
Train - Loss (one batch): 0.25604
Val - Loss, MSE, RMSE, MAE, MAPE: 0.25101, 0.25101, 0.50040, 0.48414, 11692.72%
Test - Best epoch, Loss, MSE, RMSE, MAE, MAPE: 35, 0.26280, 0.26280, 0.51242, 0.49656, 96.66%
Time spent: 8.58s
- Epoch 040, ExpID 72601
Train - Loss (one batch): 0.25798
Val - Loss, MSE, RMSE, MAE, MAPE: 0.25027, 0.25027, 0.49966, 0.48338, 10874.30%
Test - Best epoch, Loss, MSE, RMSE, MAE, MAPE: 35, 0.26280, 0.26280, 0.51242, 0.49656, 96.66%
Time spent: 8.56s
- Epoch 041, ExpID 72601
Train - Loss (one batch): 0.25720
Val - Loss, MSE, RMSE, MAE, MAPE: 0.25137, 0.25137, 0.50086, 0.48464, 9481.22%
Test - Best epoch, Loss, MSE, RMSE, MAE, MAPE: 35, 0.26280, 0.26280, 0.51242, 0.49656, 96.66%
Time spent: 8.58s
- Epoch 042, ExpID 72601
Train - Loss (one batch): 0.25355
Val - Loss, MSE, RMSE, MAE, MAPE: 0.24801, 0.24801, 0.49747, 0.48113, 11784.12%
Test - Best epoch, Loss, MSE, RMSE, MAE, MAPE: 42, 0.26062, 0.26062, 0.51027, 0.49434, 96.18%
Time spent: 9.61s
- Epoch 043, ExpID 72601
Train - Loss (one batch): 0.25605
Val - Loss, MSE, RMSE, MAE, MAPE: 0.25035, 0.25035, 0.49963, 0.48334, 12067.43%
Test - Best epoch, Loss, MSE, RMSE, MAE, MAPE: 42, 0.26062, 0.26062, 0.51027, 0.49434, 96.18%
Time spent: 8.51s
- Epoch 044, ExpID 72601
Train - Loss (one batch): 0.26041
Val - Loss, MSE, RMSE, MAE, MAPE: 0.24887, 0.24887, 0.49832, 0.48201, 11432.44%
Test - Best epoch, Loss, MSE, RMSE, MAE, MAPE: 42, 0.26062, 0.26062, 0.51027, 0.49434, 96.18%
Time spent: 8.56s
- Epoch 045, ExpID 72601
Train - Loss (one batch): 0.25100
Val - Loss, MSE, RMSE, MAE, MAPE: 0.25126, 0.25126, 0.50065, 0.48441, 10926.65%
Test - Best epoch, Loss, MSE, RMSE, MAE, MAPE: 42, 0.26062, 0.26062, 0.51027, 0.49434, 96.18%
Time spent: 8.56s
- Epoch 046, ExpID 72601
Train - Loss (one batch): 0.24385
Val - Loss, MSE, RMSE, MAE, MAPE: 0.25083, 0.25083, 0.50034, 0.48409, 10126.36%
Test - Best epoch, Loss, MSE, RMSE, MAE, MAPE: 42, 0.26062, 0.26062, 0.51027, 0.49434, 96.18%
Time spent: 8.57s
- Epoch 047, ExpID 72601
Train - Loss (one batch): 0.25619
Val - Loss, MSE, RMSE, MAE, MAPE: 0.25122, 0.25122, 0.50064, 0.48439, 11153.43%
Test - Best epoch, Loss, MSE, RMSE, MAE, MAPE: 42, 0.26062, 0.26062, 0.51027, 0.49434, 96.18%
Time spent: 8.59s
- Epoch 048, ExpID 72601
Train - Loss (one batch): 0.25876
Val - Loss, MSE, RMSE, MAE, MAPE: 0.24935, 0.24935, 0.49880, 0.48251, 8953.52%
Test - Best epoch, Loss, MSE, RMSE, MAE, MAPE: 42, 0.26062, 0.26062, 0.51027, 0.49434, 96.18%
Time spent: 8.60s
- Epoch 049, ExpID 72601
Train - Loss (one batch): 0.24377
Val - Loss, MSE, RMSE, MAE, MAPE: 0.25122, 0.25122, 0.50065, 0.48440, 10019.88%
Test - Best epoch, Loss, MSE, RMSE, MAE, MAPE: 42, 0.26062, 0.26062, 0.51027, 0.49434, 96.18%
Time spent: 8.57s
- Epoch 050, ExpID 72601
Train - Loss (one batch): 0.24879
Val - Loss, MSE, RMSE, MAE, MAPE: 0.25146, 0.25146, 0.50090, 0.48467, 7253.38%
Test - Best epoch, Loss, MSE, RMSE, MAE, MAPE: 42, 0.26062, 0.26062, 0.51027, 0.49434, 96.18%
Time spent: 8.59s
- Epoch 051, ExpID 72601
Train - Loss (one batch): 0.25400
Val - Loss, MSE, RMSE, MAE, MAPE: 0.24888, 0.24888, 0.49833, 0.48201, 12639.72%
Test - Best epoch, Loss, MSE, RMSE, MAE, MAPE: 42, 0.26062, 0.26062, 0.51027, 0.49434, 96.18%
Time spent: 8.58s
- Epoch 052, ExpID 72601
Train - Loss (one batch): 0.25168
Val - Loss, MSE, RMSE, MAE, MAPE: 0.25287, 0.25287, 0.50235, 0.48617, 9428.00%
Test - Best epoch, Loss, MSE, RMSE, MAE, MAPE: 42, 0.26062, 0.26062, 0.51027, 0.49434, 96.18%
Time spent: 8.62s
- Epoch 053, ExpID 72601
Train - Loss (one batch): 0.25313
Val - Loss, MSE, RMSE, MAE, MAPE: 0.24933, 0.24933, 0.49874, 0.48243, 13101.42%
Test - Best epoch, Loss, MSE, RMSE, MAE, MAPE: 42, 0.26062, 0.26062, 0.51027, 0.49434, 96.18%
Time spent: 8.58s
- Epoch 054, ExpID 72601
Train - Loss (one batch): 0.25035
Val - Loss, MSE, RMSE, MAE, MAPE: 0.25039, 0.25039, 0.49987, 0.48359, 10093.69%
Test - Best epoch, Loss, MSE, RMSE, MAE, MAPE: 42, 0.26062, 0.26062, 0.51027, 0.49434, 96.18%
Time spent: 8.57s
- Epoch 055, ExpID 72601
Train - Loss (one batch): 0.24767
Val - Loss, MSE, RMSE, MAE, MAPE: 0.25050, 0.25050, 0.49990, 0.48362, 12088.43%
Test - Best epoch, Loss, MSE, RMSE, MAE, MAPE: 42, 0.26062, 0.26062, 0.51027, 0.49434, 96.18%
Time spent: 8.58s
- Epoch 056, ExpID 72601
Train - Loss (one batch): 0.25516
Val - Loss, MSE, RMSE, MAE, MAPE: 0.24908, 0.24908, 0.49847, 0.48215, 13158.55%
Test - Best epoch, Loss, MSE, RMSE, MAE, MAPE: 42, 0.26062, 0.26062, 0.51027, 0.49434, 96.18%
Time spent: 8.64s
- Epoch 057, ExpID 72601
Train - Loss (one batch): 0.26693
Val - Loss, MSE, RMSE, MAE, MAPE: 0.25076, 0.25076, 0.50017, 0.48392, 10913.55%
Test - Best epoch, Loss, MSE, RMSE, MAE, MAPE: 42, 0.26062, 0.26062, 0.51027, 0.49434, 96.18%
Time spent: 8.59s
- Epoch 058, ExpID 72601
Train - Loss (one batch): 0.25351
Val - Loss, MSE, RMSE, MAE, MAPE: 0.24788, 0.24788, 0.49731, 0.48095, 12507.57%
Test - Best epoch, Loss, MSE, RMSE, MAE, MAPE: 58, 0.25988, 0.25988, 0.50950, 0.49353, 95.98%
Time spent: 9.63s
- Epoch 059, ExpID 72601
Train - Loss (one batch): 0.25259
Val - Loss, MSE, RMSE, MAE, MAPE: 0.24968, 0.24968, 0.49910, 0.48282, 10739.61%
Test - Best epoch, Loss, MSE, RMSE, MAE, MAPE: 58, 0.25988, 0.25988, 0.50950, 0.49353, 95.98%
Time spent: 8.56s
- Epoch 060, ExpID 72601
Train - Loss (one batch): 0.25175
Val - Loss, MSE, RMSE, MAE, MAPE: 0.25013, 0.25013, 0.49950, 0.48321, 10765.44%
Test - Best epoch, Loss, MSE, RMSE, MAE, MAPE: 58, 0.25988, 0.25988, 0.50950, 0.49353, 95.98%
Time spent: 8.57s
- Epoch 061, ExpID 72601
Train - Loss (one batch): 0.25776
Val - Loss, MSE, RMSE, MAE, MAPE: 0.24779, 0.24779, 0.49725, 0.48089, 11944.72%
Test - Best epoch, Loss, MSE, RMSE, MAE, MAPE: 61, 0.25835, 0.25835, 0.50804, 0.49204, 95.69%
Time spent: 9.60s
- Epoch 062, ExpID 72601
Train - Loss (one batch): 0.25515
Val - Loss, MSE, RMSE, MAE, MAPE: 0.25123, 0.25123, 0.50066, 0.48443, 10666.19%
Test - Best epoch, Loss, MSE, RMSE, MAE, MAPE: 61, 0.25835, 0.25835, 0.50804, 0.49204, 95.69%
Time spent: 8.57s
- Epoch 063, ExpID 72601
Train - Loss (one batch): 0.25633
Val - Loss, MSE, RMSE, MAE, MAPE: 0.25038, 0.25038, 0.49984, 0.48358, 11505.20%
Test - Best epoch, Loss, MSE, RMSE, MAE, MAPE: 61, 0.25835, 0.25835, 0.50804, 0.49204, 95.69%
Time spent: 8.61s
- Epoch 064, ExpID 72601
Train - Loss (one batch): 0.24786
Val - Loss, MSE, RMSE, MAE, MAPE: 0.24951, 0.24951, 0.49892, 0.48262, 13075.00%
Test - Best epoch, Loss, MSE, RMSE, MAE, MAPE: 61, 0.25835, 0.25835, 0.50804, 0.49204, 95.69%
Time spent: 8.53s
- Epoch 065, ExpID 72601
Train - Loss (one batch): 0.25480
Val - Loss, MSE, RMSE, MAE, MAPE: 0.24931, 0.24931, 0.49864, 0.48232, 11774.98%
Test - Best epoch, Loss, MSE, RMSE, MAE, MAPE: 61, 0.25835, 0.25835, 0.50804, 0.49204, 95.69%
Time spent: 8.62s
- Epoch 066, ExpID 72601
Train - Loss (one batch): 0.26034
Val - Loss, MSE, RMSE, MAE, MAPE: 0.24853, 0.24853, 0.49799, 0.48165, 11404.57%
Test - Best epoch, Loss, MSE, RMSE, MAE, MAPE: 61, 0.25835, 0.25835, 0.50804, 0.49204, 95.69%
Time spent: 8.58s
- Epoch 067, ExpID 72601
Train - Loss (one batch): 0.25177
Val - Loss, MSE, RMSE, MAE, MAPE: 0.24982, 0.24982, 0.49922, 0.48292, 12761.55%
Test - Best epoch, Loss, MSE, RMSE, MAE, MAPE: 61, 0.25835, 0.25835, 0.50804, 0.49204, 95.69%
Time spent: 8.61s
- Epoch 068, ExpID 72601
Train - Loss (one batch): 0.25820
Val - Loss, MSE, RMSE, MAE, MAPE: 0.25006, 0.25006, 0.49940, 0.48310, 10914.02%
Test - Best epoch, Loss, MSE, RMSE, MAE, MAPE: 61, 0.25835, 0.25835, 0.50804, 0.49204, 95.69%
Time spent: 8.58s
- Epoch 069, ExpID 72601
Train - Loss (one batch): 0.25077
Val - Loss, MSE, RMSE, MAE, MAPE: 0.24877, 0.24877, 0.49821, 0.48189, 14166.91%
Test - Best epoch, Loss, MSE, RMSE, MAE, MAPE: 61, 0.25835, 0.25835, 0.50804, 0.49204, 95.69%
Time spent: 8.57s
- Epoch 070, ExpID 72601
Train - Loss (one batch): 0.24778
Val - Loss, MSE, RMSE, MAE, MAPE: 0.24877, 0.24877, 0.49822, 0.48190, 9734.43%
Test - Best epoch, Loss, MSE, RMSE, MAE, MAPE: 61, 0.25835, 0.25835, 0.50804, 0.49204, 95.69%
Time spent: 8.56s
- Epoch 071, ExpID 72601
Train - Loss (one batch): 0.24568
Val - Loss, MSE, RMSE, MAE, MAPE: 0.24804, 0.24804, 0.49739, 0.48103, 12203.62%
Test - Best epoch, Loss, MSE, RMSE, MAE, MAPE: 61, 0.25835, 0.25835, 0.50804, 0.49204, 95.69%
Time spent: 8.57s
