/home/solgi/MSP-IMTS/tPatchGNN/run_models.py
2025-10-23 14:48:28
run_models.py --dataset activity --history 3000 --hid_dim 32 --te_dim 10 --node_dim 10 --nlayer 1 --tf_layer 1 --nhead 1 --batch_size 32 --lr 1e-3 --patience 60 --epoch 600 --seed 3 --gpu 0 --multi_scales 100,300 --multi_strides 100,300 --fusion concat
Namespace(multi_scales='100,300', multi_strides='100,300', fusion='concat', state='def', n=100000000, hop=1, nhead=1, tf_layer=1, nlayer=1, epoch=600, patience=60, history=3000, patch_size=24, stride=24, logmode='a', lr=0.001, w_decay=0.0, batch_size=32, save='experiments/', load=None, seed=3, dataset='activity', quantization=0.0, model='tPatchGNN', outlayer='Linear', hid_dim=32, te_dim=10, node_dim=10, gpu='0', npatch=125, device=device(type='cuda'), PID=3007329, pred_window=1000, ndim=12)
- Epoch 000, ExpID 88460
Train - Loss (one batch): 0.00469
Val - Loss, MSE, RMSE, MAE, MAPE: 0.00413, 0.00413, 0.06201, 0.04217, 216554.41%
Test - Best epoch, Loss, MSE, RMSE, MAE, MAPE: 0, 0.00389, 0.00389, 0.06035, 0.04103, 9.76%
Time spent: 8.18s
- Epoch 001, ExpID 88460
Train - Loss (one batch): 0.00375
Val - Loss, MSE, RMSE, MAE, MAPE: 0.00363, 0.00363, 0.05832, 0.03946, 209466.91%
Test - Best epoch, Loss, MSE, RMSE, MAE, MAPE: 1, 0.00349, 0.00349, 0.05742, 0.03893, 9.14%
Time spent: 7.30s
- Epoch 002, ExpID 88460
Train - Loss (one batch): 0.00445
Val - Loss, MSE, RMSE, MAE, MAPE: 0.00323, 0.00323, 0.05470, 0.03522, 204218.95%
Test - Best epoch, Loss, MSE, RMSE, MAE, MAPE: 2, 0.00306, 0.00306, 0.05334, 0.03451, 8.16%
Time spent: 7.40s
- Epoch 003, ExpID 88460
Train - Loss (one batch): 0.00313
Val - Loss, MSE, RMSE, MAE, MAPE: 0.00324, 0.00324, 0.05480, 0.03548, 206764.42%
Test - Best epoch, Loss, MSE, RMSE, MAE, MAPE: 2, 0.00306, 0.00306, 0.05334, 0.03451, 8.16%
Time spent: 6.17s
- Epoch 004, ExpID 88460
Train - Loss (one batch): 0.00243
Val - Loss, MSE, RMSE, MAE, MAPE: 0.00323, 0.00323, 0.05475, 0.03557, 204992.66%
Test - Best epoch, Loss, MSE, RMSE, MAE, MAPE: 4, 0.00308, 0.00308, 0.05366, 0.03499, 8.27%
Time spent: 7.05s
- Epoch 005, ExpID 88460
Train - Loss (one batch): 0.00344
Val - Loss, MSE, RMSE, MAE, MAPE: 0.00388, 0.00388, 0.06081, 0.04383, 212906.46%
Test - Best epoch, Loss, MSE, RMSE, MAE, MAPE: 4, 0.00308, 0.00308, 0.05366, 0.03499, 8.27%
Time spent: 6.20s
- Epoch 006, ExpID 88460
Train - Loss (one batch): 0.00297
Val - Loss, MSE, RMSE, MAE, MAPE: 0.00358, 0.00358, 0.05818, 0.04087, 209143.97%
Test - Best epoch, Loss, MSE, RMSE, MAE, MAPE: 4, 0.00308, 0.00308, 0.05366, 0.03499, 8.27%
Time spent: 6.94s
- Epoch 007, ExpID 88460
Train - Loss (one batch): 0.00186
Val - Loss, MSE, RMSE, MAE, MAPE: 0.00327, 0.00327, 0.05530, 0.03695, 208930.76%
Test - Best epoch, Loss, MSE, RMSE, MAE, MAPE: 4, 0.00308, 0.00308, 0.05366, 0.03499, 8.27%
Time spent: 6.24s
- Epoch 008, ExpID 88460
Train - Loss (one batch): 0.00363
Val - Loss, MSE, RMSE, MAE, MAPE: 0.00301, 0.00301, 0.05275, 0.03346, 202599.18%
Test - Best epoch, Loss, MSE, RMSE, MAE, MAPE: 8, 0.00290, 0.00290, 0.05187, 0.03309, 7.87%
Time spent: 6.87s
- Epoch 009, ExpID 88460
Train - Loss (one batch): 0.00256
Val - Loss, MSE, RMSE, MAE, MAPE: 0.00333, 0.00333, 0.05598, 0.03828, 207320.64%
Test - Best epoch, Loss, MSE, RMSE, MAE, MAPE: 8, 0.00290, 0.00290, 0.05187, 0.03309, 7.87%
Time spent: 6.70s
- Epoch 010, ExpID 88460
Train - Loss (one batch): 0.00167
Val - Loss, MSE, RMSE, MAE, MAPE: 0.00299, 0.00299, 0.05258, 0.03347, 202108.73%
Test - Best epoch, Loss, MSE, RMSE, MAE, MAPE: 10, 0.00289, 0.00289, 0.05185, 0.03316, 7.81%
Time spent: 7.08s
- Epoch 011, ExpID 88460
Train - Loss (one batch): 0.00153
Val - Loss, MSE, RMSE, MAE, MAPE: 0.00301, 0.00301, 0.05287, 0.03409, 203184.79%
Test - Best epoch, Loss, MSE, RMSE, MAE, MAPE: 10, 0.00289, 0.00289, 0.05185, 0.03316, 7.81%
Time spent: 6.30s
- Epoch 012, ExpID 88460
Train - Loss (one batch): 0.00339
Val - Loss, MSE, RMSE, MAE, MAPE: 0.00331, 0.00331, 0.05584, 0.03869, 208911.20%
Test - Best epoch, Loss, MSE, RMSE, MAE, MAPE: 10, 0.00289, 0.00289, 0.05185, 0.03316, 7.81%
Time spent: 6.89s
- Epoch 013, ExpID 88460
Train - Loss (one batch): 0.00278
Val - Loss, MSE, RMSE, MAE, MAPE: 0.00338, 0.00338, 0.05658, 0.03953, 212321.39%
Test - Best epoch, Loss, MSE, RMSE, MAE, MAPE: 10, 0.00289, 0.00289, 0.05185, 0.03316, 7.81%
Time spent: 6.83s
- Epoch 014, ExpID 88460
Train - Loss (one batch): 0.00271
Val - Loss, MSE, RMSE, MAE, MAPE: 0.00311, 0.00311, 0.05389, 0.03571, 205542.51%
Test - Best epoch, Loss, MSE, RMSE, MAE, MAPE: 10, 0.00289, 0.00289, 0.05185, 0.03316, 7.81%
Time spent: 6.25s
- Epoch 015, ExpID 88460
Train - Loss (one batch): 0.00291
Val - Loss, MSE, RMSE, MAE, MAPE: 0.00289, 0.00289, 0.05167, 0.03293, 200190.97%
Test - Best epoch, Loss, MSE, RMSE, MAE, MAPE: 15, 0.00279, 0.00279, 0.05092, 0.03249, 7.67%
Time spent: 7.00s
- Epoch 016, ExpID 88460
Train - Loss (one batch): 0.00315
Val - Loss, MSE, RMSE, MAE, MAPE: 0.00319, 0.00319, 0.05481, 0.03733, 210392.56%
Test - Best epoch, Loss, MSE, RMSE, MAE, MAPE: 15, 0.00279, 0.00279, 0.05092, 0.03249, 7.67%
Time spent: 6.24s
- Epoch 017, ExpID 88460
Train - Loss (one batch): 0.00184
Val - Loss, MSE, RMSE, MAE, MAPE: 0.00324, 0.00324, 0.05525, 0.03798, 208606.44%
Test - Best epoch, Loss, MSE, RMSE, MAE, MAPE: 15, 0.00279, 0.00279, 0.05092, 0.03249, 7.67%
Time spent: 6.48s
- Epoch 018, ExpID 88460
Train - Loss (one batch): 0.00371
Val - Loss, MSE, RMSE, MAE, MAPE: 0.00300, 0.00300, 0.05278, 0.03438, 202704.52%
Test - Best epoch, Loss, MSE, RMSE, MAE, MAPE: 15, 0.00279, 0.00279, 0.05092, 0.03249, 7.67%
Time spent: 6.61s
- Epoch 019, ExpID 88460
Train - Loss (one batch): 0.00212
Val - Loss, MSE, RMSE, MAE, MAPE: 0.00354, 0.00354, 0.05809, 0.04185, 212366.45%
Test - Best epoch, Loss, MSE, RMSE, MAE, MAPE: 15, 0.00279, 0.00279, 0.05092, 0.03249, 7.67%
Time spent: 6.23s
- Epoch 020, ExpID 88460
Train - Loss (one batch): 0.00266
Val - Loss, MSE, RMSE, MAE, MAPE: 0.00350, 0.00350, 0.05763, 0.04151, 218963.97%
Test - Best epoch, Loss, MSE, RMSE, MAE, MAPE: 15, 0.00279, 0.00279, 0.05092, 0.03249, 7.67%
Time spent: 6.17s
- Epoch 021, ExpID 88460
Train - Loss (one batch): 0.00274
Val - Loss, MSE, RMSE, MAE, MAPE: 0.00284, 0.00284, 0.05132, 0.03271, 198126.33%
Test - Best epoch, Loss, MSE, RMSE, MAE, MAPE: 21, 0.00276, 0.00276, 0.05067, 0.03240, 7.59%
Time spent: 7.27s
- Epoch 022, ExpID 88460
Train - Loss (one batch): 0.00214
Val - Loss, MSE, RMSE, MAE, MAPE: 0.00291, 0.00291, 0.05199, 0.03346, 203938.88%
Test - Best epoch, Loss, MSE, RMSE, MAE, MAPE: 21, 0.00276, 0.00276, 0.05067, 0.03240, 7.59%
Time spent: 6.19s
- Epoch 023, ExpID 88460
Train - Loss (one batch): 0.00190
Val - Loss, MSE, RMSE, MAE, MAPE: 0.00303, 0.00303, 0.05317, 0.03553, 210115.45%
Test - Best epoch, Loss, MSE, RMSE, MAE, MAPE: 21, 0.00276, 0.00276, 0.05067, 0.03240, 7.59%
Time spent: 6.23s
- Epoch 024, ExpID 88460
Train - Loss (one batch): 0.00315
Val - Loss, MSE, RMSE, MAE, MAPE: 0.00294, 0.00294, 0.05228, 0.03416, 205999.74%
Test - Best epoch, Loss, MSE, RMSE, MAE, MAPE: 21, 0.00276, 0.00276, 0.05067, 0.03240, 7.59%
Time spent: 6.20s
- Epoch 025, ExpID 88460
Train - Loss (one batch): 0.00282
Val - Loss, MSE, RMSE, MAE, MAPE: 0.00285, 0.00285, 0.05129, 0.03254, 196383.44%
Test - Best epoch, Loss, MSE, RMSE, MAE, MAPE: 21, 0.00276, 0.00276, 0.05067, 0.03240, 7.59%
Time spent: 6.18s
- Epoch 026, ExpID 88460
Train - Loss (one batch): 0.00217
Val - Loss, MSE, RMSE, MAE, MAPE: 0.00314, 0.00314, 0.05427, 0.03680, 202460.93%
Test - Best epoch, Loss, MSE, RMSE, MAE, MAPE: 21, 0.00276, 0.00276, 0.05067, 0.03240, 7.59%
Time spent: 6.19s
- Epoch 027, ExpID 88460
Train - Loss (one batch): 0.00223
Val - Loss, MSE, RMSE, MAE, MAPE: 0.00302, 0.00302, 0.05305, 0.03526, 199526.00%
Test - Best epoch, Loss, MSE, RMSE, MAE, MAPE: 21, 0.00276, 0.00276, 0.05067, 0.03240, 7.59%
Time spent: 6.58s
- Epoch 028, ExpID 88460
Train - Loss (one batch): 0.00209
Val - Loss, MSE, RMSE, MAE, MAPE: 0.00287, 0.00287, 0.05158, 0.03300, 193712.51%
Test - Best epoch, Loss, MSE, RMSE, MAE, MAPE: 21, 0.00276, 0.00276, 0.05067, 0.03240, 7.59%
Time spent: 6.30s
- Epoch 029, ExpID 88460
Train - Loss (one batch): 0.00315
Val - Loss, MSE, RMSE, MAE, MAPE: 0.00283, 0.00283, 0.05125, 0.03295, 202561.06%
Test - Best epoch, Loss, MSE, RMSE, MAE, MAPE: 29, 0.00276, 0.00276, 0.05073, 0.03276, 7.84%
Time spent: 6.91s
- Epoch 030, ExpID 88460
Train - Loss (one batch): 0.00187
Val - Loss, MSE, RMSE, MAE, MAPE: 0.00288, 0.00288, 0.05167, 0.03339, 202218.27%
Test - Best epoch, Loss, MSE, RMSE, MAE, MAPE: 29, 0.00276, 0.00276, 0.05073, 0.03276, 7.84%
Time spent: 6.21s
- Epoch 031, ExpID 88460
Train - Loss (one batch): 0.00196
Val - Loss, MSE, RMSE, MAE, MAPE: 0.00308, 0.00308, 0.05379, 0.03601, 205295.20%
Test - Best epoch, Loss, MSE, RMSE, MAE, MAPE: 29, 0.00276, 0.00276, 0.05073, 0.03276, 7.84%
Time spent: 6.38s
- Epoch 032, ExpID 88460
Train - Loss (one batch): 0.00141
Val - Loss, MSE, RMSE, MAE, MAPE: 0.00301, 0.00301, 0.05304, 0.03570, 203218.85%
Test - Best epoch, Loss, MSE, RMSE, MAE, MAPE: 29, 0.00276, 0.00276, 0.05073, 0.03276, 7.84%
Time spent: 6.55s
- Epoch 033, ExpID 88460
Train - Loss (one batch): 0.00219
Val - Loss, MSE, RMSE, MAE, MAPE: 0.00296, 0.00296, 0.05258, 0.03480, 202972.12%
Test - Best epoch, Loss, MSE, RMSE, MAE, MAPE: 29, 0.00276, 0.00276, 0.05073, 0.03276, 7.84%
Time spent: 6.25s
- Epoch 034, ExpID 88460
Train - Loss (one batch): 0.00389
Val - Loss, MSE, RMSE, MAE, MAPE: 0.00281, 0.00281, 0.05096, 0.03253, 199668.83%
Test - Best epoch, Loss, MSE, RMSE, MAE, MAPE: 34, 0.00272, 0.00272, 0.05033, 0.03229, 7.73%
Time spent: 6.97s
- Epoch 035, ExpID 88460
Train - Loss (one batch): 0.00211
Val - Loss, MSE, RMSE, MAE, MAPE: 0.00288, 0.00288, 0.05172, 0.03376, 207463.27%
Test - Best epoch, Loss, MSE, RMSE, MAE, MAPE: 34, 0.00272, 0.00272, 0.05033, 0.03229, 7.73%
Time spent: 6.71s
- Epoch 036, ExpID 88460
Train - Loss (one batch): 0.00248
Val - Loss, MSE, RMSE, MAE, MAPE: 0.00301, 0.00301, 0.05311, 0.03512, 204591.38%
Test - Best epoch, Loss, MSE, RMSE, MAE, MAPE: 34, 0.00272, 0.00272, 0.05033, 0.03229, 7.73%
Time spent: 6.26s
- Epoch 037, ExpID 88460
Train - Loss (one batch): 0.00271
Val - Loss, MSE, RMSE, MAE, MAPE: 0.00280, 0.00280, 0.05095, 0.03266, 202922.56%
Test - Best epoch, Loss, MSE, RMSE, MAE, MAPE: 37, 0.00274, 0.00274, 0.05052, 0.03245, 7.81%
Time spent: 7.00s
- Epoch 038, ExpID 88460
Train - Loss (one batch): 0.00193
Val - Loss, MSE, RMSE, MAE, MAPE: 0.00282, 0.00282, 0.05102, 0.03251, 192468.59%
Test - Best epoch, Loss, MSE, RMSE, MAE, MAPE: 37, 0.00274, 0.00274, 0.05052, 0.03245, 7.81%
Time spent: 6.25s
- Epoch 039, ExpID 88460
Train - Loss (one batch): 0.00405
Val - Loss, MSE, RMSE, MAE, MAPE: 0.00298, 0.00298, 0.05277, 0.03501, 197016.95%
Test - Best epoch, Loss, MSE, RMSE, MAE, MAPE: 37, 0.00274, 0.00274, 0.05052, 0.03245, 7.81%
Time spent: 6.33s
- Epoch 040, ExpID 88460
Train - Loss (one batch): 0.00240
Val - Loss, MSE, RMSE, MAE, MAPE: 0.00303, 0.00303, 0.05325, 0.03590, 207866.91%
Test - Best epoch, Loss, MSE, RMSE, MAE, MAPE: 37, 0.00274, 0.00274, 0.05052, 0.03245, 7.81%
Time spent: 6.25s
- Epoch 041, ExpID 88460
Train - Loss (one batch): 0.00218
Val - Loss, MSE, RMSE, MAE, MAPE: 0.00278, 0.00278, 0.05066, 0.03190, 195073.55%
Test - Best epoch, Loss, MSE, RMSE, MAE, MAPE: 41, 0.00272, 0.00272, 0.05026, 0.03177, 7.47%
Time spent: 7.00s
- Epoch 042, ExpID 88460
Train - Loss (one batch): 0.00221
Val - Loss, MSE, RMSE, MAE, MAPE: 0.00333, 0.00333, 0.05619, 0.04004, 209797.46%
Test - Best epoch, Loss, MSE, RMSE, MAE, MAPE: 41, 0.00272, 0.00272, 0.05026, 0.03177, 7.47%
Time spent: 6.30s
- Epoch 043, ExpID 88460
Train - Loss (one batch): 0.00241
Val - Loss, MSE, RMSE, MAE, MAPE: 0.00306, 0.00306, 0.05357, 0.03637, 204040.53%
Test - Best epoch, Loss, MSE, RMSE, MAE, MAPE: 41, 0.00272, 0.00272, 0.05026, 0.03177, 7.47%
Time spent: 6.63s
- Epoch 044, ExpID 88460
Train - Loss (one batch): 0.00259
Val - Loss, MSE, RMSE, MAE, MAPE: 0.00283, 0.00283, 0.05118, 0.03306, 196209.06%
Test - Best epoch, Loss, MSE, RMSE, MAE, MAPE: 41, 0.00272, 0.00272, 0.05026, 0.03177, 7.47%
Time spent: 6.60s
- Epoch 045, ExpID 88460
Train - Loss (one batch): 0.00320
Val - Loss, MSE, RMSE, MAE, MAPE: 0.00280, 0.00280, 0.05084, 0.03233, 201076.91%
Test - Best epoch, Loss, MSE, RMSE, MAE, MAPE: 41, 0.00272, 0.00272, 0.05026, 0.03177, 7.47%
Time spent: 6.69s
- Epoch 046, ExpID 88460
Train - Loss (one batch): 0.00283
Val - Loss, MSE, RMSE, MAE, MAPE: 0.00280, 0.00280, 0.05091, 0.03268, 200926.32%
Test - Best epoch, Loss, MSE, RMSE, MAE, MAPE: 41, 0.00272, 0.00272, 0.05026, 0.03177, 7.47%
Time spent: 6.58s
- Epoch 047, ExpID 88460
Train - Loss (one batch): 0.00182
Val - Loss, MSE, RMSE, MAE, MAPE: 0.00302, 0.00302, 0.05317, 0.03581, 202758.66%
Test - Best epoch, Loss, MSE, RMSE, MAE, MAPE: 41, 0.00272, 0.00272, 0.05026, 0.03177, 7.47%
Time spent: 6.65s
- Epoch 048, ExpID 88460
Train - Loss (one batch): 0.00234
Val - Loss, MSE, RMSE, MAE, MAPE: 0.00275, 0.00275, 0.05042, 0.03175, 199276.79%
Test - Best epoch, Loss, MSE, RMSE, MAE, MAPE: 48, 0.00268, 0.00268, 0.04989, 0.03148, 7.45%
Time spent: 7.51s
- Epoch 049, ExpID 88460
Train - Loss (one batch): 0.00173
Val - Loss, MSE, RMSE, MAE, MAPE: 0.00288, 0.00288, 0.05169, 0.03396, 204078.85%
Test - Best epoch, Loss, MSE, RMSE, MAE, MAPE: 48, 0.00268, 0.00268, 0.04989, 0.03148, 7.45%
Time spent: 6.63s
- Epoch 050, ExpID 88460
Train - Loss (one batch): 0.00318
Val - Loss, MSE, RMSE, MAE, MAPE: 0.00283, 0.00283, 0.05121, 0.03285, 204779.25%
Test - Best epoch, Loss, MSE, RMSE, MAE, MAPE: 48, 0.00268, 0.00268, 0.04989, 0.03148, 7.45%
Time spent: 6.40s
- Epoch 051, ExpID 88460
Train - Loss (one batch): 0.00242
Val - Loss, MSE, RMSE, MAE, MAPE: 0.00300, 0.00300, 0.05303, 0.03584, 209555.27%
Test - Best epoch, Loss, MSE, RMSE, MAE, MAPE: 48, 0.00268, 0.00268, 0.04989, 0.03148, 7.45%
Time spent: 6.32s
- Epoch 052, ExpID 88460
Train - Loss (one batch): 0.00219
Val - Loss, MSE, RMSE, MAE, MAPE: 0.00295, 0.00295, 0.05251, 0.03514, 206919.53%
Test - Best epoch, Loss, MSE, RMSE, MAE, MAPE: 48, 0.00268, 0.00268, 0.04989, 0.03148, 7.45%
Time spent: 6.33s
- Epoch 053, ExpID 88460
Train - Loss (one batch): 0.00193
Val - Loss, MSE, RMSE, MAE, MAPE: 0.00281, 0.00281, 0.05103, 0.03296, 199354.92%
Test - Best epoch, Loss, MSE, RMSE, MAE, MAPE: 48, 0.00268, 0.00268, 0.04989, 0.03148, 7.45%
Time spent: 6.18s
- Epoch 054, ExpID 88460
Train - Loss (one batch): 0.00183
Val - Loss, MSE, RMSE, MAE, MAPE: 0.00283, 0.00283, 0.05120, 0.03297, 200180.50%
Test - Best epoch, Loss, MSE, RMSE, MAE, MAPE: 48, 0.00268, 0.00268, 0.04989, 0.03148, 7.45%
Time spent: 6.20s
- Epoch 055, ExpID 88460
Train - Loss (one batch): 0.00153
Val - Loss, MSE, RMSE, MAE, MAPE: 0.00286, 0.00286, 0.05143, 0.03342, 203910.02%
Test - Best epoch, Loss, MSE, RMSE, MAE, MAPE: 48, 0.00268, 0.00268, 0.04989, 0.03148, 7.45%
Time spent: 6.17s
- Epoch 056, ExpID 88460
Train - Loss (one batch): 0.00155
Val - Loss, MSE, RMSE, MAE, MAPE: 0.00284, 0.00284, 0.05131, 0.03336, 202232.30%
Test - Best epoch, Loss, MSE, RMSE, MAE, MAPE: 48, 0.00268, 0.00268, 0.04989, 0.03148, 7.45%
Time spent: 6.71s
- Epoch 057, ExpID 88460
Train - Loss (one batch): 0.00244
Val - Loss, MSE, RMSE, MAE, MAPE: 0.00335, 0.00335, 0.05635, 0.04006, 209942.49%
Test - Best epoch, Loss, MSE, RMSE, MAE, MAPE: 48, 0.00268, 0.00268, 0.04989, 0.03148, 7.45%
Time spent: 6.49s
- Epoch 058, ExpID 88460
Train - Loss (one batch): 0.00212
Val - Loss, MSE, RMSE, MAE, MAPE: 0.00288, 0.00288, 0.05167, 0.03376, 205878.94%
Test - Best epoch, Loss, MSE, RMSE, MAE, MAPE: 48, 0.00268, 0.00268, 0.04989, 0.03148, 7.45%
Time spent: 6.27s
- Epoch 059, ExpID 88460
Train - Loss (one batch): 0.00168
Val - Loss, MSE, RMSE, MAE, MAPE: 0.00298, 0.00298, 0.05278, 0.03528, 204765.48%
Test - Best epoch, Loss, MSE, RMSE, MAE, MAPE: 48, 0.00268, 0.00268, 0.04989, 0.03148, 7.45%
Time spent: 6.22s
- Epoch 060, ExpID 88460
Train - Loss (one batch): 0.00222
Val - Loss, MSE, RMSE, MAE, MAPE: 0.00278, 0.00278, 0.05071, 0.03232, 204363.63%
Test - Best epoch, Loss, MSE, RMSE, MAE, MAPE: 48, 0.00268, 0.00268, 0.04989, 0.03148, 7.45%
Time spent: 6.30s
- Epoch 061, ExpID 88460
Train - Loss (one batch): 0.00317
Val - Loss, MSE, RMSE, MAE, MAPE: 0.00290, 0.00290, 0.05193, 0.03389, 200486.73%
Test - Best epoch, Loss, MSE, RMSE, MAE, MAPE: 48, 0.00268, 0.00268, 0.04989, 0.03148, 7.45%
Time spent: 6.24s
- Epoch 062, ExpID 88460
Train - Loss (one batch): 0.00306
Val - Loss, MSE, RMSE, MAE, MAPE: 0.00292, 0.00292, 0.05202, 0.03407, 210898.62%
Test - Best epoch, Loss, MSE, RMSE, MAE, MAPE: 48, 0.00268, 0.00268, 0.04989, 0.03148, 7.45%
Time spent: 6.51s
- Epoch 063, ExpID 88460
Train - Loss (one batch): 0.00153
Val - Loss, MSE, RMSE, MAE, MAPE: 0.00278, 0.00278, 0.05069, 0.03222, 201943.05%
Test - Best epoch, Loss, MSE, RMSE, MAE, MAPE: 48, 0.00268, 0.00268, 0.04989, 0.03148, 7.45%
Time spent: 6.61s
- Epoch 064, ExpID 88460
Train - Loss (one batch): 0.00170
Val - Loss, MSE, RMSE, MAE, MAPE: 0.00290, 0.00290, 0.05188, 0.03381, 203659.51%
Test - Best epoch, Loss, MSE, RMSE, MAE, MAPE: 48, 0.00268, 0.00268, 0.04989, 0.03148, 7.45%
Time spent: 6.42s
- Epoch 065, ExpID 88460
Train - Loss (one batch): 0.00247
Val - Loss, MSE, RMSE, MAE, MAPE: 0.00281, 0.00281, 0.05092, 0.03249, 193407.53%
Test - Best epoch, Loss, MSE, RMSE, MAE, MAPE: 48, 0.00268, 0.00268, 0.04989, 0.03148, 7.45%
Time spent: 6.61s
- Epoch 066, ExpID 88460
Train - Loss (one batch): 0.00279
Val - Loss, MSE, RMSE, MAE, MAPE: 0.00286, 0.00286, 0.05143, 0.03321, 206867.19%
Test - Best epoch, Loss, MSE, RMSE, MAE, MAPE: 48, 0.00268, 0.00268, 0.04989, 0.03148, 7.45%
Time spent: 6.73s
- Epoch 067, ExpID 88460
Train - Loss (one batch): 0.00237
Val - Loss, MSE, RMSE, MAE, MAPE: 0.00298, 0.00298, 0.05265, 0.03483, 210791.65%
Test - Best epoch, Loss, MSE, RMSE, MAE, MAPE: 48, 0.00268, 0.00268, 0.04989, 0.03148, 7.45%
Time spent: 6.27s
- Epoch 068, ExpID 88460
Train - Loss (one batch): 0.00176
Val - Loss, MSE, RMSE, MAE, MAPE: 0.00302, 0.00302, 0.05310, 0.03585, 206170.46%
Test - Best epoch, Loss, MSE, RMSE, MAE, MAPE: 48, 0.00268, 0.00268, 0.04989, 0.03148, 7.45%
Time spent: 6.69s
- Epoch 069, ExpID 88460
Train - Loss (one batch): 0.00222
Val - Loss, MSE, RMSE, MAE, MAPE: 0.00293, 0.00293, 0.05224, 0.03452, 204361.01%
Test - Best epoch, Loss, MSE, RMSE, MAE, MAPE: 48, 0.00268, 0.00268, 0.04989, 0.03148, 7.45%
Time spent: 6.91s
- Epoch 070, ExpID 88460
Train - Loss (one batch): 0.00192
Val - Loss, MSE, RMSE, MAE, MAPE: 0.00280, 0.00280, 0.05078, 0.03236, 205002.78%
Test - Best epoch, Loss, MSE, RMSE, MAE, MAPE: 48, 0.00268, 0.00268, 0.04989, 0.03148, 7.45%
Time spent: 6.77s
- Epoch 071, ExpID 88460
Train - Loss (one batch): 0.00189
Val - Loss, MSE, RMSE, MAE, MAPE: 0.00287, 0.00287, 0.05157, 0.03355, 205690.12%
Test - Best epoch, Loss, MSE, RMSE, MAE, MAPE: 48, 0.00268, 0.00268, 0.04989, 0.03148, 7.45%
Time spent: 6.24s
- Epoch 072, ExpID 88460
Train - Loss (one batch): 0.00164
Val - Loss, MSE, RMSE, MAE, MAPE: 0.00282, 0.00282, 0.05108, 0.03285, 206424.66%
Test - Best epoch, Loss, MSE, RMSE, MAE, MAPE: 48, 0.00268, 0.00268, 0.04989, 0.03148, 7.45%
Time spent: 6.29s
- Epoch 073, ExpID 88460
Train - Loss (one batch): 0.00101
Val - Loss, MSE, RMSE, MAE, MAPE: 0.00277, 0.00277, 0.05055, 0.03209, 205002.12%
Test - Best epoch, Loss, MSE, RMSE, MAE, MAPE: 48, 0.00268, 0.00268, 0.04989, 0.03148, 7.45%
Time spent: 6.24s
- Epoch 074, ExpID 88460
Train - Loss (one batch): 0.00188
Val - Loss, MSE, RMSE, MAE, MAPE: 0.00283, 0.00283, 0.05111, 0.03278, 209441.71%
Test - Best epoch, Loss, MSE, RMSE, MAE, MAPE: 48, 0.00268, 0.00268, 0.04989, 0.03148, 7.45%
Time spent: 6.28s
- Epoch 075, ExpID 88460
Train - Loss (one batch): 0.00204
Val - Loss, MSE, RMSE, MAE, MAPE: 0.00293, 0.00293, 0.05219, 0.03458, 210092.28%
Test - Best epoch, Loss, MSE, RMSE, MAE, MAPE: 48, 0.00268, 0.00268, 0.04989, 0.03148, 7.45%
Time spent: 6.75s
- Epoch 076, ExpID 88460
Train - Loss (one batch): 0.00282
Val - Loss, MSE, RMSE, MAE, MAPE: 0.00280, 0.00280, 0.05091, 0.03229, 203234.51%
Test - Best epoch, Loss, MSE, RMSE, MAE, MAPE: 48, 0.00268, 0.00268, 0.04989, 0.03148, 7.45%
Time spent: 6.53s
- Epoch 077, ExpID 88460
Train - Loss (one batch): 0.00188
Val - Loss, MSE, RMSE, MAE, MAPE: 0.00293, 0.00293, 0.05212, 0.03451, 213487.91%
Test - Best epoch, Loss, MSE, RMSE, MAE, MAPE: 48, 0.00268, 0.00268, 0.04989, 0.03148, 7.45%
Time spent: 6.70s
- Epoch 078, ExpID 88460
Train - Loss (one batch): 0.00212
Val - Loss, MSE, RMSE, MAE, MAPE: 0.00303, 0.00303, 0.05322, 0.03582, 212762.85%
Test - Best epoch, Loss, MSE, RMSE, MAE, MAPE: 48, 0.00268, 0.00268, 0.04989, 0.03148, 7.45%
Time spent: 6.31s
- Epoch 079, ExpID 88460
Train - Loss (one batch): 0.00286
Val - Loss, MSE, RMSE, MAE, MAPE: 0.00282, 0.00282, 0.05094, 0.03249, 200927.57%
Test - Best epoch, Loss, MSE, RMSE, MAE, MAPE: 48, 0.00268, 0.00268, 0.04989, 0.03148, 7.45%
Time spent: 6.38s
- Epoch 080, ExpID 88460
Train - Loss (one batch): 0.00222
Val - Loss, MSE, RMSE, MAE, MAPE: 0.00284, 0.00284, 0.05122, 0.03308, 209589.67%
Test - Best epoch, Loss, MSE, RMSE, MAE, MAPE: 48, 0.00268, 0.00268, 0.04989, 0.03148, 7.45%
Time spent: 6.18s
- Epoch 081, ExpID 88460
Train - Loss (one batch): 0.00314
Val - Loss, MSE, RMSE, MAE, MAPE: 0.00282, 0.00282, 0.05099, 0.03252, 210512.79%
Test - Best epoch, Loss, MSE, RMSE, MAE, MAPE: 48, 0.00268, 0.00268, 0.04989, 0.03148, 7.45%
Time spent: 6.70s
- Epoch 082, ExpID 88460
Train - Loss (one batch): 0.00189
Val - Loss, MSE, RMSE, MAE, MAPE: 0.00281, 0.00281, 0.05084, 0.03243, 210763.29%
Test - Best epoch, Loss, MSE, RMSE, MAE, MAPE: 48, 0.00268, 0.00268, 0.04989, 0.03148, 7.45%
Time spent: 6.23s
- Epoch 083, ExpID 88460
Train - Loss (one batch): 0.00277
Val - Loss, MSE, RMSE, MAE, MAPE: 0.00310, 0.00310, 0.05376, 0.03645, 214333.17%
Test - Best epoch, Loss, MSE, RMSE, MAE, MAPE: 48, 0.00268, 0.00268, 0.04989, 0.03148, 7.45%
Time spent: 6.30s
- Epoch 084, ExpID 88460
Train - Loss (one batch): 0.00239
Val - Loss, MSE, RMSE, MAE, MAPE: 0.00304, 0.00304, 0.05324, 0.03590, 215940.02%
Test - Best epoch, Loss, MSE, RMSE, MAE, MAPE: 48, 0.00268, 0.00268, 0.04989, 0.03148, 7.45%
Time spent: 6.18s
- Epoch 085, ExpID 88460
Train - Loss (one batch): 0.00238
Val - Loss, MSE, RMSE, MAE, MAPE: 0.00300, 0.00300, 0.05283, 0.03564, 210496.92%
Test - Best epoch, Loss, MSE, RMSE, MAE, MAPE: 48, 0.00268, 0.00268, 0.04989, 0.03148, 7.45%
Time spent: 6.28s
- Epoch 086, ExpID 88460
Train - Loss (one batch): 0.00149
Val - Loss, MSE, RMSE, MAE, MAPE: 0.00287, 0.00287, 0.05156, 0.03363, 208224.08%
Test - Best epoch, Loss, MSE, RMSE, MAE, MAPE: 48, 0.00268, 0.00268, 0.04989, 0.03148, 7.45%
Time spent: 6.16s
- Epoch 087, ExpID 88460
Train - Loss (one batch): 0.00173
Val - Loss, MSE, RMSE, MAE, MAPE: 0.00324, 0.00324, 0.05519, 0.03883, 220487.98%
Test - Best epoch, Loss, MSE, RMSE, MAE, MAPE: 48, 0.00268, 0.00268, 0.04989, 0.03148, 7.45%
Time spent: 6.20s
- Epoch 088, ExpID 88460
Train - Loss (one batch): 0.00286
Val - Loss, MSE, RMSE, MAE, MAPE: 0.00301, 0.00301, 0.05293, 0.03568, 216836.79%
Test - Best epoch, Loss, MSE, RMSE, MAE, MAPE: 48, 0.00268, 0.00268, 0.04989, 0.03148, 7.45%
Time spent: 6.17s
- Epoch 089, ExpID 88460
Train - Loss (one batch): 0.00275
Val - Loss, MSE, RMSE, MAE, MAPE: 0.00285, 0.00285, 0.05137, 0.03318, 207962.99%
Test - Best epoch, Loss, MSE, RMSE, MAE, MAPE: 48, 0.00268, 0.00268, 0.04989, 0.03148, 7.45%
Time spent: 6.27s
- Epoch 090, ExpID 88460
Train - Loss (one batch): 0.00162
Val - Loss, MSE, RMSE, MAE, MAPE: 0.00330, 0.00330, 0.05556, 0.03889, 219456.89%
Test - Best epoch, Loss, MSE, RMSE, MAE, MAPE: 48, 0.00268, 0.00268, 0.04989, 0.03148, 7.45%
Time spent: 6.20s
- Epoch 091, ExpID 88460
Train - Loss (one batch): 0.00150
Val - Loss, MSE, RMSE, MAE, MAPE: 0.00290, 0.00290, 0.05189, 0.03412, 213714.28%
Test - Best epoch, Loss, MSE, RMSE, MAE, MAPE: 48, 0.00268, 0.00268, 0.04989, 0.03148, 7.45%
Time spent: 6.27s
- Epoch 092, ExpID 88460
Train - Loss (one batch): 0.00341
Val - Loss, MSE, RMSE, MAE, MAPE: 0.00289, 0.00289, 0.05165, 0.03378, 209137.55%
Test - Best epoch, Loss, MSE, RMSE, MAE, MAPE: 48, 0.00268, 0.00268, 0.04989, 0.03148, 7.45%
Time spent: 6.24s
- Epoch 093, ExpID 88460
Train - Loss (one batch): 0.00176
Val - Loss, MSE, RMSE, MAE, MAPE: 0.00279, 0.00279, 0.05079, 0.03239, 208218.42%
Test - Best epoch, Loss, MSE, RMSE, MAE, MAPE: 48, 0.00268, 0.00268, 0.04989, 0.03148, 7.45%
Time spent: 6.39s
- Epoch 094, ExpID 88460
Train - Loss (one batch): 0.00264
Val - Loss, MSE, RMSE, MAE, MAPE: 0.00279, 0.00279, 0.05063, 0.03211, 207477.05%
Test - Best epoch, Loss, MSE, RMSE, MAE, MAPE: 48, 0.00268, 0.00268, 0.04989, 0.03148, 7.45%
Time spent: 6.14s
- Epoch 095, ExpID 88460
Train - Loss (one batch): 0.00324
Val - Loss, MSE, RMSE, MAE, MAPE: 0.00283, 0.00283, 0.05109, 0.03280, 214048.40%
Test - Best epoch, Loss, MSE, RMSE, MAE, MAPE: 48, 0.00268, 0.00268, 0.04989, 0.03148, 7.45%
Time spent: 6.22s
- Epoch 096, ExpID 88460
Train - Loss (one batch): 0.00202
Val - Loss, MSE, RMSE, MAE, MAPE: 0.00283, 0.00283, 0.05113, 0.03299, 205152.95%
Test - Best epoch, Loss, MSE, RMSE, MAE, MAPE: 48, 0.00268, 0.00268, 0.04989, 0.03148, 7.45%
Time spent: 6.19s
- Epoch 097, ExpID 88460
Train - Loss (one batch): 0.00256
Val - Loss, MSE, RMSE, MAE, MAPE: 0.00292, 0.00292, 0.05217, 0.03456, 204433.81%
Test - Best epoch, Loss, MSE, RMSE, MAE, MAPE: 48, 0.00268, 0.00268, 0.04989, 0.03148, 7.45%
Time spent: 6.22s
- Epoch 098, ExpID 88460
Train - Loss (one batch): 0.00307
Val - Loss, MSE, RMSE, MAE, MAPE: 0.00312, 0.00312, 0.05408, 0.03707, 212670.62%
Test - Best epoch, Loss, MSE, RMSE, MAE, MAPE: 48, 0.00268, 0.00268, 0.04989, 0.03148, 7.45%
Time spent: 6.56s
- Epoch 099, ExpID 88460
Train - Loss (one batch): 0.00194
Val - Loss, MSE, RMSE, MAE, MAPE: 0.00285, 0.00285, 0.05128, 0.03297, 209121.98%
Test - Best epoch, Loss, MSE, RMSE, MAE, MAPE: 48, 0.00268, 0.00268, 0.04989, 0.03148, 7.45%
Time spent: 6.21s
- Epoch 100, ExpID 88460
Train - Loss (one batch): 0.00380
Val - Loss, MSE, RMSE, MAE, MAPE: 0.00290, 0.00290, 0.05177, 0.03372, 206386.56%
Test - Best epoch, Loss, MSE, RMSE, MAE, MAPE: 48, 0.00268, 0.00268, 0.04989, 0.03148, 7.45%
Time spent: 6.24s
- Epoch 101, ExpID 88460
Train - Loss (one batch): 0.00258
Val - Loss, MSE, RMSE, MAE, MAPE: 0.00296, 0.00296, 0.05246, 0.03494, 205571.19%
Test - Best epoch, Loss, MSE, RMSE, MAE, MAPE: 48, 0.00268, 0.00268, 0.04989, 0.03148, 7.45%
Time spent: 6.80s
- Epoch 102, ExpID 88460
Train - Loss (one batch): 0.00268
Val - Loss, MSE, RMSE, MAE, MAPE: 0.00283, 0.00283, 0.05098, 0.03276, 211109.29%
Test - Best epoch, Loss, MSE, RMSE, MAE, MAPE: 48, 0.00268, 0.00268, 0.04989, 0.03148, 7.45%
Time spent: 6.32s
- Epoch 103, ExpID 88460
Train - Loss (one batch): 0.00192
Val - Loss, MSE, RMSE, MAE, MAPE: 0.00291, 0.00291, 0.05182, 0.03375, 212230.28%
Test - Best epoch, Loss, MSE, RMSE, MAE, MAPE: 48, 0.00268, 0.00268, 0.04989, 0.03148, 7.45%
Time spent: 6.82s
- Epoch 104, ExpID 88460
Train - Loss (one batch): 0.00242
Val - Loss, MSE, RMSE, MAE, MAPE: 0.00285, 0.00285, 0.05118, 0.03314, 210361.71%
Test - Best epoch, Loss, MSE, RMSE, MAE, MAPE: 48, 0.00268, 0.00268, 0.04989, 0.03148, 7.45%
Time spent: 6.63s
- Epoch 105, ExpID 88460
Train - Loss (one batch): 0.00170
Val - Loss, MSE, RMSE, MAE, MAPE: 0.00299, 0.00299, 0.05271, 0.03524, 211416.42%
Test - Best epoch, Loss, MSE, RMSE, MAE, MAPE: 48, 0.00268, 0.00268, 0.04989, 0.03148, 7.45%
Time spent: 6.73s
- Epoch 106, ExpID 88460
Train - Loss (one batch): 0.00209
Val - Loss, MSE, RMSE, MAE, MAPE: 0.00279, 0.00279, 0.05071, 0.03226, 208153.22%
Test - Best epoch, Loss, MSE, RMSE, MAE, MAPE: 48, 0.00268, 0.00268, 0.04989, 0.03148, 7.45%
Time spent: 6.29s
- Epoch 107, ExpID 88460
Train - Loss (one batch): 0.00089
Val - Loss, MSE, RMSE, MAE, MAPE: 0.00302, 0.00302, 0.05302, 0.03546, 218031.24%
Test - Best epoch, Loss, MSE, RMSE, MAE, MAPE: 48, 0.00268, 0.00268, 0.04989, 0.03148, 7.45%
Time spent: 6.29s
- Epoch 108, ExpID 88460
Train - Loss (one batch): 0.00127
Val - Loss, MSE, RMSE, MAE, MAPE: 0.00290, 0.00290, 0.05181, 0.03414, 211144.83%
Test - Best epoch, Loss, MSE, RMSE, MAE, MAPE: 48, 0.00268, 0.00268, 0.04989, 0.03148, 7.45%
Time spent: 6.28s
