/home/solgi/MSP-IMTS/tPatchGNN/run_models.py
2025-10-23 14:30:20
run_models.py --dataset activity --history 3000 --hid_dim 32 --te_dim 10 --node_dim 10 --nlayer 1 --tf_layer 1 --nhead 1 --batch_size 32 --lr 1e-3 --patience 60 --epoch 600 --seed 1 --gpu 0 --multi_scales 100,300 --multi_strides 100,300 --fusion concat
Namespace(multi_scales='100,300', multi_strides='100,300', fusion='concat', state='def', n=100000000, hop=1, nhead=1, tf_layer=1, nlayer=1, epoch=600, patience=60, history=3000, patch_size=24, stride=24, logmode='a', lr=0.001, w_decay=0.0, batch_size=32, save='experiments/', load=None, seed=1, dataset='activity', quantization=0.0, model='tPatchGNN', outlayer='Linear', hid_dim=32, te_dim=10, node_dim=10, gpu='0', npatch=125, device=device(type='cuda'), PID=3006098, pred_window=1000, ndim=12)
- Epoch 000, ExpID 88615
Train - Loss (one batch): 0.00451
Val - Loss, MSE, RMSE, MAE, MAPE: 0.00475, 0.00475, 0.06663, 0.04596, 238685.01%
Test - Best epoch, Loss, MSE, RMSE, MAE, MAPE: 0, 0.00442, 0.00442, 0.06449, 0.04441, 10.74%
Time spent: 13.50s
- Epoch 001, ExpID 88615
Train - Loss (one batch): 0.00324
Val - Loss, MSE, RMSE, MAE, MAPE: 0.00390, 0.00390, 0.06021, 0.04023, 222435.90%
Test - Best epoch, Loss, MSE, RMSE, MAE, MAPE: 1, 0.00368, 0.00368, 0.05887, 0.03937, 9.21%
Time spent: 6.94s
- Epoch 002, ExpID 88615
Train - Loss (one batch): 0.00240
Val - Loss, MSE, RMSE, MAE, MAPE: 0.00368, 0.00368, 0.05855, 0.03956, 225174.72%
Test - Best epoch, Loss, MSE, RMSE, MAE, MAPE: 2, 0.00348, 0.00348, 0.05727, 0.03883, 9.26%
Time spent: 7.35s
- Epoch 003, ExpID 88615
Train - Loss (one batch): 0.00258
Val - Loss, MSE, RMSE, MAE, MAPE: 0.00358, 0.00358, 0.05780, 0.03928, 218886.79%
Test - Best epoch, Loss, MSE, RMSE, MAE, MAPE: 3, 0.00341, 0.00341, 0.05667, 0.03869, 9.18%
Time spent: 6.95s
- Epoch 004, ExpID 88615
Train - Loss (one batch): 0.00259
Val - Loss, MSE, RMSE, MAE, MAPE: 0.00333, 0.00333, 0.05561, 0.03671, 212275.24%
Test - Best epoch, Loss, MSE, RMSE, MAE, MAPE: 4, 0.00316, 0.00316, 0.05442, 0.03604, 8.54%
Time spent: 6.93s
- Epoch 005, ExpID 88615
Train - Loss (one batch): 0.00268
Val - Loss, MSE, RMSE, MAE, MAPE: 0.00329, 0.00329, 0.05535, 0.03647, 206313.12%
Test - Best epoch, Loss, MSE, RMSE, MAE, MAPE: 5, 0.00313, 0.00313, 0.05419, 0.03586, 8.20%
Time spent: 7.27s
- Epoch 006, ExpID 88615
Train - Loss (one batch): 0.00370
Val - Loss, MSE, RMSE, MAE, MAPE: 0.00336, 0.00336, 0.05599, 0.03738, 213474.90%
Test - Best epoch, Loss, MSE, RMSE, MAE, MAPE: 5, 0.00313, 0.00313, 0.05419, 0.03586, 8.20%
Time spent: 6.83s
- Epoch 007, ExpID 88615
Train - Loss (one batch): 0.00298
Val - Loss, MSE, RMSE, MAE, MAPE: 0.00381, 0.00381, 0.06012, 0.04301, 214006.23%
Test - Best epoch, Loss, MSE, RMSE, MAE, MAPE: 5, 0.00313, 0.00313, 0.05419, 0.03586, 8.20%
Time spent: 6.76s
- Epoch 008, ExpID 88615
Train - Loss (one batch): 0.00445
Val - Loss, MSE, RMSE, MAE, MAPE: 0.00322, 0.00322, 0.05467, 0.03536, 206909.83%
Test - Best epoch, Loss, MSE, RMSE, MAE, MAPE: 8, 0.00307, 0.00307, 0.05359, 0.03481, 8.10%
Time spent: 7.27s
- Epoch 009, ExpID 88615
Train - Loss (one batch): 0.00290
Val - Loss, MSE, RMSE, MAE, MAPE: 0.00328, 0.00328, 0.05530, 0.03694, 213109.02%
Test - Best epoch, Loss, MSE, RMSE, MAE, MAPE: 8, 0.00307, 0.00307, 0.05359, 0.03481, 8.10%
Time spent: 6.21s
- Epoch 010, ExpID 88615
Train - Loss (one batch): 0.00328
Val - Loss, MSE, RMSE, MAE, MAPE: 0.00310, 0.00310, 0.05356, 0.03431, 205096.36%
Test - Best epoch, Loss, MSE, RMSE, MAE, MAPE: 10, 0.00295, 0.00295, 0.05242, 0.03374, 7.86%
Time spent: 6.87s
- Epoch 011, ExpID 88615
Train - Loss (one batch): 0.00225
Val - Loss, MSE, RMSE, MAE, MAPE: 0.00324, 0.00324, 0.05495, 0.03654, 204006.36%
Test - Best epoch, Loss, MSE, RMSE, MAE, MAPE: 10, 0.00295, 0.00295, 0.05242, 0.03374, 7.86%
Time spent: 6.42s
- Epoch 012, ExpID 88615
Train - Loss (one batch): 0.00330
Val - Loss, MSE, RMSE, MAE, MAPE: 0.00336, 0.00336, 0.05614, 0.03880, 220233.96%
Test - Best epoch, Loss, MSE, RMSE, MAE, MAPE: 10, 0.00295, 0.00295, 0.05242, 0.03374, 7.86%
Time spent: 6.28s
- Epoch 013, ExpID 88615
Train - Loss (one batch): 0.00239
Val - Loss, MSE, RMSE, MAE, MAPE: 0.00307, 0.00307, 0.05327, 0.03419, 200132.58%
Test - Best epoch, Loss, MSE, RMSE, MAE, MAPE: 13, 0.00293, 0.00293, 0.05227, 0.03373, 7.93%
Time spent: 7.00s
- Epoch 014, ExpID 88615
Train - Loss (one batch): 0.00323
Val - Loss, MSE, RMSE, MAE, MAPE: 0.00304, 0.00304, 0.05301, 0.03431, 207901.79%
Test - Best epoch, Loss, MSE, RMSE, MAE, MAPE: 14, 0.00290, 0.00290, 0.05208, 0.03400, 8.14%
Time spent: 6.92s
- Epoch 015, ExpID 88615
Train - Loss (one batch): 0.00267
Val - Loss, MSE, RMSE, MAE, MAPE: 0.00311, 0.00311, 0.05381, 0.03522, 206883.13%
Test - Best epoch, Loss, MSE, RMSE, MAE, MAPE: 14, 0.00290, 0.00290, 0.05208, 0.03400, 8.14%
Time spent: 6.19s
- Epoch 016, ExpID 88615
Train - Loss (one batch): 0.00266
Val - Loss, MSE, RMSE, MAE, MAPE: 0.00302, 0.00302, 0.05286, 0.03406, 203660.37%
Test - Best epoch, Loss, MSE, RMSE, MAE, MAPE: 16, 0.00289, 0.00289, 0.05198, 0.03381, 8.04%
Time spent: 6.94s
- Epoch 017, ExpID 88615
Train - Loss (one batch): 0.00219
Val - Loss, MSE, RMSE, MAE, MAPE: 0.00299, 0.00299, 0.05261, 0.03352, 204759.20%
Test - Best epoch, Loss, MSE, RMSE, MAE, MAPE: 17, 0.00288, 0.00288, 0.05183, 0.03336, 7.83%
Time spent: 7.01s
- Epoch 018, ExpID 88615
Train - Loss (one batch): 0.00265
Val - Loss, MSE, RMSE, MAE, MAPE: 0.00303, 0.00303, 0.05304, 0.03459, 208805.74%
Test - Best epoch, Loss, MSE, RMSE, MAE, MAPE: 17, 0.00288, 0.00288, 0.05183, 0.03336, 7.83%
Time spent: 6.15s
- Epoch 019, ExpID 88615
Train - Loss (one batch): 0.00257
Val - Loss, MSE, RMSE, MAE, MAPE: 0.00297, 0.00297, 0.05248, 0.03377, 205601.53%
Test - Best epoch, Loss, MSE, RMSE, MAE, MAPE: 19, 0.00287, 0.00287, 0.05173, 0.03354, 7.88%
Time spent: 6.97s
- Epoch 020, ExpID 88615
Train - Loss (one batch): 0.00197
Val - Loss, MSE, RMSE, MAE, MAPE: 0.00297, 0.00297, 0.05243, 0.03397, 208708.43%
Test - Best epoch, Loss, MSE, RMSE, MAE, MAPE: 20, 0.00286, 0.00286, 0.05163, 0.03381, 8.00%
Time spent: 6.88s
- Epoch 021, ExpID 88615
Train - Loss (one batch): 0.00266
Val - Loss, MSE, RMSE, MAE, MAPE: 0.00378, 0.00378, 0.05999, 0.04396, 215648.34%
Test - Best epoch, Loss, MSE, RMSE, MAE, MAPE: 20, 0.00286, 0.00286, 0.05163, 0.03381, 8.00%
Time spent: 6.48s
- Epoch 022, ExpID 88615
Train - Loss (one batch): 0.00179
Val - Loss, MSE, RMSE, MAE, MAPE: 0.00317, 0.00317, 0.05446, 0.03670, 207007.74%
Test - Best epoch, Loss, MSE, RMSE, MAE, MAPE: 20, 0.00286, 0.00286, 0.05163, 0.03381, 8.00%
Time spent: 6.21s
- Epoch 023, ExpID 88615
Train - Loss (one batch): 0.00339
Val - Loss, MSE, RMSE, MAE, MAPE: 0.00295, 0.00295, 0.05229, 0.03371, 200632.52%
Test - Best epoch, Loss, MSE, RMSE, MAE, MAPE: 23, 0.00286, 0.00286, 0.05166, 0.03350, 7.76%
Time spent: 7.39s
- Epoch 024, ExpID 88615
Train - Loss (one batch): 0.00359
Val - Loss, MSE, RMSE, MAE, MAPE: 0.00301, 0.00301, 0.05287, 0.03456, 202701.80%
Test - Best epoch, Loss, MSE, RMSE, MAE, MAPE: 23, 0.00286, 0.00286, 0.05166, 0.03350, 7.76%
Time spent: 6.28s
- Epoch 025, ExpID 88615
Train - Loss (one batch): 0.00157
Val - Loss, MSE, RMSE, MAE, MAPE: 0.00316, 0.00316, 0.05440, 0.03684, 212887.34%
Test - Best epoch, Loss, MSE, RMSE, MAE, MAPE: 23, 0.00286, 0.00286, 0.05166, 0.03350, 7.76%
Time spent: 6.53s
- Epoch 026, ExpID 88615
Train - Loss (one batch): 0.00277
Val - Loss, MSE, RMSE, MAE, MAPE: 0.00310, 0.00310, 0.05387, 0.03603, 211903.79%
Test - Best epoch, Loss, MSE, RMSE, MAE, MAPE: 23, 0.00286, 0.00286, 0.05166, 0.03350, 7.76%
Time spent: 6.26s
- Epoch 027, ExpID 88615
Train - Loss (one batch): 0.00270
Val - Loss, MSE, RMSE, MAE, MAPE: 0.00365, 0.00365, 0.05888, 0.04290, 219577.67%
Test - Best epoch, Loss, MSE, RMSE, MAE, MAPE: 23, 0.00286, 0.00286, 0.05166, 0.03350, 7.76%
Time spent: 6.23s
- Epoch 028, ExpID 88615
Train - Loss (one batch): 0.00323
Val - Loss, MSE, RMSE, MAE, MAPE: 0.00288, 0.00288, 0.05160, 0.03298, 210163.86%
Test - Best epoch, Loss, MSE, RMSE, MAE, MAPE: 28, 0.00279, 0.00279, 0.05102, 0.03298, 7.92%
Time spent: 6.96s
- Epoch 029, ExpID 88615
Train - Loss (one batch): 0.00252
Val - Loss, MSE, RMSE, MAE, MAPE: 0.00287, 0.00287, 0.05151, 0.03294, 212025.05%
Test - Best epoch, Loss, MSE, RMSE, MAE, MAPE: 29, 0.00280, 0.00280, 0.05104, 0.03296, 7.80%
Time spent: 6.93s
- Epoch 030, ExpID 88615
Train - Loss (one batch): 0.00338
Val - Loss, MSE, RMSE, MAE, MAPE: 0.00328, 0.00328, 0.05574, 0.03884, 213614.91%
Test - Best epoch, Loss, MSE, RMSE, MAE, MAPE: 29, 0.00280, 0.00280, 0.05104, 0.03296, 7.80%
Time spent: 6.20s
- Epoch 031, ExpID 88615
Train - Loss (one batch): 0.00295
Val - Loss, MSE, RMSE, MAE, MAPE: 0.00292, 0.00292, 0.05207, 0.03340, 199722.34%
Test - Best epoch, Loss, MSE, RMSE, MAE, MAPE: 29, 0.00280, 0.00280, 0.05104, 0.03296, 7.80%
Time spent: 6.61s
- Epoch 032, ExpID 88615
Train - Loss (one batch): 0.00176
Val - Loss, MSE, RMSE, MAE, MAPE: 0.00289, 0.00289, 0.05176, 0.03327, 213154.70%
Test - Best epoch, Loss, MSE, RMSE, MAE, MAPE: 29, 0.00280, 0.00280, 0.05104, 0.03296, 7.80%
Time spent: 6.26s
- Epoch 033, ExpID 88615
Train - Loss (one batch): 0.00223
Val - Loss, MSE, RMSE, MAE, MAPE: 0.00282, 0.00282, 0.05106, 0.03239, 207986.37%
Test - Best epoch, Loss, MSE, RMSE, MAE, MAPE: 33, 0.00276, 0.00276, 0.05068, 0.03246, 7.77%
Time spent: 7.02s
- Epoch 034, ExpID 88615
Train - Loss (one batch): 0.00183
Val - Loss, MSE, RMSE, MAE, MAPE: 0.00290, 0.00290, 0.05180, 0.03325, 212818.13%
Test - Best epoch, Loss, MSE, RMSE, MAE, MAPE: 33, 0.00276, 0.00276, 0.05068, 0.03246, 7.77%
Time spent: 6.55s
- Epoch 035, ExpID 88615
Train - Loss (one batch): 0.00260
Val - Loss, MSE, RMSE, MAE, MAPE: 0.00297, 0.00297, 0.05259, 0.03455, 205396.49%
Test - Best epoch, Loss, MSE, RMSE, MAE, MAPE: 33, 0.00276, 0.00276, 0.05068, 0.03246, 7.77%
Time spent: 6.23s
- Epoch 036, ExpID 88615
Train - Loss (one batch): 0.00254
Val - Loss, MSE, RMSE, MAE, MAPE: 0.00286, 0.00286, 0.05136, 0.03255, 195423.00%
Test - Best epoch, Loss, MSE, RMSE, MAE, MAPE: 33, 0.00276, 0.00276, 0.05068, 0.03246, 7.77%
Time spent: 6.21s
- Epoch 037, ExpID 88615
Train - Loss (one batch): 0.00198
Val - Loss, MSE, RMSE, MAE, MAPE: 0.00314, 0.00314, 0.05428, 0.03702, 211306.82%
Test - Best epoch, Loss, MSE, RMSE, MAE, MAPE: 33, 0.00276, 0.00276, 0.05068, 0.03246, 7.77%
Time spent: 6.58s
- Epoch 038, ExpID 88615
Train - Loss (one batch): 0.00310
Val - Loss, MSE, RMSE, MAE, MAPE: 0.00304, 0.00304, 0.05332, 0.03560, 206647.81%
Test - Best epoch, Loss, MSE, RMSE, MAE, MAPE: 33, 0.00276, 0.00276, 0.05068, 0.03246, 7.77%
Time spent: 6.54s
- Epoch 039, ExpID 88615
Train - Loss (one batch): 0.00282
Val - Loss, MSE, RMSE, MAE, MAPE: 0.00290, 0.00290, 0.05186, 0.03333, 203734.02%
Test - Best epoch, Loss, MSE, RMSE, MAE, MAPE: 33, 0.00276, 0.00276, 0.05068, 0.03246, 7.77%
Time spent: 6.19s
- Epoch 040, ExpID 88615
Train - Loss (one batch): 0.00156
Val - Loss, MSE, RMSE, MAE, MAPE: 0.00290, 0.00290, 0.05190, 0.03377, 207447.23%
Test - Best epoch, Loss, MSE, RMSE, MAE, MAPE: 33, 0.00276, 0.00276, 0.05068, 0.03246, 7.77%
Time spent: 6.69s
- Epoch 041, ExpID 88615
Train - Loss (one batch): 0.00441
Val - Loss, MSE, RMSE, MAE, MAPE: 0.00290, 0.00290, 0.05195, 0.03367, 204532.22%
Test - Best epoch, Loss, MSE, RMSE, MAE, MAPE: 33, 0.00276, 0.00276, 0.05068, 0.03246, 7.77%
Time spent: 6.20s
- Epoch 042, ExpID 88615
Train - Loss (one batch): 0.00258
Val - Loss, MSE, RMSE, MAE, MAPE: 0.00297, 0.00297, 0.05266, 0.03493, 205930.50%
Test - Best epoch, Loss, MSE, RMSE, MAE, MAPE: 33, 0.00276, 0.00276, 0.05068, 0.03246, 7.77%
Time spent: 6.83s
- Epoch 043, ExpID 88615
Train - Loss (one batch): 0.00146
Val - Loss, MSE, RMSE, MAE, MAPE: 0.00288, 0.00288, 0.05159, 0.03289, 201454.39%
Test - Best epoch, Loss, MSE, RMSE, MAE, MAPE: 33, 0.00276, 0.00276, 0.05068, 0.03246, 7.77%
Time spent: 6.22s
- Epoch 044, ExpID 88615
Train - Loss (one batch): 0.00187
Val - Loss, MSE, RMSE, MAE, MAPE: 0.00280, 0.00280, 0.05092, 0.03222, 206756.88%
Test - Best epoch, Loss, MSE, RMSE, MAE, MAPE: 44, 0.00275, 0.00275, 0.05068, 0.03245, 7.63%
Time spent: 6.90s
- Epoch 045, ExpID 88615
Train - Loss (one batch): 0.00296
Val - Loss, MSE, RMSE, MAE, MAPE: 0.00289, 0.00289, 0.05181, 0.03344, 208184.97%
Test - Best epoch, Loss, MSE, RMSE, MAE, MAPE: 44, 0.00275, 0.00275, 0.05068, 0.03245, 7.63%
Time spent: 6.45s
- Epoch 046, ExpID 88615
Train - Loss (one batch): 0.00311
Val - Loss, MSE, RMSE, MAE, MAPE: 0.00301, 0.00301, 0.05306, 0.03562, 206194.08%
Test - Best epoch, Loss, MSE, RMSE, MAE, MAPE: 44, 0.00275, 0.00275, 0.05068, 0.03245, 7.63%
Time spent: 6.21s
- Epoch 047, ExpID 88615
Train - Loss (one batch): 0.00256
Val - Loss, MSE, RMSE, MAE, MAPE: 0.00291, 0.00291, 0.05202, 0.03423, 209675.55%
Test - Best epoch, Loss, MSE, RMSE, MAE, MAPE: 44, 0.00275, 0.00275, 0.05068, 0.03245, 7.63%
Time spent: 6.22s
- Epoch 048, ExpID 88615
Train - Loss (one batch): 0.00260
Val - Loss, MSE, RMSE, MAE, MAPE: 0.00315, 0.00315, 0.05448, 0.03709, 204130.80%
Test - Best epoch, Loss, MSE, RMSE, MAE, MAPE: 44, 0.00275, 0.00275, 0.05068, 0.03245, 7.63%
Time spent: 6.22s
- Epoch 049, ExpID 88615
Train - Loss (one batch): 0.00181
Val - Loss, MSE, RMSE, MAE, MAPE: 0.00282, 0.00282, 0.05102, 0.03271, 200024.66%
Test - Best epoch, Loss, MSE, RMSE, MAE, MAPE: 44, 0.00275, 0.00275, 0.05068, 0.03245, 7.63%
Time spent: 6.21s
- Epoch 050, ExpID 88615
Train - Loss (one batch): 0.00235
Val - Loss, MSE, RMSE, MAE, MAPE: 0.00281, 0.00281, 0.05092, 0.03243, 209519.66%
Test - Best epoch, Loss, MSE, RMSE, MAE, MAPE: 44, 0.00275, 0.00275, 0.05068, 0.03245, 7.63%
Time spent: 6.19s
- Epoch 051, ExpID 88615
Train - Loss (one batch): 0.00234
Val - Loss, MSE, RMSE, MAE, MAPE: 0.00297, 0.00297, 0.05259, 0.03500, 214161.14%
Test - Best epoch, Loss, MSE, RMSE, MAE, MAPE: 44, 0.00275, 0.00275, 0.05068, 0.03245, 7.63%
Time spent: 6.75s
- Epoch 052, ExpID 88615
Train - Loss (one batch): 0.00399
Val - Loss, MSE, RMSE, MAE, MAPE: 0.00280, 0.00280, 0.05086, 0.03230, 205499.16%
Test - Best epoch, Loss, MSE, RMSE, MAE, MAPE: 52, 0.00275, 0.00275, 0.05060, 0.03238, 7.60%
Time spent: 7.09s
- Epoch 053, ExpID 88615
Train - Loss (one batch): 0.00207
Val - Loss, MSE, RMSE, MAE, MAPE: 0.00283, 0.00283, 0.05119, 0.03282, 209939.31%
Test - Best epoch, Loss, MSE, RMSE, MAE, MAPE: 52, 0.00275, 0.00275, 0.05060, 0.03238, 7.60%
Time spent: 6.36s
- Epoch 054, ExpID 88615
Train - Loss (one batch): 0.00326
Val - Loss, MSE, RMSE, MAE, MAPE: 0.00312, 0.00312, 0.05419, 0.03708, 208898.75%
Test - Best epoch, Loss, MSE, RMSE, MAE, MAPE: 52, 0.00275, 0.00275, 0.05060, 0.03238, 7.60%
Time spent: 6.56s
- Epoch 055, ExpID 88615
Train - Loss (one batch): 0.00194
Val - Loss, MSE, RMSE, MAE, MAPE: 0.00282, 0.00282, 0.05114, 0.03287, 207361.80%
Test - Best epoch, Loss, MSE, RMSE, MAE, MAPE: 52, 0.00275, 0.00275, 0.05060, 0.03238, 7.60%
Time spent: 6.20s
- Epoch 056, ExpID 88615
Train - Loss (one batch): 0.00298
Val - Loss, MSE, RMSE, MAE, MAPE: 0.00299, 0.00299, 0.05281, 0.03530, 218865.68%
Test - Best epoch, Loss, MSE, RMSE, MAE, MAPE: 52, 0.00275, 0.00275, 0.05060, 0.03238, 7.60%
Time spent: 6.19s
- Epoch 057, ExpID 88615
Train - Loss (one batch): 0.00202
Val - Loss, MSE, RMSE, MAE, MAPE: 0.00333, 0.00333, 0.05616, 0.03971, 208924.26%
Test - Best epoch, Loss, MSE, RMSE, MAE, MAPE: 52, 0.00275, 0.00275, 0.05060, 0.03238, 7.60%
Time spent: 6.54s
- Epoch 058, ExpID 88615
Train - Loss (one batch): 0.00239
Val - Loss, MSE, RMSE, MAE, MAPE: 0.00298, 0.00298, 0.05276, 0.03498, 206062.05%
Test - Best epoch, Loss, MSE, RMSE, MAE, MAPE: 52, 0.00275, 0.00275, 0.05060, 0.03238, 7.60%
Time spent: 6.22s
- Epoch 059, ExpID 88615
Train - Loss (one batch): 0.00161
Val - Loss, MSE, RMSE, MAE, MAPE: 0.00281, 0.00281, 0.05090, 0.03233, 200940.83%
Test - Best epoch, Loss, MSE, RMSE, MAE, MAPE: 52, 0.00275, 0.00275, 0.05060, 0.03238, 7.60%
Time spent: 6.17s
- Epoch 060, ExpID 88615
Train - Loss (one batch): 0.00219
Val - Loss, MSE, RMSE, MAE, MAPE: 0.00284, 0.00284, 0.05125, 0.03303, 204355.72%
Test - Best epoch, Loss, MSE, RMSE, MAE, MAPE: 52, 0.00275, 0.00275, 0.05060, 0.03238, 7.60%
Time spent: 5.85s
- Epoch 061, ExpID 88615
Train - Loss (one batch): 0.00229
Val - Loss, MSE, RMSE, MAE, MAPE: 0.00307, 0.00307, 0.05353, 0.03640, 207423.22%
Test - Best epoch, Loss, MSE, RMSE, MAE, MAPE: 52, 0.00275, 0.00275, 0.05060, 0.03238, 7.60%
Time spent: 6.68s
- Epoch 062, ExpID 88615
Train - Loss (one batch): 0.00220
Val - Loss, MSE, RMSE, MAE, MAPE: 0.00291, 0.00291, 0.05198, 0.03397, 209895.20%
Test - Best epoch, Loss, MSE, RMSE, MAE, MAPE: 52, 0.00275, 0.00275, 0.05060, 0.03238, 7.60%
Time spent: 6.15s
- Epoch 063, ExpID 88615
Train - Loss (one batch): 0.00242
Val - Loss, MSE, RMSE, MAE, MAPE: 0.00285, 0.00285, 0.05138, 0.03321, 208822.72%
Test - Best epoch, Loss, MSE, RMSE, MAE, MAPE: 52, 0.00275, 0.00275, 0.05060, 0.03238, 7.60%
Time spent: 6.16s
- Epoch 064, ExpID 88615
Train - Loss (one batch): 0.00237
Val - Loss, MSE, RMSE, MAE, MAPE: 0.00280, 0.00280, 0.05081, 0.03238, 205374.36%
Test - Best epoch, Loss, MSE, RMSE, MAE, MAPE: 52, 0.00275, 0.00275, 0.05060, 0.03238, 7.60%
Time spent: 6.18s
- Epoch 065, ExpID 88615
Train - Loss (one batch): 0.00175
Val - Loss, MSE, RMSE, MAE, MAPE: 0.00283, 0.00283, 0.05117, 0.03273, 210024.78%
Test - Best epoch, Loss, MSE, RMSE, MAE, MAPE: 52, 0.00275, 0.00275, 0.05060, 0.03238, 7.60%
Time spent: 6.51s
- Epoch 066, ExpID 88615
Train - Loss (one batch): 0.00275
Val - Loss, MSE, RMSE, MAE, MAPE: 0.00280, 0.00280, 0.05088, 0.03236, 196997.50%
Test - Best epoch, Loss, MSE, RMSE, MAE, MAPE: 52, 0.00275, 0.00275, 0.05060, 0.03238, 7.60%
Time spent: 6.50s
- Epoch 067, ExpID 88615
Train - Loss (one batch): 0.00134
Val - Loss, MSE, RMSE, MAE, MAPE: 0.00280, 0.00280, 0.05089, 0.03240, 209637.57%
Test - Best epoch, Loss, MSE, RMSE, MAE, MAPE: 52, 0.00275, 0.00275, 0.05060, 0.03238, 7.60%
Time spent: 6.23s
- Epoch 068, ExpID 88615
Train - Loss (one batch): 0.00254
Val - Loss, MSE, RMSE, MAE, MAPE: 0.00307, 0.00307, 0.05375, 0.03666, 210681.14%
Test - Best epoch, Loss, MSE, RMSE, MAE, MAPE: 52, 0.00275, 0.00275, 0.05060, 0.03238, 7.60%
Time spent: 6.26s
- Epoch 069, ExpID 88615
Train - Loss (one batch): 0.00231
Val - Loss, MSE, RMSE, MAE, MAPE: 0.00278, 0.00278, 0.05067, 0.03232, 207846.30%
Test - Best epoch, Loss, MSE, RMSE, MAE, MAPE: 69, 0.00273, 0.00273, 0.05046, 0.03234, 7.70%
Time spent: 7.50s
- Epoch 070, ExpID 88615
Train - Loss (one batch): 0.00191
Val - Loss, MSE, RMSE, MAE, MAPE: 0.00298, 0.00298, 0.05270, 0.03498, 211887.75%
Test - Best epoch, Loss, MSE, RMSE, MAE, MAPE: 69, 0.00273, 0.00273, 0.05046, 0.03234, 7.70%
Time spent: 6.42s
- Epoch 071, ExpID 88615
Train - Loss (one batch): 0.00229
Val - Loss, MSE, RMSE, MAE, MAPE: 0.00289, 0.00289, 0.05182, 0.03382, 204325.34%
Test - Best epoch, Loss, MSE, RMSE, MAE, MAPE: 69, 0.00273, 0.00273, 0.05046, 0.03234, 7.70%
Time spent: 6.25s
- Epoch 072, ExpID 88615
Train - Loss (one batch): 0.00154
Val - Loss, MSE, RMSE, MAE, MAPE: 0.00278, 0.00278, 0.05062, 0.03207, 207187.73%
Test - Best epoch, Loss, MSE, RMSE, MAE, MAPE: 72, 0.00273, 0.00273, 0.05036, 0.03210, 7.58%
Time spent: 6.94s
- Epoch 073, ExpID 88615
Train - Loss (one batch): 0.00282
Val - Loss, MSE, RMSE, MAE, MAPE: 0.00282, 0.00282, 0.05094, 0.03263, 209110.81%
Test - Best epoch, Loss, MSE, RMSE, MAE, MAPE: 72, 0.00273, 0.00273, 0.05036, 0.03210, 7.58%
Time spent: 6.46s
- Epoch 074, ExpID 88615
Train - Loss (one batch): 0.00324
Val - Loss, MSE, RMSE, MAE, MAPE: 0.00293, 0.00293, 0.05205, 0.03393, 208616.78%
Test - Best epoch, Loss, MSE, RMSE, MAE, MAPE: 72, 0.00273, 0.00273, 0.05036, 0.03210, 7.58%
Time spent: 6.33s
- Epoch 075, ExpID 88615
Train - Loss (one batch): 0.00294
Val - Loss, MSE, RMSE, MAE, MAPE: 0.00283, 0.00283, 0.05113, 0.03278, 204316.53%
Test - Best epoch, Loss, MSE, RMSE, MAE, MAPE: 72, 0.00273, 0.00273, 0.05036, 0.03210, 7.58%
Time spent: 6.58s
- Epoch 076, ExpID 88615
Train - Loss (one batch): 0.00196
Val - Loss, MSE, RMSE, MAE, MAPE: 0.00285, 0.00285, 0.05133, 0.03330, 205266.88%
Test - Best epoch, Loss, MSE, RMSE, MAE, MAPE: 72, 0.00273, 0.00273, 0.05036, 0.03210, 7.58%
Time spent: 6.39s
- Epoch 077, ExpID 88615
Train - Loss (one batch): 0.00323
Val - Loss, MSE, RMSE, MAE, MAPE: 0.00290, 0.00290, 0.05193, 0.03391, 209098.27%
Test - Best epoch, Loss, MSE, RMSE, MAE, MAPE: 72, 0.00273, 0.00273, 0.05036, 0.03210, 7.58%
Time spent: 6.34s
- Epoch 078, ExpID 88615
Train - Loss (one batch): 0.00226
Val - Loss, MSE, RMSE, MAE, MAPE: 0.00287, 0.00287, 0.05153, 0.03346, 206833.81%
Test - Best epoch, Loss, MSE, RMSE, MAE, MAPE: 72, 0.00273, 0.00273, 0.05036, 0.03210, 7.58%
Time spent: 6.25s
- Epoch 079, ExpID 88615
Train - Loss (one batch): 0.00217
Val - Loss, MSE, RMSE, MAE, MAPE: 0.00301, 0.00301, 0.05301, 0.03563, 211866.28%
Test - Best epoch, Loss, MSE, RMSE, MAE, MAPE: 72, 0.00273, 0.00273, 0.05036, 0.03210, 7.58%
Time spent: 6.24s
- Epoch 080, ExpID 88615
Train - Loss (one batch): 0.00313
Val - Loss, MSE, RMSE, MAE, MAPE: 0.00284, 0.00284, 0.05117, 0.03280, 203472.92%
Test - Best epoch, Loss, MSE, RMSE, MAE, MAPE: 72, 0.00273, 0.00273, 0.05036, 0.03210, 7.58%
Time spent: 6.18s
- Epoch 081, ExpID 88615
Train - Loss (one batch): 0.00264
Val - Loss, MSE, RMSE, MAE, MAPE: 0.00294, 0.00294, 0.05235, 0.03478, 203876.14%
Test - Best epoch, Loss, MSE, RMSE, MAE, MAPE: 72, 0.00273, 0.00273, 0.05036, 0.03210, 7.58%
Time spent: 6.19s
- Epoch 082, ExpID 88615
Train - Loss (one batch): 0.00188
Val - Loss, MSE, RMSE, MAE, MAPE: 0.00283, 0.00283, 0.05125, 0.03303, 199275.27%
Test - Best epoch, Loss, MSE, RMSE, MAE, MAPE: 72, 0.00273, 0.00273, 0.05036, 0.03210, 7.58%
Time spent: 6.49s
- Epoch 083, ExpID 88615
Train - Loss (one batch): 0.00253
Val - Loss, MSE, RMSE, MAE, MAPE: 0.00295, 0.00295, 0.05249, 0.03480, 204452.69%
Test - Best epoch, Loss, MSE, RMSE, MAE, MAPE: 72, 0.00273, 0.00273, 0.05036, 0.03210, 7.58%
Time spent: 6.28s
- Epoch 084, ExpID 88615
Train - Loss (one batch): 0.00266
Val - Loss, MSE, RMSE, MAE, MAPE: 0.00338, 0.00338, 0.05664, 0.04035, 216008.89%
Test - Best epoch, Loss, MSE, RMSE, MAE, MAPE: 72, 0.00273, 0.00273, 0.05036, 0.03210, 7.58%
Time spent: 6.32s
- Epoch 085, ExpID 88615
Train - Loss (one batch): 0.00203
Val - Loss, MSE, RMSE, MAE, MAPE: 0.00277, 0.00277, 0.05049, 0.03188, 211086.55%
Test - Best epoch, Loss, MSE, RMSE, MAE, MAPE: 85, 0.00270, 0.00270, 0.05008, 0.03181, 7.59%
Time spent: 7.34s
- Epoch 086, ExpID 88615
Train - Loss (one batch): 0.00190
Val - Loss, MSE, RMSE, MAE, MAPE: 0.00288, 0.00288, 0.05160, 0.03336, 209497.52%
Test - Best epoch, Loss, MSE, RMSE, MAE, MAPE: 85, 0.00270, 0.00270, 0.05008, 0.03181, 7.59%
Time spent: 6.23s
- Epoch 087, ExpID 88615
Train - Loss (one batch): 0.00296
Val - Loss, MSE, RMSE, MAE, MAPE: 0.00287, 0.00287, 0.05143, 0.03311, 202942.95%
Test - Best epoch, Loss, MSE, RMSE, MAE, MAPE: 85, 0.00270, 0.00270, 0.05008, 0.03181, 7.59%
Time spent: 6.52s
- Epoch 088, ExpID 88615
Train - Loss (one batch): 0.00307
Val - Loss, MSE, RMSE, MAE, MAPE: 0.00297, 0.00297, 0.05266, 0.03508, 217618.33%
Test - Best epoch, Loss, MSE, RMSE, MAE, MAPE: 85, 0.00270, 0.00270, 0.05008, 0.03181, 7.59%
Time spent: 6.59s
- Epoch 089, ExpID 88615
Train - Loss (one batch): 0.00379
Val - Loss, MSE, RMSE, MAE, MAPE: 0.00286, 0.00286, 0.05142, 0.03314, 210088.11%
Test - Best epoch, Loss, MSE, RMSE, MAE, MAPE: 85, 0.00270, 0.00270, 0.05008, 0.03181, 7.59%
Time spent: 6.56s
- Epoch 090, ExpID 88615
Train - Loss (one batch): 0.00224
Val - Loss, MSE, RMSE, MAE, MAPE: 0.00311, 0.00311, 0.05408, 0.03713, 210802.99%
Test - Best epoch, Loss, MSE, RMSE, MAE, MAPE: 85, 0.00270, 0.00270, 0.05008, 0.03181, 7.59%
Time spent: 6.15s
- Epoch 091, ExpID 88615
Train - Loss (one batch): 0.00310
Val - Loss, MSE, RMSE, MAE, MAPE: 0.00281, 0.00281, 0.05092, 0.03240, 206442.83%
Test - Best epoch, Loss, MSE, RMSE, MAE, MAPE: 85, 0.00270, 0.00270, 0.05008, 0.03181, 7.59%
Time spent: 6.14s
- Epoch 092, ExpID 88615
Train - Loss (one batch): 0.00325
Val - Loss, MSE, RMSE, MAE, MAPE: 0.00282, 0.00282, 0.05095, 0.03247, 214490.23%
Test - Best epoch, Loss, MSE, RMSE, MAE, MAPE: 85, 0.00270, 0.00270, 0.05008, 0.03181, 7.59%
Time spent: 6.43s
- Epoch 093, ExpID 88615
Train - Loss (one batch): 0.00159
Val - Loss, MSE, RMSE, MAE, MAPE: 0.00283, 0.00283, 0.05100, 0.03245, 205521.41%
Test - Best epoch, Loss, MSE, RMSE, MAE, MAPE: 85, 0.00270, 0.00270, 0.05008, 0.03181, 7.59%
Time spent: 6.17s
- Epoch 094, ExpID 88615
Train - Loss (one batch): 0.00270
Val - Loss, MSE, RMSE, MAE, MAPE: 0.00312, 0.00312, 0.05412, 0.03688, 210380.94%
Test - Best epoch, Loss, MSE, RMSE, MAE, MAPE: 85, 0.00270, 0.00270, 0.05008, 0.03181, 7.59%
Time spent: 6.20s
- Epoch 095, ExpID 88615
Train - Loss (one batch): 0.00162
Val - Loss, MSE, RMSE, MAE, MAPE: 0.00287, 0.00287, 0.05156, 0.03341, 202292.07%
Test - Best epoch, Loss, MSE, RMSE, MAE, MAPE: 85, 0.00270, 0.00270, 0.05008, 0.03181, 7.59%
Time spent: 6.25s
- Epoch 096, ExpID 88615
Train - Loss (one batch): 0.00293
Val - Loss, MSE, RMSE, MAE, MAPE: 0.00279, 0.00279, 0.05073, 0.03212, 205080.50%
Test - Best epoch, Loss, MSE, RMSE, MAE, MAPE: 85, 0.00270, 0.00270, 0.05008, 0.03181, 7.59%
Time spent: 6.12s
- Epoch 097, ExpID 88615
Train - Loss (one batch): 0.00189
Val - Loss, MSE, RMSE, MAE, MAPE: 0.00288, 0.00288, 0.05171, 0.03365, 209721.32%
Test - Best epoch, Loss, MSE, RMSE, MAE, MAPE: 85, 0.00270, 0.00270, 0.05008, 0.03181, 7.59%
Time spent: 6.62s
- Epoch 098, ExpID 88615
Train - Loss (one batch): 0.00269
Val - Loss, MSE, RMSE, MAE, MAPE: 0.00296, 0.00296, 0.05241, 0.03488, 212889.60%
Test - Best epoch, Loss, MSE, RMSE, MAE, MAPE: 85, 0.00270, 0.00270, 0.05008, 0.03181, 7.59%
Time spent: 6.15s
- Epoch 099, ExpID 88615
Train - Loss (one batch): 0.00148
Val - Loss, MSE, RMSE, MAE, MAPE: 0.00289, 0.00289, 0.05186, 0.03427, 204446.49%
Test - Best epoch, Loss, MSE, RMSE, MAE, MAPE: 85, 0.00270, 0.00270, 0.05008, 0.03181, 7.59%
Time spent: 6.12s
- Epoch 100, ExpID 88615
Train - Loss (one batch): 0.00337
Val - Loss, MSE, RMSE, MAE, MAPE: 0.00285, 0.00285, 0.05131, 0.03284, 213289.82%
Test - Best epoch, Loss, MSE, RMSE, MAE, MAPE: 85, 0.00270, 0.00270, 0.05008, 0.03181, 7.59%
Time spent: 6.27s
- Epoch 101, ExpID 88615
Train - Loss (one batch): 0.00215
Val - Loss, MSE, RMSE, MAE, MAPE: 0.00283, 0.00283, 0.05096, 0.03230, 215508.05%
Test - Best epoch, Loss, MSE, RMSE, MAE, MAPE: 85, 0.00270, 0.00270, 0.05008, 0.03181, 7.59%
Time spent: 6.12s
- Epoch 102, ExpID 88615
Train - Loss (one batch): 0.00150
Val - Loss, MSE, RMSE, MAE, MAPE: 0.00288, 0.00288, 0.05155, 0.03368, 221780.96%
Test - Best epoch, Loss, MSE, RMSE, MAE, MAPE: 85, 0.00270, 0.00270, 0.05008, 0.03181, 7.59%
Time spent: 6.65s
- Epoch 103, ExpID 88615
Train - Loss (one batch): 0.00318
Val - Loss, MSE, RMSE, MAE, MAPE: 0.00283, 0.00283, 0.05106, 0.03234, 200912.43%
Test - Best epoch, Loss, MSE, RMSE, MAE, MAPE: 85, 0.00270, 0.00270, 0.05008, 0.03181, 7.59%
Time spent: 6.18s
- Epoch 104, ExpID 88615
Train - Loss (one batch): 0.00183
Val - Loss, MSE, RMSE, MAE, MAPE: 0.00290, 0.00290, 0.05187, 0.03362, 216391.50%
Test - Best epoch, Loss, MSE, RMSE, MAE, MAPE: 85, 0.00270, 0.00270, 0.05008, 0.03181, 7.59%
Time spent: 6.17s
- Epoch 105, ExpID 88615
Train - Loss (one batch): 0.00370
Val - Loss, MSE, RMSE, MAE, MAPE: 0.00311, 0.00311, 0.05390, 0.03685, 227267.25%
Test - Best epoch, Loss, MSE, RMSE, MAE, MAPE: 85, 0.00270, 0.00270, 0.05008, 0.03181, 7.59%
Time spent: 6.32s
- Epoch 106, ExpID 88615
Train - Loss (one batch): 0.00233
Val - Loss, MSE, RMSE, MAE, MAPE: 0.00277, 0.00277, 0.05050, 0.03195, 217163.15%
Test - Best epoch, Loss, MSE, RMSE, MAE, MAPE: 106, 0.00271, 0.00271, 0.05018, 0.03201, 7.62%
Time spent: 7.14s
- Epoch 107, ExpID 88615
Train - Loss (one batch): 0.00208
Val - Loss, MSE, RMSE, MAE, MAPE: 0.00286, 0.00286, 0.05155, 0.03341, 219544.58%
Test - Best epoch, Loss, MSE, RMSE, MAE, MAPE: 106, 0.00271, 0.00271, 0.05018, 0.03201, 7.62%
Time spent: 6.23s
- Epoch 108, ExpID 88615
Train - Loss (one batch): 0.00132
Val - Loss, MSE, RMSE, MAE, MAPE: 0.00289, 0.00289, 0.05178, 0.03381, 216338.01%
Test - Best epoch, Loss, MSE, RMSE, MAE, MAPE: 106, 0.00271, 0.00271, 0.05018, 0.03201, 7.62%
Time spent: 6.18s
- Epoch 109, ExpID 88615
Train - Loss (one batch): 0.00222
Val - Loss, MSE, RMSE, MAE, MAPE: 0.00280, 0.00280, 0.05073, 0.03224, 214108.12%
Test - Best epoch, Loss, MSE, RMSE, MAE, MAPE: 106, 0.00271, 0.00271, 0.05018, 0.03201, 7.62%
Time spent: 6.54s
- Epoch 110, ExpID 88615
Train - Loss (one batch): 0.00307
Val - Loss, MSE, RMSE, MAE, MAPE: 0.00284, 0.00284, 0.05114, 0.03256, 209570.02%
Test - Best epoch, Loss, MSE, RMSE, MAE, MAPE: 106, 0.00271, 0.00271, 0.05018, 0.03201, 7.62%
Time spent: 6.21s
- Epoch 111, ExpID 88615
Train - Loss (one batch): 0.00185
Val - Loss, MSE, RMSE, MAE, MAPE: 0.00287, 0.00287, 0.05145, 0.03277, 211806.80%
Test - Best epoch, Loss, MSE, RMSE, MAE, MAPE: 106, 0.00271, 0.00271, 0.05018, 0.03201, 7.62%
Time spent: 6.36s
- Epoch 112, ExpID 88615
Train - Loss (one batch): 0.00365
Val - Loss, MSE, RMSE, MAE, MAPE: 0.00278, 0.00278, 0.05064, 0.03207, 206943.50%
Test - Best epoch, Loss, MSE, RMSE, MAE, MAPE: 106, 0.00271, 0.00271, 0.05018, 0.03201, 7.62%
Time spent: 6.51s
- Epoch 113, ExpID 88615
Train - Loss (one batch): 0.00242
Val - Loss, MSE, RMSE, MAE, MAPE: 0.00286, 0.00286, 0.05148, 0.03327, 205658.76%
Test - Best epoch, Loss, MSE, RMSE, MAE, MAPE: 106, 0.00271, 0.00271, 0.05018, 0.03201, 7.62%
Time spent: 6.60s
- Epoch 114, ExpID 88615
Train - Loss (one batch): 0.00325
Val - Loss, MSE, RMSE, MAE, MAPE: 0.00284, 0.00284, 0.05124, 0.03284, 215793.13%
Test - Best epoch, Loss, MSE, RMSE, MAE, MAPE: 106, 0.00271, 0.00271, 0.05018, 0.03201, 7.62%
Time spent: 6.22s
- Epoch 115, ExpID 88615
Train - Loss (one batch): 0.00191
Val - Loss, MSE, RMSE, MAE, MAPE: 0.00290, 0.00290, 0.05173, 0.03341, 216777.52%
Test - Best epoch, Loss, MSE, RMSE, MAE, MAPE: 106, 0.00271, 0.00271, 0.05018, 0.03201, 7.62%
Time spent: 6.75s
- Epoch 116, ExpID 88615
Train - Loss (one batch): 0.00321
Val - Loss, MSE, RMSE, MAE, MAPE: 0.00283, 0.00283, 0.05099, 0.03234, 212641.55%
Test - Best epoch, Loss, MSE, RMSE, MAE, MAPE: 106, 0.00271, 0.00271, 0.05018, 0.03201, 7.62%
Time spent: 6.17s
- Epoch 117, ExpID 88615
Train - Loss (one batch): 0.00130
Val - Loss, MSE, RMSE, MAE, MAPE: 0.00291, 0.00291, 0.05192, 0.03400, 212519.21%
Test - Best epoch, Loss, MSE, RMSE, MAE, MAPE: 106, 0.00271, 0.00271, 0.05018, 0.03201, 7.62%
Time spent: 6.20s
- Epoch 118, ExpID 88615
Train - Loss (one batch): 0.00279
Val - Loss, MSE, RMSE, MAE, MAPE: 0.00279, 0.00279, 0.05065, 0.03218, 206497.25%
Test - Best epoch, Loss, MSE, RMSE, MAE, MAPE: 106, 0.00271, 0.00271, 0.05018, 0.03201, 7.62%
Time spent: 6.18s
- Epoch 119, ExpID 88615
Train - Loss (one batch): 0.00260
Val - Loss, MSE, RMSE, MAE, MAPE: 0.00280, 0.00280, 0.05078, 0.03263, 218305.87%
Test - Best epoch, Loss, MSE, RMSE, MAE, MAPE: 106, 0.00271, 0.00271, 0.05018, 0.03201, 7.62%
Time spent: 6.74s
- Epoch 120, ExpID 88615
Train - Loss (one batch): 0.00228
Val - Loss, MSE, RMSE, MAE, MAPE: 0.00290, 0.00290, 0.05178, 0.03357, 217109.58%
Test - Best epoch, Loss, MSE, RMSE, MAE, MAPE: 106, 0.00271, 0.00271, 0.05018, 0.03201, 7.62%
Time spent: 6.23s
- Epoch 121, ExpID 88615
Train - Loss (one batch): 0.00177
Val - Loss, MSE, RMSE, MAE, MAPE: 0.00289, 0.00289, 0.05166, 0.03335, 219366.74%
Test - Best epoch, Loss, MSE, RMSE, MAE, MAPE: 106, 0.00271, 0.00271, 0.05018, 0.03201, 7.62%
Time spent: 6.23s
- Epoch 122, ExpID 88615
Train - Loss (one batch): 0.00233
Val - Loss, MSE, RMSE, MAE, MAPE: 0.00282, 0.00282, 0.05092, 0.03222, 211557.09%
Test - Best epoch, Loss, MSE, RMSE, MAE, MAPE: 106, 0.00271, 0.00271, 0.05018, 0.03201, 7.62%
Time spent: 6.08s
- Epoch 123, ExpID 88615
Train - Loss (one batch): 0.00259
Val - Loss, MSE, RMSE, MAE, MAPE: 0.00285, 0.00285, 0.05120, 0.03273, 208851.97%
Test - Best epoch, Loss, MSE, RMSE, MAE, MAPE: 106, 0.00271, 0.00271, 0.05018, 0.03201, 7.62%
Time spent: 6.46s
- Epoch 124, ExpID 88615
Train - Loss (one batch): 0.00217
Val - Loss, MSE, RMSE, MAE, MAPE: 0.00283, 0.00283, 0.05103, 0.03230, 214466.71%
Test - Best epoch, Loss, MSE, RMSE, MAE, MAPE: 106, 0.00271, 0.00271, 0.05018, 0.03201, 7.62%
Time spent: 6.59s
- Epoch 125, ExpID 88615
Train - Loss (one batch): 0.00224
Val - Loss, MSE, RMSE, MAE, MAPE: 0.00306, 0.00306, 0.05346, 0.03629, 224571.11%
Test - Best epoch, Loss, MSE, RMSE, MAE, MAPE: 106, 0.00271, 0.00271, 0.05018, 0.03201, 7.62%
Time spent: 6.52s
- Epoch 126, ExpID 88615
Train - Loss (one batch): 0.00280
Val - Loss, MSE, RMSE, MAE, MAPE: 0.00285, 0.00285, 0.05130, 0.03304, 220280.98%
Test - Best epoch, Loss, MSE, RMSE, MAE, MAPE: 106, 0.00271, 0.00271, 0.05018, 0.03201, 7.62%
Time spent: 6.65s
- Epoch 127, ExpID 88615
Train - Loss (one batch): 0.00208
Val - Loss, MSE, RMSE, MAE, MAPE: 0.00285, 0.00285, 0.05129, 0.03269, 210602.06%
Test - Best epoch, Loss, MSE, RMSE, MAE, MAPE: 106, 0.00271, 0.00271, 0.05018, 0.03201, 7.62%
Time spent: 6.16s
- Epoch 128, ExpID 88615
Train - Loss (one batch): 0.00231
Val - Loss, MSE, RMSE, MAE, MAPE: 0.00292, 0.00292, 0.05204, 0.03410, 220134.40%
Test - Best epoch, Loss, MSE, RMSE, MAE, MAPE: 106, 0.00271, 0.00271, 0.05018, 0.03201, 7.62%
Time spent: 6.25s
- Epoch 129, ExpID 88615
Train - Loss (one batch): 0.00298
Val - Loss, MSE, RMSE, MAE, MAPE: 0.00314, 0.00314, 0.05426, 0.03718, 226726.64%
Test - Best epoch, Loss, MSE, RMSE, MAE, MAPE: 106, 0.00271, 0.00271, 0.05018, 0.03201, 7.62%
Time spent: 5.47s
- Epoch 130, ExpID 88615
Train - Loss (one batch): 0.00158
Val - Loss, MSE, RMSE, MAE, MAPE: 0.00293, 0.00293, 0.05205, 0.03402, 220390.32%
Test - Best epoch, Loss, MSE, RMSE, MAE, MAPE: 106, 0.00271, 0.00271, 0.05018, 0.03201, 7.62%
Time spent: 5.48s
- Epoch 131, ExpID 88615
Train - Loss (one batch): 0.00170
Val - Loss, MSE, RMSE, MAE, MAPE: 0.00294, 0.00294, 0.05224, 0.03448, 224081.46%
Test - Best epoch, Loss, MSE, RMSE, MAE, MAPE: 106, 0.00271, 0.00271, 0.05018, 0.03201, 7.62%
Time spent: 6.53s
- Epoch 132, ExpID 88615
Train - Loss (one batch): 0.00170
Val - Loss, MSE, RMSE, MAE, MAPE: 0.00282, 0.00282, 0.05089, 0.03229, 215336.73%
Test - Best epoch, Loss, MSE, RMSE, MAE, MAPE: 106, 0.00271, 0.00271, 0.05018, 0.03201, 7.62%
Time spent: 6.19s
- Epoch 133, ExpID 88615
Train - Loss (one batch): 0.00243
Val - Loss, MSE, RMSE, MAE, MAPE: 0.00297, 0.00297, 0.05241, 0.03467, 226054.27%
Test - Best epoch, Loss, MSE, RMSE, MAE, MAPE: 106, 0.00271, 0.00271, 0.05018, 0.03201, 7.62%
Time spent: 6.32s
- Epoch 134, ExpID 88615
Train - Loss (one batch): 0.00233
Val - Loss, MSE, RMSE, MAE, MAPE: 0.00285, 0.00285, 0.05119, 0.03281, 212601.88%
Test - Best epoch, Loss, MSE, RMSE, MAE, MAPE: 106, 0.00271, 0.00271, 0.05018, 0.03201, 7.62%
Time spent: 6.57s
- Epoch 135, ExpID 88615
Train - Loss (one batch): 0.00093
Val - Loss, MSE, RMSE, MAE, MAPE: 0.00290, 0.00290, 0.05166, 0.03337, 213348.64%
Test - Best epoch, Loss, MSE, RMSE, MAE, MAPE: 106, 0.00271, 0.00271, 0.05018, 0.03201, 7.62%
Time spent: 6.16s
- Epoch 136, ExpID 88615
Train - Loss (one batch): 0.00305
Val - Loss, MSE, RMSE, MAE, MAPE: 0.00293, 0.00293, 0.05215, 0.03435, 220595.98%
Test - Best epoch, Loss, MSE, RMSE, MAE, MAPE: 106, 0.00271, 0.00271, 0.05018, 0.03201, 7.62%
Time spent: 6.14s
- Epoch 137, ExpID 88615
Train - Loss (one batch): 0.00205
Val - Loss, MSE, RMSE, MAE, MAPE: 0.00301, 0.00301, 0.05295, 0.03547, 217363.50%
Test - Best epoch, Loss, MSE, RMSE, MAE, MAPE: 106, 0.00271, 0.00271, 0.05018, 0.03201, 7.62%
Time spent: 6.11s
- Epoch 138, ExpID 88615
Train - Loss (one batch): 0.00243
Val - Loss, MSE, RMSE, MAE, MAPE: 0.00281, 0.00281, 0.05083, 0.03246, 215021.84%
Test - Best epoch, Loss, MSE, RMSE, MAE, MAPE: 106, 0.00271, 0.00271, 0.05018, 0.03201, 7.62%
Time spent: 6.22s
- Epoch 139, ExpID 88615
Train - Loss (one batch): 0.00198
Val - Loss, MSE, RMSE, MAE, MAPE: 0.00289, 0.00289, 0.05162, 0.03354, 222251.11%
Test - Best epoch, Loss, MSE, RMSE, MAE, MAPE: 106, 0.00271, 0.00271, 0.05018, 0.03201, 7.62%
Time spent: 6.37s
- Epoch 140, ExpID 88615
Train - Loss (one batch): 0.00166
Val - Loss, MSE, RMSE, MAE, MAPE: 0.00280, 0.00280, 0.05079, 0.03202, 204416.28%
Test - Best epoch, Loss, MSE, RMSE, MAE, MAPE: 106, 0.00271, 0.00271, 0.05018, 0.03201, 7.62%
Time spent: 6.47s
- Epoch 141, ExpID 88615
Train - Loss (one batch): 0.00161
Val - Loss, MSE, RMSE, MAE, MAPE: 0.00295, 0.00295, 0.05224, 0.03436, 212821.85%
Test - Best epoch, Loss, MSE, RMSE, MAE, MAPE: 106, 0.00271, 0.00271, 0.05018, 0.03201, 7.62%
Time spent: 6.16s
- Epoch 142, ExpID 88615
Train - Loss (one batch): 0.00237
Val - Loss, MSE, RMSE, MAE, MAPE: 0.00297, 0.00297, 0.05246, 0.03438, 215821.18%
Test - Best epoch, Loss, MSE, RMSE, MAE, MAPE: 106, 0.00271, 0.00271, 0.05018, 0.03201, 7.62%
Time spent: 6.37s
- Epoch 143, ExpID 88615
Train - Loss (one batch): 0.00181
Val - Loss, MSE, RMSE, MAE, MAPE: 0.00282, 0.00282, 0.05100, 0.03282, 209713.81%
Test - Best epoch, Loss, MSE, RMSE, MAE, MAPE: 106, 0.00271, 0.00271, 0.05018, 0.03201, 7.62%
Time spent: 6.51s
- Epoch 144, ExpID 88615
Train - Loss (one batch): 0.00336
Val - Loss, MSE, RMSE, MAE, MAPE: 0.00286, 0.00286, 0.05135, 0.03292, 211217.46%
Test - Best epoch, Loss, MSE, RMSE, MAE, MAPE: 106, 0.00271, 0.00271, 0.05018, 0.03201, 7.62%
Time spent: 6.34s
- Epoch 145, ExpID 88615
Train - Loss (one batch): 0.00203
Val - Loss, MSE, RMSE, MAE, MAPE: 0.00295, 0.00295, 0.05228, 0.03422, 217094.96%
Test - Best epoch, Loss, MSE, RMSE, MAE, MAPE: 106, 0.00271, 0.00271, 0.05018, 0.03201, 7.62%
Time spent: 6.21s
- Epoch 146, ExpID 88615
Train - Loss (one batch): 0.00227
Val - Loss, MSE, RMSE, MAE, MAPE: 0.00286, 0.00286, 0.05138, 0.03333, 213103.05%
Test - Best epoch, Loss, MSE, RMSE, MAE, MAPE: 106, 0.00271, 0.00271, 0.05018, 0.03201, 7.62%
Time spent: 6.14s
- Epoch 147, ExpID 88615
Train - Loss (one batch): 0.00154
Val - Loss, MSE, RMSE, MAE, MAPE: 0.00287, 0.00287, 0.05142, 0.03312, 212767.97%
Test - Best epoch, Loss, MSE, RMSE, MAE, MAPE: 106, 0.00271, 0.00271, 0.05018, 0.03201, 7.62%
Time spent: 6.49s
- Epoch 148, ExpID 88615
Train - Loss (one batch): 0.00137
Val - Loss, MSE, RMSE, MAE, MAPE: 0.00282, 0.00282, 0.05094, 0.03226, 202964.14%
Test - Best epoch, Loss, MSE, RMSE, MAE, MAPE: 106, 0.00271, 0.00271, 0.05018, 0.03201, 7.62%
Time spent: 6.53s
- Epoch 149, ExpID 88615
Train - Loss (one batch): 0.00179
Val - Loss, MSE, RMSE, MAE, MAPE: 0.00291, 0.00291, 0.05178, 0.03349, 211923.90%
Test - Best epoch, Loss, MSE, RMSE, MAE, MAPE: 106, 0.00271, 0.00271, 0.05018, 0.03201, 7.62%
Time spent: 6.11s
- Epoch 150, ExpID 88615
Train - Loss (one batch): 0.00157
Val - Loss, MSE, RMSE, MAE, MAPE: 0.00290, 0.00290, 0.05172, 0.03352, 217056.74%
Test - Best epoch, Loss, MSE, RMSE, MAE, MAPE: 106, 0.00271, 0.00271, 0.05018, 0.03201, 7.62%
Time spent: 6.17s
- Epoch 151, ExpID 88615
Train - Loss (one batch): 0.00176
Val - Loss, MSE, RMSE, MAE, MAPE: 0.00281, 0.00281, 0.05085, 0.03222, 209499.48%
Test - Best epoch, Loss, MSE, RMSE, MAE, MAPE: 106, 0.00271, 0.00271, 0.05018, 0.03201, 7.62%
Time spent: 6.16s
- Epoch 152, ExpID 88615
Train - Loss (one batch): 0.00194
Val - Loss, MSE, RMSE, MAE, MAPE: 0.00282, 0.00282, 0.05086, 0.03238, 213943.35%
Test - Best epoch, Loss, MSE, RMSE, MAE, MAPE: 106, 0.00271, 0.00271, 0.05018, 0.03201, 7.62%
Time spent: 6.59s
- Epoch 153, ExpID 88615
Train - Loss (one batch): 0.00241
Val - Loss, MSE, RMSE, MAE, MAPE: 0.00289, 0.00289, 0.05153, 0.03291, 202816.44%
Test - Best epoch, Loss, MSE, RMSE, MAE, MAPE: 106, 0.00271, 0.00271, 0.05018, 0.03201, 7.62%
Time spent: 6.20s
- Epoch 154, ExpID 88615
Train - Loss (one batch): 0.00160
Val - Loss, MSE, RMSE, MAE, MAPE: 0.00283, 0.00283, 0.05102, 0.03252, 202709.63%
Test - Best epoch, Loss, MSE, RMSE, MAE, MAPE: 106, 0.00271, 0.00271, 0.05018, 0.03201, 7.62%
Time spent: 6.22s
- Epoch 155, ExpID 88615
Train - Loss (one batch): 0.00293
Val - Loss, MSE, RMSE, MAE, MAPE: 0.00281, 0.00281, 0.05089, 0.03235, 207728.85%
Test - Best epoch, Loss, MSE, RMSE, MAE, MAPE: 106, 0.00271, 0.00271, 0.05018, 0.03201, 7.62%
Time spent: 6.12s
- Epoch 156, ExpID 88615
Train - Loss (one batch): 0.00149
Val - Loss, MSE, RMSE, MAE, MAPE: 0.00286, 0.00286, 0.05132, 0.03278, 208015.58%
Test - Best epoch, Loss, MSE, RMSE, MAE, MAPE: 106, 0.00271, 0.00271, 0.05018, 0.03201, 7.62%
Time spent: 6.53s
- Epoch 157, ExpID 88615
Train - Loss (one batch): 0.00181
Val - Loss, MSE, RMSE, MAE, MAPE: 0.00302, 0.00302, 0.05305, 0.03516, 220340.26%
Test - Best epoch, Loss, MSE, RMSE, MAE, MAPE: 106, 0.00271, 0.00271, 0.05018, 0.03201, 7.62%
Time spent: 6.22s
- Epoch 158, ExpID 88615
Train - Loss (one batch): 0.00393
Val - Loss, MSE, RMSE, MAE, MAPE: 0.00285, 0.00285, 0.05116, 0.03246, 204464.73%
Test - Best epoch, Loss, MSE, RMSE, MAE, MAPE: 106, 0.00271, 0.00271, 0.05018, 0.03201, 7.62%
Time spent: 6.53s
- Epoch 159, ExpID 88615
Train - Loss (one batch): 0.00299
Val - Loss, MSE, RMSE, MAE, MAPE: 0.00288, 0.00288, 0.05148, 0.03295, 209994.13%
Test - Best epoch, Loss, MSE, RMSE, MAE, MAPE: 106, 0.00271, 0.00271, 0.05018, 0.03201, 7.62%
Time spent: 6.26s
- Epoch 160, ExpID 88615
Train - Loss (one batch): 0.00174
Val - Loss, MSE, RMSE, MAE, MAPE: 0.00287, 0.00287, 0.05137, 0.03294, 213818.71%
Test - Best epoch, Loss, MSE, RMSE, MAE, MAPE: 106, 0.00271, 0.00271, 0.05018, 0.03201, 7.62%
Time spent: 6.22s
- Epoch 161, ExpID 88615
Train - Loss (one batch): 0.00238
Val - Loss, MSE, RMSE, MAE, MAPE: 0.00283, 0.00283, 0.05094, 0.03240, 211187.69%
Test - Best epoch, Loss, MSE, RMSE, MAE, MAPE: 106, 0.00271, 0.00271, 0.05018, 0.03201, 7.62%
Time spent: 6.25s
- Epoch 162, ExpID 88615
Train - Loss (one batch): 0.00252
Val - Loss, MSE, RMSE, MAE, MAPE: 0.00291, 0.00291, 0.05185, 0.03353, 211576.10%
Test - Best epoch, Loss, MSE, RMSE, MAE, MAPE: 106, 0.00271, 0.00271, 0.05018, 0.03201, 7.62%
Time spent: 6.56s
- Epoch 163, ExpID 88615
Train - Loss (one batch): 0.00329
Val - Loss, MSE, RMSE, MAE, MAPE: 0.00291, 0.00291, 0.05165, 0.03310, 202255.20%
Test - Best epoch, Loss, MSE, RMSE, MAE, MAPE: 106, 0.00271, 0.00271, 0.05018, 0.03201, 7.62%
Time spent: 6.61s
- Epoch 164, ExpID 88615
Train - Loss (one batch): 0.00244
Val - Loss, MSE, RMSE, MAE, MAPE: 0.00295, 0.00295, 0.05225, 0.03431, 214053.83%
Test - Best epoch, Loss, MSE, RMSE, MAE, MAPE: 106, 0.00271, 0.00271, 0.05018, 0.03201, 7.62%
Time spent: 6.54s
- Epoch 165, ExpID 88615
Train - Loss (one batch): 0.00187
Val - Loss, MSE, RMSE, MAE, MAPE: 0.00290, 0.00290, 0.05181, 0.03360, 205773.09%
Test - Best epoch, Loss, MSE, RMSE, MAE, MAPE: 106, 0.00271, 0.00271, 0.05018, 0.03201, 7.62%
Time spent: 6.17s
- Epoch 166, ExpID 88615
Train - Loss (one batch): 0.00175
Val - Loss, MSE, RMSE, MAE, MAPE: 0.00287, 0.00287, 0.05131, 0.03258, 210616.10%
Test - Best epoch, Loss, MSE, RMSE, MAE, MAPE: 106, 0.00271, 0.00271, 0.05018, 0.03201, 7.62%
Time spent: 6.54s
