Running seed=3 on activity dataset
SCALES=100,300, STRIDES=100,300
USING: /home/solgi/MSP-IMTS/lib/utils.py
USING: /home/solgi/MSP-IMTS/lib/physionet.py
USING: /home/solgi/MSP-IMTS/tPatchGNN/model/tPatchGNN.py
CWD: /home/solgi/MSP-IMTS/tPatchGNN
PID, device: 3007329 cuda
Total records: 25
Dataset n_samples: 25 15 5 5
Test record ids (first 5): ['B04', 'D02', 'A01', 'E04', 'C02']
Test record ids (last 5): ['B04', 'D02', 'A01', 'E04', 'C02']
data_max: tensor([5.6217, 3.9067, 2.4465, 5.3456, 3.9414, 2.2163, 5.7582, 3.9781, 2.6061,
        5.3913, 3.9654, 2.6011], device='cuda:0')
data_min: tensor([ 0.1852, -0.1228, -1.4615,  0.1606, -0.4760, -2.5436, -0.2787, -0.4944,
        -2.0269,  0.0198, -0.4789, -1.9588], device='cuda:0')
time_max: tensor(304861., device='cuda:0')
manual set time_max: tensor(4000)
Dataset n_samples after time split: 5400 3318 1007 1075
[Multi-scale] scales=[100.0, 300.0], strides=[100.0, 300.0]
n_train_batches: 166
Exp has been early stopped!
