/home/solgi/MSP-IMTS/tPatchGNN/run_models.py
2025-10-23 15:00:23
run_models.py --dataset activity --history 3000 --hid_dim 32 --te_dim 10 --node_dim 10 --nlayer 1 --tf_layer 1 --nhead 1 --batch_size 32 --lr 1e-3 --patience 60 --epoch 600 --seed 5 --gpu 0 --multi_scales 100,300 --multi_strides 100,300 --fusion concat
Namespace(multi_scales='100,300', multi_strides='100,300', fusion='concat', state='def', n=100000000, hop=1, nhead=1, tf_layer=1, nlayer=1, epoch=600, patience=60, history=3000, patch_size=24, stride=24, logmode='a', lr=0.001, w_decay=0.0, batch_size=32, save='experiments/', load=None, seed=5, dataset='activity', quantization=0.0, model='tPatchGNN', outlayer='Linear', hid_dim=32, te_dim=10, node_dim=10, gpu='0', npatch=125, device=device(type='cuda'), PID=3008253, pred_window=1000, ndim=12)
- Epoch 000, ExpID 21060
Train - Loss (one batch): 0.00336
Val - Loss, MSE, RMSE, MAE, MAPE: 0.00402, 0.00402, 0.06074, 0.04005, 215489.25%
Test - Best epoch, Loss, MSE, RMSE, MAE, MAPE: 0, 0.00376, 0.00376, 0.05918, 0.03880, 9.40%
Time spent: 7.75s
- Epoch 001, ExpID 21060
Train - Loss (one batch): 0.00427
Val - Loss, MSE, RMSE, MAE, MAPE: 0.00399, 0.00399, 0.06089, 0.04178, 214347.01%
Test - Best epoch, Loss, MSE, RMSE, MAE, MAPE: 1, 0.00383, 0.00383, 0.06006, 0.04138, 9.84%
Time spent: 6.98s
- Epoch 002, ExpID 21060
Train - Loss (one batch): 0.00462
Val - Loss, MSE, RMSE, MAE, MAPE: 0.00334, 0.00334, 0.05552, 0.03591, 211213.20%
Test - Best epoch, Loss, MSE, RMSE, MAE, MAPE: 2, 0.00315, 0.00315, 0.05419, 0.03500, 8.44%
Time spent: 7.05s
- Epoch 003, ExpID 21060
Train - Loss (one batch): 0.00295
Val - Loss, MSE, RMSE, MAE, MAPE: 0.00335, 0.00335, 0.05570, 0.03600, 207364.95%
Test - Best epoch, Loss, MSE, RMSE, MAE, MAPE: 2, 0.00315, 0.00315, 0.05419, 0.03500, 8.44%
Time spent: 6.76s
- Epoch 004, ExpID 21060
Train - Loss (one batch): 0.00185
Val - Loss, MSE, RMSE, MAE, MAPE: 0.00317, 0.00317, 0.05415, 0.03461, 206842.81%
Test - Best epoch, Loss, MSE, RMSE, MAE, MAPE: 4, 0.00301, 0.00301, 0.05290, 0.03381, 8.06%
Time spent: 7.49s
- Epoch 005, ExpID 21060
Train - Loss (one batch): 0.00377
Val - Loss, MSE, RMSE, MAE, MAPE: 0.00316, 0.00316, 0.05407, 0.03487, 209643.90%
Test - Best epoch, Loss, MSE, RMSE, MAE, MAPE: 5, 0.00300, 0.00300, 0.05278, 0.03398, 8.20%
Time spent: 7.02s
- Epoch 006, ExpID 21060
Train - Loss (one batch): 0.00352
Val - Loss, MSE, RMSE, MAE, MAPE: 0.00316, 0.00316, 0.05414, 0.03500, 207688.02%
Test - Best epoch, Loss, MSE, RMSE, MAE, MAPE: 5, 0.00300, 0.00300, 0.05278, 0.03398, 8.20%
Time spent: 6.23s
- Epoch 007, ExpID 21060
Train - Loss (one batch): 0.00229
Val - Loss, MSE, RMSE, MAE, MAPE: 0.00303, 0.00303, 0.05299, 0.03357, 201455.70%
Test - Best epoch, Loss, MSE, RMSE, MAE, MAPE: 7, 0.00290, 0.00290, 0.05194, 0.03294, 7.76%
Time spent: 6.94s
- Epoch 008, ExpID 21060
Train - Loss (one batch): 0.00333
Val - Loss, MSE, RMSE, MAE, MAPE: 0.00307, 0.00307, 0.05334, 0.03431, 205139.43%
Test - Best epoch, Loss, MSE, RMSE, MAE, MAPE: 7, 0.00290, 0.00290, 0.05194, 0.03294, 7.76%
Time spent: 6.23s
- Epoch 009, ExpID 21060
Train - Loss (one batch): 0.00261
Val - Loss, MSE, RMSE, MAE, MAPE: 0.00305, 0.00305, 0.05315, 0.03408, 201598.20%
Test - Best epoch, Loss, MSE, RMSE, MAE, MAPE: 7, 0.00290, 0.00290, 0.05194, 0.03294, 7.76%
Time spent: 6.33s
- Epoch 010, ExpID 21060
Train - Loss (one batch): 0.00175
Val - Loss, MSE, RMSE, MAE, MAPE: 0.00311, 0.00311, 0.05371, 0.03555, 217764.43%
Test - Best epoch, Loss, MSE, RMSE, MAE, MAPE: 7, 0.00290, 0.00290, 0.05194, 0.03294, 7.76%
Time spent: 6.27s
- Epoch 011, ExpID 21060
Train - Loss (one batch): 0.00268
Val - Loss, MSE, RMSE, MAE, MAPE: 0.00305, 0.00305, 0.05316, 0.03430, 201539.78%
Test - Best epoch, Loss, MSE, RMSE, MAE, MAPE: 7, 0.00290, 0.00290, 0.05194, 0.03294, 7.76%
Time spent: 6.66s
- Epoch 012, ExpID 21060
Train - Loss (one batch): 0.00253
Val - Loss, MSE, RMSE, MAE, MAPE: 0.00310, 0.00310, 0.05385, 0.03571, 203945.18%
Test - Best epoch, Loss, MSE, RMSE, MAE, MAPE: 7, 0.00290, 0.00290, 0.05194, 0.03294, 7.76%
Time spent: 6.54s
- Epoch 013, ExpID 21060
Train - Loss (one batch): 0.00218
Val - Loss, MSE, RMSE, MAE, MAPE: 0.00300, 0.00300, 0.05282, 0.03439, 205927.06%
Test - Best epoch, Loss, MSE, RMSE, MAE, MAPE: 13, 0.00293, 0.00293, 0.05235, 0.03424, 8.14%
Time spent: 7.03s
- Epoch 014, ExpID 21060
Train - Loss (one batch): 0.00269
Val - Loss, MSE, RMSE, MAE, MAPE: 0.00302, 0.00302, 0.05308, 0.03469, 206014.85%
Test - Best epoch, Loss, MSE, RMSE, MAE, MAPE: 13, 0.00293, 0.00293, 0.05235, 0.03424, 8.14%
Time spent: 6.54s
- Epoch 015, ExpID 21060
Train - Loss (one batch): 0.00280
Val - Loss, MSE, RMSE, MAE, MAPE: 0.00293, 0.00293, 0.05219, 0.03372, 206966.69%
Test - Best epoch, Loss, MSE, RMSE, MAE, MAPE: 15, 0.00287, 0.00287, 0.05174, 0.03366, 8.11%
Time spent: 7.06s
- Epoch 016, ExpID 21060
Train - Loss (one batch): 0.00292
Val - Loss, MSE, RMSE, MAE, MAPE: 0.00301, 0.00301, 0.05295, 0.03484, 208979.83%
Test - Best epoch, Loss, MSE, RMSE, MAE, MAPE: 15, 0.00287, 0.00287, 0.05174, 0.03366, 8.11%
Time spent: 6.15s
- Epoch 017, ExpID 21060
Train - Loss (one batch): 0.00261
Val - Loss, MSE, RMSE, MAE, MAPE: 0.00298, 0.00298, 0.05254, 0.03389, 204430.56%
Test - Best epoch, Loss, MSE, RMSE, MAE, MAPE: 15, 0.00287, 0.00287, 0.05174, 0.03366, 8.11%
Time spent: 6.70s
- Epoch 018, ExpID 21060
Train - Loss (one batch): 0.00263
Val - Loss, MSE, RMSE, MAE, MAPE: 0.00283, 0.00283, 0.05117, 0.03229, 196340.45%
Test - Best epoch, Loss, MSE, RMSE, MAE, MAPE: 18, 0.00275, 0.00275, 0.05060, 0.03197, 7.50%
Time spent: 6.86s
- Epoch 019, ExpID 21060
Train - Loss (one batch): 0.00145
Val - Loss, MSE, RMSE, MAE, MAPE: 0.00287, 0.00287, 0.05161, 0.03329, 207394.72%
Test - Best epoch, Loss, MSE, RMSE, MAE, MAPE: 18, 0.00275, 0.00275, 0.05060, 0.03197, 7.50%
Time spent: 6.28s
- Epoch 020, ExpID 21060
Train - Loss (one batch): 0.00281
Val - Loss, MSE, RMSE, MAE, MAPE: 0.00319, 0.00319, 0.05473, 0.03733, 212236.44%
Test - Best epoch, Loss, MSE, RMSE, MAE, MAPE: 18, 0.00275, 0.00275, 0.05060, 0.03197, 7.50%
Time spent: 6.46s
- Epoch 021, ExpID 21060
Train - Loss (one batch): 0.00328
Val - Loss, MSE, RMSE, MAE, MAPE: 0.00302, 0.00302, 0.05295, 0.03502, 195655.44%
Test - Best epoch, Loss, MSE, RMSE, MAE, MAPE: 18, 0.00275, 0.00275, 0.05060, 0.03197, 7.50%
Time spent: 6.14s
- Epoch 022, ExpID 21060
Train - Loss (one batch): 0.00214
Val - Loss, MSE, RMSE, MAE, MAPE: 0.00281, 0.00281, 0.05089, 0.03200, 200900.07%
Test - Best epoch, Loss, MSE, RMSE, MAE, MAPE: 22, 0.00272, 0.00272, 0.05031, 0.03181, 7.59%
Time spent: 6.86s
- Epoch 023, ExpID 21060
Train - Loss (one batch): 0.00418
Val - Loss, MSE, RMSE, MAE, MAPE: 0.00293, 0.00293, 0.05220, 0.03388, 198157.69%
Test - Best epoch, Loss, MSE, RMSE, MAE, MAPE: 22, 0.00272, 0.00272, 0.05031, 0.03181, 7.59%
Time spent: 6.45s
- Epoch 024, ExpID 21060
Train - Loss (one batch): 0.00217
Val - Loss, MSE, RMSE, MAE, MAPE: 0.00285, 0.00285, 0.05139, 0.03334, 209211.31%
Test - Best epoch, Loss, MSE, RMSE, MAE, MAPE: 22, 0.00272, 0.00272, 0.05031, 0.03181, 7.59%
Time spent: 6.10s
- Epoch 025, ExpID 21060
Train - Loss (one batch): 0.00253
Val - Loss, MSE, RMSE, MAE, MAPE: 0.00285, 0.00285, 0.05140, 0.03292, 193457.16%
Test - Best epoch, Loss, MSE, RMSE, MAE, MAPE: 22, 0.00272, 0.00272, 0.05031, 0.03181, 7.59%
Time spent: 6.17s
- Epoch 026, ExpID 21060
Train - Loss (one batch): 0.00295
Val - Loss, MSE, RMSE, MAE, MAPE: 0.00298, 0.00298, 0.05270, 0.03456, 200973.46%
Test - Best epoch, Loss, MSE, RMSE, MAE, MAPE: 22, 0.00272, 0.00272, 0.05031, 0.03181, 7.59%
Time spent: 6.17s
- Epoch 027, ExpID 21060
Train - Loss (one batch): 0.00196
Val - Loss, MSE, RMSE, MAE, MAPE: 0.00281, 0.00281, 0.05098, 0.03271, 208050.58%
Test - Best epoch, Loss, MSE, RMSE, MAE, MAPE: 22, 0.00272, 0.00272, 0.05031, 0.03181, 7.59%
Time spent: 6.36s
- Epoch 028, ExpID 21060
Train - Loss (one batch): 0.00142
Val - Loss, MSE, RMSE, MAE, MAPE: 0.00278, 0.00278, 0.05065, 0.03187, 199471.03%
Test - Best epoch, Loss, MSE, RMSE, MAE, MAPE: 28, 0.00271, 0.00271, 0.05019, 0.03177, 7.47%
Time spent: 6.92s
- Epoch 029, ExpID 21060
Train - Loss (one batch): 0.00295
Val - Loss, MSE, RMSE, MAE, MAPE: 0.00298, 0.00298, 0.05284, 0.03541, 201755.56%
Test - Best epoch, Loss, MSE, RMSE, MAE, MAPE: 28, 0.00271, 0.00271, 0.05019, 0.03177, 7.47%
Time spent: 6.17s
- Epoch 030, ExpID 21060
Train - Loss (one batch): 0.00280
Val - Loss, MSE, RMSE, MAE, MAPE: 0.00303, 0.00303, 0.05339, 0.03608, 205725.09%
Test - Best epoch, Loss, MSE, RMSE, MAE, MAPE: 28, 0.00271, 0.00271, 0.05019, 0.03177, 7.47%
Time spent: 6.64s
- Epoch 031, ExpID 21060
Train - Loss (one batch): 0.00253
Val - Loss, MSE, RMSE, MAE, MAPE: 0.00294, 0.00294, 0.05244, 0.03486, 201416.01%
Test - Best epoch, Loss, MSE, RMSE, MAE, MAPE: 28, 0.00271, 0.00271, 0.05019, 0.03177, 7.47%
Time spent: 6.21s
- Epoch 032, ExpID 21060
Train - Loss (one batch): 0.00205
Val - Loss, MSE, RMSE, MAE, MAPE: 0.00312, 0.00312, 0.05425, 0.03738, 207380.99%
Test - Best epoch, Loss, MSE, RMSE, MAE, MAPE: 28, 0.00271, 0.00271, 0.05019, 0.03177, 7.47%
Time spent: 6.66s
- Epoch 033, ExpID 21060
Train - Loss (one batch): 0.00437
Val - Loss, MSE, RMSE, MAE, MAPE: 0.00275, 0.00275, 0.05039, 0.03205, 197004.24%
Test - Best epoch, Loss, MSE, RMSE, MAE, MAPE: 33, 0.00269, 0.00269, 0.05005, 0.03190, 7.53%
Time spent: 6.88s
- Epoch 034, ExpID 21060
Train - Loss (one batch): 0.00242
Val - Loss, MSE, RMSE, MAE, MAPE: 0.00344, 0.00344, 0.05721, 0.04153, 212289.19%
Test - Best epoch, Loss, MSE, RMSE, MAE, MAPE: 33, 0.00269, 0.00269, 0.05005, 0.03190, 7.53%
Time spent: 6.15s
- Epoch 035, ExpID 21060
Train - Loss (one batch): 0.00193
Val - Loss, MSE, RMSE, MAE, MAPE: 0.00278, 0.00278, 0.05074, 0.03237, 194697.70%
Test - Best epoch, Loss, MSE, RMSE, MAE, MAPE: 33, 0.00269, 0.00269, 0.05005, 0.03190, 7.53%
Time spent: 6.63s
- Epoch 036, ExpID 21060
Train - Loss (one batch): 0.00248
Val - Loss, MSE, RMSE, MAE, MAPE: 0.00321, 0.00321, 0.05504, 0.03832, 211154.94%
Test - Best epoch, Loss, MSE, RMSE, MAE, MAPE: 33, 0.00269, 0.00269, 0.05005, 0.03190, 7.53%
Time spent: 6.74s
- Epoch 037, ExpID 21060
Train - Loss (one batch): 0.00135
Val - Loss, MSE, RMSE, MAE, MAPE: 0.00373, 0.00373, 0.05983, 0.04448, 208865.91%
Test - Best epoch, Loss, MSE, RMSE, MAE, MAPE: 33, 0.00269, 0.00269, 0.05005, 0.03190, 7.53%
Time spent: 6.54s
- Epoch 038, ExpID 21060
Train - Loss (one batch): 0.00230
Val - Loss, MSE, RMSE, MAE, MAPE: 0.00274, 0.00274, 0.05034, 0.03188, 198441.30%
Test - Best epoch, Loss, MSE, RMSE, MAE, MAPE: 38, 0.00269, 0.00269, 0.04999, 0.03181, 7.58%
Time spent: 6.91s
- Epoch 039, ExpID 21060
Train - Loss (one batch): 0.00257
Val - Loss, MSE, RMSE, MAE, MAPE: 0.00286, 0.00286, 0.05156, 0.03342, 196686.24%
Test - Best epoch, Loss, MSE, RMSE, MAE, MAPE: 38, 0.00269, 0.00269, 0.04999, 0.03181, 7.58%
Time spent: 6.20s
- Epoch 040, ExpID 21060
Train - Loss (one batch): 0.00155
Val - Loss, MSE, RMSE, MAE, MAPE: 0.00301, 0.00301, 0.05316, 0.03611, 206297.08%
Test - Best epoch, Loss, MSE, RMSE, MAE, MAPE: 38, 0.00269, 0.00269, 0.04999, 0.03181, 7.58%
Time spent: 6.14s
- Epoch 041, ExpID 21060
Train - Loss (one batch): 0.00367
Val - Loss, MSE, RMSE, MAE, MAPE: 0.00300, 0.00300, 0.05293, 0.03544, 205622.78%
Test - Best epoch, Loss, MSE, RMSE, MAE, MAPE: 38, 0.00269, 0.00269, 0.04999, 0.03181, 7.58%
Time spent: 6.50s
- Epoch 042, ExpID 21060
Train - Loss (one batch): 0.00192
Val - Loss, MSE, RMSE, MAE, MAPE: 0.00277, 0.00277, 0.05059, 0.03208, 190941.25%
Test - Best epoch, Loss, MSE, RMSE, MAE, MAPE: 38, 0.00269, 0.00269, 0.04999, 0.03181, 7.58%
Time spent: 6.13s
- Epoch 043, ExpID 21060
Train - Loss (one batch): 0.00239
Val - Loss, MSE, RMSE, MAE, MAPE: 0.00335, 0.00335, 0.05649, 0.03971, 205235.62%
Test - Best epoch, Loss, MSE, RMSE, MAE, MAPE: 38, 0.00269, 0.00269, 0.04999, 0.03181, 7.58%
Time spent: 6.19s
- Epoch 044, ExpID 21060
Train - Loss (one batch): 0.00310
Val - Loss, MSE, RMSE, MAE, MAPE: 0.00273, 0.00273, 0.05015, 0.03182, 204218.63%
Test - Best epoch, Loss, MSE, RMSE, MAE, MAPE: 44, 0.00268, 0.00268, 0.04987, 0.03178, 7.66%
Time spent: 6.92s
- Epoch 045, ExpID 21060
Train - Loss (one batch): 0.00369
Val - Loss, MSE, RMSE, MAE, MAPE: 0.00279, 0.00279, 0.05081, 0.03265, 199440.71%
Test - Best epoch, Loss, MSE, RMSE, MAE, MAPE: 44, 0.00268, 0.00268, 0.04987, 0.03178, 7.66%
Time spent: 6.44s
- Epoch 046, ExpID 21060
Train - Loss (one batch): 0.00221
Val - Loss, MSE, RMSE, MAE, MAPE: 0.00281, 0.00281, 0.05106, 0.03266, 193739.52%
Test - Best epoch, Loss, MSE, RMSE, MAE, MAPE: 44, 0.00268, 0.00268, 0.04987, 0.03178, 7.66%
Time spent: 6.18s
- Epoch 047, ExpID 21060
Train - Loss (one batch): 0.00283
Val - Loss, MSE, RMSE, MAE, MAPE: 0.00276, 0.00276, 0.05046, 0.03218, 202037.40%
Test - Best epoch, Loss, MSE, RMSE, MAE, MAPE: 44, 0.00268, 0.00268, 0.04987, 0.03178, 7.66%
Time spent: 6.16s
- Epoch 048, ExpID 21060
Train - Loss (one batch): 0.00158
Val - Loss, MSE, RMSE, MAE, MAPE: 0.00287, 0.00287, 0.05166, 0.03392, 200343.79%
Test - Best epoch, Loss, MSE, RMSE, MAE, MAPE: 44, 0.00268, 0.00268, 0.04987, 0.03178, 7.66%
Time spent: 6.16s
- Epoch 049, ExpID 21060
Train - Loss (one batch): 0.00361
Val - Loss, MSE, RMSE, MAE, MAPE: 0.00274, 0.00274, 0.05036, 0.03191, 191844.77%
Test - Best epoch, Loss, MSE, RMSE, MAE, MAPE: 44, 0.00268, 0.00268, 0.04987, 0.03178, 7.66%
Time spent: 6.21s
- Epoch 050, ExpID 21060
Train - Loss (one batch): 0.00253
Val - Loss, MSE, RMSE, MAE, MAPE: 0.00272, 0.00272, 0.05012, 0.03205, 196654.99%
Test - Best epoch, Loss, MSE, RMSE, MAE, MAPE: 50, 0.00268, 0.00268, 0.04994, 0.03201, 7.69%
Time spent: 7.12s
- Epoch 051, ExpID 21060
Train - Loss (one batch): 0.00199
Val - Loss, MSE, RMSE, MAE, MAPE: 0.00292, 0.00292, 0.05222, 0.03471, 199976.83%
Test - Best epoch, Loss, MSE, RMSE, MAE, MAPE: 50, 0.00268, 0.00268, 0.04994, 0.03201, 7.69%
Time spent: 6.17s
- Epoch 052, ExpID 21060
Train - Loss (one batch): 0.00243
Val - Loss, MSE, RMSE, MAE, MAPE: 0.00278, 0.00278, 0.05074, 0.03261, 197304.77%
Test - Best epoch, Loss, MSE, RMSE, MAE, MAPE: 50, 0.00268, 0.00268, 0.04994, 0.03201, 7.69%
Time spent: 6.71s
- Epoch 053, ExpID 21060
Train - Loss (one batch): 0.00215
Val - Loss, MSE, RMSE, MAE, MAPE: 0.00308, 0.00308, 0.05382, 0.03715, 208732.18%
Test - Best epoch, Loss, MSE, RMSE, MAE, MAPE: 50, 0.00268, 0.00268, 0.04994, 0.03201, 7.69%
Time spent: 6.13s
- Epoch 054, ExpID 21060
Train - Loss (one batch): 0.00199
Val - Loss, MSE, RMSE, MAE, MAPE: 0.00284, 0.00284, 0.05136, 0.03318, 195926.57%
Test - Best epoch, Loss, MSE, RMSE, MAE, MAPE: 50, 0.00268, 0.00268, 0.04994, 0.03201, 7.69%
Time spent: 6.61s
- Epoch 055, ExpID 21060
Train - Loss (one batch): 0.00197
Val - Loss, MSE, RMSE, MAE, MAPE: 0.00281, 0.00281, 0.05114, 0.03310, 197277.76%
Test - Best epoch, Loss, MSE, RMSE, MAE, MAPE: 50, 0.00268, 0.00268, 0.04994, 0.03201, 7.69%
Time spent: 6.25s
- Epoch 056, ExpID 21060
Train - Loss (one batch): 0.00333
Val - Loss, MSE, RMSE, MAE, MAPE: 0.00277, 0.00277, 0.05053, 0.03210, 188008.34%
Test - Best epoch, Loss, MSE, RMSE, MAE, MAPE: 50, 0.00268, 0.00268, 0.04994, 0.03201, 7.69%
Time spent: 6.06s
- Epoch 057, ExpID 21060
Train - Loss (one batch): 0.00174
Val - Loss, MSE, RMSE, MAE, MAPE: 0.00282, 0.00282, 0.05117, 0.03330, 195535.97%
Test - Best epoch, Loss, MSE, RMSE, MAE, MAPE: 50, 0.00268, 0.00268, 0.04994, 0.03201, 7.69%
Time spent: 6.49s
- Epoch 058, ExpID 21060
Train - Loss (one batch): 0.00223
Val - Loss, MSE, RMSE, MAE, MAPE: 0.00274, 0.00274, 0.05034, 0.03205, 192899.29%
Test - Best epoch, Loss, MSE, RMSE, MAE, MAPE: 50, 0.00268, 0.00268, 0.04994, 0.03201, 7.69%
Time spent: 6.52s
- Epoch 059, ExpID 21060
Train - Loss (one batch): 0.00219
Val - Loss, MSE, RMSE, MAE, MAPE: 0.00291, 0.00291, 0.05215, 0.03492, 199772.11%
Test - Best epoch, Loss, MSE, RMSE, MAE, MAPE: 50, 0.00268, 0.00268, 0.04994, 0.03201, 7.69%
Time spent: 6.71s
- Epoch 060, ExpID 21060
Train - Loss (one batch): 0.00318
Val - Loss, MSE, RMSE, MAE, MAPE: 0.00274, 0.00274, 0.05025, 0.03194, 193268.84%
Test - Best epoch, Loss, MSE, RMSE, MAE, MAPE: 50, 0.00268, 0.00268, 0.04994, 0.03201, 7.69%
Time spent: 6.14s
- Epoch 061, ExpID 21060
Train - Loss (one batch): 0.00160
Val - Loss, MSE, RMSE, MAE, MAPE: 0.00291, 0.00291, 0.05204, 0.03432, 199504.36%
Test - Best epoch, Loss, MSE, RMSE, MAE, MAPE: 50, 0.00268, 0.00268, 0.04994, 0.03201, 7.69%
Time spent: 6.14s
- Epoch 062, ExpID 21060
Train - Loss (one batch): 0.00158
Val - Loss, MSE, RMSE, MAE, MAPE: 0.00293, 0.00293, 0.05216, 0.03449, 191733.65%
Test - Best epoch, Loss, MSE, RMSE, MAE, MAPE: 50, 0.00268, 0.00268, 0.04994, 0.03201, 7.69%
Time spent: 6.14s
- Epoch 063, ExpID 21060
Train - Loss (one batch): 0.00197
Val - Loss, MSE, RMSE, MAE, MAPE: 0.00285, 0.00285, 0.05146, 0.03370, 198650.57%
Test - Best epoch, Loss, MSE, RMSE, MAE, MAPE: 50, 0.00268, 0.00268, 0.04994, 0.03201, 7.69%
Time spent: 6.20s
- Epoch 064, ExpID 21060
Train - Loss (one batch): 0.00247
Val - Loss, MSE, RMSE, MAE, MAPE: 0.00294, 0.00294, 0.05242, 0.03532, 198177.66%
Test - Best epoch, Loss, MSE, RMSE, MAE, MAPE: 50, 0.00268, 0.00268, 0.04994, 0.03201, 7.69%
Time spent: 6.62s
- Epoch 065, ExpID 21060
Train - Loss (one batch): 0.00284
Val - Loss, MSE, RMSE, MAE, MAPE: 0.00307, 0.00307, 0.05372, 0.03724, 203721.87%
Test - Best epoch, Loss, MSE, RMSE, MAE, MAPE: 50, 0.00268, 0.00268, 0.04994, 0.03201, 7.69%
Time spent: 6.57s
- Epoch 066, ExpID 21060
Train - Loss (one batch): 0.00156
Val - Loss, MSE, RMSE, MAE, MAPE: 0.00301, 0.00301, 0.05313, 0.03611, 199794.68%
Test - Best epoch, Loss, MSE, RMSE, MAE, MAPE: 50, 0.00268, 0.00268, 0.04994, 0.03201, 7.69%
Time spent: 6.10s
- Epoch 067, ExpID 21060
Train - Loss (one batch): 0.00313
Val - Loss, MSE, RMSE, MAE, MAPE: 0.00288, 0.00288, 0.05181, 0.03437, 195723.53%
Test - Best epoch, Loss, MSE, RMSE, MAE, MAPE: 50, 0.00268, 0.00268, 0.04994, 0.03201, 7.69%
Time spent: 6.49s
- Epoch 068, ExpID 21060
Train - Loss (one batch): 0.00260
Val - Loss, MSE, RMSE, MAE, MAPE: 0.00276, 0.00276, 0.05050, 0.03199, 189049.93%
Test - Best epoch, Loss, MSE, RMSE, MAE, MAPE: 50, 0.00268, 0.00268, 0.04994, 0.03201, 7.69%
Time spent: 6.15s
- Epoch 069, ExpID 21060
Train - Loss (one batch): 0.00285
Val - Loss, MSE, RMSE, MAE, MAPE: 0.00283, 0.00283, 0.05120, 0.03325, 198950.54%
Test - Best epoch, Loss, MSE, RMSE, MAE, MAPE: 50, 0.00268, 0.00268, 0.04994, 0.03201, 7.69%
Time spent: 6.16s
- Epoch 070, ExpID 21060
Train - Loss (one batch): 0.00232
Val - Loss, MSE, RMSE, MAE, MAPE: 0.00290, 0.00290, 0.05194, 0.03422, 194066.85%
Test - Best epoch, Loss, MSE, RMSE, MAE, MAPE: 50, 0.00268, 0.00268, 0.04994, 0.03201, 7.69%
Time spent: 6.74s
- Epoch 071, ExpID 21060
Train - Loss (one batch): 0.00267
Val - Loss, MSE, RMSE, MAE, MAPE: 0.00297, 0.00297, 0.05270, 0.03543, 201171.96%
Test - Best epoch, Loss, MSE, RMSE, MAE, MAPE: 50, 0.00268, 0.00268, 0.04994, 0.03201, 7.69%
Time spent: 6.44s
- Epoch 072, ExpID 21060
Train - Loss (one batch): 0.00319
Val - Loss, MSE, RMSE, MAE, MAPE: 0.00278, 0.00278, 0.05074, 0.03272, 202814.02%
Test - Best epoch, Loss, MSE, RMSE, MAE, MAPE: 50, 0.00268, 0.00268, 0.04994, 0.03201, 7.69%
Time spent: 6.78s
- Epoch 073, ExpID 21060
Train - Loss (one batch): 0.00195
Val - Loss, MSE, RMSE, MAE, MAPE: 0.00286, 0.00286, 0.05153, 0.03392, 199560.37%
Test - Best epoch, Loss, MSE, RMSE, MAE, MAPE: 50, 0.00268, 0.00268, 0.04994, 0.03201, 7.69%
Time spent: 6.19s
- Epoch 074, ExpID 21060
Train - Loss (one batch): 0.00345
Val - Loss, MSE, RMSE, MAE, MAPE: 0.00290, 0.00290, 0.05193, 0.03435, 203957.61%
Test - Best epoch, Loss, MSE, RMSE, MAE, MAPE: 50, 0.00268, 0.00268, 0.04994, 0.03201, 7.69%
Time spent: 6.20s
- Epoch 075, ExpID 21060
Train - Loss (one batch): 0.00257
Val - Loss, MSE, RMSE, MAE, MAPE: 0.00287, 0.00287, 0.05161, 0.03393, 194675.21%
Test - Best epoch, Loss, MSE, RMSE, MAE, MAPE: 50, 0.00268, 0.00268, 0.04994, 0.03201, 7.69%
Time spent: 6.53s
- Epoch 076, ExpID 21060
Train - Loss (one batch): 0.00258
Val - Loss, MSE, RMSE, MAE, MAPE: 0.00282, 0.00282, 0.05112, 0.03320, 190346.39%
Test - Best epoch, Loss, MSE, RMSE, MAE, MAPE: 50, 0.00268, 0.00268, 0.04994, 0.03201, 7.69%
Time spent: 6.81s
- Epoch 077, ExpID 21060
Train - Loss (one batch): 0.00245
Val - Loss, MSE, RMSE, MAE, MAPE: 0.00296, 0.00296, 0.05255, 0.03503, 198245.46%
Test - Best epoch, Loss, MSE, RMSE, MAE, MAPE: 50, 0.00268, 0.00268, 0.04994, 0.03201, 7.69%
Time spent: 6.14s
- Epoch 078, ExpID 21060
Train - Loss (one batch): 0.00330
Val - Loss, MSE, RMSE, MAE, MAPE: 0.00276, 0.00276, 0.05047, 0.03192, 194366.53%
Test - Best epoch, Loss, MSE, RMSE, MAE, MAPE: 50, 0.00268, 0.00268, 0.04994, 0.03201, 7.69%
Time spent: 6.14s
- Epoch 079, ExpID 21060
Train - Loss (one batch): 0.00192
Val - Loss, MSE, RMSE, MAE, MAPE: 0.00284, 0.00284, 0.05141, 0.03391, 200583.84%
Test - Best epoch, Loss, MSE, RMSE, MAE, MAPE: 50, 0.00268, 0.00268, 0.04994, 0.03201, 7.69%
Time spent: 6.52s
- Epoch 080, ExpID 21060
Train - Loss (one batch): 0.00201
Val - Loss, MSE, RMSE, MAE, MAPE: 0.00304, 0.00304, 0.05342, 0.03646, 201970.10%
Test - Best epoch, Loss, MSE, RMSE, MAE, MAPE: 50, 0.00268, 0.00268, 0.04994, 0.03201, 7.69%
Time spent: 6.18s
- Epoch 081, ExpID 21060
Train - Loss (one batch): 0.00210
Val - Loss, MSE, RMSE, MAE, MAPE: 0.00286, 0.00286, 0.05131, 0.03278, 186147.30%
Test - Best epoch, Loss, MSE, RMSE, MAE, MAPE: 50, 0.00268, 0.00268, 0.04994, 0.03201, 7.69%
Time spent: 6.12s
- Epoch 082, ExpID 21060
Train - Loss (one batch): 0.00211
Val - Loss, MSE, RMSE, MAE, MAPE: 0.00278, 0.00278, 0.05061, 0.03225, 193326.37%
Test - Best epoch, Loss, MSE, RMSE, MAE, MAPE: 50, 0.00268, 0.00268, 0.04994, 0.03201, 7.69%
Time spent: 6.11s
- Epoch 083, ExpID 21060
Train - Loss (one batch): 0.00191
Val - Loss, MSE, RMSE, MAE, MAPE: 0.00274, 0.00274, 0.05020, 0.03182, 188845.33%
Test - Best epoch, Loss, MSE, RMSE, MAE, MAPE: 50, 0.00268, 0.00268, 0.04994, 0.03201, 7.69%
Time spent: 6.59s
- Epoch 084, ExpID 21060
Train - Loss (one batch): 0.00287
Val - Loss, MSE, RMSE, MAE, MAPE: 0.00290, 0.00290, 0.05189, 0.03450, 212328.19%
Test - Best epoch, Loss, MSE, RMSE, MAE, MAPE: 50, 0.00268, 0.00268, 0.04994, 0.03201, 7.69%
Time spent: 6.14s
- Epoch 085, ExpID 21060
Train - Loss (one batch): 0.00367
Val - Loss, MSE, RMSE, MAE, MAPE: 0.00286, 0.00286, 0.05138, 0.03331, 197974.69%
Test - Best epoch, Loss, MSE, RMSE, MAE, MAPE: 50, 0.00268, 0.00268, 0.04994, 0.03201, 7.69%
Time spent: 6.25s
- Epoch 086, ExpID 21060
Train - Loss (one batch): 0.00263
Val - Loss, MSE, RMSE, MAE, MAPE: 0.00290, 0.00290, 0.05194, 0.03441, 210948.91%
Test - Best epoch, Loss, MSE, RMSE, MAE, MAPE: 50, 0.00268, 0.00268, 0.04994, 0.03201, 7.69%
Time spent: 6.14s
- Epoch 087, ExpID 21060
Train - Loss (one batch): 0.00214
Val - Loss, MSE, RMSE, MAE, MAPE: 0.00282, 0.00282, 0.05104, 0.03272, 201314.58%
Test - Best epoch, Loss, MSE, RMSE, MAE, MAPE: 50, 0.00268, 0.00268, 0.04994, 0.03201, 7.69%
Time spent: 6.08s
- Epoch 088, ExpID 21060
Train - Loss (one batch): 0.00208
Val - Loss, MSE, RMSE, MAE, MAPE: 0.00296, 0.00296, 0.05263, 0.03536, 206426.31%
Test - Best epoch, Loss, MSE, RMSE, MAE, MAPE: 50, 0.00268, 0.00268, 0.04994, 0.03201, 7.69%
Time spent: 6.11s
- Epoch 089, ExpID 21060
Train - Loss (one batch): 0.00230
Val - Loss, MSE, RMSE, MAE, MAPE: 0.00327, 0.00327, 0.05559, 0.03941, 205332.32%
Test - Best epoch, Loss, MSE, RMSE, MAE, MAPE: 50, 0.00268, 0.00268, 0.04994, 0.03201, 7.69%
Time spent: 6.13s
- Epoch 090, ExpID 21060
Train - Loss (one batch): 0.00182
Val - Loss, MSE, RMSE, MAE, MAPE: 0.00286, 0.00286, 0.05146, 0.03368, 201968.57%
Test - Best epoch, Loss, MSE, RMSE, MAE, MAPE: 50, 0.00268, 0.00268, 0.04994, 0.03201, 7.69%
Time spent: 6.51s
- Epoch 091, ExpID 21060
Train - Loss (one batch): 0.00238
Val - Loss, MSE, RMSE, MAE, MAPE: 0.00298, 0.00298, 0.05268, 0.03522, 198941.96%
Test - Best epoch, Loss, MSE, RMSE, MAE, MAPE: 50, 0.00268, 0.00268, 0.04994, 0.03201, 7.69%
Time spent: 6.10s
- Epoch 092, ExpID 21060
Train - Loss (one batch): 0.00247
Val - Loss, MSE, RMSE, MAE, MAPE: 0.00282, 0.00282, 0.05102, 0.03288, 196274.40%
Test - Best epoch, Loss, MSE, RMSE, MAE, MAPE: 50, 0.00268, 0.00268, 0.04994, 0.03201, 7.69%
Time spent: 6.23s
- Epoch 093, ExpID 21060
Train - Loss (one batch): 0.00193
Val - Loss, MSE, RMSE, MAE, MAPE: 0.00285, 0.00285, 0.05137, 0.03369, 196008.09%
Test - Best epoch, Loss, MSE, RMSE, MAE, MAPE: 50, 0.00268, 0.00268, 0.04994, 0.03201, 7.69%
Time spent: 6.26s
- Epoch 094, ExpID 21060
Train - Loss (one batch): 0.00184
Val - Loss, MSE, RMSE, MAE, MAPE: 0.00284, 0.00284, 0.05140, 0.03362, 195176.29%
Test - Best epoch, Loss, MSE, RMSE, MAE, MAPE: 50, 0.00268, 0.00268, 0.04994, 0.03201, 7.69%
Time spent: 6.58s
- Epoch 095, ExpID 21060
Train - Loss (one batch): 0.00234
Val - Loss, MSE, RMSE, MAE, MAPE: 0.00278, 0.00278, 0.05065, 0.03231, 187777.81%
Test - Best epoch, Loss, MSE, RMSE, MAE, MAPE: 50, 0.00268, 0.00268, 0.04994, 0.03201, 7.69%
Time spent: 6.09s
- Epoch 096, ExpID 21060
Train - Loss (one batch): 0.00197
Val - Loss, MSE, RMSE, MAE, MAPE: 0.00287, 0.00287, 0.05167, 0.03402, 198831.20%
Test - Best epoch, Loss, MSE, RMSE, MAE, MAPE: 50, 0.00268, 0.00268, 0.04994, 0.03201, 7.69%
Time spent: 6.49s
- Epoch 097, ExpID 21060
Train - Loss (one batch): 0.00202
Val - Loss, MSE, RMSE, MAE, MAPE: 0.00270, 0.00270, 0.04988, 0.03132, 197586.79%
Test - Best epoch, Loss, MSE, RMSE, MAE, MAPE: 97, 0.00266, 0.00266, 0.04975, 0.03159, 7.47%
Time spent: 6.79s
- Epoch 098, ExpID 21060
Train - Loss (one batch): 0.00339
Val - Loss, MSE, RMSE, MAE, MAPE: 0.00299, 0.00299, 0.05283, 0.03548, 212704.19%
Test - Best epoch, Loss, MSE, RMSE, MAE, MAPE: 97, 0.00266, 0.00266, 0.04975, 0.03159, 7.47%
Time spent: 6.07s
- Epoch 099, ExpID 21060
Train - Loss (one batch): 0.00231
Val - Loss, MSE, RMSE, MAE, MAPE: 0.00276, 0.00276, 0.05040, 0.03208, 205062.78%
Test - Best epoch, Loss, MSE, RMSE, MAE, MAPE: 97, 0.00266, 0.00266, 0.04975, 0.03159, 7.47%
Time spent: 6.08s
- Epoch 100, ExpID 21060
Train - Loss (one batch): 0.00182
Val - Loss, MSE, RMSE, MAE, MAPE: 0.00281, 0.00281, 0.05103, 0.03300, 196375.93%
Test - Best epoch, Loss, MSE, RMSE, MAE, MAPE: 97, 0.00266, 0.00266, 0.04975, 0.03159, 7.47%
Time spent: 6.64s
- Epoch 101, ExpID 21060
Train - Loss (one batch): 0.00175
Val - Loss, MSE, RMSE, MAE, MAPE: 0.00275, 0.00275, 0.05035, 0.03223, 201858.79%
Test - Best epoch, Loss, MSE, RMSE, MAE, MAPE: 97, 0.00266, 0.00266, 0.04975, 0.03159, 7.47%
Time spent: 6.14s
- Epoch 102, ExpID 21060
Train - Loss (one batch): 0.00189
Val - Loss, MSE, RMSE, MAE, MAPE: 0.00274, 0.00274, 0.05024, 0.03182, 195030.00%
Test - Best epoch, Loss, MSE, RMSE, MAE, MAPE: 97, 0.00266, 0.00266, 0.04975, 0.03159, 7.47%
Time spent: 6.44s
- Epoch 103, ExpID 21060
Train - Loss (one batch): 0.00240
Val - Loss, MSE, RMSE, MAE, MAPE: 0.00281, 0.00281, 0.05087, 0.03249, 200308.36%
Test - Best epoch, Loss, MSE, RMSE, MAE, MAPE: 97, 0.00266, 0.00266, 0.04975, 0.03159, 7.47%
Time spent: 6.42s
- Epoch 104, ExpID 21060
Train - Loss (one batch): 0.00266
Val - Loss, MSE, RMSE, MAE, MAPE: 0.00275, 0.00275, 0.05032, 0.03199, 205117.13%
Test - Best epoch, Loss, MSE, RMSE, MAE, MAPE: 97, 0.00266, 0.00266, 0.04975, 0.03159, 7.47%
Time spent: 6.17s
- Epoch 105, ExpID 21060
Train - Loss (one batch): 0.00217
Val - Loss, MSE, RMSE, MAE, MAPE: 0.00277, 0.00277, 0.05050, 0.03226, 196508.10%
Test - Best epoch, Loss, MSE, RMSE, MAE, MAPE: 97, 0.00266, 0.00266, 0.04975, 0.03159, 7.47%
Time spent: 6.20s
- Epoch 106, ExpID 21060
Train - Loss (one batch): 0.00216
Val - Loss, MSE, RMSE, MAE, MAPE: 0.00292, 0.00292, 0.05212, 0.03464, 202698.63%
Test - Best epoch, Loss, MSE, RMSE, MAE, MAPE: 97, 0.00266, 0.00266, 0.04975, 0.03159, 7.47%
Time spent: 6.21s
- Epoch 107, ExpID 21060
Train - Loss (one batch): 0.00275
Val - Loss, MSE, RMSE, MAE, MAPE: 0.00280, 0.00280, 0.05082, 0.03264, 200785.49%
Test - Best epoch, Loss, MSE, RMSE, MAE, MAPE: 97, 0.00266, 0.00266, 0.04975, 0.03159, 7.47%
Time spent: 6.19s
- Epoch 108, ExpID 21060
Train - Loss (one batch): 0.00278
Val - Loss, MSE, RMSE, MAE, MAPE: 0.00296, 0.00296, 0.05240, 0.03472, 211273.29%
Test - Best epoch, Loss, MSE, RMSE, MAE, MAPE: 97, 0.00266, 0.00266, 0.04975, 0.03159, 7.47%
Time spent: 6.19s
- Epoch 109, ExpID 21060
Train - Loss (one batch): 0.00194
Val - Loss, MSE, RMSE, MAE, MAPE: 0.00305, 0.00305, 0.05339, 0.03638, 203887.40%
Test - Best epoch, Loss, MSE, RMSE, MAE, MAPE: 97, 0.00266, 0.00266, 0.04975, 0.03159, 7.47%
Time spent: 6.14s
- Epoch 110, ExpID 21060
Train - Loss (one batch): 0.00152
Val - Loss, MSE, RMSE, MAE, MAPE: 0.00275, 0.00275, 0.05037, 0.03198, 200615.08%
Test - Best epoch, Loss, MSE, RMSE, MAE, MAPE: 97, 0.00266, 0.00266, 0.04975, 0.03159, 7.47%
Time spent: 6.43s
- Epoch 111, ExpID 21060
Train - Loss (one batch): 0.00230
Val - Loss, MSE, RMSE, MAE, MAPE: 0.00282, 0.00282, 0.05096, 0.03262, 186809.91%
Test - Best epoch, Loss, MSE, RMSE, MAE, MAPE: 97, 0.00266, 0.00266, 0.04975, 0.03159, 7.47%
Time spent: 6.48s
- Epoch 112, ExpID 21060
Train - Loss (one batch): 0.00178
Val - Loss, MSE, RMSE, MAE, MAPE: 0.00289, 0.00289, 0.05181, 0.03453, 205296.74%
Test - Best epoch, Loss, MSE, RMSE, MAE, MAPE: 97, 0.00266, 0.00266, 0.04975, 0.03159, 7.47%
Time spent: 6.70s
- Epoch 113, ExpID 21060
Train - Loss (one batch): 0.00404
Val - Loss, MSE, RMSE, MAE, MAPE: 0.00285, 0.00285, 0.05139, 0.03351, 203487.57%
Test - Best epoch, Loss, MSE, RMSE, MAE, MAPE: 97, 0.00266, 0.00266, 0.04975, 0.03159, 7.47%
Time spent: 6.15s
- Epoch 114, ExpID 21060
Train - Loss (one batch): 0.00206
Val - Loss, MSE, RMSE, MAE, MAPE: 0.00282, 0.00282, 0.05102, 0.03293, 199703.19%
Test - Best epoch, Loss, MSE, RMSE, MAE, MAPE: 97, 0.00266, 0.00266, 0.04975, 0.03159, 7.47%
Time spent: 6.71s
- Epoch 115, ExpID 21060
Train - Loss (one batch): 0.00198
Val - Loss, MSE, RMSE, MAE, MAPE: 0.00285, 0.00285, 0.05131, 0.03330, 205838.54%
Test - Best epoch, Loss, MSE, RMSE, MAE, MAPE: 97, 0.00266, 0.00266, 0.04975, 0.03159, 7.47%
Time spent: 6.23s
- Epoch 116, ExpID 21060
Train - Loss (one batch): 0.00226
Val - Loss, MSE, RMSE, MAE, MAPE: 0.00291, 0.00291, 0.05196, 0.03443, 209544.41%
Test - Best epoch, Loss, MSE, RMSE, MAE, MAPE: 97, 0.00266, 0.00266, 0.04975, 0.03159, 7.47%
Time spent: 6.21s
- Epoch 117, ExpID 21060
Train - Loss (one batch): 0.00136
Val - Loss, MSE, RMSE, MAE, MAPE: 0.00280, 0.00280, 0.05080, 0.03263, 202416.56%
Test - Best epoch, Loss, MSE, RMSE, MAE, MAPE: 97, 0.00266, 0.00266, 0.04975, 0.03159, 7.47%
Time spent: 6.25s
- Epoch 118, ExpID 21060
Train - Loss (one batch): 0.00141
Val - Loss, MSE, RMSE, MAE, MAPE: 0.00287, 0.00287, 0.05153, 0.03359, 196530.39%
Test - Best epoch, Loss, MSE, RMSE, MAE, MAPE: 97, 0.00266, 0.00266, 0.04975, 0.03159, 7.47%
Time spent: 6.17s
- Epoch 119, ExpID 21060
Train - Loss (one batch): 0.00265
Val - Loss, MSE, RMSE, MAE, MAPE: 0.00281, 0.00281, 0.05085, 0.03253, 201140.94%
Test - Best epoch, Loss, MSE, RMSE, MAE, MAPE: 97, 0.00266, 0.00266, 0.04975, 0.03159, 7.47%
Time spent: 6.91s
- Epoch 120, ExpID 21060
Train - Loss (one batch): 0.00321
Val - Loss, MSE, RMSE, MAE, MAPE: 0.00308, 0.00308, 0.05356, 0.03653, 204501.64%
Test - Best epoch, Loss, MSE, RMSE, MAE, MAPE: 97, 0.00266, 0.00266, 0.04975, 0.03159, 7.47%
Time spent: 6.78s
- Epoch 121, ExpID 21060
Train - Loss (one batch): 0.00153
Val - Loss, MSE, RMSE, MAE, MAPE: 0.00295, 0.00295, 0.05223, 0.03432, 205973.93%
Test - Best epoch, Loss, MSE, RMSE, MAE, MAPE: 97, 0.00266, 0.00266, 0.04975, 0.03159, 7.47%
Time spent: 6.19s
- Epoch 122, ExpID 21060
Train - Loss (one batch): 0.00203
Val - Loss, MSE, RMSE, MAE, MAPE: 0.00297, 0.00297, 0.05256, 0.03500, 203599.22%
Test - Best epoch, Loss, MSE, RMSE, MAE, MAPE: 97, 0.00266, 0.00266, 0.04975, 0.03159, 7.47%
Time spent: 6.14s
- Epoch 123, ExpID 21060
Train - Loss (one batch): 0.00260
Val - Loss, MSE, RMSE, MAE, MAPE: 0.00285, 0.00285, 0.05136, 0.03367, 204605.57%
Test - Best epoch, Loss, MSE, RMSE, MAE, MAPE: 97, 0.00266, 0.00266, 0.04975, 0.03159, 7.47%
Time spent: 6.51s
- Epoch 124, ExpID 21060
Train - Loss (one batch): 0.00292
Val - Loss, MSE, RMSE, MAE, MAPE: 0.00290, 0.00290, 0.05184, 0.03408, 198494.40%
Test - Best epoch, Loss, MSE, RMSE, MAE, MAPE: 97, 0.00266, 0.00266, 0.04975, 0.03159, 7.47%
Time spent: 6.13s
- Epoch 125, ExpID 21060
Train - Loss (one batch): 0.00209
Val - Loss, MSE, RMSE, MAE, MAPE: 0.00275, 0.00275, 0.05027, 0.03189, 201586.79%
Test - Best epoch, Loss, MSE, RMSE, MAE, MAPE: 97, 0.00266, 0.00266, 0.04975, 0.03159, 7.47%
Time spent: 6.16s
- Epoch 126, ExpID 21060
Train - Loss (one batch): 0.00200
Val - Loss, MSE, RMSE, MAE, MAPE: 0.00299, 0.00299, 0.05262, 0.03472, 208320.16%
Test - Best epoch, Loss, MSE, RMSE, MAE, MAPE: 97, 0.00266, 0.00266, 0.04975, 0.03159, 7.47%
Time spent: 6.24s
- Epoch 127, ExpID 21060
Train - Loss (one batch): 0.00323
Val - Loss, MSE, RMSE, MAE, MAPE: 0.00276, 0.00276, 0.05036, 0.03188, 199376.46%
Test - Best epoch, Loss, MSE, RMSE, MAE, MAPE: 97, 0.00266, 0.00266, 0.04975, 0.03159, 7.47%
Time spent: 6.60s
- Epoch 128, ExpID 21060
Train - Loss (one batch): 0.00092
Val - Loss, MSE, RMSE, MAE, MAPE: 0.00296, 0.00296, 0.05241, 0.03463, 197905.64%
Test - Best epoch, Loss, MSE, RMSE, MAE, MAPE: 97, 0.00266, 0.00266, 0.04975, 0.03159, 7.47%
Time spent: 6.11s
- Epoch 129, ExpID 21060
Train - Loss (one batch): 0.00153
Val - Loss, MSE, RMSE, MAE, MAPE: 0.00276, 0.00276, 0.05035, 0.03174, 204816.75%
Test - Best epoch, Loss, MSE, RMSE, MAE, MAPE: 97, 0.00266, 0.00266, 0.04975, 0.03159, 7.47%
Time spent: 6.16s
- Epoch 130, ExpID 21060
Train - Loss (one batch): 0.00189
Val - Loss, MSE, RMSE, MAE, MAPE: 0.00301, 0.00301, 0.05306, 0.03607, 207878.83%
Test - Best epoch, Loss, MSE, RMSE, MAE, MAPE: 97, 0.00266, 0.00266, 0.04975, 0.03159, 7.47%
Time spent: 6.62s
- Epoch 131, ExpID 21060
Train - Loss (one batch): 0.00154
Val - Loss, MSE, RMSE, MAE, MAPE: 0.00294, 0.00294, 0.05219, 0.03436, 194468.78%
Test - Best epoch, Loss, MSE, RMSE, MAE, MAPE: 97, 0.00266, 0.00266, 0.04975, 0.03159, 7.47%
Time spent: 6.14s
- Epoch 132, ExpID 21060
Train - Loss (one batch): 0.00205
Val - Loss, MSE, RMSE, MAE, MAPE: 0.00275, 0.00275, 0.05023, 0.03169, 206112.51%
Test - Best epoch, Loss, MSE, RMSE, MAE, MAPE: 97, 0.00266, 0.00266, 0.04975, 0.03159, 7.47%
Time spent: 6.58s
- Epoch 133, ExpID 21060
Train - Loss (one batch): 0.00205
Val - Loss, MSE, RMSE, MAE, MAPE: 0.00296, 0.00296, 0.05241, 0.03469, 206943.45%
Test - Best epoch, Loss, MSE, RMSE, MAE, MAPE: 97, 0.00266, 0.00266, 0.04975, 0.03159, 7.47%
Time spent: 6.49s
- Epoch 134, ExpID 21060
Train - Loss (one batch): 0.00319
Val - Loss, MSE, RMSE, MAE, MAPE: 0.00294, 0.00294, 0.05194, 0.03376, 198174.88%
Test - Best epoch, Loss, MSE, RMSE, MAE, MAPE: 97, 0.00266, 0.00266, 0.04975, 0.03159, 7.47%
Time spent: 6.46s
- Epoch 135, ExpID 21060
Train - Loss (one batch): 0.00241
Val - Loss, MSE, RMSE, MAE, MAPE: 0.00301, 0.00301, 0.05295, 0.03558, 204076.74%
Test - Best epoch, Loss, MSE, RMSE, MAE, MAPE: 97, 0.00266, 0.00266, 0.04975, 0.03159, 7.47%
Time spent: 6.14s
- Epoch 136, ExpID 21060
Train - Loss (one batch): 0.00190
Val - Loss, MSE, RMSE, MAE, MAPE: 0.00310, 0.00310, 0.05388, 0.03692, 203926.76%
Test - Best epoch, Loss, MSE, RMSE, MAE, MAPE: 97, 0.00266, 0.00266, 0.04975, 0.03159, 7.47%
Time spent: 6.12s
- Epoch 137, ExpID 21060
Train - Loss (one batch): 0.00209
Val - Loss, MSE, RMSE, MAE, MAPE: 0.00277, 0.00277, 0.05049, 0.03208, 205458.88%
Test - Best epoch, Loss, MSE, RMSE, MAE, MAPE: 97, 0.00266, 0.00266, 0.04975, 0.03159, 7.47%
Time spent: 6.66s
- Epoch 138, ExpID 21060
Train - Loss (one batch): 0.00235
Val - Loss, MSE, RMSE, MAE, MAPE: 0.00284, 0.00284, 0.05121, 0.03334, 199688.75%
Test - Best epoch, Loss, MSE, RMSE, MAE, MAPE: 97, 0.00266, 0.00266, 0.04975, 0.03159, 7.47%
Time spent: 6.13s
- Epoch 139, ExpID 21060
Train - Loss (one batch): 0.00249
Val - Loss, MSE, RMSE, MAE, MAPE: 0.00295, 0.00295, 0.05224, 0.03465, 208562.83%
Test - Best epoch, Loss, MSE, RMSE, MAE, MAPE: 97, 0.00266, 0.00266, 0.04975, 0.03159, 7.47%
Time spent: 6.25s
- Epoch 140, ExpID 21060
Train - Loss (one batch): 0.00157
Val - Loss, MSE, RMSE, MAE, MAPE: 0.00288, 0.00288, 0.05158, 0.03371, 205701.15%
Test - Best epoch, Loss, MSE, RMSE, MAE, MAPE: 97, 0.00266, 0.00266, 0.04975, 0.03159, 7.47%
Time spent: 6.20s
- Epoch 141, ExpID 21060
Train - Loss (one batch): 0.00214
Val - Loss, MSE, RMSE, MAE, MAPE: 0.00286, 0.00286, 0.05135, 0.03327, 206613.52%
Test - Best epoch, Loss, MSE, RMSE, MAE, MAPE: 97, 0.00266, 0.00266, 0.04975, 0.03159, 7.47%
Time spent: 6.21s
- Epoch 142, ExpID 21060
Train - Loss (one batch): 0.00183
Val - Loss, MSE, RMSE, MAE, MAPE: 0.00288, 0.00288, 0.05158, 0.03384, 207232.98%
Test - Best epoch, Loss, MSE, RMSE, MAE, MAPE: 97, 0.00266, 0.00266, 0.04975, 0.03159, 7.47%
Time spent: 6.31s
- Epoch 143, ExpID 21060
Train - Loss (one batch): 0.00171
Val - Loss, MSE, RMSE, MAE, MAPE: 0.00283, 0.00283, 0.05105, 0.03285, 208145.78%
Test - Best epoch, Loss, MSE, RMSE, MAE, MAPE: 97, 0.00266, 0.00266, 0.04975, 0.03159, 7.47%
Time spent: 6.14s
- Epoch 144, ExpID 21060
Train - Loss (one batch): 0.00179
Val - Loss, MSE, RMSE, MAE, MAPE: 0.00279, 0.00279, 0.05055, 0.03193, 201849.40%
Test - Best epoch, Loss, MSE, RMSE, MAE, MAPE: 97, 0.00266, 0.00266, 0.04975, 0.03159, 7.47%
Time spent: 6.21s
- Epoch 145, ExpID 21060
Train - Loss (one batch): 0.00253
Val - Loss, MSE, RMSE, MAE, MAPE: 0.00333, 0.00333, 0.05606, 0.03980, 216963.56%
Test - Best epoch, Loss, MSE, RMSE, MAE, MAPE: 97, 0.00266, 0.00266, 0.04975, 0.03159, 7.47%
Time spent: 6.20s
- Epoch 146, ExpID 21060
Train - Loss (one batch): 0.00232
Val - Loss, MSE, RMSE, MAE, MAPE: 0.00284, 0.00284, 0.05120, 0.03310, 201087.71%
Test - Best epoch, Loss, MSE, RMSE, MAE, MAPE: 97, 0.00266, 0.00266, 0.04975, 0.03159, 7.47%
Time spent: 6.63s
- Epoch 147, ExpID 21060
Train - Loss (one batch): 0.00190
Val - Loss, MSE, RMSE, MAE, MAPE: 0.00281, 0.00281, 0.05081, 0.03259, 195463.52%
Test - Best epoch, Loss, MSE, RMSE, MAE, MAPE: 97, 0.00266, 0.00266, 0.04975, 0.03159, 7.47%
Time spent: 6.15s
- Epoch 148, ExpID 21060
Train - Loss (one batch): 0.00173
Val - Loss, MSE, RMSE, MAE, MAPE: 0.00295, 0.00295, 0.05226, 0.03486, 207272.78%
Test - Best epoch, Loss, MSE, RMSE, MAE, MAPE: 97, 0.00266, 0.00266, 0.04975, 0.03159, 7.47%
Time spent: 6.84s
- Epoch 149, ExpID 21060
Train - Loss (one batch): 0.00180
Val - Loss, MSE, RMSE, MAE, MAPE: 0.00292, 0.00292, 0.05195, 0.03414, 203799.22%
Test - Best epoch, Loss, MSE, RMSE, MAE, MAPE: 97, 0.00266, 0.00266, 0.04975, 0.03159, 7.47%
Time spent: 6.25s
- Epoch 150, ExpID 21060
Train - Loss (one batch): 0.00202
Val - Loss, MSE, RMSE, MAE, MAPE: 0.00303, 0.00303, 0.05308, 0.03570, 204229.41%
Test - Best epoch, Loss, MSE, RMSE, MAE, MAPE: 97, 0.00266, 0.00266, 0.04975, 0.03159, 7.47%
Time spent: 5.72s
- Epoch 151, ExpID 21060
Train - Loss (one batch): 0.00237
Val - Loss, MSE, RMSE, MAE, MAPE: 0.00278, 0.00278, 0.05057, 0.03242, 204143.48%
Test - Best epoch, Loss, MSE, RMSE, MAE, MAPE: 97, 0.00266, 0.00266, 0.04975, 0.03159, 7.47%
Time spent: 6.72s
- Epoch 152, ExpID 21060
Train - Loss (one batch): 0.00204
Val - Loss, MSE, RMSE, MAE, MAPE: 0.00277, 0.00277, 0.05036, 0.03186, 203803.53%
Test - Best epoch, Loss, MSE, RMSE, MAE, MAPE: 97, 0.00266, 0.00266, 0.04975, 0.03159, 7.47%
Time spent: 6.61s
- Epoch 153, ExpID 21060
Train - Loss (one batch): 0.00239
Val - Loss, MSE, RMSE, MAE, MAPE: 0.00279, 0.00279, 0.05060, 0.03229, 202633.50%
Test - Best epoch, Loss, MSE, RMSE, MAE, MAPE: 97, 0.00266, 0.00266, 0.04975, 0.03159, 7.47%
Time spent: 6.25s
- Epoch 154, ExpID 21060
Train - Loss (one batch): 0.00219
Val - Loss, MSE, RMSE, MAE, MAPE: 0.00304, 0.00304, 0.05311, 0.03548, 205904.37%
Test - Best epoch, Loss, MSE, RMSE, MAE, MAPE: 97, 0.00266, 0.00266, 0.04975, 0.03159, 7.47%
Time spent: 6.75s
- Epoch 155, ExpID 21060
Train - Loss (one batch): 0.00140
Val - Loss, MSE, RMSE, MAE, MAPE: 0.00294, 0.00294, 0.05215, 0.03431, 202485.21%
Test - Best epoch, Loss, MSE, RMSE, MAE, MAPE: 97, 0.00266, 0.00266, 0.04975, 0.03159, 7.47%
Time spent: 6.66s
- Epoch 156, ExpID 21060
Train - Loss (one batch): 0.00249
Val - Loss, MSE, RMSE, MAE, MAPE: 0.00293, 0.00293, 0.05199, 0.03417, 203033.78%
Test - Best epoch, Loss, MSE, RMSE, MAE, MAPE: 97, 0.00266, 0.00266, 0.04975, 0.03159, 7.47%
Time spent: 6.20s
- Epoch 157, ExpID 21060
Train - Loss (one batch): 0.00218
Val - Loss, MSE, RMSE, MAE, MAPE: 0.00280, 0.00280, 0.05062, 0.03210, 198841.13%
Test - Best epoch, Loss, MSE, RMSE, MAE, MAPE: 97, 0.00266, 0.00266, 0.04975, 0.03159, 7.47%
Time spent: 6.16s
