
CondaError: Run 'conda init' before 'conda activate'

/home/solgi/srptpatch/run_models.py
2025-10-06 00:09:22
run_models.py --dataset activity --state def --history 3000 --patience 10 --batch_size 32 --lr 1e-3 --patch_size 300 --stride 300 --nhead 1 --tf_layer 1 --nlayer 1 --te_dim 10 --node_dim 10 --hid_dim 32 --outlayer Linear --seed 1 --gpu 0
Namespace(state='def', n=100000000, hop=1, nhead=1, tf_layer=1, nlayer=1, epoch=1000, patience=10, history=3000, patch_size=300.0, stride=300.0, logmode='a', lr=0.001, w_decay=0.0, batch_size=32, save='experiments/', load=None, seed=1, dataset='activity', quantization=0.0, model='tPatchGNN', outlayer='Linear', hid_dim=32, te_dim=10, node_dim=10, gpu='0', npatch=10, device=device(type='cuda'), PID=2192875, pred_window=1000, ndim=12)
- Epoch 000, ExpID 57097
Train - Loss (one batch): 0.01283
Val - Loss, MSE, RMSE, MAE, MAPE: 0.01042, 0.01042, 0.10208, 0.07807, 20.53%
Test - Best epoch, Loss, MSE, RMSE, MAE, MAPE: 0, 0.00988, 0.00988, 0.09939, 0.07690, 18.03%
Time spent: 10.14s
- Epoch 001, ExpID 57097
Train - Loss (one batch): 0.00260
Val - Loss, MSE, RMSE, MAE, MAPE: 0.00349, 0.00349, 0.05910, 0.03632, 9.48%
Test - Best epoch, Loss, MSE, RMSE, MAE, MAPE: 1, 0.00323, 0.00323, 0.05682, 0.03521, 8.17%
Time spent: 3.22s
- Epoch 002, ExpID 57097
Train - Loss (one batch): 0.00290
Val - Loss, MSE, RMSE, MAE, MAPE: 0.00342, 0.00342, 0.05844, 0.03667, 9.45%
Test - Best epoch, Loss, MSE, RMSE, MAE, MAPE: 2, 0.00320, 0.00320, 0.05654, 0.03582, 8.25%
Time spent: 3.22s
- Epoch 003, ExpID 57097
Train - Loss (one batch): 0.00229
Val - Loss, MSE, RMSE, MAE, MAPE: 0.00326, 0.00326, 0.05708, 0.03487, 8.91%
Test - Best epoch, Loss, MSE, RMSE, MAE, MAPE: 3, 0.00305, 0.00305, 0.05519, 0.03407, 7.75%
Time spent: 3.22s
- Epoch 004, ExpID 57097
Train - Loss (one batch): 0.00291
Val - Loss, MSE, RMSE, MAE, MAPE: 0.00324, 0.00324, 0.05692, 0.03482, 8.95%
Test - Best epoch, Loss, MSE, RMSE, MAE, MAPE: 4, 0.00304, 0.00304, 0.05514, 0.03417, 7.81%
Time spent: 3.28s
- Epoch 005, ExpID 57097
Train - Loss (one batch): 0.00430
Val - Loss, MSE, RMSE, MAE, MAPE: 0.00312, 0.00312, 0.05582, 0.03403, 8.82%
Test - Best epoch, Loss, MSE, RMSE, MAE, MAPE: 5, 0.00293, 0.00293, 0.05415, 0.03343, 7.70%
Time spent: 3.11s
- Epoch 006, ExpID 57097
Train - Loss (one batch): 0.00286
Val - Loss, MSE, RMSE, MAE, MAPE: 0.00310, 0.00310, 0.05564, 0.03413, 8.78%
Test - Best epoch, Loss, MSE, RMSE, MAE, MAPE: 6, 0.00293, 0.00293, 0.05410, 0.03360, 7.71%
Time spent: 3.28s
- Epoch 007, ExpID 57097
Train - Loss (one batch): 0.00295
Val - Loss, MSE, RMSE, MAE, MAPE: 0.00317, 0.00317, 0.05627, 0.03520, 9.19%
Test - Best epoch, Loss, MSE, RMSE, MAE, MAPE: 6, 0.00293, 0.00293, 0.05410, 0.03360, 7.71%
Time spent: 2.93s
- Epoch 008, ExpID 57097
Train - Loss (one batch): 0.00351
Val - Loss, MSE, RMSE, MAE, MAPE: 0.00313, 0.00313, 0.05592, 0.03404, 8.64%
Test - Best epoch, Loss, MSE, RMSE, MAE, MAPE: 6, 0.00293, 0.00293, 0.05410, 0.03360, 7.71%
Time spent: 2.81s
- Epoch 009, ExpID 57097
Train - Loss (one batch): 0.00181
Val - Loss, MSE, RMSE, MAE, MAPE: 0.00347, 0.00347, 0.05888, 0.03921, 10.05%
Test - Best epoch, Loss, MSE, RMSE, MAE, MAPE: 6, 0.00293, 0.00293, 0.05410, 0.03360, 7.71%
Time spent: 2.76s
- Epoch 010, ExpID 57097
Train - Loss (one batch): 0.00292
Val - Loss, MSE, RMSE, MAE, MAPE: 0.00382, 0.00382, 0.06180, 0.04341, 10.88%
Test - Best epoch, Loss, MSE, RMSE, MAE, MAPE: 6, 0.00293, 0.00293, 0.05410, 0.03360, 7.71%
Time spent: 2.71s
- Epoch 011, ExpID 57097
Train - Loss (one batch): 0.00162
Val - Loss, MSE, RMSE, MAE, MAPE: 0.00306, 0.00306, 0.05528, 0.03413, 8.58%
Test - Best epoch, Loss, MSE, RMSE, MAE, MAPE: 11, 0.00291, 0.00291, 0.05395, 0.03379, 7.60%
Time spent: 3.15s
- Epoch 012, ExpID 57097
Train - Loss (one batch): 0.00245
Val - Loss, MSE, RMSE, MAE, MAPE: 0.00317, 0.00317, 0.05630, 0.03569, 8.77%
Test - Best epoch, Loss, MSE, RMSE, MAE, MAPE: 11, 0.00291, 0.00291, 0.05395, 0.03379, 7.60%
Time spent: 2.76s
- Epoch 013, ExpID 57097
Train - Loss (one batch): 0.00292
Val - Loss, MSE, RMSE, MAE, MAPE: 0.00305, 0.00305, 0.05525, 0.03374, 8.67%
Test - Best epoch, Loss, MSE, RMSE, MAE, MAPE: 13, 0.00289, 0.00289, 0.05373, 0.03318, 7.65%
Time spent: 3.16s
- Epoch 014, ExpID 57097
Train - Loss (one batch): 0.00143
Val - Loss, MSE, RMSE, MAE, MAPE: 0.00306, 0.00306, 0.05530, 0.03392, 8.52%
Test - Best epoch, Loss, MSE, RMSE, MAE, MAPE: 13, 0.00289, 0.00289, 0.05373, 0.03318, 7.65%
Time spent: 2.74s
- Epoch 015, ExpID 57097
Train - Loss (one batch): 0.00257
Val - Loss, MSE, RMSE, MAE, MAPE: 0.00308, 0.00308, 0.05552, 0.03406, 8.66%
Test - Best epoch, Loss, MSE, RMSE, MAE, MAPE: 13, 0.00289, 0.00289, 0.05373, 0.03318, 7.65%
Time spent: 2.79s
- Epoch 016, ExpID 57097
Train - Loss (one batch): 0.00189
Val - Loss, MSE, RMSE, MAE, MAPE: 0.00303, 0.00303, 0.05500, 0.03377, 8.70%
Test - Best epoch, Loss, MSE, RMSE, MAE, MAPE: 16, 0.00286, 0.00286, 0.05348, 0.03316, 7.65%
Time spent: 3.10s
- Epoch 017, ExpID 57097
Train - Loss (one batch): 0.00316
Val - Loss, MSE, RMSE, MAE, MAPE: 0.00306, 0.00306, 0.05529, 0.03460, 9.11%
Test - Best epoch, Loss, MSE, RMSE, MAE, MAPE: 16, 0.00286, 0.00286, 0.05348, 0.03316, 7.65%
Time spent: 2.76s
- Epoch 018, ExpID 57097
Train - Loss (one batch): 0.00353
Val - Loss, MSE, RMSE, MAE, MAPE: 0.00328, 0.00328, 0.05724, 0.03757, 9.95%
Test - Best epoch, Loss, MSE, RMSE, MAE, MAPE: 16, 0.00286, 0.00286, 0.05348, 0.03316, 7.65%
Time spent: 2.76s
- Epoch 019, ExpID 57097
Train - Loss (one batch): 0.00266
Val - Loss, MSE, RMSE, MAE, MAPE: 0.00294, 0.00294, 0.05424, 0.03305, 8.52%
Test - Best epoch, Loss, MSE, RMSE, MAE, MAPE: 19, 0.00279, 0.00279, 0.05285, 0.03259, 7.50%
Time spent: 3.44s
- Epoch 020, ExpID 57097
Train - Loss (one batch): 0.00271
Val - Loss, MSE, RMSE, MAE, MAPE: 0.00296, 0.00296, 0.05444, 0.03326, 8.63%
Test - Best epoch, Loss, MSE, RMSE, MAE, MAPE: 19, 0.00279, 0.00279, 0.05285, 0.03259, 7.50%
Time spent: 2.74s
- Epoch 021, ExpID 57097
Train - Loss (one batch): 0.00299
Val - Loss, MSE, RMSE, MAE, MAPE: 0.00296, 0.00296, 0.05436, 0.03325, 8.41%
Test - Best epoch, Loss, MSE, RMSE, MAE, MAPE: 19, 0.00279, 0.00279, 0.05285, 0.03259, 7.50%
Time spent: 2.73s
- Epoch 022, ExpID 57097
Train - Loss (one batch): 0.00251
Val - Loss, MSE, RMSE, MAE, MAPE: 0.00297, 0.00297, 0.05449, 0.03326, 8.56%
Test - Best epoch, Loss, MSE, RMSE, MAE, MAPE: 19, 0.00279, 0.00279, 0.05285, 0.03259, 7.50%
Time spent: 2.79s
- Epoch 023, ExpID 57097
Train - Loss (one batch): 0.00288
Val - Loss, MSE, RMSE, MAE, MAPE: 0.00321, 0.00321, 0.05667, 0.03702, 9.70%
Test - Best epoch, Loss, MSE, RMSE, MAE, MAPE: 19, 0.00279, 0.00279, 0.05285, 0.03259, 7.50%
Time spent: 2.74s
- Epoch 024, ExpID 57097
Train - Loss (one batch): 0.00288
Val - Loss, MSE, RMSE, MAE, MAPE: 0.00296, 0.00296, 0.05438, 0.03375, 8.50%
Test - Best epoch, Loss, MSE, RMSE, MAE, MAPE: 19, 0.00279, 0.00279, 0.05285, 0.03259, 7.50%
Time spent: 2.77s
- Epoch 025, ExpID 57097
Train - Loss (one batch): 0.00293
Val - Loss, MSE, RMSE, MAE, MAPE: 0.00307, 0.00307, 0.05544, 0.03524, 8.73%
Test - Best epoch, Loss, MSE, RMSE, MAE, MAPE: 19, 0.00279, 0.00279, 0.05285, 0.03259, 7.50%
Time spent: 2.80s
- Epoch 026, ExpID 57097
Train - Loss (one batch): 0.00288
Val - Loss, MSE, RMSE, MAE, MAPE: 0.00301, 0.00301, 0.05486, 0.03398, 8.49%
Test - Best epoch, Loss, MSE, RMSE, MAE, MAPE: 19, 0.00279, 0.00279, 0.05285, 0.03259, 7.50%
Time spent: 3.36s
- Epoch 027, ExpID 57097
Train - Loss (one batch): 0.00359
Val - Loss, MSE, RMSE, MAE, MAPE: 0.00300, 0.00300, 0.05478, 0.03430, 8.52%
Test - Best epoch, Loss, MSE, RMSE, MAE, MAPE: 19, 0.00279, 0.00279, 0.05285, 0.03259, 7.50%
Time spent: 3.34s
- Epoch 028, ExpID 57097
Train - Loss (one batch): 0.00312
Val - Loss, MSE, RMSE, MAE, MAPE: 0.00352, 0.00352, 0.05929, 0.04071, 9.61%
Test - Best epoch, Loss, MSE, RMSE, MAE, MAPE: 19, 0.00279, 0.00279, 0.05285, 0.03259, 7.50%
Time spent: 3.03s
- Epoch 029, ExpID 57097
Train - Loss (one batch): 0.00283
Val - Loss, MSE, RMSE, MAE, MAPE: 0.00301, 0.00301, 0.05486, 0.03475, 8.60%
Test - Best epoch, Loss, MSE, RMSE, MAE, MAPE: 19, 0.00279, 0.00279, 0.05285, 0.03259, 7.50%
Time spent: 3.13s
/home/solgi/srptpatch/run_models.py
2025-10-06 00:11:05
run_models.py --dataset activity --state def --history 3000 --patience 10 --batch_size 32 --lr 1e-3 --patch_size 300 --stride 300 --nhead 1 --tf_layer 1 --nlayer 1 --te_dim 10 --node_dim 10 --hid_dim 32 --outlayer Linear --seed 2 --gpu 0
Namespace(state='def', n=100000000, hop=1, nhead=1, tf_layer=1, nlayer=1, epoch=1000, patience=10, history=3000, patch_size=300.0, stride=300.0, logmode='a', lr=0.001, w_decay=0.0, batch_size=32, save='experiments/', load=None, seed=2, dataset='activity', quantization=0.0, model='tPatchGNN', outlayer='Linear', hid_dim=32, te_dim=10, node_dim=10, gpu='0', npatch=10, device=device(type='cuda'), PID=2192913, pred_window=1000, ndim=12)
- Epoch 000, ExpID 50377
Train - Loss (one batch): 0.00546
Val - Loss, MSE, RMSE, MAE, MAPE: 0.00686, 0.00686, 0.08284, 0.06535, 15.04%
Test - Best epoch, Loss, MSE, RMSE, MAE, MAPE: 0, 0.00685, 0.00685, 0.08277, 0.06548, 13.87%
Time spent: 3.94s
- Epoch 001, ExpID 50377
Train - Loss (one batch): 0.00266
Val - Loss, MSE, RMSE, MAE, MAPE: 0.00367, 0.00367, 0.06059, 0.04047, 9.91%
Test - Best epoch, Loss, MSE, RMSE, MAE, MAPE: 1, 0.00354, 0.00354, 0.05952, 0.03992, 8.77%
Time spent: 3.12s
- Epoch 002, ExpID 50377
Train - Loss (one batch): 0.00263
Val - Loss, MSE, RMSE, MAE, MAPE: 0.00336, 0.00336, 0.05794, 0.03585, 9.03%
Test - Best epoch, Loss, MSE, RMSE, MAE, MAPE: 2, 0.00320, 0.00320, 0.05653, 0.03511, 7.94%
Time spent: 3.20s
- Epoch 003, ExpID 50377
Train - Loss (one batch): 0.00344
Val - Loss, MSE, RMSE, MAE, MAPE: 0.00315, 0.00315, 0.05617, 0.03433, 8.98%
Test - Best epoch, Loss, MSE, RMSE, MAE, MAPE: 3, 0.00300, 0.00300, 0.05473, 0.03370, 7.83%
Time spent: 3.10s
- Epoch 004, ExpID 50377
Train - Loss (one batch): 0.00406
Val - Loss, MSE, RMSE, MAE, MAPE: 0.00341, 0.00341, 0.05839, 0.03789, 9.28%
Test - Best epoch, Loss, MSE, RMSE, MAE, MAPE: 3, 0.00300, 0.00300, 0.05473, 0.03370, 7.83%
Time spent: 2.75s
- Epoch 005, ExpID 50377
Train - Loss (one batch): 0.00378
Val - Loss, MSE, RMSE, MAE, MAPE: 0.00346, 0.00346, 0.05886, 0.03829, 9.38%
Test - Best epoch, Loss, MSE, RMSE, MAE, MAPE: 3, 0.00300, 0.00300, 0.05473, 0.03370, 7.83%
Time spent: 2.73s
- Epoch 006, ExpID 50377
Train - Loss (one batch): 0.00175
Val - Loss, MSE, RMSE, MAE, MAPE: 0.00317, 0.00317, 0.05628, 0.03424, 8.86%
Test - Best epoch, Loss, MSE, RMSE, MAE, MAPE: 3, 0.00300, 0.00300, 0.05473, 0.03370, 7.83%
Time spent: 3.12s
- Epoch 007, ExpID 50377
Train - Loss (one batch): 0.00448
Val - Loss, MSE, RMSE, MAE, MAPE: 0.00308, 0.00308, 0.05548, 0.03349, 8.66%
Test - Best epoch, Loss, MSE, RMSE, MAE, MAPE: 7, 0.00294, 0.00294, 0.05419, 0.03298, 7.57%
Time spent: 3.42s
- Epoch 008, ExpID 50377
Train - Loss (one batch): 0.00256
Val - Loss, MSE, RMSE, MAE, MAPE: 0.00316, 0.00316, 0.05622, 0.03378, 8.67%
Test - Best epoch, Loss, MSE, RMSE, MAE, MAPE: 7, 0.00294, 0.00294, 0.05419, 0.03298, 7.57%
Time spent: 2.69s
- Epoch 009, ExpID 50377
Train - Loss (one batch): 0.00285
Val - Loss, MSE, RMSE, MAE, MAPE: 0.00332, 0.00332, 0.05758, 0.03589, 8.99%
Test - Best epoch, Loss, MSE, RMSE, MAE, MAPE: 7, 0.00294, 0.00294, 0.05419, 0.03298, 7.57%
Time spent: 2.73s
- Epoch 010, ExpID 50377
Train - Loss (one batch): 0.00206
Val - Loss, MSE, RMSE, MAE, MAPE: 0.00313, 0.00313, 0.05598, 0.03406, 8.62%
Test - Best epoch, Loss, MSE, RMSE, MAE, MAPE: 7, 0.00294, 0.00294, 0.05419, 0.03298, 7.57%
Time spent: 2.74s
- Epoch 011, ExpID 50377
Train - Loss (one batch): 0.00236
Val - Loss, MSE, RMSE, MAE, MAPE: 0.00317, 0.00317, 0.05631, 0.03410, 8.73%
Test - Best epoch, Loss, MSE, RMSE, MAE, MAPE: 7, 0.00294, 0.00294, 0.05419, 0.03298, 7.57%
Time spent: 2.69s
- Epoch 012, ExpID 50377
Train - Loss (one batch): 0.00264
Val - Loss, MSE, RMSE, MAE, MAPE: 0.00335, 0.00335, 0.05786, 0.03739, 9.13%
Test - Best epoch, Loss, MSE, RMSE, MAE, MAPE: 7, 0.00294, 0.00294, 0.05419, 0.03298, 7.57%
Time spent: 2.69s
- Epoch 013, ExpID 50377
Train - Loss (one batch): 0.00263
Val - Loss, MSE, RMSE, MAE, MAPE: 0.00313, 0.00313, 0.05595, 0.03362, 8.58%
Test - Best epoch, Loss, MSE, RMSE, MAE, MAPE: 7, 0.00294, 0.00294, 0.05419, 0.03298, 7.57%
Time spent: 2.70s
- Epoch 014, ExpID 50377
Train - Loss (one batch): 0.00287
Val - Loss, MSE, RMSE, MAE, MAPE: 0.00307, 0.00307, 0.05537, 0.03316, 8.53%
Test - Best epoch, Loss, MSE, RMSE, MAE, MAPE: 14, 0.00292, 0.00292, 0.05408, 0.03267, 7.50%
Time spent: 3.11s
- Epoch 015, ExpID 50377
Train - Loss (one batch): 0.00341
Val - Loss, MSE, RMSE, MAE, MAPE: 0.00307, 0.00307, 0.05541, 0.03328, 8.48%
Test - Best epoch, Loss, MSE, RMSE, MAE, MAPE: 14, 0.00292, 0.00292, 0.05408, 0.03267, 7.50%
Time spent: 2.71s
- Epoch 016, ExpID 50377
Train - Loss (one batch): 0.00251
Val - Loss, MSE, RMSE, MAE, MAPE: 0.00312, 0.00312, 0.05582, 0.03361, 8.56%
Test - Best epoch, Loss, MSE, RMSE, MAE, MAPE: 14, 0.00292, 0.00292, 0.05408, 0.03267, 7.50%
Time spent: 2.72s
- Epoch 017, ExpID 50377
Train - Loss (one batch): 0.00184
Val - Loss, MSE, RMSE, MAE, MAPE: 0.00306, 0.00306, 0.05534, 0.03354, 8.72%
Test - Best epoch, Loss, MSE, RMSE, MAE, MAPE: 17, 0.00291, 0.00291, 0.05398, 0.03312, 7.72%
Time spent: 3.12s
- Epoch 018, ExpID 50377
Train - Loss (one batch): 0.00337
Val - Loss, MSE, RMSE, MAE, MAPE: 0.00318, 0.00318, 0.05639, 0.03504, 8.92%
Test - Best epoch, Loss, MSE, RMSE, MAE, MAPE: 17, 0.00291, 0.00291, 0.05398, 0.03312, 7.72%
Time spent: 2.69s
- Epoch 019, ExpID 50377
Train - Loss (one batch): 0.00209
Val - Loss, MSE, RMSE, MAE, MAPE: 0.00326, 0.00326, 0.05707, 0.03677, 9.57%
Test - Best epoch, Loss, MSE, RMSE, MAE, MAPE: 17, 0.00291, 0.00291, 0.05398, 0.03312, 7.72%
Time spent: 2.80s
- Epoch 020, ExpID 50377
Train - Loss (one batch): 0.00252
Val - Loss, MSE, RMSE, MAE, MAPE: 0.00308, 0.00308, 0.05546, 0.03389, 8.49%
Test - Best epoch, Loss, MSE, RMSE, MAE, MAPE: 17, 0.00291, 0.00291, 0.05398, 0.03312, 7.72%
Time spent: 2.70s
- Epoch 021, ExpID 50377
Train - Loss (one batch): 0.00517
Val - Loss, MSE, RMSE, MAE, MAPE: 0.00305, 0.00305, 0.05523, 0.03307, 8.46%
Test - Best epoch, Loss, MSE, RMSE, MAE, MAPE: 21, 0.00291, 0.00291, 0.05398, 0.03265, 7.48%
Time spent: 3.19s
- Epoch 022, ExpID 50377
Train - Loss (one batch): 0.00254
Val - Loss, MSE, RMSE, MAE, MAPE: 0.00319, 0.00319, 0.05649, 0.03559, 9.14%
Test - Best epoch, Loss, MSE, RMSE, MAE, MAPE: 21, 0.00291, 0.00291, 0.05398, 0.03265, 7.48%
Time spent: 2.74s
- Epoch 023, ExpID 50377
Train - Loss (one batch): 0.00259
Val - Loss, MSE, RMSE, MAE, MAPE: 0.00331, 0.00331, 0.05750, 0.03781, 9.89%
Test - Best epoch, Loss, MSE, RMSE, MAE, MAPE: 21, 0.00291, 0.00291, 0.05398, 0.03265, 7.48%
Time spent: 3.13s
- Epoch 024, ExpID 50377
Train - Loss (one batch): 0.00291
Val - Loss, MSE, RMSE, MAE, MAPE: 0.00313, 0.00313, 0.05596, 0.03526, 8.67%
Test - Best epoch, Loss, MSE, RMSE, MAE, MAPE: 21, 0.00291, 0.00291, 0.05398, 0.03265, 7.48%
Time spent: 2.80s
- Epoch 025, ExpID 50377
Train - Loss (one batch): 0.00230
Val - Loss, MSE, RMSE, MAE, MAPE: 0.00310, 0.00310, 0.05570, 0.03457, 8.86%
Test - Best epoch, Loss, MSE, RMSE, MAE, MAPE: 21, 0.00291, 0.00291, 0.05398, 0.03265, 7.48%
Time spent: 2.82s
- Epoch 026, ExpID 50377
Train - Loss (one batch): 0.00205
Val - Loss, MSE, RMSE, MAE, MAPE: 0.00305, 0.00305, 0.05520, 0.03394, 8.73%
Test - Best epoch, Loss, MSE, RMSE, MAE, MAPE: 26, 0.00290, 0.00290, 0.05389, 0.03341, 7.74%
Time spent: 3.16s
- Epoch 027, ExpID 50377
Train - Loss (one batch): 0.00367
Val - Loss, MSE, RMSE, MAE, MAPE: 0.00299, 0.00299, 0.05467, 0.03275, 8.36%
Test - Best epoch, Loss, MSE, RMSE, MAE, MAPE: 27, 0.00284, 0.00284, 0.05330, 0.03224, 7.39%
Time spent: 3.53s
- Epoch 028, ExpID 50377
Train - Loss (one batch): 0.00225
Val - Loss, MSE, RMSE, MAE, MAPE: 0.00309, 0.00309, 0.05556, 0.03370, 8.53%
Test - Best epoch, Loss, MSE, RMSE, MAE, MAPE: 27, 0.00284, 0.00284, 0.05330, 0.03224, 7.39%
Time spent: 2.82s
- Epoch 029, ExpID 50377
Train - Loss (one batch): 0.00286
Val - Loss, MSE, RMSE, MAE, MAPE: 0.00342, 0.00342, 0.05850, 0.03876, 9.33%
Test - Best epoch, Loss, MSE, RMSE, MAE, MAPE: 27, 0.00284, 0.00284, 0.05330, 0.03224, 7.39%
Time spent: 2.70s
- Epoch 030, ExpID 50377
Train - Loss (one batch): 0.00199
Val - Loss, MSE, RMSE, MAE, MAPE: 0.00303, 0.00303, 0.05507, 0.03298, 8.36%
Test - Best epoch, Loss, MSE, RMSE, MAE, MAPE: 27, 0.00284, 0.00284, 0.05330, 0.03224, 7.39%
Time spent: 3.04s
- Epoch 031, ExpID 50377
Train - Loss (one batch): 0.00474
Val - Loss, MSE, RMSE, MAE, MAPE: 0.00345, 0.00345, 0.05875, 0.03856, 9.38%
Test - Best epoch, Loss, MSE, RMSE, MAE, MAPE: 27, 0.00284, 0.00284, 0.05330, 0.03224, 7.39%
Time spent: 2.78s
- Epoch 032, ExpID 50377
Train - Loss (one batch): 0.00360
Val - Loss, MSE, RMSE, MAE, MAPE: 0.00294, 0.00294, 0.05425, 0.03268, 8.36%
Test - Best epoch, Loss, MSE, RMSE, MAE, MAPE: 32, 0.00283, 0.00283, 0.05318, 0.03250, 7.45%
Time spent: 3.16s
- Epoch 033, ExpID 50377
Train - Loss (one batch): 0.00224
Val - Loss, MSE, RMSE, MAE, MAPE: 0.00310, 0.00310, 0.05570, 0.03482, 8.85%
Test - Best epoch, Loss, MSE, RMSE, MAE, MAPE: 32, 0.00283, 0.00283, 0.05318, 0.03250, 7.45%
Time spent: 2.81s
- Epoch 034, ExpID 50377
Train - Loss (one batch): 0.00243
Val - Loss, MSE, RMSE, MAE, MAPE: 0.00299, 0.00299, 0.05472, 0.03311, 8.52%
Test - Best epoch, Loss, MSE, RMSE, MAE, MAPE: 32, 0.00283, 0.00283, 0.05318, 0.03250, 7.45%
Time spent: 2.70s
- Epoch 035, ExpID 50377
Train - Loss (one batch): 0.00223
Val - Loss, MSE, RMSE, MAE, MAPE: 0.00307, 0.00307, 0.05544, 0.03446, 8.86%
Test - Best epoch, Loss, MSE, RMSE, MAE, MAPE: 32, 0.00283, 0.00283, 0.05318, 0.03250, 7.45%
Time spent: 2.81s
- Epoch 036, ExpID 50377
Train - Loss (one batch): 0.00331
Val - Loss, MSE, RMSE, MAE, MAPE: 0.00296, 0.00296, 0.05438, 0.03286, 8.42%
Test - Best epoch, Loss, MSE, RMSE, MAE, MAPE: 32, 0.00283, 0.00283, 0.05318, 0.03250, 7.45%
Time spent: 2.70s
- Epoch 037, ExpID 50377
Train - Loss (one batch): 0.00223
Val - Loss, MSE, RMSE, MAE, MAPE: 0.00307, 0.00307, 0.05544, 0.03370, 8.54%
Test - Best epoch, Loss, MSE, RMSE, MAE, MAPE: 32, 0.00283, 0.00283, 0.05318, 0.03250, 7.45%
Time spent: 2.71s
- Epoch 038, ExpID 50377
Train - Loss (one batch): 0.00199
Val - Loss, MSE, RMSE, MAE, MAPE: 0.00306, 0.00306, 0.05532, 0.03365, 8.51%
Test - Best epoch, Loss, MSE, RMSE, MAE, MAPE: 32, 0.00283, 0.00283, 0.05318, 0.03250, 7.45%
Time spent: 2.74s
- Epoch 039, ExpID 50377
Train - Loss (one batch): 0.00262
Val - Loss, MSE, RMSE, MAE, MAPE: 0.00305, 0.00305, 0.05525, 0.03422, 8.71%
Test - Best epoch, Loss, MSE, RMSE, MAE, MAPE: 32, 0.00283, 0.00283, 0.05318, 0.03250, 7.45%
Time spent: 2.80s
- Epoch 040, ExpID 50377
Train - Loss (one batch): 0.00351
Val - Loss, MSE, RMSE, MAE, MAPE: 0.00300, 0.00300, 0.05477, 0.03299, 8.32%
Test - Best epoch, Loss, MSE, RMSE, MAE, MAPE: 32, 0.00283, 0.00283, 0.05318, 0.03250, 7.45%
Time spent: 2.84s
- Epoch 041, ExpID 50377
Train - Loss (one batch): 0.00491
Val - Loss, MSE, RMSE, MAE, MAPE: 0.00295, 0.00295, 0.05436, 0.03302, 8.46%
Test - Best epoch, Loss, MSE, RMSE, MAE, MAPE: 32, 0.00283, 0.00283, 0.05318, 0.03250, 7.45%
Time spent: 2.71s
- Epoch 042, ExpID 50377
Train - Loss (one batch): 0.00157
Val - Loss, MSE, RMSE, MAE, MAPE: 0.00309, 0.00309, 0.05560, 0.03475, 8.58%
Test - Best epoch, Loss, MSE, RMSE, MAE, MAPE: 32, 0.00283, 0.00283, 0.05318, 0.03250, 7.45%
Time spent: 2.78s
/home/solgi/srptpatch/run_models.py
2025-10-06 00:13:15
run_models.py --dataset activity --state def --history 3000 --patience 10 --batch_size 32 --lr 1e-3 --patch_size 300 --stride 300 --nhead 1 --tf_layer 1 --nlayer 1 --te_dim 10 --node_dim 10 --hid_dim 32 --outlayer Linear --seed 3 --gpu 0
Namespace(state='def', n=100000000, hop=1, nhead=1, tf_layer=1, nlayer=1, epoch=1000, patience=10, history=3000, patch_size=300.0, stride=300.0, logmode='a', lr=0.001, w_decay=0.0, batch_size=32, save='experiments/', load=None, seed=3, dataset='activity', quantization=0.0, model='tPatchGNN', outlayer='Linear', hid_dim=32, te_dim=10, node_dim=10, gpu='0', npatch=10, device=device(type='cuda'), PID=2192963, pred_window=1000, ndim=12)
- Epoch 000, ExpID 86592
Train - Loss (one batch): 0.00156
Val - Loss, MSE, RMSE, MAE, MAPE: 0.00389, 0.00389, 0.06236, 0.04016, 10.48%
Test - Best epoch, Loss, MSE, RMSE, MAE, MAPE: 0, 0.00367, 0.00367, 0.06058, 0.03903, 9.10%
Time spent: 3.86s
- Epoch 001, ExpID 86592
Train - Loss (one batch): 0.00391
Val - Loss, MSE, RMSE, MAE, MAPE: 0.00376, 0.00376, 0.06135, 0.04237, 11.01%
Test - Best epoch, Loss, MSE, RMSE, MAE, MAPE: 1, 0.00362, 0.00362, 0.06019, 0.04173, 9.81%
Time spent: 3.11s
- Epoch 002, ExpID 86592
Train - Loss (one batch): 0.00325
Val - Loss, MSE, RMSE, MAE, MAPE: 0.00386, 0.00386, 0.06209, 0.04352, 11.16%
Test - Best epoch, Loss, MSE, RMSE, MAE, MAPE: 1, 0.00362, 0.00362, 0.06019, 0.04173, 9.81%
Time spent: 2.75s
- Epoch 003, ExpID 86592
Train - Loss (one batch): 0.00277
Val - Loss, MSE, RMSE, MAE, MAPE: 0.00353, 0.00353, 0.05945, 0.03976, 10.33%
Test - Best epoch, Loss, MSE, RMSE, MAE, MAPE: 3, 0.00339, 0.00339, 0.05823, 0.03919, 9.16%
Time spent: 3.12s
- Epoch 004, ExpID 86592
Train - Loss (one batch): 0.00304
Val - Loss, MSE, RMSE, MAE, MAPE: 0.00313, 0.00313, 0.05592, 0.03366, 8.70%
Test - Best epoch, Loss, MSE, RMSE, MAE, MAPE: 4, 0.00298, 0.00298, 0.05460, 0.03312, 7.64%
Time spent: 3.15s
- Epoch 005, ExpID 86592
Train - Loss (one batch): 0.00283
Val - Loss, MSE, RMSE, MAE, MAPE: 0.00316, 0.00316, 0.05621, 0.03411, 8.60%
Test - Best epoch, Loss, MSE, RMSE, MAE, MAPE: 4, 0.00298, 0.00298, 0.05460, 0.03312, 7.64%
Time spent: 2.71s
- Epoch 006, ExpID 86592
Train - Loss (one batch): 0.00274
Val - Loss, MSE, RMSE, MAE, MAPE: 0.00359, 0.00359, 0.05995, 0.04068, 10.37%
Test - Best epoch, Loss, MSE, RMSE, MAE, MAPE: 4, 0.00298, 0.00298, 0.05460, 0.03312, 7.64%
Time spent: 2.70s
- Epoch 007, ExpID 86592
Train - Loss (one batch): 0.00402
Val - Loss, MSE, RMSE, MAE, MAPE: 0.00328, 0.00328, 0.05725, 0.03626, 9.37%
Test - Best epoch, Loss, MSE, RMSE, MAE, MAPE: 4, 0.00298, 0.00298, 0.05460, 0.03312, 7.64%
Time spent: 2.81s
- Epoch 008, ExpID 86592
Train - Loss (one batch): 0.00329
Val - Loss, MSE, RMSE, MAE, MAPE: 0.00318, 0.00318, 0.05635, 0.03533, 9.23%
Test - Best epoch, Loss, MSE, RMSE, MAE, MAPE: 4, 0.00298, 0.00298, 0.05460, 0.03312, 7.64%
Time spent: 2.69s
- Epoch 009, ExpID 86592
Train - Loss (one batch): 0.00328
Val - Loss, MSE, RMSE, MAE, MAPE: 0.00356, 0.00356, 0.05964, 0.04040, 10.25%
Test - Best epoch, Loss, MSE, RMSE, MAE, MAPE: 4, 0.00298, 0.00298, 0.05460, 0.03312, 7.64%
Time spent: 2.73s
- Epoch 010, ExpID 86592
Train - Loss (one batch): 0.00178
Val - Loss, MSE, RMSE, MAE, MAPE: 0.00313, 0.00313, 0.05592, 0.03455, 8.88%
Test - Best epoch, Loss, MSE, RMSE, MAE, MAPE: 4, 0.00298, 0.00298, 0.05460, 0.03312, 7.64%
Time spent: 2.71s
- Epoch 011, ExpID 86592
Train - Loss (one batch): 0.00288
Val - Loss, MSE, RMSE, MAE, MAPE: 0.00306, 0.00306, 0.05535, 0.03328, 8.48%
Test - Best epoch, Loss, MSE, RMSE, MAE, MAPE: 11, 0.00293, 0.00293, 0.05416, 0.03288, 7.46%
Time spent: 3.16s
- Epoch 012, ExpID 86592
Train - Loss (one batch): 0.00181
Val - Loss, MSE, RMSE, MAE, MAPE: 0.00330, 0.00330, 0.05748, 0.03747, 9.60%
Test - Best epoch, Loss, MSE, RMSE, MAE, MAPE: 11, 0.00293, 0.00293, 0.05416, 0.03288, 7.46%
Time spent: 2.70s
- Epoch 013, ExpID 86592
Train - Loss (one batch): 0.00233
Val - Loss, MSE, RMSE, MAE, MAPE: 0.00368, 0.00368, 0.06064, 0.04244, 10.82%
Test - Best epoch, Loss, MSE, RMSE, MAE, MAPE: 11, 0.00293, 0.00293, 0.05416, 0.03288, 7.46%
Time spent: 2.69s
- Epoch 014, ExpID 86592
Train - Loss (one batch): 0.00200
Val - Loss, MSE, RMSE, MAE, MAPE: 0.00328, 0.00328, 0.05728, 0.03771, 10.02%
Test - Best epoch, Loss, MSE, RMSE, MAE, MAPE: 11, 0.00293, 0.00293, 0.05416, 0.03288, 7.46%
Time spent: 2.81s
- Epoch 015, ExpID 86592
Train - Loss (one batch): 0.00336
Val - Loss, MSE, RMSE, MAE, MAPE: 0.00317, 0.00317, 0.05628, 0.03565, 9.13%
Test - Best epoch, Loss, MSE, RMSE, MAE, MAPE: 11, 0.00293, 0.00293, 0.05416, 0.03288, 7.46%
Time spent: 2.90s
- Epoch 016, ExpID 86592
Train - Loss (one batch): 0.00314
Val - Loss, MSE, RMSE, MAE, MAPE: 0.00364, 0.00364, 0.06035, 0.04251, 10.87%
Test - Best epoch, Loss, MSE, RMSE, MAE, MAPE: 11, 0.00293, 0.00293, 0.05416, 0.03288, 7.46%
Time spent: 2.90s
- Epoch 017, ExpID 86592
Train - Loss (one batch): 0.00194
Val - Loss, MSE, RMSE, MAE, MAPE: 0.00333, 0.00333, 0.05768, 0.03802, 9.50%
Test - Best epoch, Loss, MSE, RMSE, MAE, MAPE: 11, 0.00293, 0.00293, 0.05416, 0.03288, 7.46%
Time spent: 3.02s
- Epoch 018, ExpID 86592
Train - Loss (one batch): 0.00224
Val - Loss, MSE, RMSE, MAE, MAPE: 0.00296, 0.00296, 0.05440, 0.03337, 8.75%
Test - Best epoch, Loss, MSE, RMSE, MAE, MAPE: 18, 0.00286, 0.00286, 0.05351, 0.03312, 7.79%
Time spent: 3.21s
- Epoch 019, ExpID 86592
Train - Loss (one batch): 0.00510
Val - Loss, MSE, RMSE, MAE, MAPE: 0.00294, 0.00294, 0.05418, 0.03263, 8.45%
Test - Best epoch, Loss, MSE, RMSE, MAE, MAPE: 19, 0.00285, 0.00285, 0.05337, 0.03254, 7.54%
Time spent: 3.15s
- Epoch 020, ExpID 86592
Train - Loss (one batch): 0.00400
Val - Loss, MSE, RMSE, MAE, MAPE: 0.00315, 0.00315, 0.05614, 0.03606, 9.08%
Test - Best epoch, Loss, MSE, RMSE, MAE, MAPE: 19, 0.00285, 0.00285, 0.05337, 0.03254, 7.54%
Time spent: 2.70s
- Epoch 021, ExpID 86592
Train - Loss (one batch): 0.00251
Val - Loss, MSE, RMSE, MAE, MAPE: 0.00290, 0.00290, 0.05384, 0.03208, 8.20%
Test - Best epoch, Loss, MSE, RMSE, MAE, MAPE: 21, 0.00281, 0.00281, 0.05298, 0.03205, 7.33%
Time spent: 3.11s
- Epoch 022, ExpID 86592
Train - Loss (one batch): 0.00246
Val - Loss, MSE, RMSE, MAE, MAPE: 0.00333, 0.00333, 0.05773, 0.03834, 9.50%
Test - Best epoch, Loss, MSE, RMSE, MAE, MAPE: 21, 0.00281, 0.00281, 0.05298, 0.03205, 7.33%
Time spent: 2.78s
- Epoch 023, ExpID 86592
Train - Loss (one batch): 0.00265
Val - Loss, MSE, RMSE, MAE, MAPE: 0.00288, 0.00288, 0.05366, 0.03205, 8.19%
Test - Best epoch, Loss, MSE, RMSE, MAE, MAPE: 23, 0.00280, 0.00280, 0.05287, 0.03193, 7.32%
Time spent: 3.18s
- Epoch 024, ExpID 86592
Train - Loss (one batch): 0.00262
Val - Loss, MSE, RMSE, MAE, MAPE: 0.00324, 0.00324, 0.05689, 0.03768, 9.76%
Test - Best epoch, Loss, MSE, RMSE, MAE, MAPE: 23, 0.00280, 0.00280, 0.05287, 0.03193, 7.32%
Time spent: 2.69s
- Epoch 025, ExpID 86592
Train - Loss (one batch): 0.00307
Val - Loss, MSE, RMSE, MAE, MAPE: 0.00358, 0.00358, 0.05981, 0.04193, 10.98%
Test - Best epoch, Loss, MSE, RMSE, MAE, MAPE: 23, 0.00280, 0.00280, 0.05287, 0.03193, 7.32%
Time spent: 2.78s
- Epoch 026, ExpID 86592
Train - Loss (one batch): 0.00337
Val - Loss, MSE, RMSE, MAE, MAPE: 0.00305, 0.00305, 0.05525, 0.03475, 8.91%
Test - Best epoch, Loss, MSE, RMSE, MAE, MAPE: 23, 0.00280, 0.00280, 0.05287, 0.03193, 7.32%
Time spent: 2.71s
- Epoch 027, ExpID 86592
Train - Loss (one batch): 0.00380
Val - Loss, MSE, RMSE, MAE, MAPE: 0.00288, 0.00288, 0.05364, 0.03228, 8.45%
Test - Best epoch, Loss, MSE, RMSE, MAE, MAPE: 27, 0.00280, 0.00280, 0.05290, 0.03226, 7.60%
Time spent: 3.11s
- Epoch 028, ExpID 86592
Train - Loss (one batch): 0.00248
Val - Loss, MSE, RMSE, MAE, MAPE: 0.00309, 0.00309, 0.05558, 0.03577, 9.66%
Test - Best epoch, Loss, MSE, RMSE, MAE, MAPE: 27, 0.00280, 0.00280, 0.05290, 0.03226, 7.60%
Time spent: 2.86s
- Epoch 029, ExpID 86592
Train - Loss (one batch): 0.00229
Val - Loss, MSE, RMSE, MAE, MAPE: 0.00294, 0.00294, 0.05425, 0.03353, 8.76%
Test - Best epoch, Loss, MSE, RMSE, MAE, MAPE: 27, 0.00280, 0.00280, 0.05290, 0.03226, 7.60%
Time spent: 2.75s
- Epoch 030, ExpID 86592
Train - Loss (one batch): 0.00225
Val - Loss, MSE, RMSE, MAE, MAPE: 0.00296, 0.00296, 0.05441, 0.03326, 8.32%
Test - Best epoch, Loss, MSE, RMSE, MAE, MAPE: 27, 0.00280, 0.00280, 0.05290, 0.03226, 7.60%
Time spent: 2.66s
- Epoch 031, ExpID 86592
Train - Loss (one batch): 0.00313
Val - Loss, MSE, RMSE, MAE, MAPE: 0.00285, 0.00285, 0.05341, 0.03184, 8.14%
Test - Best epoch, Loss, MSE, RMSE, MAE, MAPE: 31, 0.00277, 0.00277, 0.05265, 0.03184, 7.31%
Time spent: 3.15s
- Epoch 032, ExpID 86592
Train - Loss (one batch): 0.00237
Val - Loss, MSE, RMSE, MAE, MAPE: 0.00287, 0.00287, 0.05353, 0.03206, 8.29%
Test - Best epoch, Loss, MSE, RMSE, MAE, MAPE: 31, 0.00277, 0.00277, 0.05265, 0.03184, 7.31%
Time spent: 2.76s
- Epoch 033, ExpID 86592
Train - Loss (one batch): 0.00221
Val - Loss, MSE, RMSE, MAE, MAPE: 0.00285, 0.00285, 0.05343, 0.03227, 8.45%
Test - Best epoch, Loss, MSE, RMSE, MAE, MAPE: 31, 0.00277, 0.00277, 0.05265, 0.03184, 7.31%
Time spent: 2.68s
- Epoch 034, ExpID 86592
Train - Loss (one batch): 0.00500
Val - Loss, MSE, RMSE, MAE, MAPE: 0.00336, 0.00336, 0.05799, 0.03842, 9.07%
Test - Best epoch, Loss, MSE, RMSE, MAE, MAPE: 31, 0.00277, 0.00277, 0.05265, 0.03184, 7.31%
Time spent: 3.33s
- Epoch 035, ExpID 86592
Train - Loss (one batch): 0.00159
Val - Loss, MSE, RMSE, MAE, MAPE: 0.00302, 0.00302, 0.05491, 0.03469, 9.01%
Test - Best epoch, Loss, MSE, RMSE, MAE, MAPE: 31, 0.00277, 0.00277, 0.05265, 0.03184, 7.31%
Time spent: 2.79s
- Epoch 036, ExpID 86592
Train - Loss (one batch): 0.00284
Val - Loss, MSE, RMSE, MAE, MAPE: 0.00308, 0.00308, 0.05546, 0.03563, 9.53%
Test - Best epoch, Loss, MSE, RMSE, MAE, MAPE: 31, 0.00277, 0.00277, 0.05265, 0.03184, 7.31%
Time spent: 2.70s
- Epoch 037, ExpID 86592
Train - Loss (one batch): 0.00278
Val - Loss, MSE, RMSE, MAE, MAPE: 0.00300, 0.00300, 0.05478, 0.03434, 8.72%
Test - Best epoch, Loss, MSE, RMSE, MAE, MAPE: 31, 0.00277, 0.00277, 0.05265, 0.03184, 7.31%
Time spent: 2.68s
- Epoch 038, ExpID 86592
Train - Loss (one batch): 0.00292
Val - Loss, MSE, RMSE, MAE, MAPE: 0.00287, 0.00287, 0.05358, 0.03235, 8.37%
Test - Best epoch, Loss, MSE, RMSE, MAE, MAPE: 31, 0.00277, 0.00277, 0.05265, 0.03184, 7.31%
Time spent: 2.70s
- Epoch 039, ExpID 86592
Train - Loss (one batch): 0.00235
Val - Loss, MSE, RMSE, MAE, MAPE: 0.00283, 0.00283, 0.05315, 0.03162, 8.12%
Test - Best epoch, Loss, MSE, RMSE, MAE, MAPE: 39, 0.00275, 0.00275, 0.05243, 0.03157, 7.28%
Time spent: 3.07s
- Epoch 040, ExpID 86592
Train - Loss (one batch): 0.00226
Val - Loss, MSE, RMSE, MAE, MAPE: 0.00299, 0.00299, 0.05470, 0.03434, 8.73%
Test - Best epoch, Loss, MSE, RMSE, MAE, MAPE: 39, 0.00275, 0.00275, 0.05243, 0.03157, 7.28%
Time spent: 2.70s
- Epoch 041, ExpID 86592
Train - Loss (one batch): 0.00180
Val - Loss, MSE, RMSE, MAE, MAPE: 0.00285, 0.00285, 0.05343, 0.03203, 8.24%
Test - Best epoch, Loss, MSE, RMSE, MAE, MAPE: 39, 0.00275, 0.00275, 0.05243, 0.03157, 7.28%
Time spent: 2.79s
- Epoch 042, ExpID 86592
Train - Loss (one batch): 0.00214
Val - Loss, MSE, RMSE, MAE, MAPE: 0.00287, 0.00287, 0.05354, 0.03313, 8.29%
Test - Best epoch, Loss, MSE, RMSE, MAE, MAPE: 39, 0.00275, 0.00275, 0.05243, 0.03157, 7.28%
Time spent: 3.23s
- Epoch 043, ExpID 86592
Train - Loss (one batch): 0.00269
Val - Loss, MSE, RMSE, MAE, MAPE: 0.00283, 0.00283, 0.05321, 0.03209, 8.13%
Test - Best epoch, Loss, MSE, RMSE, MAE, MAPE: 39, 0.00275, 0.00275, 0.05243, 0.03157, 7.28%
Time spent: 2.81s
- Epoch 044, ExpID 86592
Train - Loss (one batch): 0.00213
Val - Loss, MSE, RMSE, MAE, MAPE: 0.00290, 0.00290, 0.05382, 0.03341, 8.75%
Test - Best epoch, Loss, MSE, RMSE, MAE, MAPE: 39, 0.00275, 0.00275, 0.05243, 0.03157, 7.28%
Time spent: 2.72s
- Epoch 045, ExpID 86592
Train - Loss (one batch): 0.00106
Val - Loss, MSE, RMSE, MAE, MAPE: 0.00285, 0.00285, 0.05339, 0.03243, 8.40%
Test - Best epoch, Loss, MSE, RMSE, MAE, MAPE: 39, 0.00275, 0.00275, 0.05243, 0.03157, 7.28%
Time spent: 2.81s
- Epoch 046, ExpID 86592
Train - Loss (one batch): 0.00376
Val - Loss, MSE, RMSE, MAE, MAPE: 0.00285, 0.00285, 0.05336, 0.03266, 8.15%
Test - Best epoch, Loss, MSE, RMSE, MAE, MAPE: 39, 0.00275, 0.00275, 0.05243, 0.03157, 7.28%
Time spent: 3.09s
- Epoch 047, ExpID 86592
Train - Loss (one batch): 0.00257
Val - Loss, MSE, RMSE, MAE, MAPE: 0.00276, 0.00276, 0.05257, 0.03138, 8.12%
Test - Best epoch, Loss, MSE, RMSE, MAE, MAPE: 47, 0.00270, 0.00270, 0.05197, 0.03141, 7.30%
Time spent: 3.08s
- Epoch 048, ExpID 86592
Train - Loss (one batch): 0.00231
Val - Loss, MSE, RMSE, MAE, MAPE: 0.00295, 0.00295, 0.05432, 0.03343, 8.35%
Test - Best epoch, Loss, MSE, RMSE, MAE, MAPE: 47, 0.00270, 0.00270, 0.05197, 0.03141, 7.30%
Time spent: 2.74s
- Epoch 049, ExpID 86592
Train - Loss (one batch): 0.00189
Val - Loss, MSE, RMSE, MAE, MAPE: 0.00280, 0.00280, 0.05292, 0.03185, 8.10%
Test - Best epoch, Loss, MSE, RMSE, MAE, MAPE: 47, 0.00270, 0.00270, 0.05197, 0.03141, 7.30%
Time spent: 2.70s
- Epoch 050, ExpID 86592
Train - Loss (one batch): 0.00335
Val - Loss, MSE, RMSE, MAE, MAPE: 0.00293, 0.00293, 0.05415, 0.03377, 8.53%
Test - Best epoch, Loss, MSE, RMSE, MAE, MAPE: 47, 0.00270, 0.00270, 0.05197, 0.03141, 7.30%
Time spent: 2.73s
- Epoch 051, ExpID 86592
Train - Loss (one batch): 0.00410
Val - Loss, MSE, RMSE, MAE, MAPE: 0.00321, 0.00321, 0.05665, 0.03808, 9.69%
Test - Best epoch, Loss, MSE, RMSE, MAE, MAPE: 47, 0.00270, 0.00270, 0.05197, 0.03141, 7.30%
Time spent: 2.81s
- Epoch 052, ExpID 86592
Train - Loss (one batch): 0.00411
Val - Loss, MSE, RMSE, MAE, MAPE: 0.00278, 0.00278, 0.05277, 0.03199, 8.22%
Test - Best epoch, Loss, MSE, RMSE, MAE, MAPE: 47, 0.00270, 0.00270, 0.05197, 0.03141, 7.30%
Time spent: 2.73s
- Epoch 053, ExpID 86592
Train - Loss (one batch): 0.00227
Val - Loss, MSE, RMSE, MAE, MAPE: 0.00289, 0.00289, 0.05379, 0.03305, 8.36%
Test - Best epoch, Loss, MSE, RMSE, MAE, MAPE: 47, 0.00270, 0.00270, 0.05197, 0.03141, 7.30%
Time spent: 2.72s
- Epoch 054, ExpID 86592
Train - Loss (one batch): 0.00221
Val - Loss, MSE, RMSE, MAE, MAPE: 0.00291, 0.00291, 0.05394, 0.03350, 8.61%
Test - Best epoch, Loss, MSE, RMSE, MAE, MAPE: 47, 0.00270, 0.00270, 0.05197, 0.03141, 7.30%
Time spent: 2.72s
- Epoch 055, ExpID 86592
Train - Loss (one batch): 0.00242
Val - Loss, MSE, RMSE, MAE, MAPE: 0.00287, 0.00287, 0.05359, 0.03363, 8.82%
Test - Best epoch, Loss, MSE, RMSE, MAE, MAPE: 47, 0.00270, 0.00270, 0.05197, 0.03141, 7.30%
Time spent: 2.74s
- Epoch 056, ExpID 86592
Train - Loss (one batch): 0.00184
Val - Loss, MSE, RMSE, MAE, MAPE: 0.00276, 0.00276, 0.05251, 0.03127, 8.07%
Test - Best epoch, Loss, MSE, RMSE, MAE, MAPE: 56, 0.00269, 0.00269, 0.05185, 0.03138, 7.22%
Time spent: 3.15s
- Epoch 057, ExpID 86592
Train - Loss (one batch): 0.00261
Val - Loss, MSE, RMSE, MAE, MAPE: 0.00280, 0.00280, 0.05287, 0.03209, 8.44%
Test - Best epoch, Loss, MSE, RMSE, MAE, MAPE: 56, 0.00269, 0.00269, 0.05185, 0.03138, 7.22%
Time spent: 2.71s
- Epoch 058, ExpID 86592
Train - Loss (one batch): 0.00240
Val - Loss, MSE, RMSE, MAE, MAPE: 0.00277, 0.00277, 0.05261, 0.03131, 8.07%
Test - Best epoch, Loss, MSE, RMSE, MAE, MAPE: 56, 0.00269, 0.00269, 0.05185, 0.03138, 7.22%
Time spent: 2.80s
- Epoch 059, ExpID 86592
Train - Loss (one batch): 0.00182
Val - Loss, MSE, RMSE, MAE, MAPE: 0.00276, 0.00276, 0.05257, 0.03145, 8.03%
Test - Best epoch, Loss, MSE, RMSE, MAE, MAPE: 56, 0.00269, 0.00269, 0.05185, 0.03138, 7.22%
Time spent: 3.19s
- Epoch 060, ExpID 86592
Train - Loss (one batch): 0.00199
Val - Loss, MSE, RMSE, MAE, MAPE: 0.00308, 0.00308, 0.05549, 0.03627, 9.05%
Test - Best epoch, Loss, MSE, RMSE, MAE, MAPE: 56, 0.00269, 0.00269, 0.05185, 0.03138, 7.22%
Time spent: 2.78s
- Epoch 061, ExpID 86592
Train - Loss (one batch): 0.00221
Val - Loss, MSE, RMSE, MAE, MAPE: 0.00277, 0.00277, 0.05260, 0.03150, 8.10%
Test - Best epoch, Loss, MSE, RMSE, MAE, MAPE: 56, 0.00269, 0.00269, 0.05185, 0.03138, 7.22%
Time spent: 2.70s
- Epoch 062, ExpID 86592
Train - Loss (one batch): 0.00198
Val - Loss, MSE, RMSE, MAE, MAPE: 0.00276, 0.00276, 0.05257, 0.03127, 8.00%
Test - Best epoch, Loss, MSE, RMSE, MAE, MAPE: 56, 0.00269, 0.00269, 0.05185, 0.03138, 7.22%
Time spent: 2.69s
- Epoch 063, ExpID 86592
Train - Loss (one batch): 0.00263
Val - Loss, MSE, RMSE, MAE, MAPE: 0.00282, 0.00282, 0.05309, 0.03266, 8.48%
Test - Best epoch, Loss, MSE, RMSE, MAE, MAPE: 56, 0.00269, 0.00269, 0.05185, 0.03138, 7.22%
Time spent: 2.69s
- Epoch 064, ExpID 86592
Train - Loss (one batch): 0.00221
Val - Loss, MSE, RMSE, MAE, MAPE: 0.00281, 0.00281, 0.05301, 0.03256, 8.38%
Test - Best epoch, Loss, MSE, RMSE, MAE, MAPE: 56, 0.00269, 0.00269, 0.05185, 0.03138, 7.22%
Time spent: 2.90s
- Epoch 065, ExpID 86592
Train - Loss (one batch): 0.00194
Val - Loss, MSE, RMSE, MAE, MAPE: 0.00273, 0.00273, 0.05229, 0.03132, 8.03%
Test - Best epoch, Loss, MSE, RMSE, MAE, MAPE: 65, 0.00268, 0.00268, 0.05173, 0.03153, 7.27%
Time spent: 3.38s
- Epoch 066, ExpID 86592
Train - Loss (one batch): 0.00191
Val - Loss, MSE, RMSE, MAE, MAPE: 0.00282, 0.00282, 0.05312, 0.03296, 8.61%
Test - Best epoch, Loss, MSE, RMSE, MAE, MAPE: 65, 0.00268, 0.00268, 0.05173, 0.03153, 7.27%
Time spent: 2.70s
- Epoch 067, ExpID 86592
Train - Loss (one batch): 0.00207
Val - Loss, MSE, RMSE, MAE, MAPE: 0.00279, 0.00279, 0.05283, 0.03176, 8.10%
Test - Best epoch, Loss, MSE, RMSE, MAE, MAPE: 65, 0.00268, 0.00268, 0.05173, 0.03153, 7.27%
Time spent: 2.76s
- Epoch 068, ExpID 86592
Train - Loss (one batch): 0.00240
Val - Loss, MSE, RMSE, MAE, MAPE: 0.00278, 0.00278, 0.05272, 0.03183, 8.07%
Test - Best epoch, Loss, MSE, RMSE, MAE, MAPE: 65, 0.00268, 0.00268, 0.05173, 0.03153, 7.27%
Time spent: 2.82s
- Epoch 069, ExpID 86592
Train - Loss (one batch): 0.00190
Val - Loss, MSE, RMSE, MAE, MAPE: 0.00286, 0.00286, 0.05348, 0.03350, 8.27%
Test - Best epoch, Loss, MSE, RMSE, MAE, MAPE: 65, 0.00268, 0.00268, 0.05173, 0.03153, 7.27%
Time spent: 2.70s
- Epoch 070, ExpID 86592
Train - Loss (one batch): 0.00280
Val - Loss, MSE, RMSE, MAE, MAPE: 0.00273, 0.00273, 0.05227, 0.03147, 8.19%
Test - Best epoch, Loss, MSE, RMSE, MAE, MAPE: 70, 0.00268, 0.00268, 0.05176, 0.03171, 7.36%
Time spent: 3.13s
- Epoch 071, ExpID 86592
Train - Loss (one batch): 0.00236
Val - Loss, MSE, RMSE, MAE, MAPE: 0.00286, 0.00286, 0.05345, 0.03288, 8.36%
Test - Best epoch, Loss, MSE, RMSE, MAE, MAPE: 70, 0.00268, 0.00268, 0.05176, 0.03171, 7.36%
Time spent: 2.75s
- Epoch 072, ExpID 86592
Train - Loss (one batch): 0.00356
Val - Loss, MSE, RMSE, MAE, MAPE: 0.00281, 0.00281, 0.05300, 0.03259, 8.56%
Test - Best epoch, Loss, MSE, RMSE, MAE, MAPE: 70, 0.00268, 0.00268, 0.05176, 0.03171, 7.36%
Time spent: 2.81s
- Epoch 073, ExpID 86592
Train - Loss (one batch): 0.00262
Val - Loss, MSE, RMSE, MAE, MAPE: 0.00271, 0.00271, 0.05208, 0.03111, 8.15%
Test - Best epoch, Loss, MSE, RMSE, MAE, MAPE: 73, 0.00265, 0.00265, 0.05150, 0.03136, 7.30%
Time spent: 3.19s
- Epoch 074, ExpID 86592
Train - Loss (one batch): 0.00234
Val - Loss, MSE, RMSE, MAE, MAPE: 0.00274, 0.00274, 0.05233, 0.03128, 8.04%
Test - Best epoch, Loss, MSE, RMSE, MAE, MAPE: 73, 0.00265, 0.00265, 0.05150, 0.03136, 7.30%
Time spent: 2.72s
- Epoch 075, ExpID 86592
Train - Loss (one batch): 0.00324
Val - Loss, MSE, RMSE, MAE, MAPE: 0.00283, 0.00283, 0.05317, 0.03250, 8.18%
Test - Best epoch, Loss, MSE, RMSE, MAE, MAPE: 73, 0.00265, 0.00265, 0.05150, 0.03136, 7.30%
Time spent: 2.71s
- Epoch 076, ExpID 86592
Train - Loss (one batch): 0.00182
Val - Loss, MSE, RMSE, MAE, MAPE: 0.00272, 0.00272, 0.05217, 0.03124, 8.10%
Test - Best epoch, Loss, MSE, RMSE, MAE, MAPE: 73, 0.00265, 0.00265, 0.05150, 0.03136, 7.30%
Time spent: 2.72s
- Epoch 077, ExpID 86592
Train - Loss (one batch): 0.00247
Val - Loss, MSE, RMSE, MAE, MAPE: 0.00277, 0.00277, 0.05260, 0.03181, 8.15%
Test - Best epoch, Loss, MSE, RMSE, MAE, MAPE: 73, 0.00265, 0.00265, 0.05150, 0.03136, 7.30%
Time spent: 2.78s
- Epoch 078, ExpID 86592
Train - Loss (one batch): 0.00325
Val - Loss, MSE, RMSE, MAE, MAPE: 0.00277, 0.00277, 0.05266, 0.03152, 8.12%
Test - Best epoch, Loss, MSE, RMSE, MAE, MAPE: 73, 0.00265, 0.00265, 0.05150, 0.03136, 7.30%
Time spent: 2.69s
- Epoch 079, ExpID 86592
Train - Loss (one batch): 0.00218
Val - Loss, MSE, RMSE, MAE, MAPE: 0.00276, 0.00276, 0.05252, 0.03143, 7.98%
Test - Best epoch, Loss, MSE, RMSE, MAE, MAPE: 73, 0.00265, 0.00265, 0.05150, 0.03136, 7.30%
Time spent: 2.77s
- Epoch 080, ExpID 86592
Train - Loss (one batch): 0.00155
Val - Loss, MSE, RMSE, MAE, MAPE: 0.00280, 0.00280, 0.05291, 0.03255, 8.51%
Test - Best epoch, Loss, MSE, RMSE, MAE, MAPE: 73, 0.00265, 0.00265, 0.05150, 0.03136, 7.30%
Time spent: 2.75s
- Epoch 081, ExpID 86592
Train - Loss (one batch): 0.00237
Val - Loss, MSE, RMSE, MAE, MAPE: 0.00273, 0.00273, 0.05225, 0.03104, 8.06%
Test - Best epoch, Loss, MSE, RMSE, MAE, MAPE: 73, 0.00265, 0.00265, 0.05150, 0.03136, 7.30%
Time spent: 2.67s
- Epoch 082, ExpID 86592
Train - Loss (one batch): 0.00288
Val - Loss, MSE, RMSE, MAE, MAPE: 0.00274, 0.00274, 0.05230, 0.03124, 8.12%
Test - Best epoch, Loss, MSE, RMSE, MAE, MAPE: 73, 0.00265, 0.00265, 0.05150, 0.03136, 7.30%
Time spent: 2.80s
- Epoch 083, ExpID 86592
Train - Loss (one batch): 0.00232
Val - Loss, MSE, RMSE, MAE, MAPE: 0.00275, 0.00275, 0.05241, 0.03198, 8.28%
Test - Best epoch, Loss, MSE, RMSE, MAE, MAPE: 73, 0.00265, 0.00265, 0.05150, 0.03136, 7.30%
Time spent: 3.17s
/home/solgi/srptpatch/run_models.py
2025-10-06 00:17:22
run_models.py --dataset activity --state def --history 3000 --patience 10 --batch_size 32 --lr 1e-3 --patch_size 300 --stride 300 --nhead 1 --tf_layer 1 --nlayer 1 --te_dim 10 --node_dim 10 --hid_dim 32 --outlayer Linear --seed 4 --gpu 0
Namespace(state='def', n=100000000, hop=1, nhead=1, tf_layer=1, nlayer=1, epoch=1000, patience=10, history=3000, patch_size=300.0, stride=300.0, logmode='a', lr=0.001, w_decay=0.0, batch_size=32, save='experiments/', load=None, seed=4, dataset='activity', quantization=0.0, model='tPatchGNN', outlayer='Linear', hid_dim=32, te_dim=10, node_dim=10, gpu='0', npatch=10, device=device(type='cuda'), PID=2193120, pred_window=1000, ndim=12)
- Epoch 000, ExpID 35309
Train - Loss (one batch): 0.00264
Val - Loss, MSE, RMSE, MAE, MAPE: 0.00486, 0.00486, 0.06971, 0.04805, 12.61%
Test - Best epoch, Loss, MSE, RMSE, MAE, MAPE: 0, 0.00456, 0.00456, 0.06751, 0.04664, 11.03%
Time spent: 3.97s
- Epoch 001, ExpID 35309
Train - Loss (one batch): 0.00316
Val - Loss, MSE, RMSE, MAE, MAPE: 0.00359, 0.00359, 0.05992, 0.03971, 10.12%
Test - Best epoch, Loss, MSE, RMSE, MAE, MAPE: 1, 0.00345, 0.00345, 0.05876, 0.03903, 8.92%
Time spent: 3.10s
- Epoch 002, ExpID 35309
Train - Loss (one batch): 0.00436
Val - Loss, MSE, RMSE, MAE, MAPE: 0.00315, 0.00315, 0.05617, 0.03397, 8.72%
Test - Best epoch, Loss, MSE, RMSE, MAE, MAPE: 2, 0.00302, 0.00302, 0.05498, 0.03344, 7.64%
Time spent: 3.15s
- Epoch 003, ExpID 35309
Train - Loss (one batch): 0.00316
Val - Loss, MSE, RMSE, MAE, MAPE: 0.00325, 0.00325, 0.05700, 0.03513, 8.91%
Test - Best epoch, Loss, MSE, RMSE, MAE, MAPE: 2, 0.00302, 0.00302, 0.05498, 0.03344, 7.64%
Time spent: 2.65s
- Epoch 004, ExpID 35309
Train - Loss (one batch): 0.00349
Val - Loss, MSE, RMSE, MAE, MAPE: 0.00318, 0.00318, 0.05641, 0.03431, 8.75%
Test - Best epoch, Loss, MSE, RMSE, MAE, MAPE: 2, 0.00302, 0.00302, 0.05498, 0.03344, 7.64%
Time spent: 2.66s
- Epoch 005, ExpID 35309
Train - Loss (one batch): 0.00342
Val - Loss, MSE, RMSE, MAE, MAPE: 0.00338, 0.00338, 0.05816, 0.03802, 9.87%
Test - Best epoch, Loss, MSE, RMSE, MAE, MAPE: 2, 0.00302, 0.00302, 0.05498, 0.03344, 7.64%
Time spent: 2.65s
- Epoch 006, ExpID 35309
Train - Loss (one batch): 0.00338
Val - Loss, MSE, RMSE, MAE, MAPE: 0.00326, 0.00326, 0.05708, 0.03623, 9.35%
Test - Best epoch, Loss, MSE, RMSE, MAE, MAPE: 2, 0.00302, 0.00302, 0.05498, 0.03344, 7.64%
Time spent: 2.73s
- Epoch 007, ExpID 35309
Train - Loss (one batch): 0.00203
Val - Loss, MSE, RMSE, MAE, MAPE: 0.00318, 0.00318, 0.05637, 0.03510, 9.08%
Test - Best epoch, Loss, MSE, RMSE, MAE, MAPE: 2, 0.00302, 0.00302, 0.05498, 0.03344, 7.64%
Time spent: 3.16s
- Epoch 008, ExpID 35309
Train - Loss (one batch): 0.00259
Val - Loss, MSE, RMSE, MAE, MAPE: 0.00328, 0.00328, 0.05727, 0.03675, 9.47%
Test - Best epoch, Loss, MSE, RMSE, MAE, MAPE: 2, 0.00302, 0.00302, 0.05498, 0.03344, 7.64%
Time spent: 2.71s
- Epoch 009, ExpID 35309
Train - Loss (one batch): 0.00269
Val - Loss, MSE, RMSE, MAE, MAPE: 0.00364, 0.00364, 0.06033, 0.04159, 10.64%
Test - Best epoch, Loss, MSE, RMSE, MAE, MAPE: 2, 0.00302, 0.00302, 0.05498, 0.03344, 7.64%
Time spent: 2.72s
- Epoch 010, ExpID 35309
Train - Loss (one batch): 0.00240
Val - Loss, MSE, RMSE, MAE, MAPE: 0.00307, 0.00307, 0.05540, 0.03374, 8.56%
Test - Best epoch, Loss, MSE, RMSE, MAE, MAPE: 10, 0.00295, 0.00295, 0.05433, 0.03330, 7.54%
Time spent: 3.10s
- Epoch 011, ExpID 35309
Train - Loss (one batch): 0.00311
Val - Loss, MSE, RMSE, MAE, MAPE: 0.00305, 0.00305, 0.05524, 0.03355, 8.66%
Test - Best epoch, Loss, MSE, RMSE, MAE, MAPE: 11, 0.00293, 0.00293, 0.05410, 0.03300, 7.62%
Time spent: 3.09s
- Epoch 012, ExpID 35309
Train - Loss (one batch): 0.00235
Val - Loss, MSE, RMSE, MAE, MAPE: 0.00311, 0.00311, 0.05574, 0.03433, 8.85%
Test - Best epoch, Loss, MSE, RMSE, MAE, MAPE: 11, 0.00293, 0.00293, 0.05410, 0.03300, 7.62%
Time spent: 2.69s
- Epoch 013, ExpID 35309
Train - Loss (one batch): 0.00380
Val - Loss, MSE, RMSE, MAE, MAPE: 0.00316, 0.00316, 0.05618, 0.03519, 8.98%
Test - Best epoch, Loss, MSE, RMSE, MAE, MAPE: 11, 0.00293, 0.00293, 0.05410, 0.03300, 7.62%
Time spent: 2.70s
- Epoch 014, ExpID 35309
Train - Loss (one batch): 0.00233
Val - Loss, MSE, RMSE, MAE, MAPE: 0.00338, 0.00338, 0.05818, 0.03863, 9.76%
Test - Best epoch, Loss, MSE, RMSE, MAE, MAPE: 11, 0.00293, 0.00293, 0.05410, 0.03300, 7.62%
Time spent: 2.69s
- Epoch 015, ExpID 35309
Train - Loss (one batch): 0.00294
Val - Loss, MSE, RMSE, MAE, MAPE: 0.00304, 0.00304, 0.05514, 0.03340, 8.51%
Test - Best epoch, Loss, MSE, RMSE, MAE, MAPE: 15, 0.00293, 0.00293, 0.05411, 0.03290, 7.50%
Time spent: 3.44s
- Epoch 016, ExpID 35309
Train - Loss (one batch): 0.00325
Val - Loss, MSE, RMSE, MAE, MAPE: 0.00334, 0.00334, 0.05777, 0.03818, 9.63%
Test - Best epoch, Loss, MSE, RMSE, MAE, MAPE: 15, 0.00293, 0.00293, 0.05411, 0.03290, 7.50%
Time spent: 2.68s
- Epoch 017, ExpID 35309
Train - Loss (one batch): 0.00284
Val - Loss, MSE, RMSE, MAE, MAPE: 0.00314, 0.00314, 0.05600, 0.03552, 9.13%
Test - Best epoch, Loss, MSE, RMSE, MAE, MAPE: 15, 0.00293, 0.00293, 0.05411, 0.03290, 7.50%
Time spent: 2.71s
- Epoch 018, ExpID 35309
Train - Loss (one batch): 0.00240
Val - Loss, MSE, RMSE, MAE, MAPE: 0.00303, 0.00303, 0.05501, 0.03373, 8.63%
Test - Best epoch, Loss, MSE, RMSE, MAE, MAPE: 18, 0.00293, 0.00293, 0.05410, 0.03327, 7.63%
Time spent: 3.13s
- Epoch 019, ExpID 35309
Train - Loss (one batch): 0.00159
Val - Loss, MSE, RMSE, MAE, MAPE: 0.00314, 0.00314, 0.05606, 0.03524, 8.83%
Test - Best epoch, Loss, MSE, RMSE, MAE, MAPE: 18, 0.00293, 0.00293, 0.05410, 0.03327, 7.63%
Time spent: 2.68s
- Epoch 020, ExpID 35309
Train - Loss (one batch): 0.00184
Val - Loss, MSE, RMSE, MAE, MAPE: 0.00327, 0.00327, 0.05717, 0.03745, 9.47%
Test - Best epoch, Loss, MSE, RMSE, MAE, MAPE: 18, 0.00293, 0.00293, 0.05410, 0.03327, 7.63%
Time spent: 2.85s
- Epoch 021, ExpID 35309
Train - Loss (one batch): 0.00157
Val - Loss, MSE, RMSE, MAE, MAPE: 0.00301, 0.00301, 0.05482, 0.03373, 8.62%
Test - Best epoch, Loss, MSE, RMSE, MAE, MAPE: 21, 0.00290, 0.00290, 0.05383, 0.03317, 7.63%
Time spent: 3.21s
- Epoch 022, ExpID 35309
Train - Loss (one batch): 0.00174
Val - Loss, MSE, RMSE, MAE, MAPE: 0.00297, 0.00297, 0.05448, 0.03311, 8.44%
Test - Best epoch, Loss, MSE, RMSE, MAE, MAPE: 22, 0.00287, 0.00287, 0.05357, 0.03260, 7.45%
Time spent: 3.10s
- Epoch 023, ExpID 35309
Train - Loss (one batch): 0.00259
Val - Loss, MSE, RMSE, MAE, MAPE: 0.00360, 0.00360, 0.06002, 0.04189, 10.43%
Test - Best epoch, Loss, MSE, RMSE, MAE, MAPE: 22, 0.00287, 0.00287, 0.05357, 0.03260, 7.45%
Time spent: 2.71s
- Epoch 024, ExpID 35309
Train - Loss (one batch): 0.00234
Val - Loss, MSE, RMSE, MAE, MAPE: 0.00307, 0.00307, 0.05544, 0.03516, 9.31%
Test - Best epoch, Loss, MSE, RMSE, MAE, MAPE: 22, 0.00287, 0.00287, 0.05357, 0.03260, 7.45%
Time spent: 2.77s
- Epoch 025, ExpID 35309
Train - Loss (one batch): 0.00366
Val - Loss, MSE, RMSE, MAE, MAPE: 0.00293, 0.00293, 0.05410, 0.03287, 8.51%
Test - Best epoch, Loss, MSE, RMSE, MAE, MAPE: 25, 0.00283, 0.00283, 0.05320, 0.03248, 7.53%
Time spent: 3.09s
- Epoch 026, ExpID 35309
Train - Loss (one batch): 0.00202
Val - Loss, MSE, RMSE, MAE, MAPE: 0.00292, 0.00292, 0.05402, 0.03315, 8.56%
Test - Best epoch, Loss, MSE, RMSE, MAE, MAPE: 26, 0.00282, 0.00282, 0.05310, 0.03270, 7.56%
Time spent: 3.11s
- Epoch 027, ExpID 35309
Train - Loss (one batch): 0.00210
Val - Loss, MSE, RMSE, MAE, MAPE: 0.00288, 0.00288, 0.05363, 0.03235, 8.32%
Test - Best epoch, Loss, MSE, RMSE, MAE, MAPE: 27, 0.00278, 0.00278, 0.05272, 0.03195, 7.35%
Time spent: 3.43s
- Epoch 028, ExpID 35309
Train - Loss (one batch): 0.00351
Val - Loss, MSE, RMSE, MAE, MAPE: 0.00291, 0.00291, 0.05396, 0.03316, 8.42%
Test - Best epoch, Loss, MSE, RMSE, MAE, MAPE: 27, 0.00278, 0.00278, 0.05272, 0.03195, 7.35%
Time spent: 2.66s
- Epoch 029, ExpID 35309
Train - Loss (one batch): 0.00378
Val - Loss, MSE, RMSE, MAE, MAPE: 0.00344, 0.00344, 0.05869, 0.04072, 10.45%
Test - Best epoch, Loss, MSE, RMSE, MAE, MAPE: 27, 0.00278, 0.00278, 0.05272, 0.03195, 7.35%
Time spent: 2.72s
- Epoch 030, ExpID 35309
Train - Loss (one batch): 0.00374
Val - Loss, MSE, RMSE, MAE, MAPE: 0.00288, 0.00288, 0.05370, 0.03294, 8.51%
Test - Best epoch, Loss, MSE, RMSE, MAE, MAPE: 27, 0.00278, 0.00278, 0.05272, 0.03195, 7.35%
Time spent: 2.66s
- Epoch 031, ExpID 35309
Train - Loss (one batch): 0.00205
Val - Loss, MSE, RMSE, MAE, MAPE: 0.00300, 0.00300, 0.05481, 0.03427, 8.68%
Test - Best epoch, Loss, MSE, RMSE, MAE, MAPE: 27, 0.00278, 0.00278, 0.05272, 0.03195, 7.35%
Time spent: 2.67s
- Epoch 032, ExpID 35309
Train - Loss (one batch): 0.00297
Val - Loss, MSE, RMSE, MAE, MAPE: 0.00289, 0.00289, 0.05373, 0.03269, 8.33%
Test - Best epoch, Loss, MSE, RMSE, MAE, MAPE: 27, 0.00278, 0.00278, 0.05272, 0.03195, 7.35%
Time spent: 2.79s
- Epoch 033, ExpID 35309
Train - Loss (one batch): 0.00332
Val - Loss, MSE, RMSE, MAE, MAPE: 0.00300, 0.00300, 0.05478, 0.03473, 8.86%
Test - Best epoch, Loss, MSE, RMSE, MAE, MAPE: 27, 0.00278, 0.00278, 0.05272, 0.03195, 7.35%
Time spent: 2.74s
- Epoch 034, ExpID 35309
Train - Loss (one batch): 0.00226
Val - Loss, MSE, RMSE, MAE, MAPE: 0.00296, 0.00296, 0.05437, 0.03385, 8.61%
Test - Best epoch, Loss, MSE, RMSE, MAE, MAPE: 27, 0.00278, 0.00278, 0.05272, 0.03195, 7.35%
Time spent: 2.71s
- Epoch 035, ExpID 35309
Train - Loss (one batch): 0.00222
Val - Loss, MSE, RMSE, MAE, MAPE: 0.00304, 0.00304, 0.05514, 0.03499, 8.85%
Test - Best epoch, Loss, MSE, RMSE, MAE, MAPE: 27, 0.00278, 0.00278, 0.05272, 0.03195, 7.35%
Time spent: 2.76s
- Epoch 036, ExpID 35309
Train - Loss (one batch): 0.00225
Val - Loss, MSE, RMSE, MAE, MAPE: 0.00290, 0.00290, 0.05383, 0.03288, 8.37%
Test - Best epoch, Loss, MSE, RMSE, MAE, MAPE: 27, 0.00278, 0.00278, 0.05272, 0.03195, 7.35%
Time spent: 2.74s
- Epoch 037, ExpID 35309
Train - Loss (one batch): 0.00351
Val - Loss, MSE, RMSE, MAE, MAPE: 0.00319, 0.00319, 0.05652, 0.03760, 9.62%
Test - Best epoch, Loss, MSE, RMSE, MAE, MAPE: 27, 0.00278, 0.00278, 0.05272, 0.03195, 7.35%
Time spent: 2.79s
/home/solgi/srptpatch/run_models.py
2025-10-06 00:19:17
run_models.py --dataset activity --state def --history 3000 --patience 10 --batch_size 32 --lr 1e-3 --patch_size 300 --stride 300 --nhead 1 --tf_layer 1 --nlayer 1 --te_dim 10 --node_dim 10 --hid_dim 32 --outlayer Linear --seed 5 --gpu 0
Namespace(state='def', n=100000000, hop=1, nhead=1, tf_layer=1, nlayer=1, epoch=1000, patience=10, history=3000, patch_size=300.0, stride=300.0, logmode='a', lr=0.001, w_decay=0.0, batch_size=32, save='experiments/', load=None, seed=5, dataset='activity', quantization=0.0, model='tPatchGNN', outlayer='Linear', hid_dim=32, te_dim=10, node_dim=10, gpu='0', npatch=10, device=device(type='cuda'), PID=2193158, pred_window=1000, ndim=12)
- Epoch 000, ExpID 33051
Train - Loss (one batch): 0.00426
Val - Loss, MSE, RMSE, MAE, MAPE: 0.00407, 0.00407, 0.06383, 0.04244, 11.18%
Test - Best epoch, Loss, MSE, RMSE, MAE, MAPE: 0, 0.00378, 0.00378, 0.06145, 0.04078, 9.69%
Time spent: 3.92s
- Epoch 001, ExpID 33051
Train - Loss (one batch): 0.00414
Val - Loss, MSE, RMSE, MAE, MAPE: 0.00362, 0.00362, 0.06019, 0.03835, 9.61%
Test - Best epoch, Loss, MSE, RMSE, MAE, MAPE: 1, 0.00342, 0.00342, 0.05848, 0.03748, 8.53%
Time spent: 3.11s
- Epoch 002, ExpID 33051
Train - Loss (one batch): 0.00225
Val - Loss, MSE, RMSE, MAE, MAPE: 0.00322, 0.00322, 0.05671, 0.03474, 8.95%
Test - Best epoch, Loss, MSE, RMSE, MAE, MAPE: 2, 0.00301, 0.00301, 0.05484, 0.03393, 7.76%
Time spent: 3.15s
- Epoch 003, ExpID 33051
Train - Loss (one batch): 0.00257
Val - Loss, MSE, RMSE, MAE, MAPE: 0.00346, 0.00346, 0.05886, 0.03869, 9.44%
Test - Best epoch, Loss, MSE, RMSE, MAE, MAPE: 2, 0.00301, 0.00301, 0.05484, 0.03393, 7.76%
Time spent: 2.73s
- Epoch 004, ExpID 33051
Train - Loss (one batch): 0.00228
Val - Loss, MSE, RMSE, MAE, MAPE: 0.00323, 0.00323, 0.05682, 0.03503, 9.13%
Test - Best epoch, Loss, MSE, RMSE, MAE, MAPE: 2, 0.00301, 0.00301, 0.05484, 0.03393, 7.76%
Time spent: 2.70s
- Epoch 005, ExpID 33051
Train - Loss (one batch): 0.00550
Val - Loss, MSE, RMSE, MAE, MAPE: 0.00343, 0.00343, 0.05853, 0.03828, 9.27%
Test - Best epoch, Loss, MSE, RMSE, MAE, MAPE: 2, 0.00301, 0.00301, 0.05484, 0.03393, 7.76%
Time spent: 2.72s
- Epoch 006, ExpID 33051
Train - Loss (one batch): 0.00161
Val - Loss, MSE, RMSE, MAE, MAPE: 0.00322, 0.00322, 0.05673, 0.03578, 9.38%
Test - Best epoch, Loss, MSE, RMSE, MAE, MAPE: 2, 0.00301, 0.00301, 0.05484, 0.03393, 7.76%
Time spent: 2.72s
- Epoch 007, ExpID 33051
Train - Loss (one batch): 0.00331
Val - Loss, MSE, RMSE, MAE, MAPE: 0.00322, 0.00322, 0.05676, 0.03553, 8.81%
Test - Best epoch, Loss, MSE, RMSE, MAE, MAPE: 2, 0.00301, 0.00301, 0.05484, 0.03393, 7.76%
Time spent: 2.69s
- Epoch 008, ExpID 33051
Train - Loss (one batch): 0.00285
Val - Loss, MSE, RMSE, MAE, MAPE: 0.00310, 0.00310, 0.05569, 0.03400, 8.64%
Test - Best epoch, Loss, MSE, RMSE, MAE, MAPE: 8, 0.00294, 0.00294, 0.05426, 0.03354, 7.60%
Time spent: 3.11s
- Epoch 009, ExpID 33051
Train - Loss (one batch): 0.00284
Val - Loss, MSE, RMSE, MAE, MAPE: 0.00363, 0.00363, 0.06028, 0.04153, 9.74%
Test - Best epoch, Loss, MSE, RMSE, MAE, MAPE: 8, 0.00294, 0.00294, 0.05426, 0.03354, 7.60%
Time spent: 2.71s
- Epoch 010, ExpID 33051
Train - Loss (one batch): 0.00235
Val - Loss, MSE, RMSE, MAE, MAPE: 0.00328, 0.00328, 0.05723, 0.03725, 9.67%
Test - Best epoch, Loss, MSE, RMSE, MAE, MAPE: 8, 0.00294, 0.00294, 0.05426, 0.03354, 7.60%
Time spent: 2.71s
- Epoch 011, ExpID 33051
Train - Loss (one batch): 0.00372
Val - Loss, MSE, RMSE, MAE, MAPE: 0.00336, 0.00336, 0.05793, 0.03856, 9.26%
Test - Best epoch, Loss, MSE, RMSE, MAE, MAPE: 8, 0.00294, 0.00294, 0.05426, 0.03354, 7.60%
Time spent: 3.06s
- Epoch 012, ExpID 33051
Train - Loss (one batch): 0.00236
Val - Loss, MSE, RMSE, MAE, MAPE: 0.00307, 0.00307, 0.05537, 0.03474, 8.67%
Test - Best epoch, Loss, MSE, RMSE, MAE, MAPE: 12, 0.00293, 0.00293, 0.05417, 0.03444, 7.70%
Time spent: 3.13s
- Epoch 013, ExpID 33051
Train - Loss (one batch): 0.00261
Val - Loss, MSE, RMSE, MAE, MAPE: 0.00307, 0.00307, 0.05541, 0.03520, 9.32%
Test - Best epoch, Loss, MSE, RMSE, MAE, MAPE: 12, 0.00293, 0.00293, 0.05417, 0.03444, 7.70%
Time spent: 2.77s
- Epoch 014, ExpID 33051
Train - Loss (one batch): 0.00294
Val - Loss, MSE, RMSE, MAE, MAPE: 0.00301, 0.00301, 0.05485, 0.03408, 8.66%
Test - Best epoch, Loss, MSE, RMSE, MAE, MAPE: 14, 0.00287, 0.00287, 0.05362, 0.03365, 7.64%
Time spent: 3.18s
- Epoch 015, ExpID 33051
Train - Loss (one batch): 0.00161
Val - Loss, MSE, RMSE, MAE, MAPE: 0.00316, 0.00316, 0.05625, 0.03631, 8.90%
Test - Best epoch, Loss, MSE, RMSE, MAE, MAPE: 14, 0.00287, 0.00287, 0.05362, 0.03365, 7.64%
Time spent: 2.75s
- Epoch 016, ExpID 33051
Train - Loss (one batch): 0.00266
Val - Loss, MSE, RMSE, MAE, MAPE: 0.00313, 0.00313, 0.05595, 0.03502, 8.72%
Test - Best epoch, Loss, MSE, RMSE, MAE, MAPE: 14, 0.00287, 0.00287, 0.05362, 0.03365, 7.64%
Time spent: 2.72s
- Epoch 017, ExpID 33051
Train - Loss (one batch): 0.00323
Val - Loss, MSE, RMSE, MAE, MAPE: 0.00324, 0.00324, 0.05696, 0.03757, 9.11%
Test - Best epoch, Loss, MSE, RMSE, MAE, MAPE: 14, 0.00287, 0.00287, 0.05362, 0.03365, 7.64%
Time spent: 2.78s
- Epoch 018, ExpID 33051
Train - Loss (one batch): 0.00231
Val - Loss, MSE, RMSE, MAE, MAPE: 0.00291, 0.00291, 0.05398, 0.03321, 8.66%
Test - Best epoch, Loss, MSE, RMSE, MAE, MAPE: 18, 0.00278, 0.00278, 0.05272, 0.03278, 7.61%
Time spent: 3.10s
- Epoch 019, ExpID 33051
Train - Loss (one batch): 0.00268
Val - Loss, MSE, RMSE, MAE, MAPE: 0.00321, 0.00321, 0.05663, 0.03654, 8.92%
Test - Best epoch, Loss, MSE, RMSE, MAE, MAPE: 18, 0.00278, 0.00278, 0.05272, 0.03278, 7.61%
Time spent: 2.69s
- Epoch 020, ExpID 33051
Train - Loss (one batch): 0.00281
Val - Loss, MSE, RMSE, MAE, MAPE: 0.00322, 0.00322, 0.05671, 0.03733, 8.97%
Test - Best epoch, Loss, MSE, RMSE, MAE, MAPE: 18, 0.00278, 0.00278, 0.05272, 0.03278, 7.61%
Time spent: 2.71s
- Epoch 021, ExpID 33051
Train - Loss (one batch): 0.00289
Val - Loss, MSE, RMSE, MAE, MAPE: 0.00294, 0.00294, 0.05419, 0.03329, 8.46%
Test - Best epoch, Loss, MSE, RMSE, MAE, MAPE: 18, 0.00278, 0.00278, 0.05272, 0.03278, 7.61%
Time spent: 2.68s
- Epoch 022, ExpID 33051
Train - Loss (one batch): 0.00215
Val - Loss, MSE, RMSE, MAE, MAPE: 0.00297, 0.00297, 0.05453, 0.03398, 8.80%
Test - Best epoch, Loss, MSE, RMSE, MAE, MAPE: 18, 0.00278, 0.00278, 0.05272, 0.03278, 7.61%
Time spent: 2.81s
- Epoch 023, ExpID 33051
Train - Loss (one batch): 0.00319
Val - Loss, MSE, RMSE, MAE, MAPE: 0.00312, 0.00312, 0.05588, 0.03667, 8.98%
Test - Best epoch, Loss, MSE, RMSE, MAE, MAPE: 18, 0.00278, 0.00278, 0.05272, 0.03278, 7.61%
Time spent: 2.76s
- Epoch 024, ExpID 33051
Train - Loss (one batch): 0.00201
Val - Loss, MSE, RMSE, MAE, MAPE: 0.00306, 0.00306, 0.05531, 0.03513, 8.66%
Test - Best epoch, Loss, MSE, RMSE, MAE, MAPE: 18, 0.00278, 0.00278, 0.05272, 0.03278, 7.61%
Time spent: 2.70s
- Epoch 025, ExpID 33051
Train - Loss (one batch): 0.00227
Val - Loss, MSE, RMSE, MAE, MAPE: 0.00304, 0.00304, 0.05512, 0.03596, 9.46%
Test - Best epoch, Loss, MSE, RMSE, MAE, MAPE: 18, 0.00278, 0.00278, 0.05272, 0.03278, 7.61%
Time spent: 2.67s
- Epoch 026, ExpID 33051
Train - Loss (one batch): 0.00298
Val - Loss, MSE, RMSE, MAE, MAPE: 0.00318, 0.00318, 0.05636, 0.03713, 8.95%
Test - Best epoch, Loss, MSE, RMSE, MAE, MAPE: 18, 0.00278, 0.00278, 0.05272, 0.03278, 7.61%
Time spent: 2.81s
- Epoch 027, ExpID 33051
Train - Loss (one batch): 0.00326
Val - Loss, MSE, RMSE, MAE, MAPE: 0.00306, 0.00306, 0.05532, 0.03581, 8.75%
Test - Best epoch, Loss, MSE, RMSE, MAE, MAPE: 18, 0.00278, 0.00278, 0.05272, 0.03278, 7.61%
Time spent: 2.70s
- Epoch 028, ExpID 33051
Train - Loss (one batch): 0.00449
Val - Loss, MSE, RMSE, MAE, MAPE: 0.00301, 0.00301, 0.05491, 0.03533, 8.70%
Test - Best epoch, Loss, MSE, RMSE, MAE, MAPE: 18, 0.00278, 0.00278, 0.05272, 0.03278, 7.61%
Time spent: 2.76s
