/home/ouass/Test/MSP-IMTS/tPatchGNN/run_models.py
2025-09-19 20:59:56
run_models.py --dataset physionet --history 24 --quantization 1.0 --hid_dim 64 --te_dim 10 --node_dim 10 --nlayer 1 --tf_layer 1 --nhead 1 --batch_size 32 --lr 1e-3 --patience 60 --epoch 600 --seed 1 --gpu 0 --multi_scales 2,8 --multi_strides 2,8 --fusion concat
Namespace(multi_scales='2,8', multi_strides='2,8', fusion='concat', state='def', n=100000000, hop=1, nhead=1, tf_layer=1, nlayer=1, epoch=600, patience=60, history=24, patch_size=24, stride=24, logmode='a', lr=0.001, w_decay=0.0, batch_size=32, save='experiments/', load=None, seed=1, dataset='physionet', quantization=1.0, model='tPatchGNN', outlayer='Linear', hid_dim=64, te_dim=10, node_dim=10, gpu='0', npatch=1, device=device(type='cuda'), PID=3122232, ndim=41)
- Epoch 000, ExpID 63161
Train - Loss (one batch): 0.00602
Val - Loss, MSE, RMSE, MAE, MAPE: 0.00580, 0.00580, 0.07588, 0.04594, 14046430.74%
Test - Best epoch, Loss, MSE, RMSE, MAE, MAPE: 0, 0.00609, 0.00609, 0.07696, 0.04570, 13271889.69%
Time spent: 23.84s
- Epoch 001, ExpID 63161
Train - Loss (one batch): 0.00530
Val - Loss, MSE, RMSE, MAE, MAPE: 0.00519, 0.00519, 0.07176, 0.04316, 12208913.90%
Test - Best epoch, Loss, MSE, RMSE, MAE, MAPE: 1, 0.00552, 0.00552, 0.07315, 0.04307, 11298277.81%
Time spent: 19.46s
- Epoch 002, ExpID 63161
Train - Loss (one batch): 0.00472
Val - Loss, MSE, RMSE, MAE, MAPE: 0.00478, 0.00478, 0.06885, 0.04144, 11104619.36%
Test - Best epoch, Loss, MSE, RMSE, MAE, MAPE: 2, 0.00514, 0.00514, 0.07051, 0.04143, 10146751.10%
Time spent: 19.49s
- Epoch 003, ExpID 63161
Train - Loss (one batch): 0.00485
Val - Loss, MSE, RMSE, MAE, MAPE: 0.00464, 0.00464, 0.06783, 0.04039, 12453026.39%
Test - Best epoch, Loss, MSE, RMSE, MAE, MAPE: 3, 0.00497, 0.00497, 0.06927, 0.04033, 11529226.83%
Time spent: 19.02s
- Epoch 004, ExpID 63161
Train - Loss (one batch): 0.00449
Val - Loss, MSE, RMSE, MAE, MAPE: 0.00433, 0.00433, 0.06557, 0.03791, 9467355.90%
Test - Best epoch, Loss, MSE, RMSE, MAE, MAPE: 4, 0.00472, 0.00472, 0.06742, 0.03802, 8571114.11%
Time spent: 19.47s
- Epoch 005, ExpID 63161
Train - Loss (one batch): 0.00433
Val - Loss, MSE, RMSE, MAE, MAPE: 0.00438, 0.00438, 0.06591, 0.03863, 10760649.87%
Test - Best epoch, Loss, MSE, RMSE, MAE, MAPE: 4, 0.00472, 0.00472, 0.06742, 0.03802, 8571114.11%
Time spent: 16.83s
- Epoch 006, ExpID 63161
Train - Loss (one batch): 0.00336
Val - Loss, MSE, RMSE, MAE, MAPE: 0.00469, 0.00469, 0.06826, 0.04172, 10974233.52%
Test - Best epoch, Loss, MSE, RMSE, MAE, MAPE: 4, 0.00472, 0.00472, 0.06742, 0.03802, 8571114.11%
Time spent: 17.76s
- Epoch 007, ExpID 63161
Train - Loss (one batch): 0.00277
Val - Loss, MSE, RMSE, MAE, MAPE: 0.00442, 0.00442, 0.06624, 0.03859, 9742369.81%
Test - Best epoch, Loss, MSE, RMSE, MAE, MAPE: 4, 0.00472, 0.00472, 0.06742, 0.03802, 8571114.11%
Time spent: 17.71s
- Epoch 008, ExpID 63161
Train - Loss (one batch): 0.00433
Val - Loss, MSE, RMSE, MAE, MAPE: 0.00476, 0.00476, 0.06879, 0.04155, 10552007.26%
Test - Best epoch, Loss, MSE, RMSE, MAE, MAPE: 4, 0.00472, 0.00472, 0.06742, 0.03802, 8571114.11%
Time spent: 16.82s
- Epoch 009, ExpID 63161
Train - Loss (one batch): 0.00569
Val - Loss, MSE, RMSE, MAE, MAPE: 0.00430, 0.00430, 0.06530, 0.03782, 10181082.87%
Test - Best epoch, Loss, MSE, RMSE, MAE, MAPE: 9, 0.00467, 0.00467, 0.06709, 0.03786, 9293935.03%
Time spent: 19.31s
- Epoch 010, ExpID 63161
Train - Loss (one batch): 0.00494
Val - Loss, MSE, RMSE, MAE, MAPE: 0.00479, 0.00479, 0.06900, 0.04162, 9325178.30%
Test - Best epoch, Loss, MSE, RMSE, MAE, MAPE: 9, 0.00467, 0.00467, 0.06709, 0.03786, 9293935.03%
Time spent: 16.69s
- Epoch 011, ExpID 63161
Train - Loss (one batch): 0.00402
Val - Loss, MSE, RMSE, MAE, MAPE: 0.00456, 0.00456, 0.06725, 0.03928, 10383043.08%
Test - Best epoch, Loss, MSE, RMSE, MAE, MAPE: 9, 0.00467, 0.00467, 0.06709, 0.03786, 9293935.03%
Time spent: 17.07s
- Epoch 012, ExpID 63161
Train - Loss (one batch): 0.00513
Val - Loss, MSE, RMSE, MAE, MAPE: 0.00520, 0.00520, 0.07192, 0.04613, 11657009.90%
Test - Best epoch, Loss, MSE, RMSE, MAE, MAPE: 9, 0.00467, 0.00467, 0.06709, 0.03786, 9293935.03%
Time spent: 17.48s
- Epoch 013, ExpID 63161
Train - Loss (one batch): 0.00249
Val - Loss, MSE, RMSE, MAE, MAPE: 0.00422, 0.00422, 0.06467, 0.03640, 9969771.15%
Test - Best epoch, Loss, MSE, RMSE, MAE, MAPE: 13, 0.00458, 0.00458, 0.06636, 0.03653, 9073426.73%
Time spent: 19.43s
- Epoch 014, ExpID 63161
Train - Loss (one batch): 0.00457
Val - Loss, MSE, RMSE, MAE, MAPE: 0.00439, 0.00439, 0.06602, 0.03929, 10111927.12%
Test - Best epoch, Loss, MSE, RMSE, MAE, MAPE: 13, 0.00458, 0.00458, 0.06636, 0.03653, 9073426.73%
Time spent: 16.95s
- Epoch 015, ExpID 63161
Train - Loss (one batch): 0.00425
Val - Loss, MSE, RMSE, MAE, MAPE: 0.00416, 0.00416, 0.06423, 0.03662, 9561678.01%
Test - Best epoch, Loss, MSE, RMSE, MAE, MAPE: 15, 0.00453, 0.00453, 0.06596, 0.03668, 8692588.76%
Time spent: 18.97s
- Epoch 016, ExpID 63161
Train - Loss (one batch): 0.00428
Val - Loss, MSE, RMSE, MAE, MAPE: 0.00469, 0.00469, 0.06821, 0.04079, 10855837.29%
Test - Best epoch, Loss, MSE, RMSE, MAE, MAPE: 15, 0.00453, 0.00453, 0.06596, 0.03668, 8692588.76%
Time spent: 17.06s
- Epoch 017, ExpID 63161
Train - Loss (one batch): 0.00490
Val - Loss, MSE, RMSE, MAE, MAPE: 0.00445, 0.00445, 0.06641, 0.03871, 10885511.66%
Test - Best epoch, Loss, MSE, RMSE, MAE, MAPE: 15, 0.00453, 0.00453, 0.06596, 0.03668, 8692588.76%
Time spent: 17.76s
- Epoch 018, ExpID 63161
Train - Loss (one batch): 0.00512
Val - Loss, MSE, RMSE, MAE, MAPE: 0.00452, 0.00452, 0.06700, 0.04081, 10200513.45%
Test - Best epoch, Loss, MSE, RMSE, MAE, MAPE: 15, 0.00453, 0.00453, 0.06596, 0.03668, 8692588.76%
Time spent: 17.38s
- Epoch 019, ExpID 63161
Train - Loss (one batch): 0.00358
Val - Loss, MSE, RMSE, MAE, MAPE: 0.00421, 0.00421, 0.06462, 0.03754, 10147478.52%
Test - Best epoch, Loss, MSE, RMSE, MAE, MAPE: 15, 0.00453, 0.00453, 0.06596, 0.03668, 8692588.76%
Time spent: 16.93s
- Epoch 020, ExpID 63161
Train - Loss (one batch): 0.00404
Val - Loss, MSE, RMSE, MAE, MAPE: 0.00424, 0.00424, 0.06488, 0.03826, 10558689.97%
Test - Best epoch, Loss, MSE, RMSE, MAE, MAPE: 15, 0.00453, 0.00453, 0.06596, 0.03668, 8692588.76%
Time spent: 16.69s
- Epoch 021, ExpID 63161
Train - Loss (one batch): 0.00426
Val - Loss, MSE, RMSE, MAE, MAPE: 0.00466, 0.00466, 0.06806, 0.04253, 11142106.91%
Test - Best epoch, Loss, MSE, RMSE, MAE, MAPE: 15, 0.00453, 0.00453, 0.06596, 0.03668, 8692588.76%
Time spent: 16.67s
- Epoch 022, ExpID 63161
Train - Loss (one batch): 0.00378
Val - Loss, MSE, RMSE, MAE, MAPE: 0.00458, 0.00458, 0.06747, 0.04180, 10981791.07%
Test - Best epoch, Loss, MSE, RMSE, MAE, MAPE: 15, 0.00453, 0.00453, 0.06596, 0.03668, 8692588.76%
Time spent: 16.68s
- Epoch 023, ExpID 63161
Train - Loss (one batch): 0.00310
Val - Loss, MSE, RMSE, MAE, MAPE: 0.00428, 0.00428, 0.06514, 0.03772, 10186505.00%
Test - Best epoch, Loss, MSE, RMSE, MAE, MAPE: 15, 0.00453, 0.00453, 0.06596, 0.03668, 8692588.76%
Time spent: 17.09s
- Epoch 024, ExpID 63161
Train - Loss (one batch): 0.00380
Val - Loss, MSE, RMSE, MAE, MAPE: 0.00446, 0.00446, 0.06651, 0.03894, 9485222.55%
Test - Best epoch, Loss, MSE, RMSE, MAE, MAPE: 15, 0.00453, 0.00453, 0.06596, 0.03668, 8692588.76%
Time spent: 17.05s
- Epoch 025, ExpID 63161
Train - Loss (one batch): 0.00524
Val - Loss, MSE, RMSE, MAE, MAPE: 0.00430, 0.00430, 0.06532, 0.03858, 9899686.76%
Test - Best epoch, Loss, MSE, RMSE, MAE, MAPE: 15, 0.00453, 0.00453, 0.06596, 0.03668, 8692588.76%
Time spent: 16.83s
- Epoch 026, ExpID 63161
Train - Loss (one batch): 0.00523
Val - Loss, MSE, RMSE, MAE, MAPE: 0.00419, 0.00419, 0.06443, 0.03672, 9604856.35%
Test - Best epoch, Loss, MSE, RMSE, MAE, MAPE: 15, 0.00453, 0.00453, 0.06596, 0.03668, 8692588.76%
Time spent: 16.88s
- Epoch 027, ExpID 63161
Train - Loss (one batch): 0.00321
Val - Loss, MSE, RMSE, MAE, MAPE: 0.00406, 0.00406, 0.06344, 0.03559, 9713290.60%
Test - Best epoch, Loss, MSE, RMSE, MAE, MAPE: 27, 0.00438, 0.00438, 0.06486, 0.03554, 8805577.26%
Time spent: 18.96s
- Epoch 028, ExpID 63161
Train - Loss (one batch): 0.00377
Val - Loss, MSE, RMSE, MAE, MAPE: 0.00412, 0.00412, 0.06394, 0.03736, 10122976.73%
Test - Best epoch, Loss, MSE, RMSE, MAE, MAPE: 27, 0.00438, 0.00438, 0.06486, 0.03554, 8805577.26%
Time spent: 16.70s
- Epoch 029, ExpID 63161
Train - Loss (one batch): 0.00357
Val - Loss, MSE, RMSE, MAE, MAPE: 0.00420, 0.00420, 0.06456, 0.03698, 10405565.99%
Test - Best epoch, Loss, MSE, RMSE, MAE, MAPE: 27, 0.00438, 0.00438, 0.06486, 0.03554, 8805577.26%
Time spent: 16.74s
- Epoch 030, ExpID 63161
Train - Loss (one batch): 0.00487
Val - Loss, MSE, RMSE, MAE, MAPE: 0.00412, 0.00412, 0.06397, 0.03674, 11004444.07%
Test - Best epoch, Loss, MSE, RMSE, MAE, MAPE: 27, 0.00438, 0.00438, 0.06486, 0.03554, 8805577.26%
Time spent: 16.71s
- Epoch 031, ExpID 63161
Train - Loss (one batch): 0.00503
Val - Loss, MSE, RMSE, MAE, MAPE: 0.00418, 0.00418, 0.06442, 0.03693, 9533968.95%
Test - Best epoch, Loss, MSE, RMSE, MAE, MAPE: 27, 0.00438, 0.00438, 0.06486, 0.03554, 8805577.26%
Time spent: 16.72s
- Epoch 032, ExpID 63161
Train - Loss (one batch): 0.00378
Val - Loss, MSE, RMSE, MAE, MAPE: 0.00422, 0.00422, 0.06470, 0.03729, 9846055.24%
Test - Best epoch, Loss, MSE, RMSE, MAE, MAPE: 27, 0.00438, 0.00438, 0.06486, 0.03554, 8805577.26%
Time spent: 16.80s
- Epoch 033, ExpID 63161
Train - Loss (one batch): 0.00344
Val - Loss, MSE, RMSE, MAE, MAPE: 0.00428, 0.00428, 0.06521, 0.03828, 9132995.77%
Test - Best epoch, Loss, MSE, RMSE, MAE, MAPE: 27, 0.00438, 0.00438, 0.06486, 0.03554, 8805577.26%
Time spent: 16.73s
- Epoch 034, ExpID 63161
Train - Loss (one batch): 0.00319
Val - Loss, MSE, RMSE, MAE, MAPE: 0.00420, 0.00420, 0.06455, 0.03730, 9853088.68%
Test - Best epoch, Loss, MSE, RMSE, MAE, MAPE: 27, 0.00438, 0.00438, 0.06486, 0.03554, 8805577.26%
Time spent: 16.69s
- Epoch 035, ExpID 63161
Train - Loss (one batch): 0.00403
Val - Loss, MSE, RMSE, MAE, MAPE: 0.00412, 0.00412, 0.06389, 0.03629, 9339484.17%
Test - Best epoch, Loss, MSE, RMSE, MAE, MAPE: 27, 0.00438, 0.00438, 0.06486, 0.03554, 8805577.26%
Time spent: 16.68s
- Epoch 036, ExpID 63161
Train - Loss (one batch): 0.00460
Val - Loss, MSE, RMSE, MAE, MAPE: 0.00415, 0.00415, 0.06418, 0.03624, 9502684.29%
Test - Best epoch, Loss, MSE, RMSE, MAE, MAPE: 27, 0.00438, 0.00438, 0.06486, 0.03554, 8805577.26%
Time spent: 16.75s
- Epoch 037, ExpID 63161
Train - Loss (one batch): 0.00361
Val - Loss, MSE, RMSE, MAE, MAPE: 0.00412, 0.00412, 0.06393, 0.03663, 9614086.09%
Test - Best epoch, Loss, MSE, RMSE, MAE, MAPE: 27, 0.00438, 0.00438, 0.06486, 0.03554, 8805577.26%
Time spent: 16.74s
- Epoch 038, ExpID 63161
Train - Loss (one batch): 0.00413
Val - Loss, MSE, RMSE, MAE, MAPE: 0.00420, 0.00420, 0.06454, 0.03689, 9789394.63%
Test - Best epoch, Loss, MSE, RMSE, MAE, MAPE: 27, 0.00438, 0.00438, 0.06486, 0.03554, 8805577.26%
Time spent: 16.77s
- Epoch 039, ExpID 63161
Train - Loss (one batch): 0.00405
Val - Loss, MSE, RMSE, MAE, MAPE: 0.00419, 0.00419, 0.06451, 0.03715, 10865437.17%
Test - Best epoch, Loss, MSE, RMSE, MAE, MAPE: 27, 0.00438, 0.00438, 0.06486, 0.03554, 8805577.26%
Time spent: 16.71s
- Epoch 040, ExpID 63161
Train - Loss (one batch): 0.00458
Val - Loss, MSE, RMSE, MAE, MAPE: 0.00416, 0.00416, 0.06426, 0.03681, 9465200.80%
Test - Best epoch, Loss, MSE, RMSE, MAE, MAPE: 27, 0.00438, 0.00438, 0.06486, 0.03554, 8805577.26%
Time spent: 17.36s
- Epoch 041, ExpID 63161
Train - Loss (one batch): 0.00391
Val - Loss, MSE, RMSE, MAE, MAPE: 0.00418, 0.00418, 0.06438, 0.03674, 10238743.64%
Test - Best epoch, Loss, MSE, RMSE, MAE, MAPE: 27, 0.00438, 0.00438, 0.06486, 0.03554, 8805577.26%
Time spent: 17.39s
- Epoch 042, ExpID 63161
Train - Loss (one batch): 0.00389
Val - Loss, MSE, RMSE, MAE, MAPE: 0.00425, 0.00425, 0.06490, 0.03736, 9623379.88%
Test - Best epoch, Loss, MSE, RMSE, MAE, MAPE: 27, 0.00438, 0.00438, 0.06486, 0.03554, 8805577.26%
Time spent: 17.10s
- Epoch 043, ExpID 63161
Train - Loss (one batch): 0.00326
Val - Loss, MSE, RMSE, MAE, MAPE: 0.00439, 0.00439, 0.06605, 0.03980, 10247038.73%
Test - Best epoch, Loss, MSE, RMSE, MAE, MAPE: 27, 0.00438, 0.00438, 0.06486, 0.03554, 8805577.26%
Time spent: 16.71s
- Epoch 044, ExpID 63161
Train - Loss (one batch): 0.00353
Val - Loss, MSE, RMSE, MAE, MAPE: 0.00431, 0.00431, 0.06541, 0.03804, 10386137.45%
Test - Best epoch, Loss, MSE, RMSE, MAE, MAPE: 27, 0.00438, 0.00438, 0.06486, 0.03554, 8805577.26%
Time spent: 16.91s
- Epoch 045, ExpID 63161
Train - Loss (one batch): 0.00349
Val - Loss, MSE, RMSE, MAE, MAPE: 0.00408, 0.00408, 0.06364, 0.03586, 9648875.18%
Test - Best epoch, Loss, MSE, RMSE, MAE, MAPE: 27, 0.00438, 0.00438, 0.06486, 0.03554, 8805577.26%
Time spent: 17.41s
- Epoch 046, ExpID 63161
Train - Loss (one batch): 0.00435
Val - Loss, MSE, RMSE, MAE, MAPE: 0.00420, 0.00420, 0.06459, 0.03727, 9686786.88%
Test - Best epoch, Loss, MSE, RMSE, MAE, MAPE: 27, 0.00438, 0.00438, 0.06486, 0.03554, 8805577.26%
Time spent: 17.42s
- Epoch 047, ExpID 63161
Train - Loss (one batch): 0.00488
Val - Loss, MSE, RMSE, MAE, MAPE: 0.00469, 0.00469, 0.06826, 0.04195, 11735799.76%
Test - Best epoch, Loss, MSE, RMSE, MAE, MAPE: 27, 0.00438, 0.00438, 0.06486, 0.03554, 8805577.26%
Time spent: 17.32s
- Epoch 048, ExpID 63161
Train - Loss (one batch): 0.00394
Val - Loss, MSE, RMSE, MAE, MAPE: 0.00413, 0.00413, 0.06402, 0.03585, 11180013.31%
Test - Best epoch, Loss, MSE, RMSE, MAE, MAPE: 27, 0.00438, 0.00438, 0.06486, 0.03554, 8805577.26%
Time spent: 17.62s
- Epoch 049, ExpID 63161
Train - Loss (one batch): 0.00289
Val - Loss, MSE, RMSE, MAE, MAPE: 0.00458, 0.00458, 0.06743, 0.04056, 10156864.13%
Test - Best epoch, Loss, MSE, RMSE, MAE, MAPE: 27, 0.00438, 0.00438, 0.06486, 0.03554, 8805577.26%
Time spent: 16.85s
- Epoch 050, ExpID 63161
Train - Loss (one batch): 0.00418
Val - Loss, MSE, RMSE, MAE, MAPE: 0.00420, 0.00420, 0.06456, 0.03750, 10257780.70%
Test - Best epoch, Loss, MSE, RMSE, MAE, MAPE: 27, 0.00438, 0.00438, 0.06486, 0.03554, 8805577.26%
Time spent: 16.86s
- Epoch 051, ExpID 63161
Train - Loss (one batch): 0.00356
Val - Loss, MSE, RMSE, MAE, MAPE: 0.00418, 0.00418, 0.06441, 0.03632, 9239144.92%
Test - Best epoch, Loss, MSE, RMSE, MAE, MAPE: 27, 0.00438, 0.00438, 0.06486, 0.03554, 8805577.26%
Time spent: 17.24s
- Epoch 052, ExpID 63161
Train - Loss (one batch): 0.00340
Val - Loss, MSE, RMSE, MAE, MAPE: 0.00441, 0.00441, 0.06617, 0.03905, 10629421.05%
Test - Best epoch, Loss, MSE, RMSE, MAE, MAPE: 27, 0.00438, 0.00438, 0.06486, 0.03554, 8805577.26%
Time spent: 17.33s
- Epoch 053, ExpID 63161
Train - Loss (one batch): 0.00392
Val - Loss, MSE, RMSE, MAE, MAPE: 0.00426, 0.00426, 0.06501, 0.03712, 9808674.39%
Test - Best epoch, Loss, MSE, RMSE, MAE, MAPE: 27, 0.00438, 0.00438, 0.06486, 0.03554, 8805577.26%
Time spent: 17.58s
- Epoch 054, ExpID 63161
Train - Loss (one batch): 0.00446
Val - Loss, MSE, RMSE, MAE, MAPE: 0.00405, 0.00405, 0.06340, 0.03553, 9241941.81%
Test - Best epoch, Loss, MSE, RMSE, MAE, MAPE: 54, 0.00439, 0.00439, 0.06489, 0.03556, 8463751.57%
Time spent: 19.02s
- Epoch 055, ExpID 63161
Train - Loss (one batch): 0.00529
Val - Loss, MSE, RMSE, MAE, MAPE: 0.00414, 0.00414, 0.06403, 0.03626, 10251094.95%
Test - Best epoch, Loss, MSE, RMSE, MAE, MAPE: 54, 0.00439, 0.00439, 0.06489, 0.03556, 8463751.57%
Time spent: 16.91s
- Epoch 056, ExpID 63161
Train - Loss (one batch): 0.00350
Val - Loss, MSE, RMSE, MAE, MAPE: 0.00432, 0.00432, 0.06549, 0.03891, 10158100.49%
Test - Best epoch, Loss, MSE, RMSE, MAE, MAPE: 54, 0.00439, 0.00439, 0.06489, 0.03556, 8463751.57%
Time spent: 16.85s
- Epoch 057, ExpID 63161
Train - Loss (one batch): 0.00362
Val - Loss, MSE, RMSE, MAE, MAPE: 0.00429, 0.00429, 0.06525, 0.03793, 9208082.62%
Test - Best epoch, Loss, MSE, RMSE, MAE, MAPE: 54, 0.00439, 0.00439, 0.06489, 0.03556, 8463751.57%
Time spent: 16.77s
- Epoch 058, ExpID 63161
Train - Loss (one batch): 0.00395
Val - Loss, MSE, RMSE, MAE, MAPE: 0.00423, 0.00423, 0.06480, 0.03750, 9417020.54%
Test - Best epoch, Loss, MSE, RMSE, MAE, MAPE: 54, 0.00439, 0.00439, 0.06489, 0.03556, 8463751.57%
Time spent: 16.81s
- Epoch 059, ExpID 63161
Train - Loss (one batch): 0.00400
Val - Loss, MSE, RMSE, MAE, MAPE: 0.00442, 0.00442, 0.06624, 0.03948, 10521323.03%
Test - Best epoch, Loss, MSE, RMSE, MAE, MAPE: 54, 0.00439, 0.00439, 0.06489, 0.03556, 8463751.57%
Time spent: 16.77s
- Epoch 060, ExpID 63161
Train - Loss (one batch): 0.00319
Val - Loss, MSE, RMSE, MAE, MAPE: 0.00429, 0.00429, 0.06527, 0.03742, 9822270.82%
Test - Best epoch, Loss, MSE, RMSE, MAE, MAPE: 54, 0.00439, 0.00439, 0.06489, 0.03556, 8463751.57%
Time spent: 16.79s
- Epoch 061, ExpID 63161
Train - Loss (one batch): 0.00431
Val - Loss, MSE, RMSE, MAE, MAPE: 0.00450, 0.00450, 0.06681, 0.03844, 11716623.69%
Test - Best epoch, Loss, MSE, RMSE, MAE, MAPE: 54, 0.00439, 0.00439, 0.06489, 0.03556, 8463751.57%
Time spent: 16.71s
- Epoch 062, ExpID 63161
Train - Loss (one batch): 0.00350
Val - Loss, MSE, RMSE, MAE, MAPE: 0.00433, 0.00433, 0.06555, 0.03827, 9905168.54%
Test - Best epoch, Loss, MSE, RMSE, MAE, MAPE: 54, 0.00439, 0.00439, 0.06489, 0.03556, 8463751.57%
Time spent: 17.49s
- Epoch 063, ExpID 63161
Train - Loss (one batch): 0.00328
Val - Loss, MSE, RMSE, MAE, MAPE: 0.00414, 0.00414, 0.06405, 0.03638, 9804264.40%
Test - Best epoch, Loss, MSE, RMSE, MAE, MAPE: 54, 0.00439, 0.00439, 0.06489, 0.03556, 8463751.57%
Time spent: 17.64s
- Epoch 064, ExpID 63161
Train - Loss (one batch): 0.00424
Val - Loss, MSE, RMSE, MAE, MAPE: 0.00431, 0.00431, 0.06540, 0.03817, 10951541.07%
Test - Best epoch, Loss, MSE, RMSE, MAE, MAPE: 54, 0.00439, 0.00439, 0.06489, 0.03556, 8463751.57%
Time spent: 16.86s
- Epoch 065, ExpID 63161
Train - Loss (one batch): 0.00250
Val - Loss, MSE, RMSE, MAE, MAPE: 0.00420, 0.00420, 0.06456, 0.03690, 9896495.85%
Test - Best epoch, Loss, MSE, RMSE, MAE, MAPE: 54, 0.00439, 0.00439, 0.06489, 0.03556, 8463751.57%
Time spent: 16.92s
- Epoch 066, ExpID 63161
Train - Loss (one batch): 0.00325
Val - Loss, MSE, RMSE, MAE, MAPE: 0.00417, 0.00417, 0.06429, 0.03671, 10242858.33%
Test - Best epoch, Loss, MSE, RMSE, MAE, MAPE: 54, 0.00439, 0.00439, 0.06489, 0.03556, 8463751.57%
Time spent: 17.41s
- Epoch 067, ExpID 63161
Train - Loss (one batch): 0.00462
Val - Loss, MSE, RMSE, MAE, MAPE: 0.00435, 0.00435, 0.06567, 0.03761, 11180804.68%
Test - Best epoch, Loss, MSE, RMSE, MAE, MAPE: 54, 0.00439, 0.00439, 0.06489, 0.03556, 8463751.57%
Time spent: 16.69s
- Epoch 068, ExpID 63161
Train - Loss (one batch): 0.00345
Val - Loss, MSE, RMSE, MAE, MAPE: 0.00430, 0.00430, 0.06531, 0.03802, 9358549.02%
Test - Best epoch, Loss, MSE, RMSE, MAE, MAPE: 54, 0.00439, 0.00439, 0.06489, 0.03556, 8463751.57%
Time spent: 16.73s
- Epoch 069, ExpID 63161
Train - Loss (one batch): 0.00382
Val - Loss, MSE, RMSE, MAE, MAPE: 0.00420, 0.00420, 0.06460, 0.03782, 10422668.13%
Test - Best epoch, Loss, MSE, RMSE, MAE, MAPE: 54, 0.00439, 0.00439, 0.06489, 0.03556, 8463751.57%
Time spent: 16.74s
- Epoch 070, ExpID 63161
Train - Loss (one batch): 0.00442
Val - Loss, MSE, RMSE, MAE, MAPE: 0.00416, 0.00416, 0.06423, 0.03606, 9576070.87%
Test - Best epoch, Loss, MSE, RMSE, MAE, MAPE: 54, 0.00439, 0.00439, 0.06489, 0.03556, 8463751.57%
Time spent: 17.39s
- Epoch 071, ExpID 63161
Train - Loss (one batch): 0.00388
Val - Loss, MSE, RMSE, MAE, MAPE: 0.00424, 0.00424, 0.06482, 0.03728, 9163852.44%
Test - Best epoch, Loss, MSE, RMSE, MAE, MAPE: 54, 0.00439, 0.00439, 0.06489, 0.03556, 8463751.57%
Time spent: 17.53s
- Epoch 072, ExpID 63161
Train - Loss (one batch): 0.00295
Val - Loss, MSE, RMSE, MAE, MAPE: 0.00436, 0.00436, 0.06582, 0.03813, 9100265.17%
Test - Best epoch, Loss, MSE, RMSE, MAE, MAPE: 54, 0.00439, 0.00439, 0.06489, 0.03556, 8463751.57%
Time spent: 16.72s
- Epoch 073, ExpID 63161
Train - Loss (one batch): 0.00307
Val - Loss, MSE, RMSE, MAE, MAPE: 0.00420, 0.00420, 0.06453, 0.03721, 11124850.28%
Test - Best epoch, Loss, MSE, RMSE, MAE, MAPE: 54, 0.00439, 0.00439, 0.06489, 0.03556, 8463751.57%
Time spent: 16.68s
- Epoch 074, ExpID 63161
Train - Loss (one batch): 0.00364
Val - Loss, MSE, RMSE, MAE, MAPE: 0.00429, 0.00429, 0.06526, 0.03799, 11409208.84%
Test - Best epoch, Loss, MSE, RMSE, MAE, MAPE: 54, 0.00439, 0.00439, 0.06489, 0.03556, 8463751.57%
Time spent: 16.73s
- Epoch 075, ExpID 63161
Train - Loss (one batch): 0.00298
Val - Loss, MSE, RMSE, MAE, MAPE: 0.00447, 0.00447, 0.06665, 0.03970, 10718585.10%
Test - Best epoch, Loss, MSE, RMSE, MAE, MAPE: 54, 0.00439, 0.00439, 0.06489, 0.03556, 8463751.57%
Time spent: 17.10s
- Epoch 076, ExpID 63161
Train - Loss (one batch): 0.00410
Val - Loss, MSE, RMSE, MAE, MAPE: 0.00439, 0.00439, 0.06605, 0.03895, 8907599.55%
Test - Best epoch, Loss, MSE, RMSE, MAE, MAPE: 54, 0.00439, 0.00439, 0.06489, 0.03556, 8463751.57%
Time spent: 17.34s
- Epoch 077, ExpID 63161
Train - Loss (one batch): 0.00340
Val - Loss, MSE, RMSE, MAE, MAPE: 0.00417, 0.00417, 0.06433, 0.03725, 9929958.38%
Test - Best epoch, Loss, MSE, RMSE, MAE, MAPE: 54, 0.00439, 0.00439, 0.06489, 0.03556, 8463751.57%
Time spent: 16.94s
- Epoch 078, ExpID 63161
Train - Loss (one batch): 0.00345
Val - Loss, MSE, RMSE, MAE, MAPE: 0.00444, 0.00444, 0.06643, 0.04043, 10149885.07%
Test - Best epoch, Loss, MSE, RMSE, MAE, MAPE: 54, 0.00439, 0.00439, 0.06489, 0.03556, 8463751.57%
Time spent: 17.03s
- Epoch 079, ExpID 63161
Train - Loss (one batch): 0.00415
Val - Loss, MSE, RMSE, MAE, MAPE: 0.00436, 0.00436, 0.06578, 0.03829, 10264083.54%
Test - Best epoch, Loss, MSE, RMSE, MAE, MAPE: 54, 0.00439, 0.00439, 0.06489, 0.03556, 8463751.57%
Time spent: 16.67s
- Epoch 080, ExpID 63161
Train - Loss (one batch): 0.00388
Val - Loss, MSE, RMSE, MAE, MAPE: 0.00419, 0.00419, 0.06452, 0.03781, 10817953.62%
Test - Best epoch, Loss, MSE, RMSE, MAE, MAPE: 54, 0.00439, 0.00439, 0.06489, 0.03556, 8463751.57%
Time spent: 17.42s
- Epoch 081, ExpID 63161
Train - Loss (one batch): 0.00319
Val - Loss, MSE, RMSE, MAE, MAPE: 0.00414, 0.00414, 0.06406, 0.03627, 9841188.63%
Test - Best epoch, Loss, MSE, RMSE, MAE, MAPE: 54, 0.00439, 0.00439, 0.06489, 0.03556, 8463751.57%
Time spent: 16.71s
- Epoch 082, ExpID 63161
Train - Loss (one batch): 0.00349
Val - Loss, MSE, RMSE, MAE, MAPE: 0.00420, 0.00420, 0.06457, 0.03756, 8937440.91%
Test - Best epoch, Loss, MSE, RMSE, MAE, MAPE: 54, 0.00439, 0.00439, 0.06489, 0.03556, 8463751.57%
Time spent: 17.45s
- Epoch 083, ExpID 63161
Train - Loss (one batch): 0.00283
Val - Loss, MSE, RMSE, MAE, MAPE: 0.00457, 0.00457, 0.06741, 0.04080, 9925356.11%
Test - Best epoch, Loss, MSE, RMSE, MAE, MAPE: 54, 0.00439, 0.00439, 0.06489, 0.03556, 8463751.57%
Time spent: 16.84s
- Epoch 084, ExpID 63161
Train - Loss (one batch): 0.00423
Val - Loss, MSE, RMSE, MAE, MAPE: 0.00448, 0.00448, 0.06666, 0.03924, 10674948.43%
Test - Best epoch, Loss, MSE, RMSE, MAE, MAPE: 54, 0.00439, 0.00439, 0.06489, 0.03556, 8463751.57%
Time spent: 16.81s
- Epoch 085, ExpID 63161
Train - Loss (one batch): 0.00424
Val - Loss, MSE, RMSE, MAE, MAPE: 0.00420, 0.00420, 0.06453, 0.03709, 9042678.20%
Test - Best epoch, Loss, MSE, RMSE, MAE, MAPE: 54, 0.00439, 0.00439, 0.06489, 0.03556, 8463751.57%
Time spent: 16.92s
- Epoch 086, ExpID 63161
Train - Loss (one batch): 0.00340
Val - Loss, MSE, RMSE, MAE, MAPE: 0.00414, 0.00414, 0.06412, 0.03663, 9789770.28%
Test - Best epoch, Loss, MSE, RMSE, MAE, MAPE: 54, 0.00439, 0.00439, 0.06489, 0.03556, 8463751.57%
Time spent: 16.85s
- Epoch 087, ExpID 63161
Train - Loss (one batch): 0.00313
Val - Loss, MSE, RMSE, MAE, MAPE: 0.00412, 0.00412, 0.06394, 0.03607, 9962539.99%
Test - Best epoch, Loss, MSE, RMSE, MAE, MAPE: 54, 0.00439, 0.00439, 0.06489, 0.03556, 8463751.57%
Time spent: 17.18s
- Epoch 088, ExpID 63161
Train - Loss (one batch): 0.00412
Val - Loss, MSE, RMSE, MAE, MAPE: 0.00429, 0.00429, 0.06522, 0.03762, 11533072.37%
Test - Best epoch, Loss, MSE, RMSE, MAE, MAPE: 54, 0.00439, 0.00439, 0.06489, 0.03556, 8463751.57%
Time spent: 17.26s
- Epoch 089, ExpID 63161
Train - Loss (one batch): 0.00319
Val - Loss, MSE, RMSE, MAE, MAPE: 0.00409, 0.00409, 0.06369, 0.03614, 9683227.92%
Test - Best epoch, Loss, MSE, RMSE, MAE, MAPE: 54, 0.00439, 0.00439, 0.06489, 0.03556, 8463751.57%
Time spent: 16.94s
- Epoch 090, ExpID 63161
Train - Loss (one batch): 0.00543
Val - Loss, MSE, RMSE, MAE, MAPE: 0.00419, 0.00419, 0.06444, 0.03717, 9899786.55%
Test - Best epoch, Loss, MSE, RMSE, MAE, MAPE: 54, 0.00439, 0.00439, 0.06489, 0.03556, 8463751.57%
Time spent: 16.74s
- Epoch 091, ExpID 63161
Train - Loss (one batch): 0.00468
Val - Loss, MSE, RMSE, MAE, MAPE: 0.00426, 0.00426, 0.06499, 0.03734, 10157897.77%
Test - Best epoch, Loss, MSE, RMSE, MAE, MAPE: 54, 0.00439, 0.00439, 0.06489, 0.03556, 8463751.57%
Time spent: 16.82s
- Epoch 092, ExpID 63161
Train - Loss (one batch): 0.00337
Val - Loss, MSE, RMSE, MAE, MAPE: 0.00420, 0.00420, 0.06450, 0.03688, 10024631.74%
Test - Best epoch, Loss, MSE, RMSE, MAE, MAPE: 54, 0.00439, 0.00439, 0.06489, 0.03556, 8463751.57%
Time spent: 16.81s
- Epoch 093, ExpID 63161
Train - Loss (one batch): 0.00300
Val - Loss, MSE, RMSE, MAE, MAPE: 0.00422, 0.00422, 0.06475, 0.03789, 10068872.73%
Test - Best epoch, Loss, MSE, RMSE, MAE, MAPE: 54, 0.00439, 0.00439, 0.06489, 0.03556, 8463751.57%
Time spent: 16.80s
- Epoch 094, ExpID 63161
Train - Loss (one batch): 0.00378
Val - Loss, MSE, RMSE, MAE, MAPE: 0.00419, 0.00419, 0.06451, 0.03728, 9931233.51%
Test - Best epoch, Loss, MSE, RMSE, MAE, MAPE: 54, 0.00439, 0.00439, 0.06489, 0.03556, 8463751.57%
Time spent: 16.77s
- Epoch 095, ExpID 63161
Train - Loss (one batch): 0.00337
Val - Loss, MSE, RMSE, MAE, MAPE: 0.00449, 0.00449, 0.06675, 0.03941, 10535842.43%
Test - Best epoch, Loss, MSE, RMSE, MAE, MAPE: 54, 0.00439, 0.00439, 0.06489, 0.03556, 8463751.57%
Time spent: 16.68s
- Epoch 096, ExpID 63161
Train - Loss (one batch): 0.00378
Val - Loss, MSE, RMSE, MAE, MAPE: 0.00424, 0.00424, 0.06486, 0.03658, 10372099.87%
Test - Best epoch, Loss, MSE, RMSE, MAE, MAPE: 54, 0.00439, 0.00439, 0.06489, 0.03556, 8463751.57%
Time spent: 16.76s
- Epoch 097, ExpID 63161
Train - Loss (one batch): 0.00365
Val - Loss, MSE, RMSE, MAE, MAPE: 0.00424, 0.00424, 0.06489, 0.03757, 10718561.87%
Test - Best epoch, Loss, MSE, RMSE, MAE, MAPE: 54, 0.00439, 0.00439, 0.06489, 0.03556, 8463751.57%
Time spent: 17.61s
- Epoch 098, ExpID 63161
Train - Loss (one batch): 0.00289
Val - Loss, MSE, RMSE, MAE, MAPE: 0.00418, 0.00418, 0.06441, 0.03705, 10017473.83%
Test - Best epoch, Loss, MSE, RMSE, MAE, MAPE: 54, 0.00439, 0.00439, 0.06489, 0.03556, 8463751.57%
Time spent: 16.85s
- Epoch 099, ExpID 63161
Train - Loss (one batch): 0.00356
Val - Loss, MSE, RMSE, MAE, MAPE: 0.00421, 0.00421, 0.06461, 0.03714, 10054292.04%
Test - Best epoch, Loss, MSE, RMSE, MAE, MAPE: 54, 0.00439, 0.00439, 0.06489, 0.03556, 8463751.57%
Time spent: 16.80s
- Epoch 100, ExpID 63161
Train - Loss (one batch): 0.00400
Val - Loss, MSE, RMSE, MAE, MAPE: 0.00427, 0.00427, 0.06511, 0.03785, 9916599.16%
Test - Best epoch, Loss, MSE, RMSE, MAE, MAPE: 54, 0.00439, 0.00439, 0.06489, 0.03556, 8463751.57%
Time spent: 16.80s
- Epoch 101, ExpID 63161
Train - Loss (one batch): 0.00411
Val - Loss, MSE, RMSE, MAE, MAPE: 0.00423, 0.00423, 0.06479, 0.03774, 9592147.33%
Test - Best epoch, Loss, MSE, RMSE, MAE, MAPE: 54, 0.00439, 0.00439, 0.06489, 0.03556, 8463751.57%
Time spent: 16.74s
- Epoch 102, ExpID 63161
Train - Loss (one batch): 0.00288
Val - Loss, MSE, RMSE, MAE, MAPE: 0.00428, 0.00428, 0.06518, 0.03780, 9827663.60%
Test - Best epoch, Loss, MSE, RMSE, MAE, MAPE: 54, 0.00439, 0.00439, 0.06489, 0.03556, 8463751.57%
Time spent: 17.55s
- Epoch 103, ExpID 63161
Train - Loss (one batch): 0.00351
Val - Loss, MSE, RMSE, MAE, MAPE: 0.00422, 0.00422, 0.06468, 0.03674, 10409731.39%
Test - Best epoch, Loss, MSE, RMSE, MAE, MAPE: 54, 0.00439, 0.00439, 0.06489, 0.03556, 8463751.57%
Time spent: 17.60s
- Epoch 104, ExpID 63161
Train - Loss (one batch): 0.00307
Val - Loss, MSE, RMSE, MAE, MAPE: 0.00440, 0.00440, 0.06604, 0.03765, 9950901.00%
Test - Best epoch, Loss, MSE, RMSE, MAE, MAPE: 54, 0.00439, 0.00439, 0.06489, 0.03556, 8463751.57%
Time spent: 17.21s
- Epoch 105, ExpID 63161
Train - Loss (one batch): 0.00356
Val - Loss, MSE, RMSE, MAE, MAPE: 0.00426, 0.00426, 0.06500, 0.03762, 10282891.91%
Test - Best epoch, Loss, MSE, RMSE, MAE, MAPE: 54, 0.00439, 0.00439, 0.06489, 0.03556, 8463751.57%
Time spent: 16.84s
- Epoch 106, ExpID 63161
Train - Loss (one batch): 0.00372
Val - Loss, MSE, RMSE, MAE, MAPE: 0.00427, 0.00427, 0.06512, 0.03661, 9602339.71%
Test - Best epoch, Loss, MSE, RMSE, MAE, MAPE: 54, 0.00439, 0.00439, 0.06489, 0.03556, 8463751.57%
Time spent: 16.79s
- Epoch 107, ExpID 63161
Train - Loss (one batch): 0.00318
Val - Loss, MSE, RMSE, MAE, MAPE: 0.00431, 0.00431, 0.06541, 0.03792, 9918556.26%
Test - Best epoch, Loss, MSE, RMSE, MAE, MAPE: 54, 0.00439, 0.00439, 0.06489, 0.03556, 8463751.57%
Time spent: 16.71s
- Epoch 108, ExpID 63161
Train - Loss (one batch): 0.00289
Val - Loss, MSE, RMSE, MAE, MAPE: 0.00426, 0.00426, 0.06499, 0.03694, 10847280.04%
Test - Best epoch, Loss, MSE, RMSE, MAE, MAPE: 54, 0.00439, 0.00439, 0.06489, 0.03556, 8463751.57%
Time spent: 16.73s
- Epoch 109, ExpID 63161
Train - Loss (one batch): 0.00393
Val - Loss, MSE, RMSE, MAE, MAPE: 0.00422, 0.00422, 0.06465, 0.03607, 9831181.77%
Test - Best epoch, Loss, MSE, RMSE, MAE, MAPE: 54, 0.00439, 0.00439, 0.06489, 0.03556, 8463751.57%
Time spent: 16.62s
- Epoch 110, ExpID 63161
Train - Loss (one batch): 0.00240
Val - Loss, MSE, RMSE, MAE, MAPE: 0.00425, 0.00425, 0.06491, 0.03727, 10904701.51%
Test - Best epoch, Loss, MSE, RMSE, MAE, MAPE: 54, 0.00439, 0.00439, 0.06489, 0.03556, 8463751.57%
Time spent: 17.01s
- Epoch 111, ExpID 63161
Train - Loss (one batch): 0.00325
Val - Loss, MSE, RMSE, MAE, MAPE: 0.00422, 0.00422, 0.06471, 0.03712, 10157160.48%
Test - Best epoch, Loss, MSE, RMSE, MAE, MAPE: 54, 0.00439, 0.00439, 0.06489, 0.03556, 8463751.57%
Time spent: 16.89s
- Epoch 112, ExpID 63161
Train - Loss (one batch): 0.00280
Val - Loss, MSE, RMSE, MAE, MAPE: 0.00421, 0.00421, 0.06457, 0.03670, 10670069.51%
Test - Best epoch, Loss, MSE, RMSE, MAE, MAPE: 54, 0.00439, 0.00439, 0.06489, 0.03556, 8463751.57%
Time spent: 17.00s
- Epoch 113, ExpID 63161
Train - Loss (one batch): 0.00407
Val - Loss, MSE, RMSE, MAE, MAPE: 0.00446, 0.00446, 0.06650, 0.03977, 10073553.62%
Test - Best epoch, Loss, MSE, RMSE, MAE, MAPE: 54, 0.00439, 0.00439, 0.06489, 0.03556, 8463751.57%
Time spent: 16.58s
- Epoch 114, ExpID 63161
Train - Loss (one batch): 0.00308
Val - Loss, MSE, RMSE, MAE, MAPE: 0.00427, 0.00427, 0.06505, 0.03633, 10373287.31%
Test - Best epoch, Loss, MSE, RMSE, MAE, MAPE: 54, 0.00439, 0.00439, 0.06489, 0.03556, 8463751.57%
Time spent: 16.61s
