/home/ouass/Test/MSP-IMTS/tPatchGNN/run_models.py
2025-09-19 20:59:55
run_models.py --dataset physionet --history 24 --quantization 1.0 --hid_dim 64 --te_dim 10 --node_dim 10 --nlayer 1 --tf_layer 1 --nhead 1 --batch_size 32 --lr 1e-3 --patience 60 --epoch 600 --seed 5 --gpu 0 --multi_scales 2,8 --multi_strides 2,8 --fusion concat
Namespace(multi_scales='2,8', multi_strides='2,8', fusion='concat', state='def', n=100000000, hop=1, nhead=1, tf_layer=1, nlayer=1, epoch=600, patience=60, history=24, patch_size=24, stride=24, logmode='a', lr=0.001, w_decay=0.0, batch_size=32, save='experiments/', load=None, seed=5, dataset='physionet', quantization=1.0, model='tPatchGNN', outlayer='Linear', hid_dim=64, te_dim=10, node_dim=10, gpu='0', npatch=1, device=device(type='cuda'), PID=3122231, ndim=41)
- Epoch 000, ExpID 25064
Train - Loss (one batch): 0.00519
Val - Loss, MSE, RMSE, MAE, MAPE: 0.00659, 0.00659, 0.08096, 0.05296, 15661774.08%
Test - Best epoch, Loss, MSE, RMSE, MAE, MAPE: 0, 0.00691, 0.00691, 0.08227, 0.05285, 14590151.09%
Time spent: 25.22s
- Epoch 001, ExpID 25064
Train - Loss (one batch): 0.00497
Val - Loss, MSE, RMSE, MAE, MAPE: 0.00475, 0.00475, 0.06864, 0.04045, 11658536.35%
Test - Best epoch, Loss, MSE, RMSE, MAE, MAPE: 1, 0.00511, 0.00511, 0.07033, 0.04038, 10630868.75%
Time spent: 20.98s
- Epoch 002, ExpID 25064
Train - Loss (one batch): 0.00462
Val - Loss, MSE, RMSE, MAE, MAPE: 0.00467, 0.00467, 0.06812, 0.04039, 11716638.15%
Test - Best epoch, Loss, MSE, RMSE, MAE, MAPE: 2, 0.00503, 0.00503, 0.06971, 0.04032, 10475772.06%
Time spent: 19.69s
- Epoch 003, ExpID 25064
Train - Loss (one batch): 0.00427
Val - Loss, MSE, RMSE, MAE, MAPE: 0.00449, 0.00449, 0.06680, 0.03851, 13338254.77%
Test - Best epoch, Loss, MSE, RMSE, MAE, MAPE: 3, 0.00484, 0.00484, 0.06837, 0.03846, 12127684.38%
Time spent: 21.40s
- Epoch 004, ExpID 25064
Train - Loss (one batch): 0.00485
Val - Loss, MSE, RMSE, MAE, MAPE: 0.00450, 0.00450, 0.06685, 0.03869, 10945092.63%
Test - Best epoch, Loss, MSE, RMSE, MAE, MAPE: 3, 0.00484, 0.00484, 0.06837, 0.03846, 12127684.38%
Time spent: 18.21s
- Epoch 005, ExpID 25064
Train - Loss (one batch): 0.00371
Val - Loss, MSE, RMSE, MAE, MAPE: 0.00431, 0.00431, 0.06540, 0.03801, 10372035.70%
Test - Best epoch, Loss, MSE, RMSE, MAE, MAPE: 5, 0.00469, 0.00469, 0.06723, 0.03803, 9397246.55%
Time spent: 21.13s
- Epoch 006, ExpID 25064
Train - Loss (one batch): 0.00485
Val - Loss, MSE, RMSE, MAE, MAPE: 0.00442, 0.00442, 0.06626, 0.03835, 10563237.16%
Test - Best epoch, Loss, MSE, RMSE, MAE, MAPE: 5, 0.00469, 0.00469, 0.06723, 0.03803, 9397246.55%
Time spent: 17.99s
- Epoch 007, ExpID 25064
Train - Loss (one batch): 0.00391
Val - Loss, MSE, RMSE, MAE, MAPE: 0.00463, 0.00463, 0.06780, 0.04117, 11389510.43%
Test - Best epoch, Loss, MSE, RMSE, MAE, MAPE: 5, 0.00469, 0.00469, 0.06723, 0.03803, 9397246.55%
Time spent: 19.20s
- Epoch 008, ExpID 25064
Train - Loss (one batch): 0.00548
Val - Loss, MSE, RMSE, MAE, MAPE: 0.00439, 0.00439, 0.06601, 0.03896, 11727717.87%
Test - Best epoch, Loss, MSE, RMSE, MAE, MAPE: 5, 0.00469, 0.00469, 0.06723, 0.03803, 9397246.55%
Time spent: 18.21s
- Epoch 009, ExpID 25064
Train - Loss (one batch): 0.00382
Val - Loss, MSE, RMSE, MAE, MAPE: 0.00432, 0.00432, 0.06554, 0.03816, 9625658.70%
Test - Best epoch, Loss, MSE, RMSE, MAE, MAPE: 5, 0.00469, 0.00469, 0.06723, 0.03803, 9397246.55%
Time spent: 17.94s
- Epoch 010, ExpID 25064
Train - Loss (one batch): 0.00419
Val - Loss, MSE, RMSE, MAE, MAPE: 0.00425, 0.00425, 0.06494, 0.03732, 11520923.95%
Test - Best epoch, Loss, MSE, RMSE, MAE, MAPE: 10, 0.00463, 0.00463, 0.06678, 0.03736, 10530227.24%
Time spent: 20.27s
- Epoch 011, ExpID 25064
Train - Loss (one batch): 0.00426
Val - Loss, MSE, RMSE, MAE, MAPE: 0.00439, 0.00439, 0.06600, 0.03890, 8744098.27%
Test - Best epoch, Loss, MSE, RMSE, MAE, MAPE: 10, 0.00463, 0.00463, 0.06678, 0.03736, 10530227.24%
Time spent: 17.03s
- Epoch 012, ExpID 25064
Train - Loss (one batch): 0.00340
Val - Loss, MSE, RMSE, MAE, MAPE: 0.00515, 0.00515, 0.07162, 0.04690, 11700166.15%
Test - Best epoch, Loss, MSE, RMSE, MAE, MAPE: 10, 0.00463, 0.00463, 0.06678, 0.03736, 10530227.24%
Time spent: 18.26s
- Epoch 013, ExpID 25064
Train - Loss (one batch): 0.00513
Val - Loss, MSE, RMSE, MAE, MAPE: 0.00428, 0.00428, 0.06519, 0.03824, 9625452.20%
Test - Best epoch, Loss, MSE, RMSE, MAE, MAPE: 10, 0.00463, 0.00463, 0.06678, 0.03736, 10530227.24%
Time spent: 17.55s
- Epoch 014, ExpID 25064
Train - Loss (one batch): 0.00407
Val - Loss, MSE, RMSE, MAE, MAPE: 0.00422, 0.00422, 0.06475, 0.03848, 11164055.23%
Test - Best epoch, Loss, MSE, RMSE, MAE, MAPE: 14, 0.00461, 0.00461, 0.06664, 0.03860, 10413833.32%
Time spent: 19.55s
- Epoch 015, ExpID 25064
Train - Loss (one batch): 0.00382
Val - Loss, MSE, RMSE, MAE, MAPE: 0.00417, 0.00417, 0.06438, 0.03773, 10555069.42%
Test - Best epoch, Loss, MSE, RMSE, MAE, MAPE: 15, 0.00455, 0.00455, 0.06615, 0.03773, 9775111.46%
Time spent: 20.13s
- Epoch 016, ExpID 25064
Train - Loss (one batch): 0.00339
Val - Loss, MSE, RMSE, MAE, MAPE: 0.00407, 0.00407, 0.06358, 0.03599, 9851273.57%
Test - Best epoch, Loss, MSE, RMSE, MAE, MAPE: 16, 0.00445, 0.00445, 0.06542, 0.03605, 9159309.18%
Time spent: 21.14s
- Epoch 017, ExpID 25064
Train - Loss (one batch): 0.00608
Val - Loss, MSE, RMSE, MAE, MAPE: 0.00408, 0.00408, 0.06368, 0.03626, 10626098.19%
Test - Best epoch, Loss, MSE, RMSE, MAE, MAPE: 16, 0.00445, 0.00445, 0.06542, 0.03605, 9159309.18%
Time spent: 17.83s
- Epoch 018, ExpID 25064
Train - Loss (one batch): 0.00472
Val - Loss, MSE, RMSE, MAE, MAPE: 0.00427, 0.00427, 0.06515, 0.03794, 11166962.34%
Test - Best epoch, Loss, MSE, RMSE, MAE, MAPE: 16, 0.00445, 0.00445, 0.06542, 0.03605, 9159309.18%
Time spent: 17.97s
- Epoch 019, ExpID 25064
Train - Loss (one batch): 0.00327
Val - Loss, MSE, RMSE, MAE, MAPE: 0.00425, 0.00425, 0.06493, 0.03710, 9521376.71%
Test - Best epoch, Loss, MSE, RMSE, MAE, MAPE: 16, 0.00445, 0.00445, 0.06542, 0.03605, 9159309.18%
Time spent: 17.80s
- Epoch 020, ExpID 25064
Train - Loss (one batch): 0.00398
Val - Loss, MSE, RMSE, MAE, MAPE: 0.00413, 0.00413, 0.06403, 0.03640, 10055542.57%
Test - Best epoch, Loss, MSE, RMSE, MAE, MAPE: 16, 0.00445, 0.00445, 0.06542, 0.03605, 9159309.18%
Time spent: 17.97s
- Epoch 021, ExpID 25064
Train - Loss (one batch): 0.00316
Val - Loss, MSE, RMSE, MAE, MAPE: 0.00436, 0.00436, 0.06579, 0.03897, 9903673.07%
Test - Best epoch, Loss, MSE, RMSE, MAE, MAPE: 16, 0.00445, 0.00445, 0.06542, 0.03605, 9159309.18%
Time spent: 17.14s
- Epoch 022, ExpID 25064
Train - Loss (one batch): 0.00332
Val - Loss, MSE, RMSE, MAE, MAPE: 0.00419, 0.00419, 0.06452, 0.03716, 9457415.91%
Test - Best epoch, Loss, MSE, RMSE, MAE, MAPE: 16, 0.00445, 0.00445, 0.06542, 0.03605, 9159309.18%
Time spent: 16.98s
- Epoch 023, ExpID 25064
Train - Loss (one batch): 0.00374
Val - Loss, MSE, RMSE, MAE, MAPE: 0.00439, 0.00439, 0.06606, 0.04061, 9627616.23%
Test - Best epoch, Loss, MSE, RMSE, MAE, MAPE: 16, 0.00445, 0.00445, 0.06542, 0.03605, 9159309.18%
Time spent: 18.02s
- Epoch 024, ExpID 25064
Train - Loss (one batch): 0.00343
Val - Loss, MSE, RMSE, MAE, MAPE: 0.00446, 0.00446, 0.06657, 0.03953, 10447108.84%
Test - Best epoch, Loss, MSE, RMSE, MAE, MAPE: 16, 0.00445, 0.00445, 0.06542, 0.03605, 9159309.18%
Time spent: 18.63s
- Epoch 025, ExpID 25064
Train - Loss (one batch): 0.00312
Val - Loss, MSE, RMSE, MAE, MAPE: 0.00417, 0.00417, 0.06436, 0.03756, 9379657.05%
Test - Best epoch, Loss, MSE, RMSE, MAE, MAPE: 16, 0.00445, 0.00445, 0.06542, 0.03605, 9159309.18%
Time spent: 18.68s
- Epoch 026, ExpID 25064
Train - Loss (one batch): 0.00444
Val - Loss, MSE, RMSE, MAE, MAPE: 0.00410, 0.00410, 0.06384, 0.03626, 9258230.41%
Test - Best epoch, Loss, MSE, RMSE, MAE, MAPE: 16, 0.00445, 0.00445, 0.06542, 0.03605, 9159309.18%
Time spent: 18.84s
- Epoch 027, ExpID 25064
Train - Loss (one batch): 0.00380
Val - Loss, MSE, RMSE, MAE, MAPE: 0.00413, 0.00413, 0.06401, 0.03668, 10096399.98%
Test - Best epoch, Loss, MSE, RMSE, MAE, MAPE: 16, 0.00445, 0.00445, 0.06542, 0.03605, 9159309.18%
Time spent: 17.32s
- Epoch 028, ExpID 25064
Train - Loss (one batch): 0.00320
Val - Loss, MSE, RMSE, MAE, MAPE: 0.00413, 0.00413, 0.06404, 0.03679, 10036624.57%
Test - Best epoch, Loss, MSE, RMSE, MAE, MAPE: 16, 0.00445, 0.00445, 0.06542, 0.03605, 9159309.18%
Time spent: 17.48s
- Epoch 029, ExpID 25064
Train - Loss (one batch): 0.00349
Val - Loss, MSE, RMSE, MAE, MAPE: 0.00401, 0.00401, 0.06312, 0.03544, 9272330.30%
Test - Best epoch, Loss, MSE, RMSE, MAE, MAPE: 29, 0.00440, 0.00440, 0.06498, 0.03552, 8413370.97%
Time spent: 19.85s
- Epoch 030, ExpID 25064
Train - Loss (one batch): 0.00439
Val - Loss, MSE, RMSE, MAE, MAPE: 0.00444, 0.00444, 0.06641, 0.03926, 9720544.69%
Test - Best epoch, Loss, MSE, RMSE, MAE, MAPE: 29, 0.00440, 0.00440, 0.06498, 0.03552, 8413370.97%
Time spent: 18.26s
- Epoch 031, ExpID 25064
Train - Loss (one batch): 0.00384
Val - Loss, MSE, RMSE, MAE, MAPE: 0.00406, 0.00406, 0.06352, 0.03613, 9483061.71%
Test - Best epoch, Loss, MSE, RMSE, MAE, MAPE: 29, 0.00440, 0.00440, 0.06498, 0.03552, 8413370.97%
Time spent: 18.24s
- Epoch 032, ExpID 25064
Train - Loss (one batch): 0.00440
Val - Loss, MSE, RMSE, MAE, MAPE: 0.00458, 0.00458, 0.06748, 0.04140, 11322221.18%
Test - Best epoch, Loss, MSE, RMSE, MAE, MAPE: 29, 0.00440, 0.00440, 0.06498, 0.03552, 8413370.97%
Time spent: 19.05s
- Epoch 033, ExpID 25064
Train - Loss (one batch): 0.00399
Val - Loss, MSE, RMSE, MAE, MAPE: 0.00407, 0.00407, 0.06358, 0.03670, 9508217.64%
Test - Best epoch, Loss, MSE, RMSE, MAE, MAPE: 29, 0.00440, 0.00440, 0.06498, 0.03552, 8413370.97%
Time spent: 18.91s
- Epoch 034, ExpID 25064
Train - Loss (one batch): 0.00481
Val - Loss, MSE, RMSE, MAE, MAPE: 0.00423, 0.00423, 0.06479, 0.03810, 10184209.98%
Test - Best epoch, Loss, MSE, RMSE, MAE, MAPE: 29, 0.00440, 0.00440, 0.06498, 0.03552, 8413370.97%
Time spent: 17.88s
- Epoch 035, ExpID 25064
Train - Loss (one batch): 0.00368
Val - Loss, MSE, RMSE, MAE, MAPE: 0.00410, 0.00410, 0.06381, 0.03709, 11092786.80%
Test - Best epoch, Loss, MSE, RMSE, MAE, MAPE: 29, 0.00440, 0.00440, 0.06498, 0.03552, 8413370.97%
Time spent: 18.92s
- Epoch 036, ExpID 25064
Train - Loss (one batch): 0.00414
Val - Loss, MSE, RMSE, MAE, MAPE: 0.00405, 0.00405, 0.06342, 0.03587, 9865253.09%
Test - Best epoch, Loss, MSE, RMSE, MAE, MAPE: 29, 0.00440, 0.00440, 0.06498, 0.03552, 8413370.97%
Time spent: 18.82s
- Epoch 037, ExpID 25064
Train - Loss (one batch): 0.00408
Val - Loss, MSE, RMSE, MAE, MAPE: 0.00414, 0.00414, 0.06413, 0.03732, 10110232.11%
Test - Best epoch, Loss, MSE, RMSE, MAE, MAPE: 29, 0.00440, 0.00440, 0.06498, 0.03552, 8413370.97%
Time spent: 18.01s
- Epoch 038, ExpID 25064
Train - Loss (one batch): 0.00410
Val - Loss, MSE, RMSE, MAE, MAPE: 0.00455, 0.00455, 0.06724, 0.04282, 11357229.58%
Test - Best epoch, Loss, MSE, RMSE, MAE, MAPE: 29, 0.00440, 0.00440, 0.06498, 0.03552, 8413370.97%
Time spent: 18.60s
- Epoch 039, ExpID 25064
Train - Loss (one batch): 0.00350
Val - Loss, MSE, RMSE, MAE, MAPE: 0.00407, 0.00407, 0.06355, 0.03640, 9758001.11%
Test - Best epoch, Loss, MSE, RMSE, MAE, MAPE: 29, 0.00440, 0.00440, 0.06498, 0.03552, 8413370.97%
Time spent: 18.41s
- Epoch 040, ExpID 25064
Train - Loss (one batch): 0.00363
Val - Loss, MSE, RMSE, MAE, MAPE: 0.00430, 0.00430, 0.06540, 0.03918, 10546364.59%
Test - Best epoch, Loss, MSE, RMSE, MAE, MAPE: 29, 0.00440, 0.00440, 0.06498, 0.03552, 8413370.97%
Time spent: 17.61s
- Epoch 041, ExpID 25064
Train - Loss (one batch): 0.00380
Val - Loss, MSE, RMSE, MAE, MAPE: 0.00405, 0.00405, 0.06343, 0.03577, 9456157.50%
Test - Best epoch, Loss, MSE, RMSE, MAE, MAPE: 29, 0.00440, 0.00440, 0.06498, 0.03552, 8413370.97%
Time spent: 17.98s
- Epoch 042, ExpID 25064
Train - Loss (one batch): 0.00534
Val - Loss, MSE, RMSE, MAE, MAPE: 0.00418, 0.00418, 0.06441, 0.03732, 11282710.65%
Test - Best epoch, Loss, MSE, RMSE, MAE, MAPE: 29, 0.00440, 0.00440, 0.06498, 0.03552, 8413370.97%
Time spent: 17.66s
- Epoch 043, ExpID 25064
Train - Loss (one batch): 0.00414
Val - Loss, MSE, RMSE, MAE, MAPE: 0.00414, 0.00414, 0.06418, 0.03797, 11073627.73%
Test - Best epoch, Loss, MSE, RMSE, MAE, MAPE: 29, 0.00440, 0.00440, 0.06498, 0.03552, 8413370.97%
Time spent: 18.53s
- Epoch 044, ExpID 25064
Train - Loss (one batch): 0.00267
Val - Loss, MSE, RMSE, MAE, MAPE: 0.00424, 0.00424, 0.06495, 0.03960, 9613359.49%
Test - Best epoch, Loss, MSE, RMSE, MAE, MAPE: 29, 0.00440, 0.00440, 0.06498, 0.03552, 8413370.97%
Time spent: 18.51s
- Epoch 045, ExpID 25064
Train - Loss (one batch): 0.00345
Val - Loss, MSE, RMSE, MAE, MAPE: 0.00423, 0.00423, 0.06484, 0.03894, 10500644.85%
Test - Best epoch, Loss, MSE, RMSE, MAE, MAPE: 29, 0.00440, 0.00440, 0.06498, 0.03552, 8413370.97%
Time spent: 18.47s
- Epoch 046, ExpID 25064
Train - Loss (one batch): 0.00403
Val - Loss, MSE, RMSE, MAE, MAPE: 0.00404, 0.00404, 0.06337, 0.03626, 10424309.93%
Test - Best epoch, Loss, MSE, RMSE, MAE, MAPE: 29, 0.00440, 0.00440, 0.06498, 0.03552, 8413370.97%
Time spent: 18.18s
- Epoch 047, ExpID 25064
Train - Loss (one batch): 0.00357
Val - Loss, MSE, RMSE, MAE, MAPE: 0.00420, 0.00420, 0.06462, 0.03745, 10610724.22%
Test - Best epoch, Loss, MSE, RMSE, MAE, MAPE: 29, 0.00440, 0.00440, 0.06498, 0.03552, 8413370.97%
Time spent: 17.97s
- Epoch 048, ExpID 25064
Train - Loss (one batch): 0.00351
Val - Loss, MSE, RMSE, MAE, MAPE: 0.00411, 0.00411, 0.06387, 0.03675, 10825377.13%
Test - Best epoch, Loss, MSE, RMSE, MAE, MAPE: 29, 0.00440, 0.00440, 0.06498, 0.03552, 8413370.97%
Time spent: 17.49s
- Epoch 049, ExpID 25064
Train - Loss (one batch): 0.00591
Val - Loss, MSE, RMSE, MAE, MAPE: 0.00409, 0.00409, 0.06375, 0.03740, 10011083.07%
Test - Best epoch, Loss, MSE, RMSE, MAE, MAPE: 29, 0.00440, 0.00440, 0.06498, 0.03552, 8413370.97%
Time spent: 17.78s
- Epoch 050, ExpID 25064
Train - Loss (one batch): 0.00344
Val - Loss, MSE, RMSE, MAE, MAPE: 0.00453, 0.00453, 0.06708, 0.04121, 10756532.12%
Test - Best epoch, Loss, MSE, RMSE, MAE, MAPE: 29, 0.00440, 0.00440, 0.06498, 0.03552, 8413370.97%
Time spent: 17.66s
- Epoch 051, ExpID 25064
Train - Loss (one batch): 0.00524
Val - Loss, MSE, RMSE, MAE, MAPE: 0.00434, 0.00434, 0.06568, 0.03902, 10141753.76%
Test - Best epoch, Loss, MSE, RMSE, MAE, MAPE: 29, 0.00440, 0.00440, 0.06498, 0.03552, 8413370.97%
Time spent: 18.42s
- Epoch 052, ExpID 25064
Train - Loss (one batch): 0.00392
Val - Loss, MSE, RMSE, MAE, MAPE: 0.00431, 0.00431, 0.06547, 0.04039, 10864984.98%
Test - Best epoch, Loss, MSE, RMSE, MAE, MAPE: 29, 0.00440, 0.00440, 0.06498, 0.03552, 8413370.97%
Time spent: 18.01s
- Epoch 053, ExpID 25064
Train - Loss (one batch): 0.00355
Val - Loss, MSE, RMSE, MAE, MAPE: 0.00405, 0.00405, 0.06338, 0.03600, 11296162.61%
Test - Best epoch, Loss, MSE, RMSE, MAE, MAPE: 29, 0.00440, 0.00440, 0.06498, 0.03552, 8413370.97%
Time spent: 18.33s
- Epoch 054, ExpID 25064
Train - Loss (one batch): 0.00432
Val - Loss, MSE, RMSE, MAE, MAPE: 0.00402, 0.00402, 0.06320, 0.03588, 10520976.48%
Test - Best epoch, Loss, MSE, RMSE, MAE, MAPE: 29, 0.00440, 0.00440, 0.06498, 0.03552, 8413370.97%
Time spent: 17.47s
- Epoch 055, ExpID 25064
Train - Loss (one batch): 0.00379
Val - Loss, MSE, RMSE, MAE, MAPE: 0.00411, 0.00411, 0.06385, 0.03663, 11147726.59%
Test - Best epoch, Loss, MSE, RMSE, MAE, MAPE: 29, 0.00440, 0.00440, 0.06498, 0.03552, 8413370.97%
Time spent: 17.95s
- Epoch 056, ExpID 25064
Train - Loss (one batch): 0.00471
Val - Loss, MSE, RMSE, MAE, MAPE: 0.00438, 0.00438, 0.06601, 0.03914, 9480948.39%
Test - Best epoch, Loss, MSE, RMSE, MAE, MAPE: 29, 0.00440, 0.00440, 0.06498, 0.03552, 8413370.97%
Time spent: 18.09s
- Epoch 057, ExpID 25064
Train - Loss (one batch): 0.00382
Val - Loss, MSE, RMSE, MAE, MAPE: 0.00410, 0.00410, 0.06382, 0.03656, 9507261.14%
Test - Best epoch, Loss, MSE, RMSE, MAE, MAPE: 29, 0.00440, 0.00440, 0.06498, 0.03552, 8413370.97%
Time spent: 18.07s
- Epoch 058, ExpID 25064
Train - Loss (one batch): 0.00452
Val - Loss, MSE, RMSE, MAE, MAPE: 0.00409, 0.00409, 0.06374, 0.03772, 9516353.27%
Test - Best epoch, Loss, MSE, RMSE, MAE, MAPE: 29, 0.00440, 0.00440, 0.06498, 0.03552, 8413370.97%
Time spent: 18.05s
- Epoch 059, ExpID 25064
Train - Loss (one batch): 0.00303
Val - Loss, MSE, RMSE, MAE, MAPE: 0.00409, 0.00409, 0.06373, 0.03649, 9743131.67%
Test - Best epoch, Loss, MSE, RMSE, MAE, MAPE: 29, 0.00440, 0.00440, 0.06498, 0.03552, 8413370.97%
Time spent: 16.79s
- Epoch 060, ExpID 25064
Train - Loss (one batch): 0.00371
Val - Loss, MSE, RMSE, MAE, MAPE: 0.00412, 0.00412, 0.06400, 0.03718, 9639713.36%
Test - Best epoch, Loss, MSE, RMSE, MAE, MAPE: 29, 0.00440, 0.00440, 0.06498, 0.03552, 8413370.97%
Time spent: 17.81s
- Epoch 061, ExpID 25064
Train - Loss (one batch): 0.00367
Val - Loss, MSE, RMSE, MAE, MAPE: 0.00417, 0.00417, 0.06438, 0.03800, 10014254.87%
Test - Best epoch, Loss, MSE, RMSE, MAE, MAPE: 29, 0.00440, 0.00440, 0.06498, 0.03552, 8413370.97%
Time spent: 18.00s
- Epoch 062, ExpID 25064
Train - Loss (one batch): 0.00448
Val - Loss, MSE, RMSE, MAE, MAPE: 0.00414, 0.00414, 0.06413, 0.03694, 9850962.92%
Test - Best epoch, Loss, MSE, RMSE, MAE, MAPE: 29, 0.00440, 0.00440, 0.06498, 0.03552, 8413370.97%
Time spent: 17.91s
- Epoch 063, ExpID 25064
Train - Loss (one batch): 0.00601
Val - Loss, MSE, RMSE, MAE, MAPE: 0.00417, 0.00417, 0.06439, 0.03742, 10556517.60%
Test - Best epoch, Loss, MSE, RMSE, MAE, MAPE: 29, 0.00440, 0.00440, 0.06498, 0.03552, 8413370.97%
Time spent: 18.70s
- Epoch 064, ExpID 25064
Train - Loss (one batch): 0.00278
Val - Loss, MSE, RMSE, MAE, MAPE: 0.00411, 0.00411, 0.06390, 0.03711, 10034042.12%
Test - Best epoch, Loss, MSE, RMSE, MAE, MAPE: 29, 0.00440, 0.00440, 0.06498, 0.03552, 8413370.97%
Time spent: 16.61s
- Epoch 065, ExpID 25064
Train - Loss (one batch): 0.00381
Val - Loss, MSE, RMSE, MAE, MAPE: 0.00404, 0.00404, 0.06335, 0.03592, 10040327.36%
Test - Best epoch, Loss, MSE, RMSE, MAE, MAPE: 29, 0.00440, 0.00440, 0.06498, 0.03552, 8413370.97%
Time spent: 18.00s
- Epoch 066, ExpID 25064
Train - Loss (one batch): 0.00516
Val - Loss, MSE, RMSE, MAE, MAPE: 0.00448, 0.00448, 0.06673, 0.04124, 11099677.76%
Test - Best epoch, Loss, MSE, RMSE, MAE, MAPE: 29, 0.00440, 0.00440, 0.06498, 0.03552, 8413370.97%
Time spent: 18.21s
- Epoch 067, ExpID 25064
Train - Loss (one batch): 0.00325
Val - Loss, MSE, RMSE, MAE, MAPE: 0.00398, 0.00398, 0.06290, 0.03525, 10004205.05%
Test - Best epoch, Loss, MSE, RMSE, MAE, MAPE: 67, 0.00434, 0.00434, 0.06450, 0.03528, 8912442.83%
Time spent: 20.68s
- Epoch 068, ExpID 25064
Train - Loss (one batch): 0.00408
Val - Loss, MSE, RMSE, MAE, MAPE: 0.00401, 0.00401, 0.06310, 0.03514, 9954206.19%
Test - Best epoch, Loss, MSE, RMSE, MAE, MAPE: 67, 0.00434, 0.00434, 0.06450, 0.03528, 8912442.83%
Time spent: 18.04s
- Epoch 069, ExpID 25064
Train - Loss (one batch): 0.00308
Val - Loss, MSE, RMSE, MAE, MAPE: 0.00417, 0.00417, 0.06436, 0.03814, 10463673.65%
Test - Best epoch, Loss, MSE, RMSE, MAE, MAPE: 67, 0.00434, 0.00434, 0.06450, 0.03528, 8912442.83%
Time spent: 17.30s
- Epoch 070, ExpID 25064
Train - Loss (one batch): 0.00385
Val - Loss, MSE, RMSE, MAE, MAPE: 0.00399, 0.00399, 0.06297, 0.03563, 10379702.65%
Test - Best epoch, Loss, MSE, RMSE, MAE, MAPE: 67, 0.00434, 0.00434, 0.06450, 0.03528, 8912442.83%
Time spent: 18.65s
- Epoch 071, ExpID 25064
Train - Loss (one batch): 0.00268
Val - Loss, MSE, RMSE, MAE, MAPE: 0.00400, 0.00400, 0.06301, 0.03623, 9147279.65%
Test - Best epoch, Loss, MSE, RMSE, MAE, MAPE: 67, 0.00434, 0.00434, 0.06450, 0.03528, 8912442.83%
Time spent: 18.66s
- Epoch 072, ExpID 25064
Train - Loss (one batch): 0.00437
Val - Loss, MSE, RMSE, MAE, MAPE: 0.00408, 0.00408, 0.06363, 0.03615, 10057605.08%
Test - Best epoch, Loss, MSE, RMSE, MAE, MAPE: 67, 0.00434, 0.00434, 0.06450, 0.03528, 8912442.83%
Time spent: 17.26s
- Epoch 073, ExpID 25064
Train - Loss (one batch): 0.00259
Val - Loss, MSE, RMSE, MAE, MAPE: 0.00437, 0.00437, 0.06590, 0.04029, 11396440.84%
Test - Best epoch, Loss, MSE, RMSE, MAE, MAPE: 67, 0.00434, 0.00434, 0.06450, 0.03528, 8912442.83%
Time spent: 18.63s
- Epoch 074, ExpID 25064
Train - Loss (one batch): 0.00320
Val - Loss, MSE, RMSE, MAE, MAPE: 0.00419, 0.00419, 0.06456, 0.03862, 10453271.54%
Test - Best epoch, Loss, MSE, RMSE, MAE, MAPE: 67, 0.00434, 0.00434, 0.06450, 0.03528, 8912442.83%
Time spent: 18.81s
- Epoch 075, ExpID 25064
Train - Loss (one batch): 0.00367
Val - Loss, MSE, RMSE, MAE, MAPE: 0.00409, 0.00409, 0.06375, 0.03639, 9397009.09%
Test - Best epoch, Loss, MSE, RMSE, MAE, MAPE: 67, 0.00434, 0.00434, 0.06450, 0.03528, 8912442.83%
Time spent: 18.14s
- Epoch 076, ExpID 25064
Train - Loss (one batch): 0.00371
Val - Loss, MSE, RMSE, MAE, MAPE: 0.00412, 0.00412, 0.06394, 0.03625, 10738692.13%
Test - Best epoch, Loss, MSE, RMSE, MAE, MAPE: 67, 0.00434, 0.00434, 0.06450, 0.03528, 8912442.83%
Time spent: 18.83s
- Epoch 077, ExpID 25064
Train - Loss (one batch): 0.00351
Val - Loss, MSE, RMSE, MAE, MAPE: 0.00417, 0.00417, 0.06432, 0.03707, 10692570.96%
Test - Best epoch, Loss, MSE, RMSE, MAE, MAPE: 67, 0.00434, 0.00434, 0.06450, 0.03528, 8912442.83%
Time spent: 17.26s
- Epoch 078, ExpID 25064
Train - Loss (one batch): 0.00323
Val - Loss, MSE, RMSE, MAE, MAPE: 0.00443, 0.00443, 0.06637, 0.03925, 10992179.16%
Test - Best epoch, Loss, MSE, RMSE, MAE, MAPE: 67, 0.00434, 0.00434, 0.06450, 0.03528, 8912442.83%
Time spent: 17.88s
- Epoch 079, ExpID 25064
Train - Loss (one batch): 0.00334
Val - Loss, MSE, RMSE, MAE, MAPE: 0.00414, 0.00414, 0.06415, 0.03766, 10352465.49%
Test - Best epoch, Loss, MSE, RMSE, MAE, MAPE: 67, 0.00434, 0.00434, 0.06450, 0.03528, 8912442.83%
Time spent: 17.98s
- Epoch 080, ExpID 25064
Train - Loss (one batch): 0.00363
Val - Loss, MSE, RMSE, MAE, MAPE: 0.00425, 0.00425, 0.06499, 0.03870, 9820334.64%
Test - Best epoch, Loss, MSE, RMSE, MAE, MAPE: 67, 0.00434, 0.00434, 0.06450, 0.03528, 8912442.83%
Time spent: 17.84s
- Epoch 081, ExpID 25064
Train - Loss (one batch): 0.00527
Val - Loss, MSE, RMSE, MAE, MAPE: 0.00402, 0.00402, 0.06319, 0.03487, 9775514.96%
Test - Best epoch, Loss, MSE, RMSE, MAE, MAPE: 67, 0.00434, 0.00434, 0.06450, 0.03528, 8912442.83%
Time spent: 18.53s
- Epoch 082, ExpID 25064
Train - Loss (one batch): 0.00262
Val - Loss, MSE, RMSE, MAE, MAPE: 0.00412, 0.00412, 0.06399, 0.03656, 12549918.24%
Test - Best epoch, Loss, MSE, RMSE, MAE, MAPE: 67, 0.00434, 0.00434, 0.06450, 0.03528, 8912442.83%
Time spent: 18.39s
- Epoch 083, ExpID 25064
Train - Loss (one batch): 0.00413
Val - Loss, MSE, RMSE, MAE, MAPE: 0.00400, 0.00400, 0.06301, 0.03587, 10024246.01%
Test - Best epoch, Loss, MSE, RMSE, MAE, MAPE: 67, 0.00434, 0.00434, 0.06450, 0.03528, 8912442.83%
Time spent: 17.79s
- Epoch 084, ExpID 25064
Train - Loss (one batch): 0.00560
Val - Loss, MSE, RMSE, MAE, MAPE: 0.00433, 0.00433, 0.06560, 0.03991, 10300024.50%
Test - Best epoch, Loss, MSE, RMSE, MAE, MAPE: 67, 0.00434, 0.00434, 0.06450, 0.03528, 8912442.83%
Time spent: 17.51s
- Epoch 085, ExpID 25064
Train - Loss (one batch): 0.00363
Val - Loss, MSE, RMSE, MAE, MAPE: 0.00413, 0.00413, 0.06403, 0.03717, 10408466.17%
Test - Best epoch, Loss, MSE, RMSE, MAE, MAPE: 67, 0.00434, 0.00434, 0.06450, 0.03528, 8912442.83%
Time spent: 18.27s
- Epoch 086, ExpID 25064
Train - Loss (one batch): 0.00373
Val - Loss, MSE, RMSE, MAE, MAPE: 0.00408, 0.00408, 0.06369, 0.03657, 11448174.21%
Test - Best epoch, Loss, MSE, RMSE, MAE, MAPE: 67, 0.00434, 0.00434, 0.06450, 0.03528, 8912442.83%
Time spent: 18.76s
- Epoch 087, ExpID 25064
Train - Loss (one batch): 0.00362
Val - Loss, MSE, RMSE, MAE, MAPE: 0.00449, 0.00449, 0.06683, 0.04054, 10287785.08%
Test - Best epoch, Loss, MSE, RMSE, MAE, MAPE: 67, 0.00434, 0.00434, 0.06450, 0.03528, 8912442.83%
Time spent: 18.45s
- Epoch 088, ExpID 25064
Train - Loss (one batch): 0.00349
Val - Loss, MSE, RMSE, MAE, MAPE: 0.00427, 0.00427, 0.06517, 0.03934, 11235956.81%
Test - Best epoch, Loss, MSE, RMSE, MAE, MAPE: 67, 0.00434, 0.00434, 0.06450, 0.03528, 8912442.83%
Time spent: 17.77s
- Epoch 089, ExpID 25064
Train - Loss (one batch): 0.00310
Val - Loss, MSE, RMSE, MAE, MAPE: 0.00431, 0.00431, 0.06546, 0.03938, 9508969.43%
Test - Best epoch, Loss, MSE, RMSE, MAE, MAPE: 67, 0.00434, 0.00434, 0.06450, 0.03528, 8912442.83%
Time spent: 18.76s
- Epoch 090, ExpID 25064
Train - Loss (one batch): 0.00331
Val - Loss, MSE, RMSE, MAE, MAPE: 0.00419, 0.00419, 0.06452, 0.03758, 10240031.80%
Test - Best epoch, Loss, MSE, RMSE, MAE, MAPE: 67, 0.00434, 0.00434, 0.06450, 0.03528, 8912442.83%
Time spent: 18.56s
- Epoch 091, ExpID 25064
Train - Loss (one batch): 0.00395
Val - Loss, MSE, RMSE, MAE, MAPE: 0.00426, 0.00426, 0.06504, 0.03923, 9690482.36%
Test - Best epoch, Loss, MSE, RMSE, MAE, MAPE: 67, 0.00434, 0.00434, 0.06450, 0.03528, 8912442.83%
Time spent: 18.38s
- Epoch 092, ExpID 25064
Train - Loss (one batch): 0.00286
Val - Loss, MSE, RMSE, MAE, MAPE: 0.00404, 0.00404, 0.06337, 0.03607, 10167283.83%
Test - Best epoch, Loss, MSE, RMSE, MAE, MAPE: 67, 0.00434, 0.00434, 0.06450, 0.03528, 8912442.83%
Time spent: 18.23s
- Epoch 093, ExpID 25064
Train - Loss (one batch): 0.00265
Val - Loss, MSE, RMSE, MAE, MAPE: 0.00407, 0.00407, 0.06360, 0.03619, 9154428.51%
Test - Best epoch, Loss, MSE, RMSE, MAE, MAPE: 67, 0.00434, 0.00434, 0.06450, 0.03528, 8912442.83%
Time spent: 18.15s
- Epoch 094, ExpID 25064
Train - Loss (one batch): 0.00383
Val - Loss, MSE, RMSE, MAE, MAPE: 0.00411, 0.00411, 0.06390, 0.03700, 11683690.45%
Test - Best epoch, Loss, MSE, RMSE, MAE, MAPE: 67, 0.00434, 0.00434, 0.06450, 0.03528, 8912442.83%
Time spent: 18.69s
- Epoch 095, ExpID 25064
Train - Loss (one batch): 0.00378
Val - Loss, MSE, RMSE, MAE, MAPE: 0.00411, 0.00411, 0.06388, 0.03654, 9926134.65%
Test - Best epoch, Loss, MSE, RMSE, MAE, MAPE: 67, 0.00434, 0.00434, 0.06450, 0.03528, 8912442.83%
Time spent: 18.42s
- Epoch 096, ExpID 25064
Train - Loss (one batch): 0.00345
Val - Loss, MSE, RMSE, MAE, MAPE: 0.00418, 0.00418, 0.06447, 0.03814, 9828054.17%
Test - Best epoch, Loss, MSE, RMSE, MAE, MAPE: 67, 0.00434, 0.00434, 0.06450, 0.03528, 8912442.83%
Time spent: 17.74s
- Epoch 097, ExpID 25064
Train - Loss (one batch): 0.00437
Val - Loss, MSE, RMSE, MAE, MAPE: 0.00422, 0.00422, 0.06472, 0.03806, 10937835.65%
Test - Best epoch, Loss, MSE, RMSE, MAE, MAPE: 67, 0.00434, 0.00434, 0.06450, 0.03528, 8912442.83%
Time spent: 17.28s
- Epoch 098, ExpID 25064
Train - Loss (one batch): 0.00389
Val - Loss, MSE, RMSE, MAE, MAPE: 0.00409, 0.00409, 0.06374, 0.03659, 10470422.76%
Test - Best epoch, Loss, MSE, RMSE, MAE, MAPE: 67, 0.00434, 0.00434, 0.06450, 0.03528, 8912442.83%
Time spent: 18.38s
- Epoch 099, ExpID 25064
Train - Loss (one batch): 0.00355
Val - Loss, MSE, RMSE, MAE, MAPE: 0.00401, 0.00401, 0.06309, 0.03520, 11938324.50%
Test - Best epoch, Loss, MSE, RMSE, MAE, MAPE: 67, 0.00434, 0.00434, 0.06450, 0.03528, 8912442.83%
Time spent: 18.48s
- Epoch 100, ExpID 25064
Train - Loss (one batch): 0.00529
Val - Loss, MSE, RMSE, MAE, MAPE: 0.00410, 0.00410, 0.06377, 0.03605, 11189917.85%
Test - Best epoch, Loss, MSE, RMSE, MAE, MAPE: 67, 0.00434, 0.00434, 0.06450, 0.03528, 8912442.83%
Time spent: 18.40s
- Epoch 101, ExpID 25064
Train - Loss (one batch): 0.00331
Val - Loss, MSE, RMSE, MAE, MAPE: 0.00419, 0.00419, 0.06455, 0.03727, 10470326.98%
Test - Best epoch, Loss, MSE, RMSE, MAE, MAPE: 67, 0.00434, 0.00434, 0.06450, 0.03528, 8912442.83%
Time spent: 17.49s
- Epoch 102, ExpID 25064
Train - Loss (one batch): 0.00437
Val - Loss, MSE, RMSE, MAE, MAPE: 0.00402, 0.00402, 0.06322, 0.03542, 10036754.64%
Test - Best epoch, Loss, MSE, RMSE, MAE, MAPE: 67, 0.00434, 0.00434, 0.06450, 0.03528, 8912442.83%
Time spent: 18.52s
- Epoch 103, ExpID 25064
Train - Loss (one batch): 0.00376
Val - Loss, MSE, RMSE, MAE, MAPE: 0.00409, 0.00409, 0.06372, 0.03613, 10770921.97%
Test - Best epoch, Loss, MSE, RMSE, MAE, MAPE: 67, 0.00434, 0.00434, 0.06450, 0.03528, 8912442.83%
Time spent: 17.48s
- Epoch 104, ExpID 25064
Train - Loss (one batch): 0.00349
Val - Loss, MSE, RMSE, MAE, MAPE: 0.00413, 0.00413, 0.06403, 0.03604, 10691752.14%
Test - Best epoch, Loss, MSE, RMSE, MAE, MAPE: 67, 0.00434, 0.00434, 0.06450, 0.03528, 8912442.83%
Time spent: 19.06s
- Epoch 105, ExpID 25064
Train - Loss (one batch): 0.00319
Val - Loss, MSE, RMSE, MAE, MAPE: 0.00419, 0.00419, 0.06451, 0.03770, 10560463.05%
Test - Best epoch, Loss, MSE, RMSE, MAE, MAPE: 67, 0.00434, 0.00434, 0.06450, 0.03528, 8912442.83%
Time spent: 19.10s
- Epoch 106, ExpID 25064
Train - Loss (one batch): 0.00279
Val - Loss, MSE, RMSE, MAE, MAPE: 0.00414, 0.00414, 0.06415, 0.03726, 9764076.54%
Test - Best epoch, Loss, MSE, RMSE, MAE, MAPE: 67, 0.00434, 0.00434, 0.06450, 0.03528, 8912442.83%
Time spent: 19.06s
- Epoch 107, ExpID 25064
Train - Loss (one batch): 0.00483
Val - Loss, MSE, RMSE, MAE, MAPE: 0.00410, 0.00410, 0.06381, 0.03633, 10560364.10%
Test - Best epoch, Loss, MSE, RMSE, MAE, MAPE: 67, 0.00434, 0.00434, 0.06450, 0.03528, 8912442.83%
Time spent: 17.84s
- Epoch 108, ExpID 25064
Train - Loss (one batch): 0.00376
Val - Loss, MSE, RMSE, MAE, MAPE: 0.00417, 0.00417, 0.06435, 0.03687, 10812390.12%
Test - Best epoch, Loss, MSE, RMSE, MAE, MAPE: 67, 0.00434, 0.00434, 0.06450, 0.03528, 8912442.83%
Time spent: 18.55s
- Epoch 109, ExpID 25064
Train - Loss (one batch): 0.00380
Val - Loss, MSE, RMSE, MAE, MAPE: 0.00428, 0.00428, 0.06518, 0.03790, 10729217.16%
Test - Best epoch, Loss, MSE, RMSE, MAE, MAPE: 67, 0.00434, 0.00434, 0.06450, 0.03528, 8912442.83%
Time spent: 18.72s
- Epoch 110, ExpID 25064
Train - Loss (one batch): 0.00432
Val - Loss, MSE, RMSE, MAE, MAPE: 0.00408, 0.00408, 0.06361, 0.03618, 9504757.89%
Test - Best epoch, Loss, MSE, RMSE, MAE, MAPE: 67, 0.00434, 0.00434, 0.06450, 0.03528, 8912442.83%
Time spent: 18.29s
- Epoch 111, ExpID 25064
Train - Loss (one batch): 0.00397
Val - Loss, MSE, RMSE, MAE, MAPE: 0.00417, 0.00417, 0.06438, 0.03741, 10307133.40%
Test - Best epoch, Loss, MSE, RMSE, MAE, MAPE: 67, 0.00434, 0.00434, 0.06450, 0.03528, 8912442.83%
Time spent: 18.76s
- Epoch 112, ExpID 25064
Train - Loss (one batch): 0.00340
Val - Loss, MSE, RMSE, MAE, MAPE: 0.00407, 0.00407, 0.06353, 0.03600, 11095395.52%
Test - Best epoch, Loss, MSE, RMSE, MAE, MAPE: 67, 0.00434, 0.00434, 0.06450, 0.03528, 8912442.83%
Time spent: 18.44s
- Epoch 113, ExpID 25064
Train - Loss (one batch): 0.00407
Val - Loss, MSE, RMSE, MAE, MAPE: 0.00416, 0.00416, 0.06424, 0.03730, 10215708.93%
Test - Best epoch, Loss, MSE, RMSE, MAE, MAPE: 67, 0.00434, 0.00434, 0.06450, 0.03528, 8912442.83%
Time spent: 18.66s
- Epoch 114, ExpID 25064
Train - Loss (one batch): 0.00346
Val - Loss, MSE, RMSE, MAE, MAPE: 0.00434, 0.00434, 0.06565, 0.03821, 10109778.77%
Test - Best epoch, Loss, MSE, RMSE, MAE, MAPE: 67, 0.00434, 0.00434, 0.06450, 0.03528, 8912442.83%
Time spent: 18.66s
- Epoch 115, ExpID 25064
Train - Loss (one batch): 0.00357
Val - Loss, MSE, RMSE, MAE, MAPE: 0.00434, 0.00434, 0.06567, 0.03981, 9873948.83%
Test - Best epoch, Loss, MSE, RMSE, MAE, MAPE: 67, 0.00434, 0.00434, 0.06450, 0.03528, 8912442.83%
Time spent: 18.26s
- Epoch 116, ExpID 25064
Train - Loss (one batch): 0.00503
Val - Loss, MSE, RMSE, MAE, MAPE: 0.00413, 0.00413, 0.06406, 0.03693, 9846426.73%
Test - Best epoch, Loss, MSE, RMSE, MAE, MAPE: 67, 0.00434, 0.00434, 0.06450, 0.03528, 8912442.83%
Time spent: 17.90s
- Epoch 117, ExpID 25064
Train - Loss (one batch): 0.00275
Val - Loss, MSE, RMSE, MAE, MAPE: 0.00412, 0.00412, 0.06394, 0.03719, 10497483.06%
Test - Best epoch, Loss, MSE, RMSE, MAE, MAPE: 67, 0.00434, 0.00434, 0.06450, 0.03528, 8912442.83%
Time spent: 17.94s
- Epoch 118, ExpID 25064
Train - Loss (one batch): 0.00351
Val - Loss, MSE, RMSE, MAE, MAPE: 0.00408, 0.00408, 0.06362, 0.03564, 9912678.05%
Test - Best epoch, Loss, MSE, RMSE, MAE, MAPE: 67, 0.00434, 0.00434, 0.06450, 0.03528, 8912442.83%
Time spent: 18.64s
- Epoch 119, ExpID 25064
Train - Loss (one batch): 0.00316
Val - Loss, MSE, RMSE, MAE, MAPE: 0.00425, 0.00425, 0.06499, 0.03738, 9172868.20%
Test - Best epoch, Loss, MSE, RMSE, MAE, MAPE: 67, 0.00434, 0.00434, 0.06450, 0.03528, 8912442.83%
Time spent: 18.58s
- Epoch 120, ExpID 25064
Train - Loss (one batch): 0.00429
Val - Loss, MSE, RMSE, MAE, MAPE: 0.00434, 0.00434, 0.06568, 0.03867, 11021666.28%
Test - Best epoch, Loss, MSE, RMSE, MAE, MAPE: 67, 0.00434, 0.00434, 0.06450, 0.03528, 8912442.83%
Time spent: 18.96s
- Epoch 121, ExpID 25064
Train - Loss (one batch): 0.00339
Val - Loss, MSE, RMSE, MAE, MAPE: 0.00416, 0.00416, 0.06425, 0.03712, 10562339.95%
Test - Best epoch, Loss, MSE, RMSE, MAE, MAPE: 67, 0.00434, 0.00434, 0.06450, 0.03528, 8912442.83%
Time spent: 18.84s
- Epoch 122, ExpID 25064
Train - Loss (one batch): 0.00360
Val - Loss, MSE, RMSE, MAE, MAPE: 0.00423, 0.00423, 0.06481, 0.03738, 9569509.93%
Test - Best epoch, Loss, MSE, RMSE, MAE, MAPE: 67, 0.00434, 0.00434, 0.06450, 0.03528, 8912442.83%
Time spent: 18.37s
- Epoch 123, ExpID 25064
Train - Loss (one batch): 0.00346
Val - Loss, MSE, RMSE, MAE, MAPE: 0.00431, 0.00431, 0.06542, 0.03847, 10226566.25%
Test - Best epoch, Loss, MSE, RMSE, MAE, MAPE: 67, 0.00434, 0.00434, 0.06450, 0.03528, 8912442.83%
Time spent: 18.99s
- Epoch 124, ExpID 25064
Train - Loss (one batch): 0.00342
Val - Loss, MSE, RMSE, MAE, MAPE: 0.00415, 0.00415, 0.06418, 0.03714, 10060192.39%
Test - Best epoch, Loss, MSE, RMSE, MAE, MAPE: 67, 0.00434, 0.00434, 0.06450, 0.03528, 8912442.83%
Time spent: 17.96s
- Epoch 125, ExpID 25064
Train - Loss (one batch): 0.00328
Val - Loss, MSE, RMSE, MAE, MAPE: 0.00406, 0.00406, 0.06349, 0.03557, 10656071.89%
Test - Best epoch, Loss, MSE, RMSE, MAE, MAPE: 67, 0.00434, 0.00434, 0.06450, 0.03528, 8912442.83%
Time spent: 18.26s
- Epoch 126, ExpID 25064
Train - Loss (one batch): 0.00374
Val - Loss, MSE, RMSE, MAE, MAPE: 0.00441, 0.00441, 0.06619, 0.03936, 9992985.36%
Test - Best epoch, Loss, MSE, RMSE, MAE, MAPE: 67, 0.00434, 0.00434, 0.06450, 0.03528, 8912442.83%
Time spent: 17.75s
- Epoch 127, ExpID 25064
Train - Loss (one batch): 0.00446
Val - Loss, MSE, RMSE, MAE, MAPE: 0.00430, 0.00430, 0.06537, 0.03780, 10498434.24%
Test - Best epoch, Loss, MSE, RMSE, MAE, MAPE: 67, 0.00434, 0.00434, 0.06450, 0.03528, 8912442.83%
Time spent: 19.03s
