/home/ouass/Test/MSP-IMTS/tPatchGNN/run_models.py
2025-09-19 21:00:06
run_models.py --dataset physionet --history 24 --quantization 1.0 --hid_dim 64 --te_dim 10 --node_dim 10 --nlayer 1 --tf_layer 1 --nhead 1 --batch_size 32 --lr 1e-3 --patience 60 --epoch 600 --seed 4 --gpu 0 --multi_scales 2,8 --multi_strides 2,8 --fusion concat
Namespace(multi_scales='2,8', multi_strides='2,8', fusion='concat', state='def', n=100000000, hop=1, nhead=1, tf_layer=1, nlayer=1, epoch=600, patience=60, history=24, patch_size=24, stride=24, logmode='a', lr=0.001, w_decay=0.0, batch_size=32, save='experiments/', load=None, seed=4, dataset='physionet', quantization=1.0, model='tPatchGNN', outlayer='Linear', hid_dim=64, te_dim=10, node_dim=10, gpu='0', npatch=1, device=device(type='cuda'), PID=3122237, ndim=41)
- Epoch 000, ExpID 23460
Train - Loss (one batch): 0.00600
Val - Loss, MSE, RMSE, MAE, MAPE: 0.00647, 0.00647, 0.08028, 0.05289, 13914077.32%
Test - Best epoch, Loss, MSE, RMSE, MAE, MAPE: 0, 0.00679, 0.00679, 0.08150, 0.05264, 12981948.84%
Time spent: 21.28s
- Epoch 001, ExpID 23460
Train - Loss (one batch): 0.00474
Val - Loss, MSE, RMSE, MAE, MAPE: 0.00546, 0.00546, 0.07366, 0.04697, 13017100.44%
Test - Best epoch, Loss, MSE, RMSE, MAE, MAPE: 1, 0.00583, 0.00583, 0.07530, 0.04680, 12157111.41%
Time spent: 20.29s
- Epoch 002, ExpID 23460
Train - Loss (one batch): 0.00436
Val - Loss, MSE, RMSE, MAE, MAPE: 0.00474, 0.00474, 0.06860, 0.04178, 13259973.48%
Test - Best epoch, Loss, MSE, RMSE, MAE, MAPE: 2, 0.00512, 0.00512, 0.07039, 0.04180, 12339353.55%
Time spent: 20.69s
- Epoch 003, ExpID 23460
Train - Loss (one batch): 0.00383
Val - Loss, MSE, RMSE, MAE, MAPE: 0.00454, 0.00454, 0.06713, 0.04040, 12765636.31%
Test - Best epoch, Loss, MSE, RMSE, MAE, MAPE: 3, 0.00491, 0.00491, 0.06885, 0.04035, 11865243.79%
Time spent: 21.13s
- Epoch 004, ExpID 23460
Train - Loss (one batch): 0.00394
Val - Loss, MSE, RMSE, MAE, MAPE: 0.00488, 0.00488, 0.06966, 0.04257, 11882197.40%
Test - Best epoch, Loss, MSE, RMSE, MAE, MAPE: 3, 0.00491, 0.00491, 0.06885, 0.04035, 11865243.79%
Time spent: 17.77s
- Epoch 005, ExpID 23460
Train - Loss (one batch): 0.00409
Val - Loss, MSE, RMSE, MAE, MAPE: 0.00451, 0.00451, 0.06690, 0.03902, 11493219.95%
Test - Best epoch, Loss, MSE, RMSE, MAE, MAPE: 5, 0.00489, 0.00489, 0.06865, 0.03901, 10488479.00%
Time spent: 21.28s
- Epoch 006, ExpID 23460
Train - Loss (one batch): 0.00354
Val - Loss, MSE, RMSE, MAE, MAPE: 0.00483, 0.00483, 0.06927, 0.04110, 11407539.55%
Test - Best epoch, Loss, MSE, RMSE, MAE, MAPE: 5, 0.00489, 0.00489, 0.06865, 0.03901, 10488479.00%
Time spent: 18.89s
- Epoch 007, ExpID 23460
Train - Loss (one batch): 0.00440
Val - Loss, MSE, RMSE, MAE, MAPE: 0.00487, 0.00487, 0.06956, 0.04198, 11258728.69%
Test - Best epoch, Loss, MSE, RMSE, MAE, MAPE: 5, 0.00489, 0.00489, 0.06865, 0.03901, 10488479.00%
Time spent: 18.60s
- Epoch 008, ExpID 23460
Train - Loss (one batch): 0.00686
Val - Loss, MSE, RMSE, MAE, MAPE: 0.00491, 0.00491, 0.06990, 0.04532, 12668166.51%
Test - Best epoch, Loss, MSE, RMSE, MAE, MAPE: 5, 0.00489, 0.00489, 0.06865, 0.03901, 10488479.00%
Time spent: 17.98s
- Epoch 009, ExpID 23460
Train - Loss (one batch): 0.00425
Val - Loss, MSE, RMSE, MAE, MAPE: 0.00467, 0.00467, 0.06813, 0.04051, 10529541.02%
Test - Best epoch, Loss, MSE, RMSE, MAE, MAPE: 5, 0.00489, 0.00489, 0.06865, 0.03901, 10488479.00%
Time spent: 17.21s
- Epoch 010, ExpID 23460
Train - Loss (one batch): 0.00523
Val - Loss, MSE, RMSE, MAE, MAPE: 0.00468, 0.00468, 0.06822, 0.04128, 11187975.26%
Test - Best epoch, Loss, MSE, RMSE, MAE, MAPE: 5, 0.00489, 0.00489, 0.06865, 0.03901, 10488479.00%
Time spent: 17.48s
- Epoch 011, ExpID 23460
Train - Loss (one batch): 0.00499
Val - Loss, MSE, RMSE, MAE, MAPE: 0.00457, 0.00457, 0.06738, 0.04074, 10548831.54%
Test - Best epoch, Loss, MSE, RMSE, MAE, MAPE: 5, 0.00489, 0.00489, 0.06865, 0.03901, 10488479.00%
Time spent: 16.73s
- Epoch 012, ExpID 23460
Train - Loss (one batch): 0.00378
Val - Loss, MSE, RMSE, MAE, MAPE: 0.00454, 0.00454, 0.06714, 0.03954, 10496374.55%
Test - Best epoch, Loss, MSE, RMSE, MAE, MAPE: 5, 0.00489, 0.00489, 0.06865, 0.03901, 10488479.00%
Time spent: 17.80s
- Epoch 013, ExpID 23460
Train - Loss (one batch): 0.00412
Val - Loss, MSE, RMSE, MAE, MAPE: 0.00477, 0.00477, 0.06886, 0.04203, 10518827.22%
Test - Best epoch, Loss, MSE, RMSE, MAE, MAPE: 5, 0.00489, 0.00489, 0.06865, 0.03901, 10488479.00%
Time spent: 16.76s
- Epoch 014, ExpID 23460
Train - Loss (one batch): 0.00313
Val - Loss, MSE, RMSE, MAE, MAPE: 0.00445, 0.00445, 0.06648, 0.04003, 10289137.70%
Test - Best epoch, Loss, MSE, RMSE, MAE, MAPE: 14, 0.00479, 0.00479, 0.06796, 0.03999, 9362519.32%
Time spent: 21.24s
- Epoch 015, ExpID 23460
Train - Loss (one batch): 0.00460
Val - Loss, MSE, RMSE, MAE, MAPE: 0.00435, 0.00435, 0.06573, 0.03974, 11186958.88%
Test - Best epoch, Loss, MSE, RMSE, MAE, MAPE: 15, 0.00467, 0.00467, 0.06708, 0.03964, 10167791.81%
Time spent: 20.34s
- Epoch 016, ExpID 23460
Train - Loss (one batch): 0.00329
Val - Loss, MSE, RMSE, MAE, MAPE: 0.00458, 0.00458, 0.06745, 0.04074, 10919001.00%
Test - Best epoch, Loss, MSE, RMSE, MAE, MAPE: 15, 0.00467, 0.00467, 0.06708, 0.03964, 10167791.81%
Time spent: 16.74s
- Epoch 017, ExpID 23460
Train - Loss (one batch): 0.00456
Val - Loss, MSE, RMSE, MAE, MAPE: 0.00448, 0.00448, 0.06670, 0.04135, 12227305.42%
Test - Best epoch, Loss, MSE, RMSE, MAE, MAPE: 15, 0.00467, 0.00467, 0.06708, 0.03964, 10167791.81%
Time spent: 16.98s
- Epoch 018, ExpID 23460
Train - Loss (one batch): 0.00357
Val - Loss, MSE, RMSE, MAE, MAPE: 0.00422, 0.00422, 0.06467, 0.03739, 10505064.84%
Test - Best epoch, Loss, MSE, RMSE, MAE, MAPE: 18, 0.00457, 0.00457, 0.06629, 0.03742, 9762553.10%
Time spent: 20.00s
- Epoch 019, ExpID 23460
Train - Loss (one batch): 0.00482
Val - Loss, MSE, RMSE, MAE, MAPE: 0.00450, 0.00450, 0.06681, 0.03936, 11254427.46%
Test - Best epoch, Loss, MSE, RMSE, MAE, MAPE: 18, 0.00457, 0.00457, 0.06629, 0.03742, 9762553.10%
Time spent: 17.08s
- Epoch 020, ExpID 23460
Train - Loss (one batch): 0.00396
Val - Loss, MSE, RMSE, MAE, MAPE: 0.00469, 0.00469, 0.06832, 0.04316, 11036692.97%
Test - Best epoch, Loss, MSE, RMSE, MAE, MAPE: 18, 0.00457, 0.00457, 0.06629, 0.03742, 9762553.10%
Time spent: 17.53s
- Epoch 021, ExpID 23460
Train - Loss (one batch): 0.00312
Val - Loss, MSE, RMSE, MAE, MAPE: 0.00439, 0.00439, 0.06605, 0.04011, 9654938.03%
Test - Best epoch, Loss, MSE, RMSE, MAE, MAPE: 18, 0.00457, 0.00457, 0.06629, 0.03742, 9762553.10%
Time spent: 18.25s
- Epoch 022, ExpID 23460
Train - Loss (one batch): 0.00343
Val - Loss, MSE, RMSE, MAE, MAPE: 0.00445, 0.00445, 0.06650, 0.04021, 10104831.94%
Test - Best epoch, Loss, MSE, RMSE, MAE, MAPE: 18, 0.00457, 0.00457, 0.06629, 0.03742, 9762553.10%
Time spent: 17.60s
- Epoch 023, ExpID 23460
Train - Loss (one batch): 0.00531
Val - Loss, MSE, RMSE, MAE, MAPE: 0.00421, 0.00421, 0.06466, 0.03733, 10045698.30%
Test - Best epoch, Loss, MSE, RMSE, MAE, MAPE: 23, 0.00455, 0.00455, 0.06613, 0.03730, 9177792.74%
Time spent: 19.89s
- Epoch 024, ExpID 23460
Train - Loss (one batch): 0.00372
Val - Loss, MSE, RMSE, MAE, MAPE: 0.00467, 0.00467, 0.06812, 0.04177, 12826748.11%
Test - Best epoch, Loss, MSE, RMSE, MAE, MAPE: 23, 0.00455, 0.00455, 0.06613, 0.03730, 9177792.74%
Time spent: 18.54s
- Epoch 025, ExpID 23460
Train - Loss (one batch): 0.00353
Val - Loss, MSE, RMSE, MAE, MAPE: 0.00438, 0.00438, 0.06597, 0.03996, 10993903.04%
Test - Best epoch, Loss, MSE, RMSE, MAE, MAPE: 23, 0.00455, 0.00455, 0.06613, 0.03730, 9177792.74%
Time spent: 17.97s
- Epoch 026, ExpID 23460
Train - Loss (one batch): 0.00509
Val - Loss, MSE, RMSE, MAE, MAPE: 0.00414, 0.00414, 0.06411, 0.03710, 9889716.91%
Test - Best epoch, Loss, MSE, RMSE, MAE, MAPE: 26, 0.00447, 0.00447, 0.06555, 0.03700, 8995159.11%
Time spent: 19.60s
- Epoch 027, ExpID 23460
Train - Loss (one batch): 0.00383
Val - Loss, MSE, RMSE, MAE, MAPE: 0.00439, 0.00439, 0.06608, 0.04147, 12347887.91%
Test - Best epoch, Loss, MSE, RMSE, MAE, MAPE: 26, 0.00447, 0.00447, 0.06555, 0.03700, 8995159.11%
Time spent: 17.85s
- Epoch 028, ExpID 23460
Train - Loss (one batch): 0.00356
Val - Loss, MSE, RMSE, MAE, MAPE: 0.00425, 0.00425, 0.06495, 0.03801, 10092776.22%
Test - Best epoch, Loss, MSE, RMSE, MAE, MAPE: 26, 0.00447, 0.00447, 0.06555, 0.03700, 8995159.11%
Time spent: 17.29s
- Epoch 029, ExpID 23460
Train - Loss (one batch): 0.00375
Val - Loss, MSE, RMSE, MAE, MAPE: 0.00421, 0.00421, 0.06463, 0.03806, 10357522.45%
Test - Best epoch, Loss, MSE, RMSE, MAE, MAPE: 26, 0.00447, 0.00447, 0.06555, 0.03700, 8995159.11%
Time spent: 16.71s
- Epoch 030, ExpID 23460
Train - Loss (one batch): 0.00350
Val - Loss, MSE, RMSE, MAE, MAPE: 0.00427, 0.00427, 0.06511, 0.03854, 10494710.11%
Test - Best epoch, Loss, MSE, RMSE, MAE, MAPE: 26, 0.00447, 0.00447, 0.06555, 0.03700, 8995159.11%
Time spent: 16.82s
- Epoch 031, ExpID 23460
Train - Loss (one batch): 0.00305
Val - Loss, MSE, RMSE, MAE, MAPE: 0.00419, 0.00419, 0.06448, 0.03783, 10921309.99%
Test - Best epoch, Loss, MSE, RMSE, MAE, MAPE: 26, 0.00447, 0.00447, 0.06555, 0.03700, 8995159.11%
Time spent: 18.20s
- Epoch 032, ExpID 23460
Train - Loss (one batch): 0.00385
Val - Loss, MSE, RMSE, MAE, MAPE: 0.00428, 0.00428, 0.06524, 0.03924, 10572838.86%
Test - Best epoch, Loss, MSE, RMSE, MAE, MAPE: 26, 0.00447, 0.00447, 0.06555, 0.03700, 8995159.11%
Time spent: 17.08s
- Epoch 033, ExpID 23460
Train - Loss (one batch): 0.00341
Val - Loss, MSE, RMSE, MAE, MAPE: 0.00416, 0.00416, 0.06425, 0.03789, 10116349.79%
Test - Best epoch, Loss, MSE, RMSE, MAE, MAPE: 26, 0.00447, 0.00447, 0.06555, 0.03700, 8995159.11%
Time spent: 17.17s
- Epoch 034, ExpID 23460
Train - Loss (one batch): 0.00513
Val - Loss, MSE, RMSE, MAE, MAPE: 0.00474, 0.00474, 0.06865, 0.04087, 10852174.23%
Test - Best epoch, Loss, MSE, RMSE, MAE, MAPE: 26, 0.00447, 0.00447, 0.06555, 0.03700, 8995159.11%
Time spent: 18.22s
- Epoch 035, ExpID 23460
Train - Loss (one batch): 0.00364
Val - Loss, MSE, RMSE, MAE, MAPE: 0.00447, 0.00447, 0.06667, 0.04101, 11757659.50%
Test - Best epoch, Loss, MSE, RMSE, MAE, MAPE: 26, 0.00447, 0.00447, 0.06555, 0.03700, 8995159.11%
Time spent: 18.05s
- Epoch 036, ExpID 23460
Train - Loss (one batch): 0.00592
Val - Loss, MSE, RMSE, MAE, MAPE: 0.00409, 0.00409, 0.06372, 0.03668, 9970278.65%
Test - Best epoch, Loss, MSE, RMSE, MAE, MAPE: 36, 0.00441, 0.00441, 0.06506, 0.03661, 9085994.60%
Time spent: 19.76s
- Epoch 037, ExpID 23460
Train - Loss (one batch): 0.00417
Val - Loss, MSE, RMSE, MAE, MAPE: 0.00407, 0.00407, 0.06351, 0.03580, 9845232.83%
Test - Best epoch, Loss, MSE, RMSE, MAE, MAPE: 37, 0.00438, 0.00438, 0.06487, 0.03571, 9099303.09%
Time spent: 20.47s
- Epoch 038, ExpID 23460
Train - Loss (one batch): 0.00385
Val - Loss, MSE, RMSE, MAE, MAPE: 0.00424, 0.00424, 0.06491, 0.03845, 9706866.56%
Test - Best epoch, Loss, MSE, RMSE, MAE, MAPE: 37, 0.00438, 0.00438, 0.06487, 0.03571, 9099303.09%
Time spent: 17.62s
- Epoch 039, ExpID 23460
Train - Loss (one batch): 0.00570
Val - Loss, MSE, RMSE, MAE, MAPE: 0.00472, 0.00472, 0.06848, 0.04235, 12409947.40%
Test - Best epoch, Loss, MSE, RMSE, MAE, MAPE: 37, 0.00438, 0.00438, 0.06487, 0.03571, 9099303.09%
Time spent: 17.45s
- Epoch 040, ExpID 23460
Train - Loss (one batch): 0.00391
Val - Loss, MSE, RMSE, MAE, MAPE: 0.00424, 0.00424, 0.06484, 0.03739, 10572217.13%
Test - Best epoch, Loss, MSE, RMSE, MAE, MAPE: 37, 0.00438, 0.00438, 0.06487, 0.03571, 9099303.09%
Time spent: 17.91s
- Epoch 041, ExpID 23460
Train - Loss (one batch): 0.00342
Val - Loss, MSE, RMSE, MAE, MAPE: 0.00420, 0.00420, 0.06462, 0.03791, 9569317.96%
Test - Best epoch, Loss, MSE, RMSE, MAE, MAPE: 37, 0.00438, 0.00438, 0.06487, 0.03571, 9099303.09%
Time spent: 16.75s
- Epoch 042, ExpID 23460
Train - Loss (one batch): 0.00425
Val - Loss, MSE, RMSE, MAE, MAPE: 0.00419, 0.00419, 0.06447, 0.03803, 10474006.06%
Test - Best epoch, Loss, MSE, RMSE, MAE, MAPE: 37, 0.00438, 0.00438, 0.06487, 0.03571, 9099303.09%
Time spent: 17.44s
- Epoch 043, ExpID 23460
Train - Loss (one batch): 0.00350
Val - Loss, MSE, RMSE, MAE, MAPE: 0.00399, 0.00399, 0.06295, 0.03508, 9894941.89%
Test - Best epoch, Loss, MSE, RMSE, MAE, MAPE: 43, 0.00432, 0.00432, 0.06438, 0.03506, 9175553.10%
Time spent: 20.28s
- Epoch 044, ExpID 23460
Train - Loss (one batch): 0.00365
Val - Loss, MSE, RMSE, MAE, MAPE: 0.00420, 0.00420, 0.06459, 0.03824, 10186429.51%
Test - Best epoch, Loss, MSE, RMSE, MAE, MAPE: 43, 0.00432, 0.00432, 0.06438, 0.03506, 9175553.10%
Time spent: 16.91s
- Epoch 045, ExpID 23460
Train - Loss (one batch): 0.00307
Val - Loss, MSE, RMSE, MAE, MAPE: 0.00454, 0.00454, 0.06719, 0.04213, 12003829.54%
Test - Best epoch, Loss, MSE, RMSE, MAE, MAPE: 43, 0.00432, 0.00432, 0.06438, 0.03506, 9175553.10%
Time spent: 17.92s
- Epoch 046, ExpID 23460
Train - Loss (one batch): 0.00414
Val - Loss, MSE, RMSE, MAE, MAPE: 0.00419, 0.00419, 0.06451, 0.03703, 10865627.91%
Test - Best epoch, Loss, MSE, RMSE, MAE, MAPE: 43, 0.00432, 0.00432, 0.06438, 0.03506, 9175553.10%
Time spent: 17.14s
- Epoch 047, ExpID 23460
Train - Loss (one batch): 0.00437
Val - Loss, MSE, RMSE, MAE, MAPE: 0.00437, 0.00437, 0.06589, 0.03921, 10493184.05%
Test - Best epoch, Loss, MSE, RMSE, MAE, MAPE: 43, 0.00432, 0.00432, 0.06438, 0.03506, 9175553.10%
Time spent: 18.39s
- Epoch 048, ExpID 23460
Train - Loss (one batch): 0.00371
Val - Loss, MSE, RMSE, MAE, MAPE: 0.00422, 0.00422, 0.06473, 0.03856, 10309970.08%
Test - Best epoch, Loss, MSE, RMSE, MAE, MAPE: 43, 0.00432, 0.00432, 0.06438, 0.03506, 9175553.10%
Time spent: 17.49s
- Epoch 049, ExpID 23460
Train - Loss (one batch): 0.00380
Val - Loss, MSE, RMSE, MAE, MAPE: 0.00418, 0.00418, 0.06444, 0.03814, 9931030.65%
Test - Best epoch, Loss, MSE, RMSE, MAE, MAPE: 43, 0.00432, 0.00432, 0.06438, 0.03506, 9175553.10%
Time spent: 17.37s
- Epoch 050, ExpID 23460
Train - Loss (one batch): 0.00335
Val - Loss, MSE, RMSE, MAE, MAPE: 0.00415, 0.00415, 0.06417, 0.03733, 9605356.91%
Test - Best epoch, Loss, MSE, RMSE, MAE, MAPE: 43, 0.00432, 0.00432, 0.06438, 0.03506, 9175553.10%
Time spent: 17.01s
- Epoch 051, ExpID 23460
Train - Loss (one batch): 0.00412
Val - Loss, MSE, RMSE, MAE, MAPE: 0.00452, 0.00452, 0.06698, 0.04097, 10241506.67%
Test - Best epoch, Loss, MSE, RMSE, MAE, MAPE: 43, 0.00432, 0.00432, 0.06438, 0.03506, 9175553.10%
Time spent: 18.31s
- Epoch 052, ExpID 23460
Train - Loss (one batch): 0.00267
Val - Loss, MSE, RMSE, MAE, MAPE: 0.00434, 0.00434, 0.06561, 0.03947, 12321736.22%
Test - Best epoch, Loss, MSE, RMSE, MAE, MAPE: 43, 0.00432, 0.00432, 0.06438, 0.03506, 9175553.10%
Time spent: 17.81s
- Epoch 053, ExpID 23460
Train - Loss (one batch): 0.00267
Val - Loss, MSE, RMSE, MAE, MAPE: 0.00426, 0.00426, 0.06499, 0.03834, 10368477.01%
Test - Best epoch, Loss, MSE, RMSE, MAE, MAPE: 43, 0.00432, 0.00432, 0.06438, 0.03506, 9175553.10%
Time spent: 18.40s
- Epoch 054, ExpID 23460
Train - Loss (one batch): 0.00341
Val - Loss, MSE, RMSE, MAE, MAPE: 0.00433, 0.00433, 0.06559, 0.03895, 11353448.39%
Test - Best epoch, Loss, MSE, RMSE, MAE, MAPE: 43, 0.00432, 0.00432, 0.06438, 0.03506, 9175553.10%
Time spent: 17.82s
- Epoch 055, ExpID 23460
Train - Loss (one batch): 0.00371
Val - Loss, MSE, RMSE, MAE, MAPE: 0.00413, 0.00413, 0.06396, 0.03660, 10230866.26%
Test - Best epoch, Loss, MSE, RMSE, MAE, MAPE: 43, 0.00432, 0.00432, 0.06438, 0.03506, 9175553.10%
Time spent: 17.66s
- Epoch 056, ExpID 23460
Train - Loss (one batch): 0.00337
Val - Loss, MSE, RMSE, MAE, MAPE: 0.00407, 0.00407, 0.06355, 0.03584, 9811478.79%
Test - Best epoch, Loss, MSE, RMSE, MAE, MAPE: 43, 0.00432, 0.00432, 0.06438, 0.03506, 9175553.10%
Time spent: 17.09s
- Epoch 057, ExpID 23460
Train - Loss (one batch): 0.00388
Val - Loss, MSE, RMSE, MAE, MAPE: 0.00413, 0.00413, 0.06399, 0.03680, 10351464.58%
Test - Best epoch, Loss, MSE, RMSE, MAE, MAPE: 43, 0.00432, 0.00432, 0.06438, 0.03506, 9175553.10%
Time spent: 17.48s
- Epoch 058, ExpID 23460
Train - Loss (one batch): 0.00315
Val - Loss, MSE, RMSE, MAE, MAPE: 0.00425, 0.00425, 0.06495, 0.03831, 10523596.20%
Test - Best epoch, Loss, MSE, RMSE, MAE, MAPE: 43, 0.00432, 0.00432, 0.06438, 0.03506, 9175553.10%
Time spent: 18.11s
- Epoch 059, ExpID 23460
Train - Loss (one batch): 0.00390
Val - Loss, MSE, RMSE, MAE, MAPE: 0.00405, 0.00405, 0.06339, 0.03521, 10134681.35%
Test - Best epoch, Loss, MSE, RMSE, MAE, MAPE: 43, 0.00432, 0.00432, 0.06438, 0.03506, 9175553.10%
Time spent: 17.80s
- Epoch 060, ExpID 23460
Train - Loss (one batch): 0.00404
Val - Loss, MSE, RMSE, MAE, MAPE: 0.00412, 0.00412, 0.06391, 0.03612, 10770178.99%
Test - Best epoch, Loss, MSE, RMSE, MAE, MAPE: 43, 0.00432, 0.00432, 0.06438, 0.03506, 9175553.10%
Time spent: 17.29s
- Epoch 061, ExpID 23460
Train - Loss (one batch): 0.00339
Val - Loss, MSE, RMSE, MAE, MAPE: 0.00434, 0.00434, 0.06564, 0.03910, 10377072.21%
Test - Best epoch, Loss, MSE, RMSE, MAE, MAPE: 43, 0.00432, 0.00432, 0.06438, 0.03506, 9175553.10%
Time spent: 17.06s
- Epoch 062, ExpID 23460
Train - Loss (one batch): 0.00313
Val - Loss, MSE, RMSE, MAE, MAPE: 0.00408, 0.00408, 0.06357, 0.03565, 9698088.71%
Test - Best epoch, Loss, MSE, RMSE, MAE, MAPE: 43, 0.00432, 0.00432, 0.06438, 0.03506, 9175553.10%
Time spent: 18.06s
- Epoch 063, ExpID 23460
Train - Loss (one batch): 0.00378
Val - Loss, MSE, RMSE, MAE, MAPE: 0.00406, 0.00406, 0.06348, 0.03614, 10427493.41%
Test - Best epoch, Loss, MSE, RMSE, MAE, MAPE: 43, 0.00432, 0.00432, 0.06438, 0.03506, 9175553.10%
Time spent: 16.83s
- Epoch 064, ExpID 23460
Train - Loss (one batch): 0.00418
Val - Loss, MSE, RMSE, MAE, MAPE: 0.00415, 0.00415, 0.06415, 0.03671, 10627259.49%
Test - Best epoch, Loss, MSE, RMSE, MAE, MAPE: 43, 0.00432, 0.00432, 0.06438, 0.03506, 9175553.10%
Time spent: 17.28s
- Epoch 065, ExpID 23460
Train - Loss (one batch): 0.00357
Val - Loss, MSE, RMSE, MAE, MAPE: 0.00479, 0.00479, 0.06893, 0.04311, 12642752.57%
Test - Best epoch, Loss, MSE, RMSE, MAE, MAPE: 43, 0.00432, 0.00432, 0.06438, 0.03506, 9175553.10%
Time spent: 17.05s
- Epoch 066, ExpID 23460
Train - Loss (one batch): 0.00433
Val - Loss, MSE, RMSE, MAE, MAPE: 0.00432, 0.00432, 0.06551, 0.03835, 10333094.78%
Test - Best epoch, Loss, MSE, RMSE, MAE, MAPE: 43, 0.00432, 0.00432, 0.06438, 0.03506, 9175553.10%
Time spent: 16.82s
- Epoch 067, ExpID 23460
Train - Loss (one batch): 0.00310
Val - Loss, MSE, RMSE, MAE, MAPE: 0.00429, 0.00429, 0.06521, 0.03708, 9865447.15%
Test - Best epoch, Loss, MSE, RMSE, MAE, MAPE: 43, 0.00432, 0.00432, 0.06438, 0.03506, 9175553.10%
Time spent: 17.49s
- Epoch 068, ExpID 23460
Train - Loss (one batch): 0.00269
Val - Loss, MSE, RMSE, MAE, MAPE: 0.00426, 0.00426, 0.06505, 0.03774, 10199649.26%
Test - Best epoch, Loss, MSE, RMSE, MAE, MAPE: 43, 0.00432, 0.00432, 0.06438, 0.03506, 9175553.10%
Time spent: 16.96s
- Epoch 069, ExpID 23460
Train - Loss (one batch): 0.00415
Val - Loss, MSE, RMSE, MAE, MAPE: 0.00441, 0.00441, 0.06617, 0.04061, 10497854.81%
Test - Best epoch, Loss, MSE, RMSE, MAE, MAPE: 43, 0.00432, 0.00432, 0.06438, 0.03506, 9175553.10%
Time spent: 17.17s
- Epoch 070, ExpID 23460
Train - Loss (one batch): 0.00323
Val - Loss, MSE, RMSE, MAE, MAPE: 0.00417, 0.00417, 0.06429, 0.03703, 11031996.20%
Test - Best epoch, Loss, MSE, RMSE, MAE, MAPE: 43, 0.00432, 0.00432, 0.06438, 0.03506, 9175553.10%
Time spent: 18.84s
- Epoch 071, ExpID 23460
Train - Loss (one batch): 0.00317
Val - Loss, MSE, RMSE, MAE, MAPE: 0.00417, 0.00417, 0.06434, 0.03650, 10020079.01%
Test - Best epoch, Loss, MSE, RMSE, MAE, MAPE: 43, 0.00432, 0.00432, 0.06438, 0.03506, 9175553.10%
Time spent: 17.06s
- Epoch 072, ExpID 23460
Train - Loss (one batch): 0.00264
Val - Loss, MSE, RMSE, MAE, MAPE: 0.00427, 0.00427, 0.06508, 0.03719, 10056925.26%
Test - Best epoch, Loss, MSE, RMSE, MAE, MAPE: 43, 0.00432, 0.00432, 0.06438, 0.03506, 9175553.10%
Time spent: 17.64s
- Epoch 073, ExpID 23460
Train - Loss (one batch): 0.00429
Val - Loss, MSE, RMSE, MAE, MAPE: 0.00431, 0.00431, 0.06543, 0.03845, 10385252.21%
Test - Best epoch, Loss, MSE, RMSE, MAE, MAPE: 43, 0.00432, 0.00432, 0.06438, 0.03506, 9175553.10%
Time spent: 18.27s
- Epoch 074, ExpID 23460
Train - Loss (one batch): 0.00306
Val - Loss, MSE, RMSE, MAE, MAPE: 0.00431, 0.00431, 0.06541, 0.03813, 10314186.64%
Test - Best epoch, Loss, MSE, RMSE, MAE, MAPE: 43, 0.00432, 0.00432, 0.06438, 0.03506, 9175553.10%
Time spent: 17.99s
- Epoch 075, ExpID 23460
Train - Loss (one batch): 0.00354
Val - Loss, MSE, RMSE, MAE, MAPE: 0.00421, 0.00421, 0.06462, 0.03706, 10691502.53%
Test - Best epoch, Loss, MSE, RMSE, MAE, MAPE: 43, 0.00432, 0.00432, 0.06438, 0.03506, 9175553.10%
Time spent: 16.73s
- Epoch 076, ExpID 23460
Train - Loss (one batch): 0.00441
Val - Loss, MSE, RMSE, MAE, MAPE: 0.00410, 0.00410, 0.06375, 0.03657, 10794084.34%
Test - Best epoch, Loss, MSE, RMSE, MAE, MAPE: 43, 0.00432, 0.00432, 0.06438, 0.03506, 9175553.10%
Time spent: 17.06s
- Epoch 077, ExpID 23460
Train - Loss (one batch): 0.00494
Val - Loss, MSE, RMSE, MAE, MAPE: 0.00417, 0.00417, 0.06434, 0.03671, 10888670.29%
Test - Best epoch, Loss, MSE, RMSE, MAE, MAPE: 43, 0.00432, 0.00432, 0.06438, 0.03506, 9175553.10%
Time spent: 18.55s
- Epoch 078, ExpID 23460
Train - Loss (one batch): 0.00403
Val - Loss, MSE, RMSE, MAE, MAPE: 0.00429, 0.00429, 0.06522, 0.03761, 10043638.80%
Test - Best epoch, Loss, MSE, RMSE, MAE, MAPE: 43, 0.00432, 0.00432, 0.06438, 0.03506, 9175553.10%
Time spent: 16.75s
- Epoch 079, ExpID 23460
Train - Loss (one batch): 0.00375
Val - Loss, MSE, RMSE, MAE, MAPE: 0.00411, 0.00411, 0.06384, 0.03581, 9694462.59%
Test - Best epoch, Loss, MSE, RMSE, MAE, MAPE: 43, 0.00432, 0.00432, 0.06438, 0.03506, 9175553.10%
Time spent: 17.10s
- Epoch 080, ExpID 23460
Train - Loss (one batch): 0.00258
Val - Loss, MSE, RMSE, MAE, MAPE: 0.00423, 0.00423, 0.06477, 0.03694, 9404400.16%
Test - Best epoch, Loss, MSE, RMSE, MAE, MAPE: 43, 0.00432, 0.00432, 0.06438, 0.03506, 9175553.10%
Time spent: 17.45s
- Epoch 081, ExpID 23460
Train - Loss (one batch): 0.00347
Val - Loss, MSE, RMSE, MAE, MAPE: 0.00424, 0.00424, 0.06486, 0.03774, 9335222.38%
Test - Best epoch, Loss, MSE, RMSE, MAE, MAPE: 43, 0.00432, 0.00432, 0.06438, 0.03506, 9175553.10%
Time spent: 17.56s
- Epoch 082, ExpID 23460
Train - Loss (one batch): 0.00306
Val - Loss, MSE, RMSE, MAE, MAPE: 0.00425, 0.00425, 0.06492, 0.03761, 11099412.31%
Test - Best epoch, Loss, MSE, RMSE, MAE, MAPE: 43, 0.00432, 0.00432, 0.06438, 0.03506, 9175553.10%
Time spent: 16.97s
- Epoch 083, ExpID 23460
Train - Loss (one batch): 0.00460
Val - Loss, MSE, RMSE, MAE, MAPE: 0.00420, 0.00420, 0.06450, 0.03624, 10344665.34%
Test - Best epoch, Loss, MSE, RMSE, MAE, MAPE: 43, 0.00432, 0.00432, 0.06438, 0.03506, 9175553.10%
Time spent: 17.14s
- Epoch 084, ExpID 23460
Train - Loss (one batch): 0.00325
Val - Loss, MSE, RMSE, MAE, MAPE: 0.00421, 0.00421, 0.06466, 0.03726, 9868251.73%
Test - Best epoch, Loss, MSE, RMSE, MAE, MAPE: 43, 0.00432, 0.00432, 0.06438, 0.03506, 9175553.10%
Time spent: 16.75s
- Epoch 085, ExpID 23460
Train - Loss (one batch): 0.00296
Val - Loss, MSE, RMSE, MAE, MAPE: 0.00410, 0.00410, 0.06379, 0.03647, 9807350.20%
Test - Best epoch, Loss, MSE, RMSE, MAE, MAPE: 43, 0.00432, 0.00432, 0.06438, 0.03506, 9175553.10%
Time spent: 17.34s
- Epoch 086, ExpID 23460
Train - Loss (one batch): 0.00490
Val - Loss, MSE, RMSE, MAE, MAPE: 0.00424, 0.00424, 0.06489, 0.03754, 9893592.04%
Test - Best epoch, Loss, MSE, RMSE, MAE, MAPE: 43, 0.00432, 0.00432, 0.06438, 0.03506, 9175553.10%
Time spent: 17.83s
- Epoch 087, ExpID 23460
Train - Loss (one batch): 0.00258
Val - Loss, MSE, RMSE, MAE, MAPE: 0.00424, 0.00424, 0.06488, 0.03760, 9547424.26%
Test - Best epoch, Loss, MSE, RMSE, MAE, MAPE: 43, 0.00432, 0.00432, 0.06438, 0.03506, 9175553.10%
Time spent: 17.55s
- Epoch 088, ExpID 23460
Train - Loss (one batch): 0.00407
Val - Loss, MSE, RMSE, MAE, MAPE: 0.00425, 0.00425, 0.06490, 0.03787, 10623188.91%
Test - Best epoch, Loss, MSE, RMSE, MAE, MAPE: 43, 0.00432, 0.00432, 0.06438, 0.03506, 9175553.10%
Time spent: 17.69s
- Epoch 089, ExpID 23460
Train - Loss (one batch): 0.00442
Val - Loss, MSE, RMSE, MAE, MAPE: 0.00443, 0.00443, 0.06630, 0.04008, 9410043.07%
Test - Best epoch, Loss, MSE, RMSE, MAE, MAPE: 43, 0.00432, 0.00432, 0.06438, 0.03506, 9175553.10%
Time spent: 18.29s
- Epoch 090, ExpID 23460
Train - Loss (one batch): 0.00357
Val - Loss, MSE, RMSE, MAE, MAPE: 0.00410, 0.00410, 0.06372, 0.03542, 10007905.19%
Test - Best epoch, Loss, MSE, RMSE, MAE, MAPE: 43, 0.00432, 0.00432, 0.06438, 0.03506, 9175553.10%
Time spent: 17.26s
- Epoch 091, ExpID 23460
Train - Loss (one batch): 0.00319
Val - Loss, MSE, RMSE, MAE, MAPE: 0.00440, 0.00440, 0.06607, 0.03928, 10967182.93%
Test - Best epoch, Loss, MSE, RMSE, MAE, MAPE: 43, 0.00432, 0.00432, 0.06438, 0.03506, 9175553.10%
Time spent: 17.08s
- Epoch 092, ExpID 23460
Train - Loss (one batch): 0.00323
Val - Loss, MSE, RMSE, MAE, MAPE: 0.00409, 0.00409, 0.06370, 0.03527, 9563895.27%
Test - Best epoch, Loss, MSE, RMSE, MAE, MAPE: 43, 0.00432, 0.00432, 0.06438, 0.03506, 9175553.10%
Time spent: 18.10s
- Epoch 093, ExpID 23460
Train - Loss (one batch): 0.00329
Val - Loss, MSE, RMSE, MAE, MAPE: 0.00422, 0.00422, 0.06469, 0.03710, 10523958.42%
Test - Best epoch, Loss, MSE, RMSE, MAE, MAPE: 43, 0.00432, 0.00432, 0.06438, 0.03506, 9175553.10%
Time spent: 17.58s
- Epoch 094, ExpID 23460
Train - Loss (one batch): 0.00379
Val - Loss, MSE, RMSE, MAE, MAPE: 0.00421, 0.00421, 0.06464, 0.03716, 10045689.51%
Test - Best epoch, Loss, MSE, RMSE, MAE, MAPE: 43, 0.00432, 0.00432, 0.06438, 0.03506, 9175553.10%
Time spent: 18.74s
- Epoch 095, ExpID 23460
Train - Loss (one batch): 0.00427
Val - Loss, MSE, RMSE, MAE, MAPE: 0.00428, 0.00428, 0.06515, 0.03739, 9951828.04%
Test - Best epoch, Loss, MSE, RMSE, MAE, MAPE: 43, 0.00432, 0.00432, 0.06438, 0.03506, 9175553.10%
Time spent: 18.67s
- Epoch 096, ExpID 23460
Train - Loss (one batch): 0.00411
Val - Loss, MSE, RMSE, MAE, MAPE: 0.00434, 0.00434, 0.06563, 0.03879, 10104956.05%
Test - Best epoch, Loss, MSE, RMSE, MAE, MAPE: 43, 0.00432, 0.00432, 0.06438, 0.03506, 9175553.10%
Time spent: 18.10s
- Epoch 097, ExpID 23460
Train - Loss (one batch): 0.00375
Val - Loss, MSE, RMSE, MAE, MAPE: 0.00418, 0.00418, 0.06440, 0.03672, 9963663.55%
Test - Best epoch, Loss, MSE, RMSE, MAE, MAPE: 43, 0.00432, 0.00432, 0.06438, 0.03506, 9175553.10%
Time spent: 18.45s
- Epoch 098, ExpID 23460
Train - Loss (one batch): 0.00344
Val - Loss, MSE, RMSE, MAE, MAPE: 0.00421, 0.00421, 0.06462, 0.03704, 9864362.17%
Test - Best epoch, Loss, MSE, RMSE, MAE, MAPE: 43, 0.00432, 0.00432, 0.06438, 0.03506, 9175553.10%
Time spent: 19.29s
- Epoch 099, ExpID 23460
Train - Loss (one batch): 0.00400
Val - Loss, MSE, RMSE, MAE, MAPE: 0.00414, 0.00414, 0.06403, 0.03557, 10090321.39%
Test - Best epoch, Loss, MSE, RMSE, MAE, MAPE: 43, 0.00432, 0.00432, 0.06438, 0.03506, 9175553.10%
Time spent: 17.21s
- Epoch 100, ExpID 23460
Train - Loss (one batch): 0.00354
Val - Loss, MSE, RMSE, MAE, MAPE: 0.00415, 0.00415, 0.06416, 0.03545, 9932472.88%
Test - Best epoch, Loss, MSE, RMSE, MAE, MAPE: 43, 0.00432, 0.00432, 0.06438, 0.03506, 9175553.10%
Time spent: 19.06s
- Epoch 101, ExpID 23460
Train - Loss (one batch): 0.00273
Val - Loss, MSE, RMSE, MAE, MAPE: 0.00438, 0.00438, 0.06587, 0.03756, 10204970.03%
Test - Best epoch, Loss, MSE, RMSE, MAE, MAPE: 43, 0.00432, 0.00432, 0.06438, 0.03506, 9175553.10%
Time spent: 17.70s
- Epoch 102, ExpID 23460
Train - Loss (one batch): 0.00396
Val - Loss, MSE, RMSE, MAE, MAPE: 0.00414, 0.00414, 0.06399, 0.03555, 10527984.80%
Test - Best epoch, Loss, MSE, RMSE, MAE, MAPE: 43, 0.00432, 0.00432, 0.06438, 0.03506, 9175553.10%
Time spent: 18.90s
- Epoch 103, ExpID 23460
Train - Loss (one batch): 0.00323
Val - Loss, MSE, RMSE, MAE, MAPE: 0.00436, 0.00436, 0.06577, 0.03818, 9288199.10%
Test - Best epoch, Loss, MSE, RMSE, MAE, MAPE: 43, 0.00432, 0.00432, 0.06438, 0.03506, 9175553.10%
Time spent: 18.04s
