/home/ouass/Test/MSP-IMTS/tPatchGNN/run_models.py
2025-09-19 20:59:56
run_models.py --dataset physionet --history 24 --quantization 1.0 --hid_dim 64 --te_dim 10 --node_dim 10 --nlayer 1 --tf_layer 1 --nhead 1 --batch_size 32 --lr 1e-3 --patience 60 --epoch 600 --seed 2 --gpu 0 --multi_scales 2,8 --multi_strides 2,8 --fusion concat
Namespace(multi_scales='2,8', multi_strides='2,8', fusion='concat', state='def', n=100000000, hop=1, nhead=1, tf_layer=1, nlayer=1, epoch=600, patience=60, history=24, patch_size=24, stride=24, logmode='a', lr=0.001, w_decay=0.0, batch_size=32, save='experiments/', load=None, seed=2, dataset='physionet', quantization=1.0, model='tPatchGNN', outlayer='Linear', hid_dim=64, te_dim=10, node_dim=10, gpu='0', npatch=1, device=device(type='cuda'), PID=3122236, ndim=41)
- Epoch 000, ExpID 7599
Train - Loss (one batch): 0.00448
Val - Loss, MSE, RMSE, MAE, MAPE: 0.00535, 0.00535, 0.07275, 0.04297, 10467847.35%
Test - Best epoch, Loss, MSE, RMSE, MAE, MAPE: 0, 0.00570, 0.00570, 0.07437, 0.04277, 9710544.13%
Time spent: 23.74s
- Epoch 001, ExpID 7599
Train - Loss (one batch): 0.00409
Val - Loss, MSE, RMSE, MAE, MAPE: 0.00506, 0.00506, 0.07078, 0.04276, 10625619.56%
Test - Best epoch, Loss, MSE, RMSE, MAE, MAPE: 1, 0.00544, 0.00544, 0.07255, 0.04267, 9886420.35%
Time spent: 19.11s
- Epoch 002, ExpID 7599
Train - Loss (one batch): 0.00402
Val - Loss, MSE, RMSE, MAE, MAPE: 0.00466, 0.00466, 0.06799, 0.04017, 10659788.84%
Test - Best epoch, Loss, MSE, RMSE, MAE, MAPE: 2, 0.00505, 0.00505, 0.06984, 0.04010, 9812102.24%
Time spent: 19.55s
- Epoch 003, ExpID 7599
Train - Loss (one batch): 0.00371
Val - Loss, MSE, RMSE, MAE, MAPE: 0.00524, 0.00524, 0.07220, 0.04690, 12593295.03%
Test - Best epoch, Loss, MSE, RMSE, MAE, MAPE: 2, 0.00505, 0.00505, 0.06984, 0.04010, 9812102.24%
Time spent: 16.68s
- Epoch 004, ExpID 7599
Train - Loss (one batch): 0.00450
Val - Loss, MSE, RMSE, MAE, MAPE: 0.00439, 0.00439, 0.06599, 0.03817, 10125618.46%
Test - Best epoch, Loss, MSE, RMSE, MAE, MAPE: 4, 0.00478, 0.00478, 0.06786, 0.03813, 9380870.70%
Time spent: 18.93s
- Epoch 005, ExpID 7599
Train - Loss (one batch): 0.00323
Val - Loss, MSE, RMSE, MAE, MAPE: 0.00468, 0.00468, 0.06820, 0.04106, 10558201.34%
Test - Best epoch, Loss, MSE, RMSE, MAE, MAPE: 4, 0.00478, 0.00478, 0.06786, 0.03813, 9380870.70%
Time spent: 17.65s
- Epoch 006, ExpID 7599
Train - Loss (one batch): 0.00414
Val - Loss, MSE, RMSE, MAE, MAPE: 0.00437, 0.00437, 0.06586, 0.03896, 9902063.83%
Test - Best epoch, Loss, MSE, RMSE, MAE, MAPE: 6, 0.00474, 0.00474, 0.06762, 0.03892, 9149813.60%
Time spent: 18.96s
- Epoch 007, ExpID 7599
Train - Loss (one batch): 0.00484
Val - Loss, MSE, RMSE, MAE, MAPE: 0.00433, 0.00433, 0.06558, 0.03851, 9417644.57%
Test - Best epoch, Loss, MSE, RMSE, MAE, MAPE: 7, 0.00473, 0.00473, 0.06745, 0.03859, 8714144.69%
Time spent: 19.02s
- Epoch 008, ExpID 7599
Train - Loss (one batch): 0.00411
Val - Loss, MSE, RMSE, MAE, MAPE: 0.00418, 0.00418, 0.06440, 0.03642, 9574249.61%
Test - Best epoch, Loss, MSE, RMSE, MAE, MAPE: 8, 0.00454, 0.00454, 0.06606, 0.03644, 8779302.58%
Time spent: 18.99s
- Epoch 009, ExpID 7599
Train - Loss (one batch): 0.00432
Val - Loss, MSE, RMSE, MAE, MAPE: 0.00440, 0.00440, 0.06607, 0.03914, 10004306.85%
Test - Best epoch, Loss, MSE, RMSE, MAE, MAPE: 8, 0.00454, 0.00454, 0.06606, 0.03644, 8779302.58%
Time spent: 16.75s
- Epoch 010, ExpID 7599
Train - Loss (one batch): 0.00504
Val - Loss, MSE, RMSE, MAE, MAPE: 0.00420, 0.00420, 0.06454, 0.03674, 9961878.79%
Test - Best epoch, Loss, MSE, RMSE, MAE, MAPE: 8, 0.00454, 0.00454, 0.06606, 0.03644, 8779302.58%
Time spent: 16.73s
- Epoch 011, ExpID 7599
Train - Loss (one batch): 0.00411
Val - Loss, MSE, RMSE, MAE, MAPE: 0.00488, 0.00488, 0.06965, 0.04506, 10062989.50%
Test - Best epoch, Loss, MSE, RMSE, MAE, MAPE: 8, 0.00454, 0.00454, 0.06606, 0.03644, 8779302.58%
Time spent: 16.76s
- Epoch 012, ExpID 7599
Train - Loss (one batch): 0.00528
Val - Loss, MSE, RMSE, MAE, MAPE: 0.00408, 0.00408, 0.06364, 0.03594, 9290618.39%
Test - Best epoch, Loss, MSE, RMSE, MAE, MAPE: 12, 0.00443, 0.00443, 0.06521, 0.03588, 8492704.93%
Time spent: 18.99s
- Epoch 013, ExpID 7599
Train - Loss (one batch): 0.00521
Val - Loss, MSE, RMSE, MAE, MAPE: 0.00429, 0.00429, 0.06525, 0.03858, 9694357.56%
Test - Best epoch, Loss, MSE, RMSE, MAE, MAPE: 12, 0.00443, 0.00443, 0.06521, 0.03588, 8492704.93%
Time spent: 16.78s
- Epoch 014, ExpID 7599
Train - Loss (one batch): 0.00399
Val - Loss, MSE, RMSE, MAE, MAPE: 0.00450, 0.00450, 0.06688, 0.04056, 11821736.31%
Test - Best epoch, Loss, MSE, RMSE, MAE, MAPE: 12, 0.00443, 0.00443, 0.06521, 0.03588, 8492704.93%
Time spent: 16.75s
- Epoch 015, ExpID 7599
Train - Loss (one batch): 0.00420
Val - Loss, MSE, RMSE, MAE, MAPE: 0.00423, 0.00423, 0.06483, 0.03802, 9543566.00%
Test - Best epoch, Loss, MSE, RMSE, MAE, MAPE: 12, 0.00443, 0.00443, 0.06521, 0.03588, 8492704.93%
Time spent: 16.80s
- Epoch 016, ExpID 7599
Train - Loss (one batch): 0.00380
Val - Loss, MSE, RMSE, MAE, MAPE: 0.00436, 0.00436, 0.06577, 0.03904, 10260355.46%
Test - Best epoch, Loss, MSE, RMSE, MAE, MAPE: 12, 0.00443, 0.00443, 0.06521, 0.03588, 8492704.93%
Time spent: 16.75s
- Epoch 017, ExpID 7599
Train - Loss (one batch): 0.00410
Val - Loss, MSE, RMSE, MAE, MAPE: 0.00431, 0.00431, 0.06538, 0.03847, 9085891.06%
Test - Best epoch, Loss, MSE, RMSE, MAE, MAPE: 12, 0.00443, 0.00443, 0.06521, 0.03588, 8492704.93%
Time spent: 17.59s
- Epoch 018, ExpID 7599
Train - Loss (one batch): 0.00533
Val - Loss, MSE, RMSE, MAE, MAPE: 0.00418, 0.00418, 0.06446, 0.03813, 9521626.40%
Test - Best epoch, Loss, MSE, RMSE, MAE, MAPE: 12, 0.00443, 0.00443, 0.06521, 0.03588, 8492704.93%
Time spent: 16.74s
- Epoch 019, ExpID 7599
Train - Loss (one batch): 0.00507
Val - Loss, MSE, RMSE, MAE, MAPE: 0.00415, 0.00415, 0.06417, 0.03629, 10621484.27%
Test - Best epoch, Loss, MSE, RMSE, MAE, MAPE: 12, 0.00443, 0.00443, 0.06521, 0.03588, 8492704.93%
Time spent: 16.99s
- Epoch 020, ExpID 7599
Train - Loss (one batch): 0.00587
Val - Loss, MSE, RMSE, MAE, MAPE: 0.00442, 0.00442, 0.06629, 0.04071, 9885292.13%
Test - Best epoch, Loss, MSE, RMSE, MAE, MAPE: 12, 0.00443, 0.00443, 0.06521, 0.03588, 8492704.93%
Time spent: 17.56s
- Epoch 021, ExpID 7599
Train - Loss (one batch): 0.00498
Val - Loss, MSE, RMSE, MAE, MAPE: 0.00454, 0.00454, 0.06716, 0.04028, 9425927.08%
Test - Best epoch, Loss, MSE, RMSE, MAE, MAPE: 12, 0.00443, 0.00443, 0.06521, 0.03588, 8492704.93%
Time spent: 16.77s
- Epoch 022, ExpID 7599
Train - Loss (one batch): 0.00377
Val - Loss, MSE, RMSE, MAE, MAPE: 0.00423, 0.00423, 0.06483, 0.03829, 10789930.90%
Test - Best epoch, Loss, MSE, RMSE, MAE, MAPE: 12, 0.00443, 0.00443, 0.06521, 0.03588, 8492704.93%
Time spent: 17.36s
- Epoch 023, ExpID 7599
Train - Loss (one batch): 0.00485
Val - Loss, MSE, RMSE, MAE, MAPE: 0.00437, 0.00437, 0.06590, 0.03871, 10819333.05%
Test - Best epoch, Loss, MSE, RMSE, MAE, MAPE: 12, 0.00443, 0.00443, 0.06521, 0.03588, 8492704.93%
Time spent: 17.39s
- Epoch 024, ExpID 7599
Train - Loss (one batch): 0.00405
Val - Loss, MSE, RMSE, MAE, MAPE: 0.00414, 0.00414, 0.06409, 0.03686, 9215451.82%
Test - Best epoch, Loss, MSE, RMSE, MAE, MAPE: 12, 0.00443, 0.00443, 0.06521, 0.03588, 8492704.93%
Time spent: 16.75s
- Epoch 025, ExpID 7599
Train - Loss (one batch): 0.00351
Val - Loss, MSE, RMSE, MAE, MAPE: 0.00407, 0.00407, 0.06354, 0.03601, 9024220.78%
Test - Best epoch, Loss, MSE, RMSE, MAE, MAPE: 25, 0.00443, 0.00443, 0.06522, 0.03606, 8073773.55%
Time spent: 19.04s
- Epoch 026, ExpID 7599
Train - Loss (one batch): 0.00628
Val - Loss, MSE, RMSE, MAE, MAPE: 0.00420, 0.00420, 0.06456, 0.03807, 10680336.90%
Test - Best epoch, Loss, MSE, RMSE, MAE, MAPE: 25, 0.00443, 0.00443, 0.06522, 0.03606, 8073773.55%
Time spent: 17.30s
- Epoch 027, ExpID 7599
Train - Loss (one batch): 0.00346
Val - Loss, MSE, RMSE, MAE, MAPE: 0.00471, 0.00471, 0.06847, 0.04283, 9636044.54%
Test - Best epoch, Loss, MSE, RMSE, MAE, MAPE: 25, 0.00443, 0.00443, 0.06522, 0.03606, 8073773.55%
Time spent: 16.75s
- Epoch 028, ExpID 7599
Train - Loss (one batch): 0.00316
Val - Loss, MSE, RMSE, MAE, MAPE: 0.00448, 0.00448, 0.06670, 0.04057, 9569575.22%
Test - Best epoch, Loss, MSE, RMSE, MAE, MAPE: 25, 0.00443, 0.00443, 0.06522, 0.03606, 8073773.55%
Time spent: 16.76s
- Epoch 029, ExpID 7599
Train - Loss (one batch): 0.00309
Val - Loss, MSE, RMSE, MAE, MAPE: 0.00466, 0.00466, 0.06811, 0.04308, 9908400.62%
Test - Best epoch, Loss, MSE, RMSE, MAE, MAPE: 25, 0.00443, 0.00443, 0.06522, 0.03606, 8073773.55%
Time spent: 17.48s
- Epoch 030, ExpID 7599
Train - Loss (one batch): 0.00403
Val - Loss, MSE, RMSE, MAE, MAPE: 0.00427, 0.00427, 0.06515, 0.03854, 9965249.15%
Test - Best epoch, Loss, MSE, RMSE, MAE, MAPE: 25, 0.00443, 0.00443, 0.06522, 0.03606, 8073773.55%
Time spent: 17.52s
- Epoch 031, ExpID 7599
Train - Loss (one batch): 0.00358
Val - Loss, MSE, RMSE, MAE, MAPE: 0.00442, 0.00442, 0.06625, 0.04116, 10074598.50%
Test - Best epoch, Loss, MSE, RMSE, MAE, MAPE: 25, 0.00443, 0.00443, 0.06522, 0.03606, 8073773.55%
Time spent: 16.95s
- Epoch 032, ExpID 7599
Train - Loss (one batch): 0.00507
Val - Loss, MSE, RMSE, MAE, MAPE: 0.00411, 0.00411, 0.06388, 0.03685, 9675308.50%
Test - Best epoch, Loss, MSE, RMSE, MAE, MAPE: 25, 0.00443, 0.00443, 0.06522, 0.03606, 8073773.55%
Time spent: 16.78s
- Epoch 033, ExpID 7599
Train - Loss (one batch): 0.00412
Val - Loss, MSE, RMSE, MAE, MAPE: 0.00410, 0.00410, 0.06377, 0.03681, 9066800.06%
Test - Best epoch, Loss, MSE, RMSE, MAE, MAPE: 25, 0.00443, 0.00443, 0.06522, 0.03606, 8073773.55%
Time spent: 17.51s
- Epoch 034, ExpID 7599
Train - Loss (one batch): 0.00450
Val - Loss, MSE, RMSE, MAE, MAPE: 0.00417, 0.00417, 0.06434, 0.03833, 9434600.88%
Test - Best epoch, Loss, MSE, RMSE, MAE, MAPE: 25, 0.00443, 0.00443, 0.06522, 0.03606, 8073773.55%
Time spent: 16.78s
- Epoch 035, ExpID 7599
Train - Loss (one batch): 0.00391
Val - Loss, MSE, RMSE, MAE, MAPE: 0.00403, 0.00403, 0.06325, 0.03614, 10140706.26%
Test - Best epoch, Loss, MSE, RMSE, MAE, MAPE: 35, 0.00435, 0.00435, 0.06466, 0.03604, 9211085.33%
Time spent: 19.01s
- Epoch 036, ExpID 7599
Train - Loss (one batch): 0.00381
Val - Loss, MSE, RMSE, MAE, MAPE: 0.00431, 0.00431, 0.06545, 0.03929, 11321363.22%
Test - Best epoch, Loss, MSE, RMSE, MAE, MAPE: 35, 0.00435, 0.00435, 0.06466, 0.03604, 9211085.33%
Time spent: 17.44s
- Epoch 037, ExpID 7599
Train - Loss (one batch): 0.00537
Val - Loss, MSE, RMSE, MAE, MAPE: 0.00431, 0.00431, 0.06548, 0.03917, 10229593.38%
Test - Best epoch, Loss, MSE, RMSE, MAE, MAPE: 35, 0.00435, 0.00435, 0.06466, 0.03604, 9211085.33%
Time spent: 16.93s
- Epoch 038, ExpID 7599
Train - Loss (one batch): 0.00405
Val - Loss, MSE, RMSE, MAE, MAPE: 0.00441, 0.00441, 0.06624, 0.04023, 9739246.45%
Test - Best epoch, Loss, MSE, RMSE, MAE, MAPE: 35, 0.00435, 0.00435, 0.06466, 0.03604, 9211085.33%
Time spent: 17.53s
- Epoch 039, ExpID 7599
Train - Loss (one batch): 0.00421
Val - Loss, MSE, RMSE, MAE, MAPE: 0.00407, 0.00407, 0.06353, 0.03667, 9428577.90%
Test - Best epoch, Loss, MSE, RMSE, MAE, MAPE: 35, 0.00435, 0.00435, 0.06466, 0.03604, 9211085.33%
Time spent: 16.74s
- Epoch 040, ExpID 7599
Train - Loss (one batch): 0.00360
Val - Loss, MSE, RMSE, MAE, MAPE: 0.00414, 0.00414, 0.06413, 0.03732, 9778898.02%
Test - Best epoch, Loss, MSE, RMSE, MAE, MAPE: 35, 0.00435, 0.00435, 0.06466, 0.03604, 9211085.33%
Time spent: 16.74s
- Epoch 041, ExpID 7599
Train - Loss (one batch): 0.00266
Val - Loss, MSE, RMSE, MAE, MAPE: 0.00402, 0.00402, 0.06321, 0.03633, 8882495.22%
Test - Best epoch, Loss, MSE, RMSE, MAE, MAPE: 41, 0.00438, 0.00438, 0.06484, 0.03635, 8085483.22%
Time spent: 19.68s
- Epoch 042, ExpID 7599
Train - Loss (one batch): 0.00430
Val - Loss, MSE, RMSE, MAE, MAPE: 0.00423, 0.00423, 0.06486, 0.03901, 11055032.38%
Test - Best epoch, Loss, MSE, RMSE, MAE, MAPE: 41, 0.00438, 0.00438, 0.06484, 0.03635, 8085483.22%
Time spent: 17.53s
- Epoch 043, ExpID 7599
Train - Loss (one batch): 0.00396
Val - Loss, MSE, RMSE, MAE, MAPE: 0.00421, 0.00421, 0.06466, 0.03775, 9353993.70%
Test - Best epoch, Loss, MSE, RMSE, MAE, MAPE: 41, 0.00438, 0.00438, 0.06484, 0.03635, 8085483.22%
Time spent: 16.74s
- Epoch 044, ExpID 7599
Train - Loss (one batch): 0.00321
Val - Loss, MSE, RMSE, MAE, MAPE: 0.00406, 0.00406, 0.06350, 0.03653, 8730572.49%
Test - Best epoch, Loss, MSE, RMSE, MAE, MAPE: 41, 0.00438, 0.00438, 0.06484, 0.03635, 8085483.22%
Time spent: 16.74s
- Epoch 045, ExpID 7599
Train - Loss (one batch): 0.00368
Val - Loss, MSE, RMSE, MAE, MAPE: 0.00406, 0.00406, 0.06347, 0.03650, 9840804.94%
Test - Best epoch, Loss, MSE, RMSE, MAE, MAPE: 41, 0.00438, 0.00438, 0.06484, 0.03635, 8085483.22%
Time spent: 17.11s
- Epoch 046, ExpID 7599
Train - Loss (one batch): 0.00334
Val - Loss, MSE, RMSE, MAE, MAPE: 0.00432, 0.00432, 0.06550, 0.04063, 10693264.17%
Test - Best epoch, Loss, MSE, RMSE, MAE, MAPE: 41, 0.00438, 0.00438, 0.06484, 0.03635, 8085483.22%
Time spent: 17.07s
- Epoch 047, ExpID 7599
Train - Loss (one batch): 0.00326
Val - Loss, MSE, RMSE, MAE, MAPE: 0.00430, 0.00430, 0.06534, 0.03792, 8763574.29%
Test - Best epoch, Loss, MSE, RMSE, MAE, MAPE: 41, 0.00438, 0.00438, 0.06484, 0.03635, 8085483.22%
Time spent: 16.82s
- Epoch 048, ExpID 7599
Train - Loss (one batch): 0.00533
Val - Loss, MSE, RMSE, MAE, MAPE: 0.00419, 0.00419, 0.06450, 0.03767, 9245893.15%
Test - Best epoch, Loss, MSE, RMSE, MAE, MAPE: 41, 0.00438, 0.00438, 0.06484, 0.03635, 8085483.22%
Time spent: 17.31s
- Epoch 049, ExpID 7599
Train - Loss (one batch): 0.00372
Val - Loss, MSE, RMSE, MAE, MAPE: 0.00421, 0.00421, 0.06469, 0.03804, 10292828.10%
Test - Best epoch, Loss, MSE, RMSE, MAE, MAPE: 41, 0.00438, 0.00438, 0.06484, 0.03635, 8085483.22%
Time spent: 16.91s
- Epoch 050, ExpID 7599
Train - Loss (one batch): 0.00344
Val - Loss, MSE, RMSE, MAE, MAPE: 0.00427, 0.00427, 0.06513, 0.03825, 9224771.44%
Test - Best epoch, Loss, MSE, RMSE, MAE, MAPE: 41, 0.00438, 0.00438, 0.06484, 0.03635, 8085483.22%
Time spent: 16.87s
- Epoch 051, ExpID 7599
Train - Loss (one batch): 0.00354
Val - Loss, MSE, RMSE, MAE, MAPE: 0.00452, 0.00452, 0.06702, 0.04094, 9951268.40%
Test - Best epoch, Loss, MSE, RMSE, MAE, MAPE: 41, 0.00438, 0.00438, 0.06484, 0.03635, 8085483.22%
Time spent: 16.86s
- Epoch 052, ExpID 7599
Train - Loss (one batch): 0.00379
Val - Loss, MSE, RMSE, MAE, MAPE: 0.00402, 0.00402, 0.06314, 0.03600, 9645496.17%
Test - Best epoch, Loss, MSE, RMSE, MAE, MAPE: 52, 0.00434, 0.00434, 0.06451, 0.03594, 8849194.38%
Time spent: 19.59s
- Epoch 053, ExpID 7599
Train - Loss (one batch): 0.00356
Val - Loss, MSE, RMSE, MAE, MAPE: 0.00403, 0.00403, 0.06325, 0.03602, 9772764.91%
Test - Best epoch, Loss, MSE, RMSE, MAE, MAPE: 52, 0.00434, 0.00434, 0.06451, 0.03594, 8849194.38%
Time spent: 16.74s
- Epoch 054, ExpID 7599
Train - Loss (one batch): 0.00380
Val - Loss, MSE, RMSE, MAE, MAPE: 0.00447, 0.00447, 0.06664, 0.04091, 10092172.78%
Test - Best epoch, Loss, MSE, RMSE, MAE, MAPE: 52, 0.00434, 0.00434, 0.06451, 0.03594, 8849194.38%
Time spent: 16.78s
- Epoch 055, ExpID 7599
Train - Loss (one batch): 0.00267
Val - Loss, MSE, RMSE, MAE, MAPE: 0.00409, 0.00409, 0.06375, 0.03692, 9142224.64%
Test - Best epoch, Loss, MSE, RMSE, MAE, MAPE: 52, 0.00434, 0.00434, 0.06451, 0.03594, 8849194.38%
Time spent: 17.62s
- Epoch 056, ExpID 7599
Train - Loss (one batch): 0.00446
Val - Loss, MSE, RMSE, MAE, MAPE: 0.00431, 0.00431, 0.06547, 0.04020, 10713310.96%
Test - Best epoch, Loss, MSE, RMSE, MAE, MAPE: 52, 0.00434, 0.00434, 0.06451, 0.03594, 8849194.38%
Time spent: 17.23s
- Epoch 057, ExpID 7599
Train - Loss (one batch): 0.00386
Val - Loss, MSE, RMSE, MAE, MAPE: 0.00422, 0.00422, 0.06470, 0.03729, 9872546.68%
Test - Best epoch, Loss, MSE, RMSE, MAE, MAPE: 52, 0.00434, 0.00434, 0.06451, 0.03594, 8849194.38%
Time spent: 16.78s
- Epoch 058, ExpID 7599
Train - Loss (one batch): 0.00415
Val - Loss, MSE, RMSE, MAE, MAPE: 0.00411, 0.00411, 0.06391, 0.03648, 10240963.49%
Test - Best epoch, Loss, MSE, RMSE, MAE, MAPE: 52, 0.00434, 0.00434, 0.06451, 0.03594, 8849194.38%
Time spent: 16.76s
- Epoch 059, ExpID 7599
Train - Loss (one batch): 0.00379
Val - Loss, MSE, RMSE, MAE, MAPE: 0.00412, 0.00412, 0.06396, 0.03734, 8503811.74%
Test - Best epoch, Loss, MSE, RMSE, MAE, MAPE: 52, 0.00434, 0.00434, 0.06451, 0.03594, 8849194.38%
Time spent: 17.58s
- Epoch 060, ExpID 7599
Train - Loss (one batch): 0.00501
Val - Loss, MSE, RMSE, MAE, MAPE: 0.00412, 0.00412, 0.06395, 0.03697, 9771820.12%
Test - Best epoch, Loss, MSE, RMSE, MAE, MAPE: 52, 0.00434, 0.00434, 0.06451, 0.03594, 8849194.38%
Time spent: 17.44s
- Epoch 061, ExpID 7599
Train - Loss (one batch): 0.00529
Val - Loss, MSE, RMSE, MAE, MAPE: 0.00407, 0.00407, 0.06360, 0.03646, 9242191.20%
Test - Best epoch, Loss, MSE, RMSE, MAE, MAPE: 52, 0.00434, 0.00434, 0.06451, 0.03594, 8849194.38%
Time spent: 16.81s
- Epoch 062, ExpID 7599
Train - Loss (one batch): 0.00371
Val - Loss, MSE, RMSE, MAE, MAPE: 0.00413, 0.00413, 0.06401, 0.03798, 9373487.46%
Test - Best epoch, Loss, MSE, RMSE, MAE, MAPE: 52, 0.00434, 0.00434, 0.06451, 0.03594, 8849194.38%
Time spent: 17.65s
- Epoch 063, ExpID 7599
Train - Loss (one batch): 0.00402
Val - Loss, MSE, RMSE, MAE, MAPE: 0.00406, 0.00406, 0.06347, 0.03646, 9296959.81%
Test - Best epoch, Loss, MSE, RMSE, MAE, MAPE: 52, 0.00434, 0.00434, 0.06451, 0.03594, 8849194.38%
Time spent: 16.75s
- Epoch 064, ExpID 7599
Train - Loss (one batch): 0.00323
Val - Loss, MSE, RMSE, MAE, MAPE: 0.00421, 0.00421, 0.06464, 0.03844, 8995304.89%
Test - Best epoch, Loss, MSE, RMSE, MAE, MAPE: 52, 0.00434, 0.00434, 0.06451, 0.03594, 8849194.38%
Time spent: 16.79s
- Epoch 065, ExpID 7599
Train - Loss (one batch): 0.00366
Val - Loss, MSE, RMSE, MAE, MAPE: 0.00442, 0.00442, 0.06625, 0.04122, 10089824.70%
Test - Best epoch, Loss, MSE, RMSE, MAE, MAPE: 52, 0.00434, 0.00434, 0.06451, 0.03594, 8849194.38%
Time spent: 17.53s
- Epoch 066, ExpID 7599
Train - Loss (one batch): 0.00338
Val - Loss, MSE, RMSE, MAE, MAPE: 0.00431, 0.00431, 0.06541, 0.03793, 10374331.45%
Test - Best epoch, Loss, MSE, RMSE, MAE, MAPE: 52, 0.00434, 0.00434, 0.06451, 0.03594, 8849194.38%
Time spent: 16.75s
- Epoch 067, ExpID 7599
Train - Loss (one batch): 0.00326
Val - Loss, MSE, RMSE, MAE, MAPE: 0.00415, 0.00415, 0.06418, 0.03750, 10563315.36%
Test - Best epoch, Loss, MSE, RMSE, MAE, MAPE: 52, 0.00434, 0.00434, 0.06451, 0.03594, 8849194.38%
Time spent: 17.52s
- Epoch 068, ExpID 7599
Train - Loss (one batch): 0.00463
Val - Loss, MSE, RMSE, MAE, MAPE: 0.00412, 0.00412, 0.06394, 0.03644, 10009665.59%
Test - Best epoch, Loss, MSE, RMSE, MAE, MAPE: 52, 0.00434, 0.00434, 0.06451, 0.03594, 8849194.38%
Time spent: 16.81s
- Epoch 069, ExpID 7599
Train - Loss (one batch): 0.00422
Val - Loss, MSE, RMSE, MAE, MAPE: 0.00436, 0.00436, 0.06583, 0.03849, 8644751.20%
Test - Best epoch, Loss, MSE, RMSE, MAE, MAPE: 52, 0.00434, 0.00434, 0.06451, 0.03594, 8849194.38%
Time spent: 16.72s
- Epoch 070, ExpID 7599
Train - Loss (one batch): 0.00385
Val - Loss, MSE, RMSE, MAE, MAPE: 0.00406, 0.00406, 0.06347, 0.03580, 8701578.93%
Test - Best epoch, Loss, MSE, RMSE, MAE, MAPE: 52, 0.00434, 0.00434, 0.06451, 0.03594, 8849194.38%
Time spent: 17.11s
- Epoch 071, ExpID 7599
Train - Loss (one batch): 0.00425
Val - Loss, MSE, RMSE, MAE, MAPE: 0.00431, 0.00431, 0.06545, 0.03894, 9980219.86%
Test - Best epoch, Loss, MSE, RMSE, MAE, MAPE: 52, 0.00434, 0.00434, 0.06451, 0.03594, 8849194.38%
Time spent: 17.55s
- Epoch 072, ExpID 7599
Train - Loss (one batch): 0.00233
Val - Loss, MSE, RMSE, MAE, MAPE: 0.00421, 0.00421, 0.06470, 0.03827, 9166843.47%
Test - Best epoch, Loss, MSE, RMSE, MAE, MAPE: 52, 0.00434, 0.00434, 0.06451, 0.03594, 8849194.38%
Time spent: 16.77s
- Epoch 073, ExpID 7599
Train - Loss (one batch): 0.00275
Val - Loss, MSE, RMSE, MAE, MAPE: 0.00411, 0.00411, 0.06388, 0.03671, 9605233.08%
Test - Best epoch, Loss, MSE, RMSE, MAE, MAPE: 52, 0.00434, 0.00434, 0.06451, 0.03594, 8849194.38%
Time spent: 17.36s
- Epoch 074, ExpID 7599
Train - Loss (one batch): 0.00424
Val - Loss, MSE, RMSE, MAE, MAPE: 0.00438, 0.00438, 0.06599, 0.03996, 9639958.80%
Test - Best epoch, Loss, MSE, RMSE, MAE, MAPE: 52, 0.00434, 0.00434, 0.06451, 0.03594, 8849194.38%
Time spent: 16.78s
- Epoch 075, ExpID 7599
Train - Loss (one batch): 0.00288
Val - Loss, MSE, RMSE, MAE, MAPE: 0.00417, 0.00417, 0.06433, 0.03748, 9060503.95%
Test - Best epoch, Loss, MSE, RMSE, MAE, MAPE: 52, 0.00434, 0.00434, 0.06451, 0.03594, 8849194.38%
Time spent: 17.69s
- Epoch 076, ExpID 7599
Train - Loss (one batch): 0.00326
Val - Loss, MSE, RMSE, MAE, MAPE: 0.00403, 0.00403, 0.06323, 0.03586, 8894506.86%
Test - Best epoch, Loss, MSE, RMSE, MAE, MAPE: 52, 0.00434, 0.00434, 0.06451, 0.03594, 8849194.38%
Time spent: 16.81s
- Epoch 077, ExpID 7599
Train - Loss (one batch): 0.00381
Val - Loss, MSE, RMSE, MAE, MAPE: 0.00423, 0.00423, 0.06478, 0.03746, 9697838.88%
Test - Best epoch, Loss, MSE, RMSE, MAE, MAPE: 52, 0.00434, 0.00434, 0.06451, 0.03594, 8849194.38%
Time spent: 16.78s
- Epoch 078, ExpID 7599
Train - Loss (one batch): 0.00392
Val - Loss, MSE, RMSE, MAE, MAPE: 0.00405, 0.00405, 0.06342, 0.03547, 9913232.20%
Test - Best epoch, Loss, MSE, RMSE, MAE, MAPE: 52, 0.00434, 0.00434, 0.06451, 0.03594, 8849194.38%
Time spent: 17.44s
- Epoch 079, ExpID 7599
Train - Loss (one batch): 0.00421
Val - Loss, MSE, RMSE, MAE, MAPE: 0.00415, 0.00415, 0.06417, 0.03773, 9256738.12%
Test - Best epoch, Loss, MSE, RMSE, MAE, MAPE: 52, 0.00434, 0.00434, 0.06451, 0.03594, 8849194.38%
Time spent: 16.74s
- Epoch 080, ExpID 7599
Train - Loss (one batch): 0.00309
Val - Loss, MSE, RMSE, MAE, MAPE: 0.00428, 0.00428, 0.06516, 0.03790, 9331738.34%
Test - Best epoch, Loss, MSE, RMSE, MAE, MAPE: 52, 0.00434, 0.00434, 0.06451, 0.03594, 8849194.38%
Time spent: 16.76s
- Epoch 081, ExpID 7599
Train - Loss (one batch): 0.00386
Val - Loss, MSE, RMSE, MAE, MAPE: 0.00416, 0.00416, 0.06424, 0.03677, 9321007.46%
Test - Best epoch, Loss, MSE, RMSE, MAE, MAPE: 52, 0.00434, 0.00434, 0.06451, 0.03594, 8849194.38%
Time spent: 17.59s
- Epoch 082, ExpID 7599
Train - Loss (one batch): 0.00441
Val - Loss, MSE, RMSE, MAE, MAPE: 0.00405, 0.00405, 0.06342, 0.03591, 9895211.12%
Test - Best epoch, Loss, MSE, RMSE, MAE, MAPE: 52, 0.00434, 0.00434, 0.06451, 0.03594, 8849194.38%
Time spent: 17.28s
- Epoch 083, ExpID 7599
Train - Loss (one batch): 0.00273
Val - Loss, MSE, RMSE, MAE, MAPE: 0.00442, 0.00442, 0.06630, 0.04015, 9847790.27%
Test - Best epoch, Loss, MSE, RMSE, MAE, MAPE: 52, 0.00434, 0.00434, 0.06451, 0.03594, 8849194.38%
Time spent: 16.78s
- Epoch 084, ExpID 7599
Train - Loss (one batch): 0.00277
Val - Loss, MSE, RMSE, MAE, MAPE: 0.00426, 0.00426, 0.06507, 0.03871, 9983199.61%
Test - Best epoch, Loss, MSE, RMSE, MAE, MAPE: 52, 0.00434, 0.00434, 0.06451, 0.03594, 8849194.38%
Time spent: 17.08s
- Epoch 085, ExpID 7599
Train - Loss (one batch): 0.00421
Val - Loss, MSE, RMSE, MAE, MAPE: 0.00448, 0.00448, 0.06670, 0.04126, 9743645.36%
Test - Best epoch, Loss, MSE, RMSE, MAE, MAPE: 52, 0.00434, 0.00434, 0.06451, 0.03594, 8849194.38%
Time spent: 17.55s
- Epoch 086, ExpID 7599
Train - Loss (one batch): 0.00472
Val - Loss, MSE, RMSE, MAE, MAPE: 0.00413, 0.00413, 0.06405, 0.03752, 9733878.24%
Test - Best epoch, Loss, MSE, RMSE, MAE, MAPE: 52, 0.00434, 0.00434, 0.06451, 0.03594, 8849194.38%
Time spent: 17.48s
- Epoch 087, ExpID 7599
Train - Loss (one batch): 0.00273
Val - Loss, MSE, RMSE, MAE, MAPE: 0.00418, 0.00418, 0.06445, 0.03710, 9964212.36%
Test - Best epoch, Loss, MSE, RMSE, MAE, MAPE: 52, 0.00434, 0.00434, 0.06451, 0.03594, 8849194.38%
Time spent: 16.76s
- Epoch 088, ExpID 7599
Train - Loss (one batch): 0.00426
Val - Loss, MSE, RMSE, MAE, MAPE: 0.00422, 0.00422, 0.06474, 0.03848, 9606464.60%
Test - Best epoch, Loss, MSE, RMSE, MAE, MAPE: 52, 0.00434, 0.00434, 0.06451, 0.03594, 8849194.38%
Time spent: 16.80s
- Epoch 089, ExpID 7599
Train - Loss (one batch): 0.00313
Val - Loss, MSE, RMSE, MAE, MAPE: 0.00432, 0.00432, 0.06552, 0.03825, 9770230.97%
Test - Best epoch, Loss, MSE, RMSE, MAE, MAPE: 52, 0.00434, 0.00434, 0.06451, 0.03594, 8849194.38%
Time spent: 17.52s
- Epoch 090, ExpID 7599
Train - Loss (one batch): 0.00410
Val - Loss, MSE, RMSE, MAE, MAPE: 0.00437, 0.00437, 0.06593, 0.04097, 10247167.66%
Test - Best epoch, Loss, MSE, RMSE, MAE, MAPE: 52, 0.00434, 0.00434, 0.06451, 0.03594, 8849194.38%
Time spent: 16.75s
- Epoch 091, ExpID 7599
Train - Loss (one batch): 0.00429
Val - Loss, MSE, RMSE, MAE, MAPE: 0.00456, 0.00456, 0.06730, 0.04160, 9827728.33%
Test - Best epoch, Loss, MSE, RMSE, MAE, MAPE: 52, 0.00434, 0.00434, 0.06451, 0.03594, 8849194.38%
Time spent: 16.96s
- Epoch 092, ExpID 7599
Train - Loss (one batch): 0.00346
Val - Loss, MSE, RMSE, MAE, MAPE: 0.00405, 0.00405, 0.06342, 0.03560, 8811222.49%
Test - Best epoch, Loss, MSE, RMSE, MAE, MAPE: 52, 0.00434, 0.00434, 0.06451, 0.03594, 8849194.38%
Time spent: 16.78s
- Epoch 093, ExpID 7599
Train - Loss (one batch): 0.00304
Val - Loss, MSE, RMSE, MAE, MAPE: 0.00412, 0.00412, 0.06395, 0.03642, 8995944.82%
Test - Best epoch, Loss, MSE, RMSE, MAE, MAPE: 52, 0.00434, 0.00434, 0.06451, 0.03594, 8849194.38%
Time spent: 16.72s
- Epoch 094, ExpID 7599
Train - Loss (one batch): 0.00250
Val - Loss, MSE, RMSE, MAE, MAPE: 0.00407, 0.00407, 0.06352, 0.03546, 9849065.51%
Test - Best epoch, Loss, MSE, RMSE, MAE, MAPE: 52, 0.00434, 0.00434, 0.06451, 0.03594, 8849194.38%
Time spent: 17.25s
- Epoch 095, ExpID 7599
Train - Loss (one batch): 0.00370
Val - Loss, MSE, RMSE, MAE, MAPE: 0.00438, 0.00438, 0.06599, 0.03882, 10109261.60%
Test - Best epoch, Loss, MSE, RMSE, MAE, MAPE: 52, 0.00434, 0.00434, 0.06451, 0.03594, 8849194.38%
Time spent: 16.77s
- Epoch 096, ExpID 7599
Train - Loss (one batch): 0.00381
Val - Loss, MSE, RMSE, MAE, MAPE: 0.00410, 0.00410, 0.06384, 0.03658, 8851555.27%
Test - Best epoch, Loss, MSE, RMSE, MAE, MAPE: 52, 0.00434, 0.00434, 0.06451, 0.03594, 8849194.38%
Time spent: 16.79s
- Epoch 097, ExpID 7599
Train - Loss (one batch): 0.00364
Val - Loss, MSE, RMSE, MAE, MAPE: 0.00413, 0.00413, 0.06405, 0.03663, 8964091.70%
Test - Best epoch, Loss, MSE, RMSE, MAE, MAPE: 52, 0.00434, 0.00434, 0.06451, 0.03594, 8849194.38%
Time spent: 16.74s
- Epoch 098, ExpID 7599
Train - Loss (one batch): 0.00270
Val - Loss, MSE, RMSE, MAE, MAPE: 0.00408, 0.00408, 0.06366, 0.03581, 9029357.09%
Test - Best epoch, Loss, MSE, RMSE, MAE, MAPE: 52, 0.00434, 0.00434, 0.06451, 0.03594, 8849194.38%
Time spent: 16.70s
- Epoch 099, ExpID 7599
Train - Loss (one batch): 0.00459
Val - Loss, MSE, RMSE, MAE, MAPE: 0.00419, 0.00419, 0.06452, 0.03747, 9885358.09%
Test - Best epoch, Loss, MSE, RMSE, MAE, MAPE: 52, 0.00434, 0.00434, 0.06451, 0.03594, 8849194.38%
Time spent: 16.69s
- Epoch 100, ExpID 7599
Train - Loss (one batch): 0.00385
Val - Loss, MSE, RMSE, MAE, MAPE: 0.00480, 0.00480, 0.06912, 0.04448, 10408344.69%
Test - Best epoch, Loss, MSE, RMSE, MAE, MAPE: 52, 0.00434, 0.00434, 0.06451, 0.03594, 8849194.38%
Time spent: 16.71s
- Epoch 101, ExpID 7599
Train - Loss (one batch): 0.00280
Val - Loss, MSE, RMSE, MAE, MAPE: 0.00421, 0.00421, 0.06465, 0.03818, 8987858.35%
Test - Best epoch, Loss, MSE, RMSE, MAE, MAPE: 52, 0.00434, 0.00434, 0.06451, 0.03594, 8849194.38%
Time spent: 16.74s
- Epoch 102, ExpID 7599
Train - Loss (one batch): 0.00506
Val - Loss, MSE, RMSE, MAE, MAPE: 0.00413, 0.00413, 0.06407, 0.03783, 9951457.13%
Test - Best epoch, Loss, MSE, RMSE, MAE, MAPE: 52, 0.00434, 0.00434, 0.06451, 0.03594, 8849194.38%
Time spent: 16.69s
- Epoch 103, ExpID 7599
Train - Loss (one batch): 0.00379
Val - Loss, MSE, RMSE, MAE, MAPE: 0.00420, 0.00420, 0.06459, 0.03694, 9111218.08%
Test - Best epoch, Loss, MSE, RMSE, MAE, MAPE: 52, 0.00434, 0.00434, 0.06451, 0.03594, 8849194.38%
Time spent: 17.37s
- Epoch 104, ExpID 7599
Train - Loss (one batch): 0.00432
Val - Loss, MSE, RMSE, MAE, MAPE: 0.00414, 0.00414, 0.06411, 0.03583, 9648656.03%
Test - Best epoch, Loss, MSE, RMSE, MAE, MAPE: 52, 0.00434, 0.00434, 0.06451, 0.03594, 8849194.38%
Time spent: 16.71s
- Epoch 105, ExpID 7599
Train - Loss (one batch): 0.00365
Val - Loss, MSE, RMSE, MAE, MAPE: 0.00436, 0.00436, 0.06580, 0.03832, 9388685.84%
Test - Best epoch, Loss, MSE, RMSE, MAE, MAPE: 52, 0.00434, 0.00434, 0.06451, 0.03594, 8849194.38%
Time spent: 16.81s
- Epoch 106, ExpID 7599
Train - Loss (one batch): 0.00449
Val - Loss, MSE, RMSE, MAE, MAPE: 0.00423, 0.00423, 0.06485, 0.03841, 9419540.37%
Test - Best epoch, Loss, MSE, RMSE, MAE, MAPE: 52, 0.00434, 0.00434, 0.06451, 0.03594, 8849194.38%
Time spent: 17.66s
- Epoch 107, ExpID 7599
Train - Loss (one batch): 0.00305
Val - Loss, MSE, RMSE, MAE, MAPE: 0.00453, 0.00453, 0.06713, 0.04016, 9321200.21%
Test - Best epoch, Loss, MSE, RMSE, MAE, MAPE: 52, 0.00434, 0.00434, 0.06451, 0.03594, 8849194.38%
Time spent: 16.72s
- Epoch 108, ExpID 7599
Train - Loss (one batch): 0.00349
Val - Loss, MSE, RMSE, MAE, MAPE: 0.00435, 0.00435, 0.06578, 0.03940, 9498518.35%
Test - Best epoch, Loss, MSE, RMSE, MAE, MAPE: 52, 0.00434, 0.00434, 0.06451, 0.03594, 8849194.38%
Time spent: 16.74s
- Epoch 109, ExpID 7599
Train - Loss (one batch): 0.00316
Val - Loss, MSE, RMSE, MAE, MAPE: 0.00420, 0.00420, 0.06462, 0.03740, 8966527.73%
Test - Best epoch, Loss, MSE, RMSE, MAE, MAPE: 52, 0.00434, 0.00434, 0.06451, 0.03594, 8849194.38%
Time spent: 16.66s
- Epoch 110, ExpID 7599
Train - Loss (one batch): 0.00324
Val - Loss, MSE, RMSE, MAE, MAPE: 0.00421, 0.00421, 0.06465, 0.03778, 9833034.05%
Test - Best epoch, Loss, MSE, RMSE, MAE, MAPE: 52, 0.00434, 0.00434, 0.06451, 0.03594, 8849194.38%
Time spent: 17.38s
- Epoch 111, ExpID 7599
Train - Loss (one batch): 0.00270
Val - Loss, MSE, RMSE, MAE, MAPE: 0.00425, 0.00425, 0.06493, 0.03757, 9251867.64%
Test - Best epoch, Loss, MSE, RMSE, MAE, MAPE: 52, 0.00434, 0.00434, 0.06451, 0.03594, 8849194.38%
Time spent: 16.66s
- Epoch 112, ExpID 7599
Train - Loss (one batch): 0.00314
Val - Loss, MSE, RMSE, MAE, MAPE: 0.00410, 0.00410, 0.06376, 0.03538, 9328335.70%
Test - Best epoch, Loss, MSE, RMSE, MAE, MAPE: 52, 0.00434, 0.00434, 0.06451, 0.03594, 8849194.38%
Time spent: 17.23s
