/home/ouass/Test/MSP-IMTS/tPatchGNN/run_models.py
2025-09-19 02:41:07
run_models.py --dataset physionet --history 24 --quantization 1.0 --hid_dim 64 --te_dim 10 --node_dim 10 --nlayer 1 --tf_layer 1 --nhead 1 --batch_size 32 --lr 1e-3 --patience 60 --epoch 600 --seed 1 --gpu 0 --multi_scales 2,8 --multi_strides 2,8 --fusion concat
Namespace(multi_scales='2,8', multi_strides='2,8', fusion='concat', state='def', n=100000000, hop=1, nhead=1, tf_layer=1, nlayer=1, epoch=600, patience=60, history=24, patch_size=24, stride=24, logmode='a', lr=0.001, w_decay=0.0, batch_size=32, save='experiments/', load=None, seed=1, dataset='physionet', quantization=1.0, model='tPatchGNN', outlayer='Linear', hid_dim=64, te_dim=10, node_dim=10, gpu='0', npatch=1, device=device(type='cuda'), PID=2927418, ndim=41)
- Epoch 000, ExpID 71751
Train - Loss (one batch): 0.00651
Val - Loss, MSE, RMSE, MAE, MAPE: 0.00561, 0.00561, 0.07459, 0.04516, 11851223.17%
Test - Best epoch, Loss, MSE, RMSE, MAE, MAPE: 0, 0.00593, 0.00593, 0.07594, 0.04493, 11018918.66%
Time spent: 20.85s
- Epoch 001, ExpID 71751
Train - Loss (one batch): 0.00443
Val - Loss, MSE, RMSE, MAE, MAPE: 0.00517, 0.00517, 0.07163, 0.04371, 11940127.33%
Test - Best epoch, Loss, MSE, RMSE, MAE, MAPE: 1, 0.00547, 0.00547, 0.07283, 0.04346, 10893870.38%
Time spent: 18.90s
- Epoch 002, ExpID 71751
Train - Loss (one batch): 0.00484
Val - Loss, MSE, RMSE, MAE, MAPE: 0.00477, 0.00477, 0.06881, 0.04060, 10756663.69%
Test - Best epoch, Loss, MSE, RMSE, MAE, MAPE: 2, 0.00510, 0.00510, 0.07022, 0.04040, 9790950.40%
Time spent: 20.82s
- Epoch 003, ExpID 71751
Train - Loss (one batch): 0.00440
Val - Loss, MSE, RMSE, MAE, MAPE: 0.00492, 0.00492, 0.06994, 0.04251, 10900693.08%
Test - Best epoch, Loss, MSE, RMSE, MAE, MAPE: 2, 0.00510, 0.00510, 0.07022, 0.04040, 9790950.40%
Time spent: 17.88s
- Epoch 004, ExpID 71751
Train - Loss (one batch): 0.00348
Val - Loss, MSE, RMSE, MAE, MAPE: 0.00457, 0.00457, 0.06731, 0.04024, 12360672.89%
Test - Best epoch, Loss, MSE, RMSE, MAE, MAPE: 4, 0.00489, 0.00489, 0.06872, 0.04012, 11405376.84%
Time spent: 19.77s
- Epoch 005, ExpID 71751
Train - Loss (one batch): 0.00386
Val - Loss, MSE, RMSE, MAE, MAPE: 0.00466, 0.00466, 0.06802, 0.04116, 10541699.27%
Test - Best epoch, Loss, MSE, RMSE, MAE, MAPE: 4, 0.00489, 0.00489, 0.06872, 0.04012, 11405376.84%
Time spent: 17.31s
- Epoch 006, ExpID 71751
Train - Loss (one batch): 0.00451
Val - Loss, MSE, RMSE, MAE, MAPE: 0.00471, 0.00471, 0.06840, 0.04096, 10902663.68%
Test - Best epoch, Loss, MSE, RMSE, MAE, MAPE: 4, 0.00489, 0.00489, 0.06872, 0.04012, 11405376.84%
Time spent: 17.65s
- Epoch 007, ExpID 71751
Train - Loss (one batch): 0.00405
Val - Loss, MSE, RMSE, MAE, MAPE: 0.00516, 0.00516, 0.07164, 0.04527, 12274529.92%
Test - Best epoch, Loss, MSE, RMSE, MAE, MAPE: 4, 0.00489, 0.00489, 0.06872, 0.04012, 11405376.84%
Time spent: 17.49s
- Epoch 008, ExpID 71751
Train - Loss (one batch): 0.00632
Val - Loss, MSE, RMSE, MAE, MAPE: 0.00420, 0.00420, 0.06458, 0.03717, 9931118.96%
Test - Best epoch, Loss, MSE, RMSE, MAE, MAPE: 8, 0.00457, 0.00457, 0.06627, 0.03717, 8956475.87%
Time spent: 19.49s
- Epoch 009, ExpID 71751
Train - Loss (one batch): 0.00373
Val - Loss, MSE, RMSE, MAE, MAPE: 0.00453, 0.00453, 0.06703, 0.03945, 10668668.91%
Test - Best epoch, Loss, MSE, RMSE, MAE, MAPE: 8, 0.00457, 0.00457, 0.06627, 0.03717, 8956475.87%
Time spent: 17.12s
- Epoch 010, ExpID 71751
Train - Loss (one batch): 0.00351
Val - Loss, MSE, RMSE, MAE, MAPE: 0.00458, 0.00458, 0.06740, 0.03998, 11197269.76%
Test - Best epoch, Loss, MSE, RMSE, MAE, MAPE: 8, 0.00457, 0.00457, 0.06627, 0.03717, 8956475.87%
Time spent: 17.90s
- Epoch 011, ExpID 71751
Train - Loss (one batch): 0.00352
Val - Loss, MSE, RMSE, MAE, MAPE: 0.00434, 0.00434, 0.06559, 0.03812, 9873950.95%
Test - Best epoch, Loss, MSE, RMSE, MAE, MAPE: 8, 0.00457, 0.00457, 0.06627, 0.03717, 8956475.87%
Time spent: 18.31s
- Epoch 012, ExpID 71751
Train - Loss (one batch): 0.00369
Val - Loss, MSE, RMSE, MAE, MAPE: 0.00449, 0.00449, 0.06677, 0.04073, 10814867.38%
Test - Best epoch, Loss, MSE, RMSE, MAE, MAPE: 8, 0.00457, 0.00457, 0.06627, 0.03717, 8956475.87%
Time spent: 18.00s
- Epoch 013, ExpID 71751
Train - Loss (one batch): 0.00450
Val - Loss, MSE, RMSE, MAE, MAPE: 0.00437, 0.00437, 0.06589, 0.03781, 9679281.40%
Test - Best epoch, Loss, MSE, RMSE, MAE, MAPE: 8, 0.00457, 0.00457, 0.06627, 0.03717, 8956475.87%
Time spent: 18.27s
- Epoch 014, ExpID 71751
Train - Loss (one batch): 0.00501
Val - Loss, MSE, RMSE, MAE, MAPE: 0.00426, 0.00426, 0.06503, 0.03746, 10248985.34%
Test - Best epoch, Loss, MSE, RMSE, MAE, MAPE: 8, 0.00457, 0.00457, 0.06627, 0.03717, 8956475.87%
Time spent: 17.42s
- Epoch 015, ExpID 71751
Train - Loss (one batch): 0.00472
Val - Loss, MSE, RMSE, MAE, MAPE: 0.00423, 0.00423, 0.06480, 0.03779, 9532982.61%
Test - Best epoch, Loss, MSE, RMSE, MAE, MAPE: 8, 0.00457, 0.00457, 0.06627, 0.03717, 8956475.87%
Time spent: 18.04s
- Epoch 016, ExpID 71751
Train - Loss (one batch): 0.00467
Val - Loss, MSE, RMSE, MAE, MAPE: 0.00457, 0.00457, 0.06737, 0.04120, 11357434.41%
Test - Best epoch, Loss, MSE, RMSE, MAE, MAPE: 8, 0.00457, 0.00457, 0.06627, 0.03717, 8956475.87%
Time spent: 18.19s
- Epoch 017, ExpID 71751
Train - Loss (one batch): 0.00473
Val - Loss, MSE, RMSE, MAE, MAPE: 0.00420, 0.00420, 0.06449, 0.03670, 10277670.13%
Test - Best epoch, Loss, MSE, RMSE, MAE, MAPE: 17, 0.00456, 0.00456, 0.06620, 0.03675, 9467775.11%
Time spent: 20.49s
- Epoch 018, ExpID 71751
Train - Loss (one batch): 0.00465
Val - Loss, MSE, RMSE, MAE, MAPE: 0.00435, 0.00435, 0.06573, 0.03847, 9767206.25%
Test - Best epoch, Loss, MSE, RMSE, MAE, MAPE: 17, 0.00456, 0.00456, 0.06620, 0.03675, 9467775.11%
Time spent: 17.49s
- Epoch 019, ExpID 71751
Train - Loss (one batch): 0.00505
Val - Loss, MSE, RMSE, MAE, MAPE: 0.00450, 0.00450, 0.06690, 0.04126, 10481390.54%
Test - Best epoch, Loss, MSE, RMSE, MAE, MAPE: 17, 0.00456, 0.00456, 0.06620, 0.03675, 9467775.11%
Time spent: 18.54s
- Epoch 020, ExpID 71751
Train - Loss (one batch): 0.00359
Val - Loss, MSE, RMSE, MAE, MAPE: 0.00408, 0.00408, 0.06362, 0.03581, 9527666.79%
Test - Best epoch, Loss, MSE, RMSE, MAE, MAPE: 20, 0.00442, 0.00442, 0.06512, 0.03586, 8727617.47%
Time spent: 20.14s
- Epoch 021, ExpID 71751
Train - Loss (one batch): 0.00319
Val - Loss, MSE, RMSE, MAE, MAPE: 0.00412, 0.00412, 0.06394, 0.03673, 10284444.01%
Test - Best epoch, Loss, MSE, RMSE, MAE, MAPE: 20, 0.00442, 0.00442, 0.06512, 0.03586, 8727617.47%
Time spent: 18.51s
- Epoch 022, ExpID 71751
Train - Loss (one batch): 0.00375
Val - Loss, MSE, RMSE, MAE, MAPE: 0.00406, 0.00406, 0.06346, 0.03616, 9957178.94%
Test - Best epoch, Loss, MSE, RMSE, MAE, MAPE: 22, 0.00439, 0.00439, 0.06495, 0.03614, 9215913.82%
Time spent: 21.02s
- Epoch 023, ExpID 71751
Train - Loss (one batch): 0.00458
Val - Loss, MSE, RMSE, MAE, MAPE: 0.00431, 0.00431, 0.06539, 0.03850, 9974394.11%
Test - Best epoch, Loss, MSE, RMSE, MAE, MAPE: 22, 0.00439, 0.00439, 0.06495, 0.03614, 9215913.82%
Time spent: 18.42s
- Epoch 024, ExpID 71751
Train - Loss (one batch): 0.00416
Val - Loss, MSE, RMSE, MAE, MAPE: 0.00427, 0.00427, 0.06512, 0.03841, 10247968.91%
Test - Best epoch, Loss, MSE, RMSE, MAE, MAPE: 22, 0.00439, 0.00439, 0.06495, 0.03614, 9215913.82%
Time spent: 17.69s
- Epoch 025, ExpID 71751
Train - Loss (one batch): 0.00482
Val - Loss, MSE, RMSE, MAE, MAPE: 0.00414, 0.00414, 0.06407, 0.03629, 10533299.26%
Test - Best epoch, Loss, MSE, RMSE, MAE, MAPE: 22, 0.00439, 0.00439, 0.06495, 0.03614, 9215913.82%
Time spent: 16.68s
- Epoch 026, ExpID 71751
Train - Loss (one batch): 0.00393
Val - Loss, MSE, RMSE, MAE, MAPE: 0.00415, 0.00415, 0.06417, 0.03576, 10009574.03%
Test - Best epoch, Loss, MSE, RMSE, MAE, MAPE: 22, 0.00439, 0.00439, 0.06495, 0.03614, 9215913.82%
Time spent: 17.75s
- Epoch 027, ExpID 71751
Train - Loss (one batch): 0.00322
Val - Loss, MSE, RMSE, MAE, MAPE: 0.00425, 0.00425, 0.06490, 0.03763, 10050944.26%
Test - Best epoch, Loss, MSE, RMSE, MAE, MAPE: 22, 0.00439, 0.00439, 0.06495, 0.03614, 9215913.82%
Time spent: 17.73s
- Epoch 028, ExpID 71751
Train - Loss (one batch): 0.00375
Val - Loss, MSE, RMSE, MAE, MAPE: 0.00414, 0.00414, 0.06404, 0.03729, 10987692.81%
Test - Best epoch, Loss, MSE, RMSE, MAE, MAPE: 22, 0.00439, 0.00439, 0.06495, 0.03614, 9215913.82%
Time spent: 17.89s
- Epoch 029, ExpID 71751
Train - Loss (one batch): 0.00462
Val - Loss, MSE, RMSE, MAE, MAPE: 0.00416, 0.00416, 0.06422, 0.03699, 9952303.89%
Test - Best epoch, Loss, MSE, RMSE, MAE, MAPE: 22, 0.00439, 0.00439, 0.06495, 0.03614, 9215913.82%
Time spent: 18.08s
- Epoch 030, ExpID 71751
Train - Loss (one batch): 0.00506
Val - Loss, MSE, RMSE, MAE, MAPE: 0.00408, 0.00408, 0.06359, 0.03559, 10968602.43%
Test - Best epoch, Loss, MSE, RMSE, MAE, MAPE: 22, 0.00439, 0.00439, 0.06495, 0.03614, 9215913.82%
Time spent: 17.54s
- Epoch 031, ExpID 71751
Train - Loss (one batch): 0.00366
Val - Loss, MSE, RMSE, MAE, MAPE: 0.00418, 0.00418, 0.06436, 0.03642, 9787079.20%
Test - Best epoch, Loss, MSE, RMSE, MAE, MAPE: 22, 0.00439, 0.00439, 0.06495, 0.03614, 9215913.82%
Time spent: 18.55s
- Epoch 032, ExpID 71751
Train - Loss (one batch): 0.00406
Val - Loss, MSE, RMSE, MAE, MAPE: 0.00468, 0.00468, 0.06820, 0.04205, 10477476.22%
Test - Best epoch, Loss, MSE, RMSE, MAE, MAPE: 22, 0.00439, 0.00439, 0.06495, 0.03614, 9215913.82%
Time spent: 17.90s
- Epoch 033, ExpID 71751
Train - Loss (one batch): 0.00348
Val - Loss, MSE, RMSE, MAE, MAPE: 0.00414, 0.00414, 0.06409, 0.03694, 10444511.21%
Test - Best epoch, Loss, MSE, RMSE, MAE, MAPE: 22, 0.00439, 0.00439, 0.06495, 0.03614, 9215913.82%
Time spent: 18.29s
- Epoch 034, ExpID 71751
Train - Loss (one batch): 0.00387
Val - Loss, MSE, RMSE, MAE, MAPE: 0.00445, 0.00445, 0.06646, 0.03876, 10582036.99%
Test - Best epoch, Loss, MSE, RMSE, MAE, MAPE: 22, 0.00439, 0.00439, 0.06495, 0.03614, 9215913.82%
Time spent: 17.15s
- Epoch 035, ExpID 71751
Train - Loss (one batch): 0.00384
Val - Loss, MSE, RMSE, MAE, MAPE: 0.00432, 0.00432, 0.06551, 0.03872, 10660802.09%
Test - Best epoch, Loss, MSE, RMSE, MAE, MAPE: 22, 0.00439, 0.00439, 0.06495, 0.03614, 9215913.82%
Time spent: 17.62s
- Epoch 036, ExpID 71751
Train - Loss (one batch): 0.00279
Val - Loss, MSE, RMSE, MAE, MAPE: 0.00451, 0.00451, 0.06695, 0.04039, 10046191.99%
Test - Best epoch, Loss, MSE, RMSE, MAE, MAPE: 22, 0.00439, 0.00439, 0.06495, 0.03614, 9215913.82%
Time spent: 18.52s
- Epoch 037, ExpID 71751
Train - Loss (one batch): 0.00334
Val - Loss, MSE, RMSE, MAE, MAPE: 0.00405, 0.00405, 0.06336, 0.03495, 9818411.73%
Test - Best epoch, Loss, MSE, RMSE, MAE, MAPE: 37, 0.00442, 0.00442, 0.06513, 0.03505, 8944482.39%
Time spent: 19.95s
- Epoch 038, ExpID 71751
Train - Loss (one batch): 0.00409
Val - Loss, MSE, RMSE, MAE, MAPE: 0.00421, 0.00421, 0.06463, 0.03740, 10384087.19%
Test - Best epoch, Loss, MSE, RMSE, MAE, MAPE: 37, 0.00442, 0.00442, 0.06513, 0.03505, 8944482.39%
Time spent: 18.49s
- Epoch 039, ExpID 71751
Train - Loss (one batch): 0.00411
Val - Loss, MSE, RMSE, MAE, MAPE: 0.00442, 0.00442, 0.06627, 0.04039, 10678647.36%
Test - Best epoch, Loss, MSE, RMSE, MAE, MAPE: 37, 0.00442, 0.00442, 0.06513, 0.03505, 8944482.39%
Time spent: 17.96s
- Epoch 040, ExpID 71751
Train - Loss (one batch): 0.00377
Val - Loss, MSE, RMSE, MAE, MAPE: 0.00465, 0.00465, 0.06794, 0.04097, 10144814.38%
Test - Best epoch, Loss, MSE, RMSE, MAE, MAPE: 37, 0.00442, 0.00442, 0.06513, 0.03505, 8944482.39%
Time spent: 17.59s
- Epoch 041, ExpID 71751
Train - Loss (one batch): 0.00301
Val - Loss, MSE, RMSE, MAE, MAPE: 0.00428, 0.00428, 0.06515, 0.03782, 10094552.56%
Test - Best epoch, Loss, MSE, RMSE, MAE, MAPE: 37, 0.00442, 0.00442, 0.06513, 0.03505, 8944482.39%
Time spent: 17.52s
- Epoch 042, ExpID 71751
Train - Loss (one batch): 0.00519
Val - Loss, MSE, RMSE, MAE, MAPE: 0.00428, 0.00428, 0.06513, 0.03828, 10599949.47%
Test - Best epoch, Loss, MSE, RMSE, MAE, MAPE: 37, 0.00442, 0.00442, 0.06513, 0.03505, 8944482.39%
Time spent: 18.08s
- Epoch 043, ExpID 71751
Train - Loss (one batch): 0.00396
Val - Loss, MSE, RMSE, MAE, MAPE: 0.00411, 0.00411, 0.06388, 0.03708, 10152546.76%
Test - Best epoch, Loss, MSE, RMSE, MAE, MAPE: 37, 0.00442, 0.00442, 0.06513, 0.03505, 8944482.39%
Time spent: 18.97s
- Epoch 044, ExpID 71751
Train - Loss (one batch): 0.00435
Val - Loss, MSE, RMSE, MAE, MAPE: 0.00410, 0.00410, 0.06373, 0.03628, 9621584.91%
Test - Best epoch, Loss, MSE, RMSE, MAE, MAPE: 37, 0.00442, 0.00442, 0.06513, 0.03505, 8944482.39%
Time spent: 18.51s
- Epoch 045, ExpID 71751
Train - Loss (one batch): 0.00323
Val - Loss, MSE, RMSE, MAE, MAPE: 0.00430, 0.00430, 0.06532, 0.03886, 9910066.71%
Test - Best epoch, Loss, MSE, RMSE, MAE, MAPE: 37, 0.00442, 0.00442, 0.06513, 0.03505, 8944482.39%
Time spent: 18.43s
- Epoch 046, ExpID 71751
Train - Loss (one batch): 0.00338
Val - Loss, MSE, RMSE, MAE, MAPE: 0.00423, 0.00423, 0.06475, 0.03751, 9432755.13%
Test - Best epoch, Loss, MSE, RMSE, MAE, MAPE: 37, 0.00442, 0.00442, 0.06513, 0.03505, 8944482.39%
Time spent: 18.07s
- Epoch 047, ExpID 71751
Train - Loss (one batch): 0.00276
Val - Loss, MSE, RMSE, MAE, MAPE: 0.00432, 0.00432, 0.06545, 0.03849, 10230322.61%
Test - Best epoch, Loss, MSE, RMSE, MAE, MAPE: 37, 0.00442, 0.00442, 0.06513, 0.03505, 8944482.39%
Time spent: 17.23s
- Epoch 048, ExpID 71751
Train - Loss (one batch): 0.00335
Val - Loss, MSE, RMSE, MAE, MAPE: 0.00415, 0.00415, 0.06413, 0.03676, 9283985.90%
Test - Best epoch, Loss, MSE, RMSE, MAE, MAPE: 37, 0.00442, 0.00442, 0.06513, 0.03505, 8944482.39%
Time spent: 17.65s
- Epoch 049, ExpID 71751
Train - Loss (one batch): 0.00380
Val - Loss, MSE, RMSE, MAE, MAPE: 0.00440, 0.00440, 0.06611, 0.03905, 9114328.52%
Test - Best epoch, Loss, MSE, RMSE, MAE, MAPE: 37, 0.00442, 0.00442, 0.06513, 0.03505, 8944482.39%
Time spent: 18.24s
- Epoch 050, ExpID 71751
Train - Loss (one batch): 0.00513
Val - Loss, MSE, RMSE, MAE, MAPE: 0.00415, 0.00415, 0.06415, 0.03707, 10111222.64%
Test - Best epoch, Loss, MSE, RMSE, MAE, MAPE: 37, 0.00442, 0.00442, 0.06513, 0.03505, 8944482.39%
Time spent: 18.28s
- Epoch 051, ExpID 71751
Train - Loss (one batch): 0.00363
Val - Loss, MSE, RMSE, MAE, MAPE: 0.00418, 0.00418, 0.06437, 0.03694, 10788172.38%
Test - Best epoch, Loss, MSE, RMSE, MAE, MAPE: 37, 0.00442, 0.00442, 0.06513, 0.03505, 8944482.39%
Time spent: 18.27s
- Epoch 052, ExpID 71751
Train - Loss (one batch): 0.00383
Val - Loss, MSE, RMSE, MAE, MAPE: 0.00411, 0.00411, 0.06383, 0.03630, 10149061.55%
Test - Best epoch, Loss, MSE, RMSE, MAE, MAPE: 37, 0.00442, 0.00442, 0.06513, 0.03505, 8944482.39%
Time spent: 17.25s
- Epoch 053, ExpID 71751
Train - Loss (one batch): 0.00436
Val - Loss, MSE, RMSE, MAE, MAPE: 0.00415, 0.00415, 0.06416, 0.03674, 10084784.70%
Test - Best epoch, Loss, MSE, RMSE, MAE, MAPE: 37, 0.00442, 0.00442, 0.06513, 0.03505, 8944482.39%
Time spent: 17.55s
- Epoch 054, ExpID 71751
Train - Loss (one batch): 0.00406
Val - Loss, MSE, RMSE, MAE, MAPE: 0.00420, 0.00420, 0.06448, 0.03636, 10348123.81%
Test - Best epoch, Loss, MSE, RMSE, MAE, MAPE: 37, 0.00442, 0.00442, 0.06513, 0.03505, 8944482.39%
Time spent: 17.97s
- Epoch 055, ExpID 71751
Train - Loss (one batch): 0.00403
Val - Loss, MSE, RMSE, MAE, MAPE: 0.00420, 0.00420, 0.06458, 0.03737, 9648666.96%
Test - Best epoch, Loss, MSE, RMSE, MAE, MAPE: 37, 0.00442, 0.00442, 0.06513, 0.03505, 8944482.39%
Time spent: 17.87s
- Epoch 056, ExpID 71751
Train - Loss (one batch): 0.00381
Val - Loss, MSE, RMSE, MAE, MAPE: 0.00414, 0.00414, 0.06409, 0.03609, 9586202.41%
Test - Best epoch, Loss, MSE, RMSE, MAE, MAPE: 37, 0.00442, 0.00442, 0.06513, 0.03505, 8944482.39%
Time spent: 17.43s
- Epoch 057, ExpID 71751
Train - Loss (one batch): 0.00429
Val - Loss, MSE, RMSE, MAE, MAPE: 0.00410, 0.00410, 0.06378, 0.03568, 9674306.91%
Test - Best epoch, Loss, MSE, RMSE, MAE, MAPE: 37, 0.00442, 0.00442, 0.06513, 0.03505, 8944482.39%
Time spent: 18.69s
- Epoch 058, ExpID 71751
Train - Loss (one batch): 0.00431
Val - Loss, MSE, RMSE, MAE, MAPE: 0.00431, 0.00431, 0.06534, 0.03769, 10035352.65%
Test - Best epoch, Loss, MSE, RMSE, MAE, MAPE: 37, 0.00442, 0.00442, 0.06513, 0.03505, 8944482.39%
Time spent: 17.76s
- Epoch 059, ExpID 71751
Train - Loss (one batch): 0.00315
Val - Loss, MSE, RMSE, MAE, MAPE: 0.00435, 0.00435, 0.06570, 0.03919, 9944722.77%
Test - Best epoch, Loss, MSE, RMSE, MAE, MAPE: 37, 0.00442, 0.00442, 0.06513, 0.03505, 8944482.39%
Time spent: 18.99s
- Epoch 060, ExpID 71751
Train - Loss (one batch): 0.00358
Val - Loss, MSE, RMSE, MAE, MAPE: 0.00418, 0.00418, 0.06439, 0.03658, 10685138.49%
Test - Best epoch, Loss, MSE, RMSE, MAE, MAPE: 37, 0.00442, 0.00442, 0.06513, 0.03505, 8944482.39%
Time spent: 16.92s
- Epoch 061, ExpID 71751
Train - Loss (one batch): 0.00298
Val - Loss, MSE, RMSE, MAE, MAPE: 0.00419, 0.00419, 0.06444, 0.03678, 9836958.20%
Test - Best epoch, Loss, MSE, RMSE, MAE, MAPE: 37, 0.00442, 0.00442, 0.06513, 0.03505, 8944482.39%
Time spent: 18.24s
- Epoch 062, ExpID 71751
Train - Loss (one batch): 0.00388
Val - Loss, MSE, RMSE, MAE, MAPE: 0.00412, 0.00412, 0.06393, 0.03618, 10189479.68%
Test - Best epoch, Loss, MSE, RMSE, MAE, MAPE: 37, 0.00442, 0.00442, 0.06513, 0.03505, 8944482.39%
Time spent: 18.02s
- Epoch 063, ExpID 71751
Train - Loss (one batch): 0.00332
Val - Loss, MSE, RMSE, MAE, MAPE: 0.00448, 0.00448, 0.06666, 0.03947, 10107567.90%
Test - Best epoch, Loss, MSE, RMSE, MAE, MAPE: 37, 0.00442, 0.00442, 0.06513, 0.03505, 8944482.39%
Time spent: 17.96s
- Epoch 064, ExpID 71751
Train - Loss (one batch): 0.00404
Val - Loss, MSE, RMSE, MAE, MAPE: 0.00423, 0.00423, 0.06479, 0.03763, 10081652.90%
Test - Best epoch, Loss, MSE, RMSE, MAE, MAPE: 37, 0.00442, 0.00442, 0.06513, 0.03505, 8944482.39%
Time spent: 17.84s
- Epoch 065, ExpID 71751
Train - Loss (one batch): 0.00396
Val - Loss, MSE, RMSE, MAE, MAPE: 0.00424, 0.00424, 0.06482, 0.03716, 10057537.27%
Test - Best epoch, Loss, MSE, RMSE, MAE, MAPE: 37, 0.00442, 0.00442, 0.06513, 0.03505, 8944482.39%
Time spent: 17.64s
- Epoch 066, ExpID 71751
Train - Loss (one batch): 0.00333
Val - Loss, MSE, RMSE, MAE, MAPE: 0.00434, 0.00434, 0.06565, 0.03856, 10871170.84%
Test - Best epoch, Loss, MSE, RMSE, MAE, MAPE: 37, 0.00442, 0.00442, 0.06513, 0.03505, 8944482.39%
Time spent: 17.44s
- Epoch 067, ExpID 71751
Train - Loss (one batch): 0.00375
Val - Loss, MSE, RMSE, MAE, MAPE: 0.00409, 0.00409, 0.06371, 0.03587, 9529215.25%
Test - Best epoch, Loss, MSE, RMSE, MAE, MAPE: 37, 0.00442, 0.00442, 0.06513, 0.03505, 8944482.39%
Time spent: 17.91s
- Epoch 068, ExpID 71751
Train - Loss (one batch): 0.00462
Val - Loss, MSE, RMSE, MAE, MAPE: 0.00437, 0.00437, 0.06589, 0.03874, 10041027.01%
Test - Best epoch, Loss, MSE, RMSE, MAE, MAPE: 37, 0.00442, 0.00442, 0.06513, 0.03505, 8944482.39%
Time spent: 17.23s
- Epoch 069, ExpID 71751
Train - Loss (one batch): 0.00468
Val - Loss, MSE, RMSE, MAE, MAPE: 0.00407, 0.00407, 0.06356, 0.03606, 9693917.50%
Test - Best epoch, Loss, MSE, RMSE, MAE, MAPE: 37, 0.00442, 0.00442, 0.06513, 0.03505, 8944482.39%
Time spent: 18.76s
- Epoch 070, ExpID 71751
Train - Loss (one batch): 0.00314
Val - Loss, MSE, RMSE, MAE, MAPE: 0.00432, 0.00432, 0.06549, 0.03798, 10519112.70%
Test - Best epoch, Loss, MSE, RMSE, MAE, MAPE: 37, 0.00442, 0.00442, 0.06513, 0.03505, 8944482.39%
Time spent: 17.80s
- Epoch 071, ExpID 71751
Train - Loss (one batch): 0.00331
Val - Loss, MSE, RMSE, MAE, MAPE: 0.00413, 0.00413, 0.06397, 0.03637, 9141673.51%
Test - Best epoch, Loss, MSE, RMSE, MAE, MAPE: 37, 0.00442, 0.00442, 0.06513, 0.03505, 8944482.39%
Time spent: 17.42s
- Epoch 072, ExpID 71751
Train - Loss (one batch): 0.00438
Val - Loss, MSE, RMSE, MAE, MAPE: 0.00412, 0.00412, 0.06390, 0.03618, 9705756.62%
Test - Best epoch, Loss, MSE, RMSE, MAE, MAPE: 37, 0.00442, 0.00442, 0.06513, 0.03505, 8944482.39%
Time spent: 17.99s
- Epoch 073, ExpID 71751
Train - Loss (one batch): 0.00360
Val - Loss, MSE, RMSE, MAE, MAPE: 0.00437, 0.00437, 0.06586, 0.03854, 9713086.26%
Test - Best epoch, Loss, MSE, RMSE, MAE, MAPE: 37, 0.00442, 0.00442, 0.06513, 0.03505, 8944482.39%
Time spent: 18.07s
- Epoch 074, ExpID 71751
Train - Loss (one batch): 0.00350
Val - Loss, MSE, RMSE, MAE, MAPE: 0.00448, 0.00448, 0.06666, 0.03910, 10687472.08%
Test - Best epoch, Loss, MSE, RMSE, MAE, MAPE: 37, 0.00442, 0.00442, 0.06513, 0.03505, 8944482.39%
Time spent: 17.83s
- Epoch 075, ExpID 71751
Train - Loss (one batch): 0.00282
Val - Loss, MSE, RMSE, MAE, MAPE: 0.00436, 0.00436, 0.06575, 0.03812, 10296945.21%
Test - Best epoch, Loss, MSE, RMSE, MAE, MAPE: 37, 0.00442, 0.00442, 0.06513, 0.03505, 8944482.39%
Time spent: 18.19s
- Epoch 076, ExpID 71751
Train - Loss (one batch): 0.00341
Val - Loss, MSE, RMSE, MAE, MAPE: 0.00460, 0.00460, 0.06756, 0.04161, 9891070.45%
Test - Best epoch, Loss, MSE, RMSE, MAE, MAPE: 37, 0.00442, 0.00442, 0.06513, 0.03505, 8944482.39%
Time spent: 17.53s
- Epoch 077, ExpID 71751
Train - Loss (one batch): 0.00319
Val - Loss, MSE, RMSE, MAE, MAPE: 0.00435, 0.00435, 0.06573, 0.03826, 9937202.07%
Test - Best epoch, Loss, MSE, RMSE, MAE, MAPE: 37, 0.00442, 0.00442, 0.06513, 0.03505, 8944482.39%
Time spent: 17.36s
- Epoch 078, ExpID 71751
Train - Loss (one batch): 0.00397
Val - Loss, MSE, RMSE, MAE, MAPE: 0.00425, 0.00425, 0.06488, 0.03693, 10255801.05%
Test - Best epoch, Loss, MSE, RMSE, MAE, MAPE: 37, 0.00442, 0.00442, 0.06513, 0.03505, 8944482.39%
Time spent: 17.79s
- Epoch 079, ExpID 71751
Train - Loss (one batch): 0.00273
Val - Loss, MSE, RMSE, MAE, MAPE: 0.00433, 0.00433, 0.06558, 0.03865, 9758829.72%
Test - Best epoch, Loss, MSE, RMSE, MAE, MAPE: 37, 0.00442, 0.00442, 0.06513, 0.03505, 8944482.39%
Time spent: 17.55s
- Epoch 080, ExpID 71751
Train - Loss (one batch): 0.00332
Val - Loss, MSE, RMSE, MAE, MAPE: 0.00413, 0.00413, 0.06401, 0.03635, 9864196.41%
Test - Best epoch, Loss, MSE, RMSE, MAE, MAPE: 37, 0.00442, 0.00442, 0.06513, 0.03505, 8944482.39%
Time spent: 18.04s
- Epoch 081, ExpID 71751
Train - Loss (one batch): 0.00278
Val - Loss, MSE, RMSE, MAE, MAPE: 0.00415, 0.00415, 0.06413, 0.03620, 9748584.42%
Test - Best epoch, Loss, MSE, RMSE, MAE, MAPE: 37, 0.00442, 0.00442, 0.06513, 0.03505, 8944482.39%
Time spent: 18.73s
- Epoch 082, ExpID 71751
Train - Loss (one batch): 0.00271
Val - Loss, MSE, RMSE, MAE, MAPE: 0.00441, 0.00441, 0.06615, 0.03873, 10118525.73%
Test - Best epoch, Loss, MSE, RMSE, MAE, MAPE: 37, 0.00442, 0.00442, 0.06513, 0.03505, 8944482.39%
Time spent: 18.53s
- Epoch 083, ExpID 71751
Train - Loss (one batch): 0.00324
Val - Loss, MSE, RMSE, MAE, MAPE: 0.00448, 0.00448, 0.06666, 0.03899, 10688506.47%
Test - Best epoch, Loss, MSE, RMSE, MAE, MAPE: 37, 0.00442, 0.00442, 0.06513, 0.03505, 8944482.39%
Time spent: 18.65s
- Epoch 084, ExpID 71751
Train - Loss (one batch): 0.00455
Val - Loss, MSE, RMSE, MAE, MAPE: 0.00417, 0.00417, 0.06427, 0.03643, 10037875.11%
Test - Best epoch, Loss, MSE, RMSE, MAE, MAPE: 37, 0.00442, 0.00442, 0.06513, 0.03505, 8944482.39%
Time spent: 18.11s
- Epoch 085, ExpID 71751
Train - Loss (one batch): 0.00357
Val - Loss, MSE, RMSE, MAE, MAPE: 0.00411, 0.00411, 0.06387, 0.03609, 9866666.23%
Test - Best epoch, Loss, MSE, RMSE, MAE, MAPE: 37, 0.00442, 0.00442, 0.06513, 0.03505, 8944482.39%
Time spent: 18.60s
