/home/ouass/Test/MSP-IMTS/tPatchGNN/run_models.py
2025-09-19 20:59:56
run_models.py --dataset physionet --history 24 --quantization 1.0 --hid_dim 64 --te_dim 10 --node_dim 10 --nlayer 1 --tf_layer 1 --nhead 1 --batch_size 32 --lr 1e-3 --patience 60 --epoch 600 --seed 3 --gpu 0 --multi_scales 2,8 --multi_strides 2,8 --fusion concat
Namespace(multi_scales='2,8', multi_strides='2,8', fusion='concat', state='def', n=100000000, hop=1, nhead=1, tf_layer=1, nlayer=1, epoch=600, patience=60, history=24, patch_size=24, stride=24, logmode='a', lr=0.001, w_decay=0.0, batch_size=32, save='experiments/', load=None, seed=3, dataset='physionet', quantization=1.0, model='tPatchGNN', outlayer='Linear', hid_dim=64, te_dim=10, node_dim=10, gpu='0', npatch=1, device=device(type='cuda'), PID=3122235, ndim=41)
- Epoch 000, ExpID 62568
Train - Loss (one batch): 0.00472
Val - Loss, MSE, RMSE, MAE, MAPE: 0.00619, 0.00619, 0.07850, 0.05227, 18422206.41%
Test - Best epoch, Loss, MSE, RMSE, MAE, MAPE: 0, 0.00654, 0.00654, 0.07996, 0.05202, 17538871.81%
Time spent: 23.13s
- Epoch 001, ExpID 62568
Train - Loss (one batch): 0.00477
Val - Loss, MSE, RMSE, MAE, MAPE: 0.00511, 0.00511, 0.07129, 0.04400, 11671341.45%
Test - Best epoch, Loss, MSE, RMSE, MAE, MAPE: 1, 0.00551, 0.00551, 0.07313, 0.04407, 10745565.64%
Time spent: 18.88s
- Epoch 002, ExpID 62568
Train - Loss (one batch): 0.00500
Val - Loss, MSE, RMSE, MAE, MAPE: 0.00625, 0.00625, 0.07892, 0.05224, 11518799.27%
Test - Best epoch, Loss, MSE, RMSE, MAE, MAPE: 1, 0.00551, 0.00551, 0.07313, 0.04407, 10745565.64%
Time spent: 16.66s
- Epoch 003, ExpID 62568
Train - Loss (one batch): 0.00355
Val - Loss, MSE, RMSE, MAE, MAPE: 0.00455, 0.00455, 0.06725, 0.03909, 10903037.83%
Test - Best epoch, Loss, MSE, RMSE, MAE, MAPE: 3, 0.00491, 0.00491, 0.06885, 0.03898, 9990953.29%
Time spent: 18.90s
- Epoch 004, ExpID 62568
Train - Loss (one batch): 0.00382
Val - Loss, MSE, RMSE, MAE, MAPE: 0.00478, 0.00478, 0.06897, 0.04248, 10579829.97%
Test - Best epoch, Loss, MSE, RMSE, MAE, MAPE: 3, 0.00491, 0.00491, 0.06885, 0.03898, 9990953.29%
Time spent: 16.69s
- Epoch 005, ExpID 62568
Train - Loss (one batch): 0.00455
Val - Loss, MSE, RMSE, MAE, MAPE: 0.00588, 0.00588, 0.07653, 0.05149, 11591292.92%
Test - Best epoch, Loss, MSE, RMSE, MAE, MAPE: 3, 0.00491, 0.00491, 0.06885, 0.03898, 9990953.29%
Time spent: 16.73s
- Epoch 006, ExpID 62568
Train - Loss (one batch): 0.00386
Val - Loss, MSE, RMSE, MAE, MAPE: 0.00468, 0.00468, 0.06823, 0.04143, 9983737.82%
Test - Best epoch, Loss, MSE, RMSE, MAE, MAPE: 3, 0.00491, 0.00491, 0.06885, 0.03898, 9990953.29%
Time spent: 17.16s
- Epoch 007, ExpID 62568
Train - Loss (one batch): 0.00346
Val - Loss, MSE, RMSE, MAE, MAPE: 0.00451, 0.00451, 0.06694, 0.03937, 10061385.23%
Test - Best epoch, Loss, MSE, RMSE, MAE, MAPE: 7, 0.00489, 0.00489, 0.06865, 0.03940, 9122194.37%
Time spent: 18.96s
- Epoch 008, ExpID 62568
Train - Loss (one batch): 0.00365
Val - Loss, MSE, RMSE, MAE, MAPE: 0.00456, 0.00456, 0.06731, 0.04020, 10022490.46%
Test - Best epoch, Loss, MSE, RMSE, MAE, MAPE: 7, 0.00489, 0.00489, 0.06865, 0.03940, 9122194.37%
Time spent: 16.73s
- Epoch 009, ExpID 62568
Train - Loss (one batch): 0.00624
Val - Loss, MSE, RMSE, MAE, MAPE: 0.00484, 0.00484, 0.06935, 0.04224, 10607800.28%
Test - Best epoch, Loss, MSE, RMSE, MAE, MAPE: 7, 0.00489, 0.00489, 0.06865, 0.03940, 9122194.37%
Time spent: 16.77s
- Epoch 010, ExpID 62568
Train - Loss (one batch): 0.00383
Val - Loss, MSE, RMSE, MAE, MAPE: 0.00457, 0.00457, 0.06738, 0.04044, 10569697.87%
Test - Best epoch, Loss, MSE, RMSE, MAE, MAPE: 7, 0.00489, 0.00489, 0.06865, 0.03940, 9122194.37%
Time spent: 17.56s
- Epoch 011, ExpID 62568
Train - Loss (one batch): 0.00407
Val - Loss, MSE, RMSE, MAE, MAPE: 0.00451, 0.00451, 0.06689, 0.03991, 10507883.31%
Test - Best epoch, Loss, MSE, RMSE, MAE, MAPE: 11, 0.00489, 0.00489, 0.06871, 0.04009, 9663613.77%
Time spent: 19.53s
- Epoch 012, ExpID 62568
Train - Loss (one batch): 0.00484
Val - Loss, MSE, RMSE, MAE, MAPE: 0.00428, 0.00428, 0.06518, 0.03814, 11023436.02%
Test - Best epoch, Loss, MSE, RMSE, MAE, MAPE: 12, 0.00464, 0.00464, 0.06683, 0.03816, 10237404.85%
Time spent: 19.01s
- Epoch 013, ExpID 62568
Train - Loss (one batch): 0.00480
Val - Loss, MSE, RMSE, MAE, MAPE: 0.00435, 0.00435, 0.06574, 0.03863, 10445071.83%
Test - Best epoch, Loss, MSE, RMSE, MAE, MAPE: 12, 0.00464, 0.00464, 0.06683, 0.03816, 10237404.85%
Time spent: 16.75s
- Epoch 014, ExpID 62568
Train - Loss (one batch): 0.00479
Val - Loss, MSE, RMSE, MAE, MAPE: 0.00446, 0.00446, 0.06654, 0.03966, 10938701.24%
Test - Best epoch, Loss, MSE, RMSE, MAE, MAPE: 12, 0.00464, 0.00464, 0.06683, 0.03816, 10237404.85%
Time spent: 16.74s
- Epoch 015, ExpID 62568
Train - Loss (one batch): 0.00494
Val - Loss, MSE, RMSE, MAE, MAPE: 0.00417, 0.00417, 0.06431, 0.03705, 10741786.38%
Test - Best epoch, Loss, MSE, RMSE, MAE, MAPE: 15, 0.00452, 0.00452, 0.06591, 0.03711, 9827079.18%
Time spent: 19.44s
- Epoch 016, ExpID 62568
Train - Loss (one batch): 0.00389
Val - Loss, MSE, RMSE, MAE, MAPE: 0.00431, 0.00431, 0.06544, 0.03835, 10917653.93%
Test - Best epoch, Loss, MSE, RMSE, MAE, MAPE: 15, 0.00452, 0.00452, 0.06591, 0.03711, 9827079.18%
Time spent: 17.59s
- Epoch 017, ExpID 62568
Train - Loss (one batch): 0.00386
Val - Loss, MSE, RMSE, MAE, MAPE: 0.00457, 0.00457, 0.06740, 0.04037, 11804369.00%
Test - Best epoch, Loss, MSE, RMSE, MAE, MAPE: 15, 0.00452, 0.00452, 0.06591, 0.03711, 9827079.18%
Time spent: 16.76s
- Epoch 018, ExpID 62568
Train - Loss (one batch): 0.00391
Val - Loss, MSE, RMSE, MAE, MAPE: 0.00439, 0.00439, 0.06606, 0.03983, 11186862.02%
Test - Best epoch, Loss, MSE, RMSE, MAE, MAPE: 15, 0.00452, 0.00452, 0.06591, 0.03711, 9827079.18%
Time spent: 16.77s
- Epoch 019, ExpID 62568
Train - Loss (one batch): 0.00518
Val - Loss, MSE, RMSE, MAE, MAPE: 0.00475, 0.00475, 0.06869, 0.04217, 9923842.85%
Test - Best epoch, Loss, MSE, RMSE, MAE, MAPE: 15, 0.00452, 0.00452, 0.06591, 0.03711, 9827079.18%
Time spent: 16.76s
- Epoch 020, ExpID 62568
Train - Loss (one batch): 0.00316
Val - Loss, MSE, RMSE, MAE, MAPE: 0.00418, 0.00418, 0.06438, 0.03695, 11017495.73%
Test - Best epoch, Loss, MSE, RMSE, MAE, MAPE: 15, 0.00452, 0.00452, 0.06591, 0.03711, 9827079.18%
Time spent: 17.30s
- Epoch 021, ExpID 62568
Train - Loss (one batch): 0.00470
Val - Loss, MSE, RMSE, MAE, MAPE: 0.00412, 0.00412, 0.06398, 0.03627, 9569177.03%
Test - Best epoch, Loss, MSE, RMSE, MAE, MAPE: 21, 0.00450, 0.00450, 0.06572, 0.03632, 8799271.58%
Time spent: 19.05s
- Epoch 022, ExpID 62568
Train - Loss (one batch): 0.00393
Val - Loss, MSE, RMSE, MAE, MAPE: 0.00437, 0.00437, 0.06588, 0.03903, 11553496.00%
Test - Best epoch, Loss, MSE, RMSE, MAE, MAPE: 21, 0.00450, 0.00450, 0.06572, 0.03632, 8799271.58%
Time spent: 16.72s
- Epoch 023, ExpID 62568
Train - Loss (one batch): 0.00314
Val - Loss, MSE, RMSE, MAE, MAPE: 0.00458, 0.00458, 0.06746, 0.04120, 10659148.29%
Test - Best epoch, Loss, MSE, RMSE, MAE, MAPE: 21, 0.00450, 0.00450, 0.06572, 0.03632, 8799271.58%
Time spent: 16.73s
- Epoch 024, ExpID 62568
Train - Loss (one batch): 0.00300
Val - Loss, MSE, RMSE, MAE, MAPE: 0.00428, 0.00428, 0.06523, 0.03821, 9573977.85%
Test - Best epoch, Loss, MSE, RMSE, MAE, MAPE: 21, 0.00450, 0.00450, 0.06572, 0.03632, 8799271.58%
Time spent: 16.75s
- Epoch 025, ExpID 62568
Train - Loss (one batch): 0.00365
Val - Loss, MSE, RMSE, MAE, MAPE: 0.00413, 0.00413, 0.06409, 0.03718, 9666326.47%
Test - Best epoch, Loss, MSE, RMSE, MAE, MAPE: 21, 0.00450, 0.00450, 0.06572, 0.03632, 8799271.58%
Time spent: 16.76s
- Epoch 026, ExpID 62568
Train - Loss (one batch): 0.00391
Val - Loss, MSE, RMSE, MAE, MAPE: 0.00417, 0.00417, 0.06432, 0.03695, 9983261.83%
Test - Best epoch, Loss, MSE, RMSE, MAE, MAPE: 21, 0.00450, 0.00450, 0.06572, 0.03632, 8799271.58%
Time spent: 16.76s
- Epoch 027, ExpID 62568
Train - Loss (one batch): 0.00319
Val - Loss, MSE, RMSE, MAE, MAPE: 0.00446, 0.00446, 0.06655, 0.03989, 10977694.44%
Test - Best epoch, Loss, MSE, RMSE, MAE, MAPE: 21, 0.00450, 0.00450, 0.06572, 0.03632, 8799271.58%
Time spent: 17.42s
- Epoch 028, ExpID 62568
Train - Loss (one batch): 0.00357
Val - Loss, MSE, RMSE, MAE, MAPE: 0.00460, 0.00460, 0.06760, 0.04031, 10105646.57%
Test - Best epoch, Loss, MSE, RMSE, MAE, MAPE: 21, 0.00450, 0.00450, 0.06572, 0.03632, 8799271.58%
Time spent: 16.76s
- Epoch 029, ExpID 62568
Train - Loss (one batch): 0.00430
Val - Loss, MSE, RMSE, MAE, MAPE: 0.00437, 0.00437, 0.06589, 0.03924, 11362276.27%
Test - Best epoch, Loss, MSE, RMSE, MAE, MAPE: 21, 0.00450, 0.00450, 0.06572, 0.03632, 8799271.58%
Time spent: 17.28s
- Epoch 030, ExpID 62568
Train - Loss (one batch): 0.00289
Val - Loss, MSE, RMSE, MAE, MAPE: 0.00431, 0.00431, 0.06540, 0.03817, 9905209.91%
Test - Best epoch, Loss, MSE, RMSE, MAE, MAPE: 21, 0.00450, 0.00450, 0.06572, 0.03632, 8799271.58%
Time spent: 16.75s
- Epoch 031, ExpID 62568
Train - Loss (one batch): 0.00313
Val - Loss, MSE, RMSE, MAE, MAPE: 0.00444, 0.00444, 0.06639, 0.03954, 10643656.12%
Test - Best epoch, Loss, MSE, RMSE, MAE, MAPE: 21, 0.00450, 0.00450, 0.06572, 0.03632, 8799271.58%
Time spent: 16.94s
- Epoch 032, ExpID 62568
Train - Loss (one batch): 0.00452
Val - Loss, MSE, RMSE, MAE, MAPE: 0.00415, 0.00415, 0.06419, 0.03637, 10746144.25%
Test - Best epoch, Loss, MSE, RMSE, MAE, MAPE: 21, 0.00450, 0.00450, 0.06572, 0.03632, 8799271.58%
Time spent: 16.99s
- Epoch 033, ExpID 62568
Train - Loss (one batch): 0.00408
Val - Loss, MSE, RMSE, MAE, MAPE: 0.00427, 0.00427, 0.06514, 0.03785, 9485943.78%
Test - Best epoch, Loss, MSE, RMSE, MAE, MAPE: 21, 0.00450, 0.00450, 0.06572, 0.03632, 8799271.58%
Time spent: 17.49s
- Epoch 034, ExpID 62568
Train - Loss (one batch): 0.00438
Val - Loss, MSE, RMSE, MAE, MAPE: 0.00466, 0.00466, 0.06806, 0.04166, 10261986.42%
Test - Best epoch, Loss, MSE, RMSE, MAE, MAPE: 21, 0.00450, 0.00450, 0.06572, 0.03632, 8799271.58%
Time spent: 16.79s
- Epoch 035, ExpID 62568
Train - Loss (one batch): 0.00407
Val - Loss, MSE, RMSE, MAE, MAPE: 0.00442, 0.00442, 0.06630, 0.04092, 11743030.78%
Test - Best epoch, Loss, MSE, RMSE, MAE, MAPE: 21, 0.00450, 0.00450, 0.06572, 0.03632, 8799271.58%
Time spent: 16.73s
- Epoch 036, ExpID 62568
Train - Loss (one batch): 0.00346
Val - Loss, MSE, RMSE, MAE, MAPE: 0.00420, 0.00420, 0.06459, 0.03738, 9865666.05%
Test - Best epoch, Loss, MSE, RMSE, MAE, MAPE: 21, 0.00450, 0.00450, 0.06572, 0.03632, 8799271.58%
Time spent: 16.79s
- Epoch 037, ExpID 62568
Train - Loss (one batch): 0.00370
Val - Loss, MSE, RMSE, MAE, MAPE: 0.00444, 0.00444, 0.06647, 0.03969, 10951270.43%
Test - Best epoch, Loss, MSE, RMSE, MAE, MAPE: 21, 0.00450, 0.00450, 0.06572, 0.03632, 8799271.58%
Time spent: 16.75s
- Epoch 038, ExpID 62568
Train - Loss (one batch): 0.00369
Val - Loss, MSE, RMSE, MAE, MAPE: 0.00413, 0.00413, 0.06403, 0.03706, 10250454.49%
Test - Best epoch, Loss, MSE, RMSE, MAE, MAPE: 21, 0.00450, 0.00450, 0.06572, 0.03632, 8799271.58%
Time spent: 17.36s
- Epoch 039, ExpID 62568
Train - Loss (one batch): 0.00485
Val - Loss, MSE, RMSE, MAE, MAPE: 0.00426, 0.00426, 0.06508, 0.03848, 10930905.95%
Test - Best epoch, Loss, MSE, RMSE, MAE, MAPE: 21, 0.00450, 0.00450, 0.06572, 0.03632, 8799271.58%
Time spent: 16.83s
- Epoch 040, ExpID 62568
Train - Loss (one batch): 0.00500
Val - Loss, MSE, RMSE, MAE, MAPE: 0.00419, 0.00419, 0.06447, 0.03687, 9825475.44%
Test - Best epoch, Loss, MSE, RMSE, MAE, MAPE: 21, 0.00450, 0.00450, 0.06572, 0.03632, 8799271.58%
Time spent: 16.78s
- Epoch 041, ExpID 62568
Train - Loss (one batch): 0.00348
Val - Loss, MSE, RMSE, MAE, MAPE: 0.00426, 0.00426, 0.06507, 0.03805, 9999111.84%
Test - Best epoch, Loss, MSE, RMSE, MAE, MAPE: 21, 0.00450, 0.00450, 0.06572, 0.03632, 8799271.58%
Time spent: 16.90s
- Epoch 042, ExpID 62568
Train - Loss (one batch): 0.00341
Val - Loss, MSE, RMSE, MAE, MAPE: 0.00435, 0.00435, 0.06578, 0.03920, 10249357.18%
Test - Best epoch, Loss, MSE, RMSE, MAE, MAPE: 21, 0.00450, 0.00450, 0.06572, 0.03632, 8799271.58%
Time spent: 17.43s
- Epoch 043, ExpID 62568
Train - Loss (one batch): 0.00562
Val - Loss, MSE, RMSE, MAE, MAPE: 0.00417, 0.00417, 0.06439, 0.03726, 9728002.60%
Test - Best epoch, Loss, MSE, RMSE, MAE, MAPE: 21, 0.00450, 0.00450, 0.06572, 0.03632, 8799271.58%
Time spent: 17.12s
- Epoch 044, ExpID 62568
Train - Loss (one batch): 0.00384
Val - Loss, MSE, RMSE, MAE, MAPE: 0.00446, 0.00446, 0.06659, 0.03980, 10206479.84%
Test - Best epoch, Loss, MSE, RMSE, MAE, MAPE: 21, 0.00450, 0.00450, 0.06572, 0.03632, 8799271.58%
Time spent: 16.93s
- Epoch 045, ExpID 62568
Train - Loss (one batch): 0.00462
Val - Loss, MSE, RMSE, MAE, MAPE: 0.00414, 0.00414, 0.06413, 0.03682, 10015907.55%
Test - Best epoch, Loss, MSE, RMSE, MAE, MAPE: 21, 0.00450, 0.00450, 0.06572, 0.03632, 8799271.58%
Time spent: 17.34s
- Epoch 046, ExpID 62568
Train - Loss (one batch): 0.00309
Val - Loss, MSE, RMSE, MAE, MAPE: 0.00417, 0.00417, 0.06438, 0.03748, 11075012.01%
Test - Best epoch, Loss, MSE, RMSE, MAE, MAPE: 21, 0.00450, 0.00450, 0.06572, 0.03632, 8799271.58%
Time spent: 17.00s
- Epoch 047, ExpID 62568
Train - Loss (one batch): 0.00299
Val - Loss, MSE, RMSE, MAE, MAPE: 0.00416, 0.00416, 0.06427, 0.03628, 11016303.71%
Test - Best epoch, Loss, MSE, RMSE, MAE, MAPE: 21, 0.00450, 0.00450, 0.06572, 0.03632, 8799271.58%
Time spent: 16.75s
- Epoch 048, ExpID 62568
Train - Loss (one batch): 0.00307
Val - Loss, MSE, RMSE, MAE, MAPE: 0.00416, 0.00416, 0.06430, 0.03674, 9409155.95%
Test - Best epoch, Loss, MSE, RMSE, MAE, MAPE: 21, 0.00450, 0.00450, 0.06572, 0.03632, 8799271.58%
Time spent: 17.43s
- Epoch 049, ExpID 62568
Train - Loss (one batch): 0.00369
Val - Loss, MSE, RMSE, MAE, MAPE: 0.00404, 0.00404, 0.06336, 0.03572, 9368992.10%
Test - Best epoch, Loss, MSE, RMSE, MAE, MAPE: 49, 0.00438, 0.00438, 0.06482, 0.03576, 8741227.59%
Time spent: 19.21s
- Epoch 050, ExpID 62568
Train - Loss (one batch): 0.00344
Val - Loss, MSE, RMSE, MAE, MAPE: 0.00428, 0.00428, 0.06516, 0.03765, 10284039.70%
Test - Best epoch, Loss, MSE, RMSE, MAE, MAPE: 49, 0.00438, 0.00438, 0.06482, 0.03576, 8741227.59%
Time spent: 16.79s
- Epoch 051, ExpID 62568
Train - Loss (one batch): 0.00337
Val - Loss, MSE, RMSE, MAE, MAPE: 0.00416, 0.00416, 0.06427, 0.03744, 10060060.53%
Test - Best epoch, Loss, MSE, RMSE, MAE, MAPE: 49, 0.00438, 0.00438, 0.06482, 0.03576, 8741227.59%
Time spent: 16.80s
- Epoch 052, ExpID 62568
Train - Loss (one batch): 0.00454
Val - Loss, MSE, RMSE, MAE, MAPE: 0.00421, 0.00421, 0.06471, 0.03838, 10860892.43%
Test - Best epoch, Loss, MSE, RMSE, MAE, MAPE: 49, 0.00438, 0.00438, 0.06482, 0.03576, 8741227.59%
Time spent: 16.77s
- Epoch 053, ExpID 62568
Train - Loss (one batch): 0.00400
Val - Loss, MSE, RMSE, MAE, MAPE: 0.00409, 0.00409, 0.06373, 0.03620, 10264266.21%
Test - Best epoch, Loss, MSE, RMSE, MAE, MAPE: 49, 0.00438, 0.00438, 0.06482, 0.03576, 8741227.59%
Time spent: 17.54s
- Epoch 054, ExpID 62568
Train - Loss (one batch): 0.00387
Val - Loss, MSE, RMSE, MAE, MAPE: 0.00408, 0.00408, 0.06369, 0.03607, 10165764.20%
Test - Best epoch, Loss, MSE, RMSE, MAE, MAPE: 49, 0.00438, 0.00438, 0.06482, 0.03576, 8741227.59%
Time spent: 16.82s
- Epoch 055, ExpID 62568
Train - Loss (one batch): 0.00366
Val - Loss, MSE, RMSE, MAE, MAPE: 0.00404, 0.00404, 0.06328, 0.03586, 10430826.63%
Test - Best epoch, Loss, MSE, RMSE, MAE, MAPE: 55, 0.00440, 0.00440, 0.06497, 0.03598, 9608564.13%
Time spent: 19.08s
- Epoch 056, ExpID 62568
Train - Loss (one batch): 0.00301
Val - Loss, MSE, RMSE, MAE, MAPE: 0.00403, 0.00403, 0.06322, 0.03513, 9404161.18%
Test - Best epoch, Loss, MSE, RMSE, MAE, MAPE: 56, 0.00440, 0.00440, 0.06500, 0.03524, 8816840.27%
Time spent: 19.04s
- Epoch 057, ExpID 62568
Train - Loss (one batch): 0.00345
Val - Loss, MSE, RMSE, MAE, MAPE: 0.00405, 0.00405, 0.06340, 0.03559, 10261504.91%
Test - Best epoch, Loss, MSE, RMSE, MAE, MAPE: 56, 0.00440, 0.00440, 0.06500, 0.03524, 8816840.27%
Time spent: 16.77s
- Epoch 058, ExpID 62568
Train - Loss (one batch): 0.00388
Val - Loss, MSE, RMSE, MAE, MAPE: 0.00435, 0.00435, 0.06576, 0.03886, 10059879.77%
Test - Best epoch, Loss, MSE, RMSE, MAE, MAPE: 56, 0.00440, 0.00440, 0.06500, 0.03524, 8816840.27%
Time spent: 16.78s
- Epoch 059, ExpID 62568
Train - Loss (one batch): 0.00367
Val - Loss, MSE, RMSE, MAE, MAPE: 0.00415, 0.00415, 0.06417, 0.03639, 9815885.06%
Test - Best epoch, Loss, MSE, RMSE, MAE, MAPE: 56, 0.00440, 0.00440, 0.06500, 0.03524, 8816840.27%
Time spent: 16.79s
- Epoch 060, ExpID 62568
Train - Loss (one batch): 0.00412
Val - Loss, MSE, RMSE, MAE, MAPE: 0.00419, 0.00419, 0.06454, 0.03762, 9658079.77%
Test - Best epoch, Loss, MSE, RMSE, MAE, MAPE: 56, 0.00440, 0.00440, 0.06500, 0.03524, 8816840.27%
Time spent: 16.75s
- Epoch 061, ExpID 62568
Train - Loss (one batch): 0.00508
Val - Loss, MSE, RMSE, MAE, MAPE: 0.00411, 0.00411, 0.06390, 0.03602, 9696407.36%
Test - Best epoch, Loss, MSE, RMSE, MAE, MAPE: 56, 0.00440, 0.00440, 0.06500, 0.03524, 8816840.27%
Time spent: 16.77s
- Epoch 062, ExpID 62568
Train - Loss (one batch): 0.00459
Val - Loss, MSE, RMSE, MAE, MAPE: 0.00425, 0.00425, 0.06502, 0.03827, 10574466.19%
Test - Best epoch, Loss, MSE, RMSE, MAE, MAPE: 56, 0.00440, 0.00440, 0.06500, 0.03524, 8816840.27%
Time spent: 16.83s
- Epoch 063, ExpID 62568
Train - Loss (one batch): 0.00361
Val - Loss, MSE, RMSE, MAE, MAPE: 0.00403, 0.00403, 0.06324, 0.03565, 9966004.85%
Test - Best epoch, Loss, MSE, RMSE, MAE, MAPE: 56, 0.00440, 0.00440, 0.06500, 0.03524, 8816840.27%
Time spent: 17.07s
- Epoch 064, ExpID 62568
Train - Loss (one batch): 0.00453
Val - Loss, MSE, RMSE, MAE, MAPE: 0.00410, 0.00410, 0.06378, 0.03649, 10119314.71%
Test - Best epoch, Loss, MSE, RMSE, MAE, MAPE: 56, 0.00440, 0.00440, 0.06500, 0.03524, 8816840.27%
Time spent: 17.10s
- Epoch 065, ExpID 62568
Train - Loss (one batch): 0.00387
Val - Loss, MSE, RMSE, MAE, MAPE: 0.00410, 0.00410, 0.06379, 0.03655, 9387094.97%
Test - Best epoch, Loss, MSE, RMSE, MAE, MAPE: 56, 0.00440, 0.00440, 0.06500, 0.03524, 8816840.27%
Time spent: 16.76s
- Epoch 066, ExpID 62568
Train - Loss (one batch): 0.00305
Val - Loss, MSE, RMSE, MAE, MAPE: 0.00412, 0.00412, 0.06393, 0.03626, 9226084.85%
Test - Best epoch, Loss, MSE, RMSE, MAE, MAPE: 56, 0.00440, 0.00440, 0.06500, 0.03524, 8816840.27%
Time spent: 16.78s
- Epoch 067, ExpID 62568
Train - Loss (one batch): 0.00322
Val - Loss, MSE, RMSE, MAE, MAPE: 0.00409, 0.00409, 0.06373, 0.03663, 9678785.08%
Test - Best epoch, Loss, MSE, RMSE, MAE, MAPE: 56, 0.00440, 0.00440, 0.06500, 0.03524, 8816840.27%
Time spent: 17.20s
- Epoch 068, ExpID 62568
Train - Loss (one batch): 0.00403
Val - Loss, MSE, RMSE, MAE, MAPE: 0.00410, 0.00410, 0.06383, 0.03703, 10169992.93%
Test - Best epoch, Loss, MSE, RMSE, MAE, MAPE: 56, 0.00440, 0.00440, 0.06500, 0.03524, 8816840.27%
Time spent: 16.75s
- Epoch 069, ExpID 62568
Train - Loss (one batch): 0.00527
Val - Loss, MSE, RMSE, MAE, MAPE: 0.00413, 0.00413, 0.06404, 0.03661, 9317134.54%
Test - Best epoch, Loss, MSE, RMSE, MAE, MAPE: 56, 0.00440, 0.00440, 0.06500, 0.03524, 8816840.27%
Time spent: 17.59s
- Epoch 070, ExpID 62568
Train - Loss (one batch): 0.00423
Val - Loss, MSE, RMSE, MAE, MAPE: 0.00422, 0.00422, 0.06473, 0.03795, 10068280.80%
Test - Best epoch, Loss, MSE, RMSE, MAE, MAPE: 56, 0.00440, 0.00440, 0.06500, 0.03524, 8816840.27%
Time spent: 16.75s
- Epoch 071, ExpID 62568
Train - Loss (one batch): 0.00278
Val - Loss, MSE, RMSE, MAE, MAPE: 0.00431, 0.00431, 0.06543, 0.03818, 10105182.65%
Test - Best epoch, Loss, MSE, RMSE, MAE, MAPE: 56, 0.00440, 0.00440, 0.06500, 0.03524, 8816840.27%
Time spent: 16.75s
- Epoch 072, ExpID 62568
Train - Loss (one batch): 0.00357
Val - Loss, MSE, RMSE, MAE, MAPE: 0.00425, 0.00425, 0.06501, 0.03797, 9654765.05%
Test - Best epoch, Loss, MSE, RMSE, MAE, MAPE: 56, 0.00440, 0.00440, 0.06500, 0.03524, 8816840.27%
Time spent: 16.76s
- Epoch 073, ExpID 62568
Train - Loss (one batch): 0.00399
Val - Loss, MSE, RMSE, MAE, MAPE: 0.00420, 0.00420, 0.06462, 0.03713, 9345524.10%
Test - Best epoch, Loss, MSE, RMSE, MAE, MAPE: 56, 0.00440, 0.00440, 0.06500, 0.03524, 8816840.27%
Time spent: 16.77s
- Epoch 074, ExpID 62568
Train - Loss (one batch): 0.00503
Val - Loss, MSE, RMSE, MAE, MAPE: 0.00405, 0.00405, 0.06338, 0.03594, 10332538.98%
Test - Best epoch, Loss, MSE, RMSE, MAE, MAPE: 56, 0.00440, 0.00440, 0.06500, 0.03524, 8816840.27%
Time spent: 17.35s
- Epoch 075, ExpID 62568
Train - Loss (one batch): 0.00384
Val - Loss, MSE, RMSE, MAE, MAPE: 0.00435, 0.00435, 0.06577, 0.03885, 10380842.99%
Test - Best epoch, Loss, MSE, RMSE, MAE, MAPE: 56, 0.00440, 0.00440, 0.06500, 0.03524, 8816840.27%
Time spent: 17.01s
- Epoch 076, ExpID 62568
Train - Loss (one batch): 0.00354
Val - Loss, MSE, RMSE, MAE, MAPE: 0.00432, 0.00432, 0.06550, 0.03817, 10354919.36%
Test - Best epoch, Loss, MSE, RMSE, MAE, MAPE: 56, 0.00440, 0.00440, 0.06500, 0.03524, 8816840.27%
Time spent: 17.59s
- Epoch 077, ExpID 62568
Train - Loss (one batch): 0.00379
Val - Loss, MSE, RMSE, MAE, MAPE: 0.00419, 0.00419, 0.06451, 0.03762, 9289476.25%
Test - Best epoch, Loss, MSE, RMSE, MAE, MAPE: 56, 0.00440, 0.00440, 0.06500, 0.03524, 8816840.27%
Time spent: 17.54s
- Epoch 078, ExpID 62568
Train - Loss (one batch): 0.00335
Val - Loss, MSE, RMSE, MAE, MAPE: 0.00426, 0.00426, 0.06503, 0.03802, 9479896.36%
Test - Best epoch, Loss, MSE, RMSE, MAE, MAPE: 56, 0.00440, 0.00440, 0.06500, 0.03524, 8816840.27%
Time spent: 16.78s
- Epoch 079, ExpID 62568
Train - Loss (one batch): 0.00427
Val - Loss, MSE, RMSE, MAE, MAPE: 0.00417, 0.00417, 0.06432, 0.03707, 9972171.39%
Test - Best epoch, Loss, MSE, RMSE, MAE, MAPE: 56, 0.00440, 0.00440, 0.06500, 0.03524, 8816840.27%
Time spent: 16.75s
- Epoch 080, ExpID 62568
Train - Loss (one batch): 0.00444
Val - Loss, MSE, RMSE, MAE, MAPE: 0.00422, 0.00422, 0.06476, 0.03754, 9824714.83%
Test - Best epoch, Loss, MSE, RMSE, MAE, MAPE: 56, 0.00440, 0.00440, 0.06500, 0.03524, 8816840.27%
Time spent: 17.02s
- Epoch 081, ExpID 62568
Train - Loss (one batch): 0.00337
Val - Loss, MSE, RMSE, MAE, MAPE: 0.00412, 0.00412, 0.06398, 0.03653, 9961943.36%
Test - Best epoch, Loss, MSE, RMSE, MAE, MAPE: 56, 0.00440, 0.00440, 0.06500, 0.03524, 8816840.27%
Time spent: 16.79s
- Epoch 082, ExpID 62568
Train - Loss (one batch): 0.00419
Val - Loss, MSE, RMSE, MAE, MAPE: 0.00416, 0.00416, 0.06431, 0.03667, 8996768.56%
Test - Best epoch, Loss, MSE, RMSE, MAE, MAPE: 56, 0.00440, 0.00440, 0.06500, 0.03524, 8816840.27%
Time spent: 17.17s
- Epoch 083, ExpID 62568
Train - Loss (one batch): 0.00342
Val - Loss, MSE, RMSE, MAE, MAPE: 0.00409, 0.00409, 0.06375, 0.03598, 9516672.50%
Test - Best epoch, Loss, MSE, RMSE, MAE, MAPE: 56, 0.00440, 0.00440, 0.06500, 0.03524, 8816840.27%
Time spent: 17.56s
- Epoch 084, ExpID 62568
Train - Loss (one batch): 0.00301
Val - Loss, MSE, RMSE, MAE, MAPE: 0.00414, 0.00414, 0.06409, 0.03706, 9277130.85%
Test - Best epoch, Loss, MSE, RMSE, MAE, MAPE: 56, 0.00440, 0.00440, 0.06500, 0.03524, 8816840.27%
Time spent: 16.77s
- Epoch 085, ExpID 62568
Train - Loss (one batch): 0.00257
Val - Loss, MSE, RMSE, MAE, MAPE: 0.00417, 0.00417, 0.06434, 0.03648, 10078212.99%
Test - Best epoch, Loss, MSE, RMSE, MAE, MAPE: 56, 0.00440, 0.00440, 0.06500, 0.03524, 8816840.27%
Time spent: 17.39s
- Epoch 086, ExpID 62568
Train - Loss (one batch): 0.00438
Val - Loss, MSE, RMSE, MAE, MAPE: 0.00422, 0.00422, 0.06476, 0.03786, 10362094.73%
Test - Best epoch, Loss, MSE, RMSE, MAE, MAPE: 56, 0.00440, 0.00440, 0.06500, 0.03524, 8816840.27%
Time spent: 16.75s
- Epoch 087, ExpID 62568
Train - Loss (one batch): 0.00332
Val - Loss, MSE, RMSE, MAE, MAPE: 0.00421, 0.00421, 0.06468, 0.03721, 10164733.68%
Test - Best epoch, Loss, MSE, RMSE, MAE, MAPE: 56, 0.00440, 0.00440, 0.06500, 0.03524, 8816840.27%
Time spent: 16.75s
- Epoch 088, ExpID 62568
Train - Loss (one batch): 0.00297
Val - Loss, MSE, RMSE, MAE, MAPE: 0.00417, 0.00417, 0.06440, 0.03673, 10293134.89%
Test - Best epoch, Loss, MSE, RMSE, MAE, MAPE: 56, 0.00440, 0.00440, 0.06500, 0.03524, 8816840.27%
Time spent: 17.27s
- Epoch 089, ExpID 62568
Train - Loss (one batch): 0.00331
Val - Loss, MSE, RMSE, MAE, MAPE: 0.00407, 0.00407, 0.06361, 0.03629, 11066898.26%
Test - Best epoch, Loss, MSE, RMSE, MAE, MAPE: 56, 0.00440, 0.00440, 0.06500, 0.03524, 8816840.27%
Time spent: 16.95s
- Epoch 090, ExpID 62568
Train - Loss (one batch): 0.00409
Val - Loss, MSE, RMSE, MAE, MAPE: 0.00416, 0.00416, 0.06430, 0.03686, 9206782.89%
Test - Best epoch, Loss, MSE, RMSE, MAE, MAPE: 56, 0.00440, 0.00440, 0.06500, 0.03524, 8816840.27%
Time spent: 16.76s
- Epoch 091, ExpID 62568
Train - Loss (one batch): 0.00432
Val - Loss, MSE, RMSE, MAE, MAPE: 0.00422, 0.00422, 0.06475, 0.03737, 9631043.62%
Test - Best epoch, Loss, MSE, RMSE, MAE, MAPE: 56, 0.00440, 0.00440, 0.06500, 0.03524, 8816840.27%
Time spent: 16.78s
- Epoch 092, ExpID 62568
Train - Loss (one batch): 0.00353
Val - Loss, MSE, RMSE, MAE, MAPE: 0.00424, 0.00424, 0.06489, 0.03777, 10163818.30%
Test - Best epoch, Loss, MSE, RMSE, MAE, MAPE: 56, 0.00440, 0.00440, 0.06500, 0.03524, 8816840.27%
Time spent: 16.77s
- Epoch 093, ExpID 62568
Train - Loss (one batch): 0.00294
Val - Loss, MSE, RMSE, MAE, MAPE: 0.00415, 0.00415, 0.06424, 0.03716, 9589807.72%
Test - Best epoch, Loss, MSE, RMSE, MAE, MAPE: 56, 0.00440, 0.00440, 0.06500, 0.03524, 8816840.27%
Time spent: 16.77s
- Epoch 094, ExpID 62568
Train - Loss (one batch): 0.00349
Val - Loss, MSE, RMSE, MAE, MAPE: 0.00415, 0.00415, 0.06416, 0.03644, 9494432.29%
Test - Best epoch, Loss, MSE, RMSE, MAE, MAPE: 56, 0.00440, 0.00440, 0.06500, 0.03524, 8816840.27%
Time spent: 16.76s
- Epoch 095, ExpID 62568
Train - Loss (one batch): 0.00289
Val - Loss, MSE, RMSE, MAE, MAPE: 0.00407, 0.00407, 0.06360, 0.03550, 9358563.04%
Test - Best epoch, Loss, MSE, RMSE, MAE, MAPE: 56, 0.00440, 0.00440, 0.06500, 0.03524, 8816840.27%
Time spent: 17.18s
- Epoch 096, ExpID 62568
Train - Loss (one batch): 0.00291
Val - Loss, MSE, RMSE, MAE, MAPE: 0.00420, 0.00420, 0.06454, 0.03640, 10592967.55%
Test - Best epoch, Loss, MSE, RMSE, MAE, MAPE: 56, 0.00440, 0.00440, 0.06500, 0.03524, 8816840.27%
Time spent: 16.95s
- Epoch 097, ExpID 62568
Train - Loss (one batch): 0.00507
Val - Loss, MSE, RMSE, MAE, MAPE: 0.00417, 0.00417, 0.06433, 0.03625, 9521517.15%
Test - Best epoch, Loss, MSE, RMSE, MAE, MAPE: 56, 0.00440, 0.00440, 0.06500, 0.03524, 8816840.27%
Time spent: 17.22s
- Epoch 098, ExpID 62568
Train - Loss (one batch): 0.00418
Val - Loss, MSE, RMSE, MAE, MAPE: 0.00411, 0.00411, 0.06388, 0.03548, 9877192.92%
Test - Best epoch, Loss, MSE, RMSE, MAE, MAPE: 56, 0.00440, 0.00440, 0.06500, 0.03524, 8816840.27%
Time spent: 17.50s
- Epoch 099, ExpID 62568
Train - Loss (one batch): 0.00362
Val - Loss, MSE, RMSE, MAE, MAPE: 0.00418, 0.00418, 0.06446, 0.03731, 10614651.30%
Test - Best epoch, Loss, MSE, RMSE, MAE, MAPE: 56, 0.00440, 0.00440, 0.06500, 0.03524, 8816840.27%
Time spent: 16.72s
- Epoch 100, ExpID 62568
Train - Loss (one batch): 0.00353
Val - Loss, MSE, RMSE, MAE, MAPE: 0.00412, 0.00412, 0.06399, 0.03697, 10229459.32%
Test - Best epoch, Loss, MSE, RMSE, MAE, MAPE: 56, 0.00440, 0.00440, 0.06500, 0.03524, 8816840.27%
Time spent: 16.71s
- Epoch 101, ExpID 62568
Train - Loss (one batch): 0.00311
Val - Loss, MSE, RMSE, MAE, MAPE: 0.00409, 0.00409, 0.06373, 0.03513, 9568381.28%
Test - Best epoch, Loss, MSE, RMSE, MAE, MAPE: 56, 0.00440, 0.00440, 0.06500, 0.03524, 8816840.27%
Time spent: 16.75s
- Epoch 102, ExpID 62568
Train - Loss (one batch): 0.00354
Val - Loss, MSE, RMSE, MAE, MAPE: 0.00417, 0.00417, 0.06439, 0.03736, 9974849.12%
Test - Best epoch, Loss, MSE, RMSE, MAE, MAPE: 56, 0.00440, 0.00440, 0.06500, 0.03524, 8816840.27%
Time spent: 16.74s
- Epoch 103, ExpID 62568
Train - Loss (one batch): 0.00320
Val - Loss, MSE, RMSE, MAE, MAPE: 0.00418, 0.00418, 0.06441, 0.03643, 10352504.01%
Test - Best epoch, Loss, MSE, RMSE, MAE, MAPE: 56, 0.00440, 0.00440, 0.06500, 0.03524, 8816840.27%
Time spent: 16.96s
- Epoch 104, ExpID 62568
Train - Loss (one batch): 0.00395
Val - Loss, MSE, RMSE, MAE, MAPE: 0.00441, 0.00441, 0.06624, 0.03917, 9972118.93%
Test - Best epoch, Loss, MSE, RMSE, MAE, MAPE: 56, 0.00440, 0.00440, 0.06500, 0.03524, 8816840.27%
Time spent: 16.77s
- Epoch 105, ExpID 62568
Train - Loss (one batch): 0.00428
Val - Loss, MSE, RMSE, MAE, MAPE: 0.00417, 0.00417, 0.06437, 0.03644, 9690799.19%
Test - Best epoch, Loss, MSE, RMSE, MAE, MAPE: 56, 0.00440, 0.00440, 0.06500, 0.03524, 8816840.27%
Time spent: 16.81s
- Epoch 106, ExpID 62568
Train - Loss (one batch): 0.00378
Val - Loss, MSE, RMSE, MAE, MAPE: 0.00404, 0.00404, 0.06334, 0.03522, 9755475.77%
Test - Best epoch, Loss, MSE, RMSE, MAE, MAPE: 56, 0.00440, 0.00440, 0.06500, 0.03524, 8816840.27%
Time spent: 16.80s
- Epoch 107, ExpID 62568
Train - Loss (one batch): 0.00370
Val - Loss, MSE, RMSE, MAE, MAPE: 0.00407, 0.00407, 0.06357, 0.03552, 10410248.77%
Test - Best epoch, Loss, MSE, RMSE, MAE, MAPE: 56, 0.00440, 0.00440, 0.06500, 0.03524, 8816840.27%
Time spent: 17.42s
- Epoch 108, ExpID 62568
Train - Loss (one batch): 0.00399
Val - Loss, MSE, RMSE, MAE, MAPE: 0.00424, 0.00424, 0.06489, 0.03643, 10372934.04%
Test - Best epoch, Loss, MSE, RMSE, MAE, MAPE: 56, 0.00440, 0.00440, 0.06500, 0.03524, 8816840.27%
Time spent: 17.65s
- Epoch 109, ExpID 62568
Train - Loss (one batch): 0.00419
Val - Loss, MSE, RMSE, MAE, MAPE: 0.00408, 0.00408, 0.06369, 0.03565, 9577074.28%
Test - Best epoch, Loss, MSE, RMSE, MAE, MAPE: 56, 0.00440, 0.00440, 0.06500, 0.03524, 8816840.27%
Time spent: 16.72s
- Epoch 110, ExpID 62568
Train - Loss (one batch): 0.00359
Val - Loss, MSE, RMSE, MAE, MAPE: 0.00420, 0.00420, 0.06456, 0.03728, 10350273.80%
Test - Best epoch, Loss, MSE, RMSE, MAE, MAPE: 56, 0.00440, 0.00440, 0.06500, 0.03524, 8816840.27%
Time spent: 17.58s
- Epoch 111, ExpID 62568
Train - Loss (one batch): 0.00392
Val - Loss, MSE, RMSE, MAE, MAPE: 0.00413, 0.00413, 0.06404, 0.03635, 10022399.11%
Test - Best epoch, Loss, MSE, RMSE, MAE, MAPE: 56, 0.00440, 0.00440, 0.06500, 0.03524, 8816840.27%
Time spent: 17.48s
- Epoch 112, ExpID 62568
Train - Loss (one batch): 0.00477
Val - Loss, MSE, RMSE, MAE, MAPE: 0.00407, 0.00407, 0.06353, 0.03496, 9596639.26%
Test - Best epoch, Loss, MSE, RMSE, MAE, MAPE: 56, 0.00440, 0.00440, 0.06500, 0.03524, 8816840.27%
Time spent: 16.68s
- Epoch 113, ExpID 62568
Train - Loss (one batch): 0.00508
Val - Loss, MSE, RMSE, MAE, MAPE: 0.00411, 0.00411, 0.06390, 0.03512, 9348353.19%
Test - Best epoch, Loss, MSE, RMSE, MAE, MAPE: 56, 0.00440, 0.00440, 0.06500, 0.03524, 8816840.27%
Time spent: 16.65s
- Epoch 114, ExpID 62568
Train - Loss (one batch): 0.00538
Val - Loss, MSE, RMSE, MAE, MAPE: 0.00416, 0.00416, 0.06425, 0.03635, 9909962.37%
Test - Best epoch, Loss, MSE, RMSE, MAE, MAPE: 56, 0.00440, 0.00440, 0.06500, 0.03524, 8816840.27%
Time spent: 16.61s
- Epoch 115, ExpID 62568
Train - Loss (one batch): 0.00360
Val - Loss, MSE, RMSE, MAE, MAPE: 0.00417, 0.00417, 0.06434, 0.03662, 10324967.68%
Test - Best epoch, Loss, MSE, RMSE, MAE, MAPE: 56, 0.00440, 0.00440, 0.06500, 0.03524, 8816840.27%
Time spent: 16.60s
- Epoch 116, ExpID 62568
Train - Loss (one batch): 0.00348
Val - Loss, MSE, RMSE, MAE, MAPE: 0.00421, 0.00421, 0.06464, 0.03642, 9754947.25%
Test - Best epoch, Loss, MSE, RMSE, MAE, MAPE: 56, 0.00440, 0.00440, 0.06500, 0.03524, 8816840.27%
Time spent: 16.56s
