/home/ouass/Test/MSP-IMTS/tPatchGNN/run_models.py
2025-09-19 02:56:33
run_models.py --dataset physionet --history 24 --quantization 1.0 --hid_dim 64 --te_dim 10 --node_dim 10 --nlayer 1 --tf_layer 1 --nhead 1 --batch_size 32 --lr 1e-3 --patience 60 --epoch 600 --seed 4 --gpu 0 --multi_scales 2,8 --multi_strides 2,8 --fusion concat
Namespace(multi_scales='2,8', multi_strides='2,8', fusion='concat', state='def', n=100000000, hop=1, nhead=1, tf_layer=1, nlayer=1, epoch=600, patience=60, history=24, patch_size=24, stride=24, logmode='a', lr=0.001, w_decay=0.0, batch_size=32, save='experiments/', load=None, seed=4, dataset='physionet', quantization=1.0, model='tPatchGNN', outlayer='Linear', hid_dim=64, te_dim=10, node_dim=10, gpu='0', npatch=1, device=device(type='cuda'), PID=2927743, ndim=41)
- Epoch 000, ExpID 30127
Train - Loss (one batch): 0.00409
Val - Loss, MSE, RMSE, MAE, MAPE: 0.00756, 0.00756, 0.08672, 0.05519, 16274054.28%
Test - Best epoch, Loss, MSE, RMSE, MAE, MAPE: 0, 0.00784, 0.00784, 0.08773, 0.05490, 15130463.41%
Time spent: 20.16s
- Epoch 001, ExpID 30127
Train - Loss (one batch): 0.00525
Val - Loss, MSE, RMSE, MAE, MAPE: 0.00472, 0.00472, 0.06845, 0.04134, 10472451.81%
Test - Best epoch, Loss, MSE, RMSE, MAE, MAPE: 1, 0.00512, 0.00512, 0.07038, 0.04142, 9562466.46%
Time spent: 20.42s
- Epoch 002, ExpID 30127
Train - Loss (one batch): 0.00322
Val - Loss, MSE, RMSE, MAE, MAPE: 0.00580, 0.00580, 0.07598, 0.04734, 11605473.31%
Test - Best epoch, Loss, MSE, RMSE, MAE, MAPE: 1, 0.00512, 0.00512, 0.07038, 0.04142, 9562466.46%
Time spent: 18.36s
- Epoch 003, ExpID 30127
Train - Loss (one batch): 0.00440
Val - Loss, MSE, RMSE, MAE, MAPE: 0.00509, 0.00509, 0.07112, 0.04376, 10705509.97%
Test - Best epoch, Loss, MSE, RMSE, MAE, MAPE: 1, 0.00512, 0.00512, 0.07038, 0.04142, 9562466.46%
Time spent: 17.11s
- Epoch 004, ExpID 30127
Train - Loss (one batch): 0.00557
Val - Loss, MSE, RMSE, MAE, MAPE: 0.00459, 0.00459, 0.06750, 0.04069, 10458559.88%
Test - Best epoch, Loss, MSE, RMSE, MAE, MAPE: 4, 0.00498, 0.00498, 0.06934, 0.04071, 9567540.67%
Time spent: 20.61s
- Epoch 005, ExpID 30127
Train - Loss (one batch): 0.00338
Val - Loss, MSE, RMSE, MAE, MAPE: 0.00449, 0.00449, 0.06676, 0.03979, 11598979.99%
Test - Best epoch, Loss, MSE, RMSE, MAE, MAPE: 5, 0.00486, 0.00486, 0.06850, 0.03985, 10762172.18%
Time spent: 19.09s
- Epoch 006, ExpID 30127
Train - Loss (one batch): 0.00440
Val - Loss, MSE, RMSE, MAE, MAPE: 0.00473, 0.00473, 0.06853, 0.04163, 11993563.16%
Test - Best epoch, Loss, MSE, RMSE, MAE, MAPE: 5, 0.00486, 0.00486, 0.06850, 0.03985, 10762172.18%
Time spent: 18.49s
- Epoch 007, ExpID 30127
Train - Loss (one batch): 0.00421
Val - Loss, MSE, RMSE, MAE, MAPE: 0.00440, 0.00440, 0.06610, 0.03922, 12509694.14%
Test - Best epoch, Loss, MSE, RMSE, MAE, MAPE: 7, 0.00477, 0.00477, 0.06779, 0.03926, 11503326.83%
Time spent: 19.52s
- Epoch 008, ExpID 30127
Train - Loss (one batch): 0.00406
Val - Loss, MSE, RMSE, MAE, MAPE: 0.00439, 0.00439, 0.06597, 0.03957, 11751837.32%
Test - Best epoch, Loss, MSE, RMSE, MAE, MAPE: 8, 0.00478, 0.00478, 0.06786, 0.03977, 10987007.64%
Time spent: 20.26s
- Epoch 009, ExpID 30127
Train - Loss (one batch): 0.00432
Val - Loss, MSE, RMSE, MAE, MAPE: 0.00441, 0.00441, 0.06619, 0.03925, 11578340.59%
Test - Best epoch, Loss, MSE, RMSE, MAE, MAPE: 8, 0.00478, 0.00478, 0.06786, 0.03977, 10987007.64%
Time spent: 18.00s
- Epoch 010, ExpID 30127
Train - Loss (one batch): 0.00541
Val - Loss, MSE, RMSE, MAE, MAPE: 0.00444, 0.00444, 0.06642, 0.04004, 11169292.17%
Test - Best epoch, Loss, MSE, RMSE, MAE, MAPE: 8, 0.00478, 0.00478, 0.06786, 0.03977, 10987007.64%
Time spent: 17.32s
- Epoch 011, ExpID 30127
Train - Loss (one batch): 0.00474
Val - Loss, MSE, RMSE, MAE, MAPE: 0.00432, 0.00432, 0.06547, 0.03914, 10630602.08%
Test - Best epoch, Loss, MSE, RMSE, MAE, MAPE: 11, 0.00469, 0.00469, 0.06722, 0.03917, 9665115.72%
Time spent: 19.60s
- Epoch 012, ExpID 30127
Train - Loss (one batch): 0.00378
Val - Loss, MSE, RMSE, MAE, MAPE: 0.00436, 0.00436, 0.06584, 0.03919, 12277661.15%
Test - Best epoch, Loss, MSE, RMSE, MAE, MAPE: 11, 0.00469, 0.00469, 0.06722, 0.03917, 9665115.72%
Time spent: 18.03s
- Epoch 013, ExpID 30127
Train - Loss (one batch): 0.00570
Val - Loss, MSE, RMSE, MAE, MAPE: 0.00430, 0.00430, 0.06537, 0.03900, 11624437.11%
Test - Best epoch, Loss, MSE, RMSE, MAE, MAPE: 13, 0.00466, 0.00466, 0.06703, 0.03909, 10591654.63%
Time spent: 19.79s
- Epoch 014, ExpID 30127
Train - Loss (one batch): 0.00432
Val - Loss, MSE, RMSE, MAE, MAPE: 0.00492, 0.00492, 0.06997, 0.04452, 10520533.10%
Test - Best epoch, Loss, MSE, RMSE, MAE, MAPE: 13, 0.00466, 0.00466, 0.06703, 0.03909, 10591654.63%
Time spent: 17.55s
- Epoch 015, ExpID 30127
Train - Loss (one batch): 0.00404
Val - Loss, MSE, RMSE, MAE, MAPE: 0.00414, 0.00414, 0.06414, 0.03781, 10830441.28%
Test - Best epoch, Loss, MSE, RMSE, MAE, MAPE: 15, 0.00452, 0.00452, 0.06598, 0.03783, 9903783.52%
Time spent: 19.80s
- Epoch 016, ExpID 30127
Train - Loss (one batch): 0.00375
Val - Loss, MSE, RMSE, MAE, MAPE: 0.00438, 0.00438, 0.06597, 0.03901, 9903935.33%
Test - Best epoch, Loss, MSE, RMSE, MAE, MAPE: 15, 0.00452, 0.00452, 0.06598, 0.03783, 9903783.52%
Time spent: 18.02s
- Epoch 017, ExpID 30127
Train - Loss (one batch): 0.00407
Val - Loss, MSE, RMSE, MAE, MAPE: 0.00441, 0.00441, 0.06619, 0.04085, 10733245.77%
Test - Best epoch, Loss, MSE, RMSE, MAE, MAPE: 15, 0.00452, 0.00452, 0.06598, 0.03783, 9903783.52%
Time spent: 17.63s
- Epoch 018, ExpID 30127
Train - Loss (one batch): 0.00447
Val - Loss, MSE, RMSE, MAE, MAPE: 0.00449, 0.00449, 0.06680, 0.04024, 11369102.79%
Test - Best epoch, Loss, MSE, RMSE, MAE, MAPE: 15, 0.00452, 0.00452, 0.06598, 0.03783, 9903783.52%
Time spent: 17.18s
- Epoch 019, ExpID 30127
Train - Loss (one batch): 0.00487
Val - Loss, MSE, RMSE, MAE, MAPE: 0.00449, 0.00449, 0.06681, 0.04009, 10043530.21%
Test - Best epoch, Loss, MSE, RMSE, MAE, MAPE: 15, 0.00452, 0.00452, 0.06598, 0.03783, 9903783.52%
Time spent: 17.34s
- Epoch 020, ExpID 30127
Train - Loss (one batch): 0.00436
Val - Loss, MSE, RMSE, MAE, MAPE: 0.00465, 0.00465, 0.06798, 0.04453, 11950675.62%
Test - Best epoch, Loss, MSE, RMSE, MAE, MAPE: 15, 0.00452, 0.00452, 0.06598, 0.03783, 9903783.52%
Time spent: 17.53s
- Epoch 021, ExpID 30127
Train - Loss (one batch): 0.00297
Val - Loss, MSE, RMSE, MAE, MAPE: 0.00448, 0.00448, 0.06675, 0.04186, 9745360.95%
Test - Best epoch, Loss, MSE, RMSE, MAE, MAPE: 15, 0.00452, 0.00452, 0.06598, 0.03783, 9903783.52%
Time spent: 18.65s
- Epoch 022, ExpID 30127
Train - Loss (one batch): 0.00359
Val - Loss, MSE, RMSE, MAE, MAPE: 0.00425, 0.00425, 0.06499, 0.03903, 10343743.42%
Test - Best epoch, Loss, MSE, RMSE, MAE, MAPE: 15, 0.00452, 0.00452, 0.06598, 0.03783, 9903783.52%
Time spent: 16.92s
- Epoch 023, ExpID 30127
Train - Loss (one batch): 0.00496
Val - Loss, MSE, RMSE, MAE, MAPE: 0.00428, 0.00428, 0.06520, 0.03818, 10103410.14%
Test - Best epoch, Loss, MSE, RMSE, MAE, MAPE: 15, 0.00452, 0.00452, 0.06598, 0.03783, 9903783.52%
Time spent: 17.42s
- Epoch 024, ExpID 30127
Train - Loss (one batch): 0.00459
Val - Loss, MSE, RMSE, MAE, MAPE: 0.00470, 0.00470, 0.06834, 0.04293, 10688047.23%
Test - Best epoch, Loss, MSE, RMSE, MAE, MAPE: 15, 0.00452, 0.00452, 0.06598, 0.03783, 9903783.52%
Time spent: 17.80s
- Epoch 025, ExpID 30127
Train - Loss (one batch): 0.00398
Val - Loss, MSE, RMSE, MAE, MAPE: 0.00445, 0.00445, 0.06651, 0.04084, 10936426.13%
Test - Best epoch, Loss, MSE, RMSE, MAE, MAPE: 15, 0.00452, 0.00452, 0.06598, 0.03783, 9903783.52%
Time spent: 17.49s
- Epoch 026, ExpID 30127
Train - Loss (one batch): 0.00396
Val - Loss, MSE, RMSE, MAE, MAPE: 0.00424, 0.00424, 0.06485, 0.03795, 10478662.02%
Test - Best epoch, Loss, MSE, RMSE, MAE, MAPE: 15, 0.00452, 0.00452, 0.06598, 0.03783, 9903783.52%
Time spent: 17.65s
- Epoch 027, ExpID 30127
Train - Loss (one batch): 0.00359
Val - Loss, MSE, RMSE, MAE, MAPE: 0.00458, 0.00458, 0.06747, 0.04139, 10422750.07%
Test - Best epoch, Loss, MSE, RMSE, MAE, MAPE: 15, 0.00452, 0.00452, 0.06598, 0.03783, 9903783.52%
Time spent: 17.87s
- Epoch 028, ExpID 30127
Train - Loss (one batch): 0.00336
Val - Loss, MSE, RMSE, MAE, MAPE: 0.00432, 0.00432, 0.06548, 0.03855, 9916670.40%
Test - Best epoch, Loss, MSE, RMSE, MAE, MAPE: 15, 0.00452, 0.00452, 0.06598, 0.03783, 9903783.52%
Time spent: 17.28s
- Epoch 029, ExpID 30127
Train - Loss (one batch): 0.00358
Val - Loss, MSE, RMSE, MAE, MAPE: 0.00417, 0.00417, 0.06435, 0.03769, 10895179.75%
Test - Best epoch, Loss, MSE, RMSE, MAE, MAPE: 15, 0.00452, 0.00452, 0.06598, 0.03783, 9903783.52%
Time spent: 18.18s
- Epoch 030, ExpID 30127
Train - Loss (one batch): 0.00488
Val - Loss, MSE, RMSE, MAE, MAPE: 0.00410, 0.00410, 0.06377, 0.03693, 9686059.78%
Test - Best epoch, Loss, MSE, RMSE, MAE, MAPE: 30, 0.00443, 0.00443, 0.06526, 0.03692, 8827940.14%
Time spent: 20.17s
- Epoch 031, ExpID 30127
Train - Loss (one batch): 0.00426
Val - Loss, MSE, RMSE, MAE, MAPE: 0.00407, 0.00407, 0.06352, 0.03676, 9358543.76%
Test - Best epoch, Loss, MSE, RMSE, MAE, MAPE: 31, 0.00439, 0.00439, 0.06496, 0.03671, 8383429.87%
Time spent: 20.55s
- Epoch 032, ExpID 30127
Train - Loss (one batch): 0.00391
Val - Loss, MSE, RMSE, MAE, MAPE: 0.00417, 0.00417, 0.06431, 0.03750, 9729871.18%
Test - Best epoch, Loss, MSE, RMSE, MAE, MAPE: 31, 0.00439, 0.00439, 0.06496, 0.03671, 8383429.87%
Time spent: 17.84s
- Epoch 033, ExpID 30127
Train - Loss (one batch): 0.00327
Val - Loss, MSE, RMSE, MAE, MAPE: 0.00400, 0.00400, 0.06297, 0.03610, 10029513.00%
Test - Best epoch, Loss, MSE, RMSE, MAE, MAPE: 33, 0.00434, 0.00434, 0.06456, 0.03609, 9081051.45%
Time spent: 19.75s
