=== USHCN baseline: ps=2, st=2, hid_dim=32, batch=192 ===
=== Seed 1 ===
PID, device: 1598272 cuda
Total records: 1114
Dataset n_samples: 1114 668 223 223
Test record ids (first 20): [886, 101, 1120, 730, 291, 875, 958, 260, 128, 1043, 620, 88, 1005, 872, 617, 538, 508, 44, 273, 817]
Test record ids (last 20): [982, 275, 991, 997, 66, 801, 67, 942, 12, 361, 555, 710, 333, 1017, 851, 184, 882, 509, 726, 587]
data_max: tensor([37.2551, 36.6691, 38.2520,  3.0401,  2.9104], device='cuda:0')
data_min: tensor([-0.3057, -0.1280, -0.1738, -3.8821, -4.1854], device='cuda:0')
time_max: tensor(48., device='cuda:0')
Dataset n_samples after time split: 26736 16032 5352 5352
n_train_batches: 84
Exp has been early stopped!
=== Seed 2 ===
PID, device: 1598346 cuda
Total records: 1114
Dataset n_samples: 1114 668 223 223
Test record ids (first 20): [886, 101, 1120, 730, 291, 875, 958, 260, 128, 1043, 620, 88, 1005, 872, 617, 538, 508, 44, 273, 817]
Test record ids (last 20): [982, 275, 991, 997, 66, 801, 67, 942, 12, 361, 555, 710, 333, 1017, 851, 184, 882, 509, 726, 587]
data_max: tensor([37.2551, 36.6691, 38.2520,  3.0401,  2.9104], device='cuda:0')
data_min: tensor([-0.3057, -0.1280, -0.1738, -3.8821, -4.1854], device='cuda:0')
time_max: tensor(48., device='cuda:0')
Dataset n_samples after time split: 26736 16032 5352 5352
n_train_batches: 84
Exp has been early stopped!
=== Seed 3 ===
PID, device: 1598401 cuda
Total records: 1114
Dataset n_samples: 1114 668 223 223
Test record ids (first 20): [886, 101, 1120, 730, 291, 875, 958, 260, 128, 1043, 620, 88, 1005, 872, 617, 538, 508, 44, 273, 817]
Test record ids (last 20): [982, 275, 991, 997, 66, 801, 67, 942, 12, 361, 555, 710, 333, 1017, 851, 184, 882, 509, 726, 587]
data_max: tensor([37.2551, 36.6691, 38.2520,  3.0401,  2.9104], device='cuda:0')
data_min: tensor([-0.3057, -0.1280, -0.1738, -3.8821, -4.1854], device='cuda:0')
time_max: tensor(48., device='cuda:0')
Dataset n_samples after time split: 26736 16032 5352 5352
n_train_batches: 84
Exp has been early stopped!
=== Seed 4 ===
PID, device: 1598476 cuda
Total records: 1114
Dataset n_samples: 1114 668 223 223
Test record ids (first 20): [886, 101, 1120, 730, 291, 875, 958, 260, 128, 1043, 620, 88, 1005, 872, 617, 538, 508, 44, 273, 817]
Test record ids (last 20): [982, 275, 991, 997, 66, 801, 67, 942, 12, 361, 555, 710, 333, 1017, 851, 184, 882, 509, 726, 587]
data_max: tensor([37.2551, 36.6691, 38.2520,  3.0401,  2.9104], device='cuda:0')
data_min: tensor([-0.3057, -0.1280, -0.1738, -3.8821, -4.1854], device='cuda:0')
time_max: tensor(48., device='cuda:0')
Dataset n_samples after time split: 26736 16032 5352 5352
n_train_batches: 84
Exp has been early stopped!
=== Seed 5 ===
PID, device: 1598519 cuda
Total records: 1114
Dataset n_samples: 1114 668 223 223
Test record ids (first 20): [886, 101, 1120, 730, 291, 875, 958, 260, 128, 1043, 620, 88, 1005, 872, 617, 538, 508, 44, 273, 817]
Test record ids (last 20): [982, 275, 991, 997, 66, 801, 67, 942, 12, 361, 555, 710, 333, 1017, 851, 184, 882, 509, 726, 587]
data_max: tensor([37.2551, 36.6691, 38.2520,  3.0401,  2.9104], device='cuda:0')
data_min: tensor([-0.3057, -0.1280, -0.1738, -3.8821, -4.1854], device='cuda:0')
time_max: tensor(48., device='cuda:0')
Dataset n_samples after time split: 26736 16032 5352 5352
n_train_batches: 84
Exp has been early stopped!
