/home/ouass/Test/MSP-IMTS/tPatchGNN/run_models.py
2025-10-28 13:47:27
run_models.py --dataset activity --history 4000 --hid_dim 64 --te_dim 10 --node_dim 10 --nlayer 1 --tf_layer 1 --nhead 1 --batch_size 64 --lr 1e-3 --w_decay 1e-4 --patience 80 --epoch 400 --seed 1 --gpu 0 --multi_scales 150,1000 --multi_strides 75,500 --fusion concat
Namespace(multi_scales='150,1000', multi_strides='75,500', fusion='concat', state='def', n=100000000, hop=1, nhead=1, tf_layer=1, nlayer=1, epoch=400, patience=80, history=4000, patch_size=24, stride=24, logmode='a', lr=0.001, w_decay=0.0001, batch_size=64, save='experiments/', load=None, seed=1, dataset='activity', quantization=0.0, model='tPatchGNN', outlayer='Linear', hid_dim=64, te_dim=10, node_dim=10, gpu='0', npatch=167, device=device(type='cuda'), PID=720527, pred_window=1000, ndim=12)
- Epoch 000, ExpID 66479
Train - Loss (one batch): 0.00756
Val - Loss, MSE, RMSE, MAE, MAPE: 0.00924, 0.00924, 0.09477, 0.07382, 287152.85%
Test - Best epoch, Loss, MSE, RMSE, MAE, MAPE: 0, 0.00823, 0.00823, 0.08947, 0.06973, 17.73%
Time spent: 9.97s
- Epoch 001, ExpID 66479
Train - Loss (one batch): 0.00354
Val - Loss, MSE, RMSE, MAE, MAPE: 0.00386, 0.00386, 0.06144, 0.03983, 234259.48%
Test - Best epoch, Loss, MSE, RMSE, MAE, MAPE: 1, 0.00367, 0.00367, 0.06005, 0.03876, 9.31%
Time spent: 8.82s
- Epoch 002, ExpID 66479
Train - Loss (one batch): 0.00277
Val - Loss, MSE, RMSE, MAE, MAPE: 0.00364, 0.00364, 0.05961, 0.03767, 226960.10%
Test - Best epoch, Loss, MSE, RMSE, MAE, MAPE: 2, 0.00348, 0.00348, 0.05852, 0.03691, 8.79%
Time spent: 9.04s
- Epoch 003, ExpID 66479
Train - Loss (one batch): 0.00324
Val - Loss, MSE, RMSE, MAE, MAPE: 0.00343, 0.00343, 0.05789, 0.03692, 231159.55%
Test - Best epoch, Loss, MSE, RMSE, MAE, MAPE: 3, 0.00330, 0.00330, 0.05699, 0.03639, 8.81%
Time spent: 8.98s
- Epoch 004, ExpID 66479
Train - Loss (one batch): 0.00239
Val - Loss, MSE, RMSE, MAE, MAPE: 0.00373, 0.00373, 0.06045, 0.04069, 230569.14%
Test - Best epoch, Loss, MSE, RMSE, MAE, MAPE: 3, 0.00330, 0.00330, 0.05699, 0.03639, 8.81%
Time spent: 7.97s
- Epoch 005, ExpID 66479
Train - Loss (one batch): 0.00292
Val - Loss, MSE, RMSE, MAE, MAPE: 0.00323, 0.00323, 0.05614, 0.03522, 215312.11%
Test - Best epoch, Loss, MSE, RMSE, MAE, MAPE: 5, 0.00311, 0.00311, 0.05534, 0.03472, 8.04%
Time spent: 8.84s
- Epoch 006, ExpID 66479
Train - Loss (one batch): 0.00313
Val - Loss, MSE, RMSE, MAE, MAPE: 0.00308, 0.00308, 0.05475, 0.03321, 223473.00%
Test - Best epoch, Loss, MSE, RMSE, MAE, MAPE: 6, 0.00298, 0.00298, 0.05407, 0.03297, 7.84%
Time spent: 9.09s
- Epoch 007, ExpID 66479
Train - Loss (one batch): 0.00338
Val - Loss, MSE, RMSE, MAE, MAPE: 0.00341, 0.00341, 0.05778, 0.03847, 229446.48%
Test - Best epoch, Loss, MSE, RMSE, MAE, MAPE: 6, 0.00298, 0.00298, 0.05407, 0.03297, 7.84%
Time spent: 7.90s
- Epoch 008, ExpID 66479
Train - Loss (one batch): 0.00342
Val - Loss, MSE, RMSE, MAE, MAPE: 0.00309, 0.00309, 0.05483, 0.03358, 214568.95%
Test - Best epoch, Loss, MSE, RMSE, MAE, MAPE: 6, 0.00298, 0.00298, 0.05407, 0.03297, 7.84%
Time spent: 7.93s
- Epoch 009, ExpID 66479
Train - Loss (one batch): 0.00375
Val - Loss, MSE, RMSE, MAE, MAPE: 0.00373, 0.00373, 0.06054, 0.04272, 235514.65%
Test - Best epoch, Loss, MSE, RMSE, MAE, MAPE: 6, 0.00298, 0.00298, 0.05407, 0.03297, 7.84%
Time spent: 8.05s
- Epoch 010, ExpID 66479
Train - Loss (one batch): 0.00353
Val - Loss, MSE, RMSE, MAE, MAPE: 0.00317, 0.00317, 0.05559, 0.03574, 224709.50%
Test - Best epoch, Loss, MSE, RMSE, MAE, MAPE: 6, 0.00298, 0.00298, 0.05407, 0.03297, 7.84%
Time spent: 7.86s
- Epoch 011, ExpID 66479
Train - Loss (one batch): 0.00236
Val - Loss, MSE, RMSE, MAE, MAPE: 0.00323, 0.00323, 0.05618, 0.03672, 226982.68%
Test - Best epoch, Loss, MSE, RMSE, MAE, MAPE: 6, 0.00298, 0.00298, 0.05407, 0.03297, 7.84%
Time spent: 7.87s
- Epoch 012, ExpID 66479
Train - Loss (one batch): 0.00263
Val - Loss, MSE, RMSE, MAE, MAPE: 0.00299, 0.00299, 0.05394, 0.03305, 218831.44%
Test - Best epoch, Loss, MSE, RMSE, MAE, MAPE: 12, 0.00287, 0.00287, 0.05313, 0.03262, 7.80%
Time spent: 9.00s
- Epoch 013, ExpID 66479
Train - Loss (one batch): 0.00272
Val - Loss, MSE, RMSE, MAE, MAPE: 0.00295, 0.00295, 0.05352, 0.03258, 214732.03%
Test - Best epoch, Loss, MSE, RMSE, MAE, MAPE: 13, 0.00284, 0.00284, 0.05278, 0.03215, 7.60%
Time spent: 9.15s
- Epoch 014, ExpID 66479
Train - Loss (one batch): 0.00292
Val - Loss, MSE, RMSE, MAE, MAPE: 0.00319, 0.00319, 0.05584, 0.03683, 228245.13%
Test - Best epoch, Loss, MSE, RMSE, MAE, MAPE: 13, 0.00284, 0.00284, 0.05278, 0.03215, 7.60%
Time spent: 7.94s
- Epoch 015, ExpID 66479
Train - Loss (one batch): 0.00218
Val - Loss, MSE, RMSE, MAE, MAPE: 0.00307, 0.00307, 0.05474, 0.03462, 216817.05%
Test - Best epoch, Loss, MSE, RMSE, MAE, MAPE: 13, 0.00284, 0.00284, 0.05278, 0.03215, 7.60%
Time spent: 8.14s
- Epoch 016, ExpID 66479
Train - Loss (one batch): 0.00255
Val - Loss, MSE, RMSE, MAE, MAPE: 0.00355, 0.00355, 0.05903, 0.04076, 228571.09%
Test - Best epoch, Loss, MSE, RMSE, MAE, MAPE: 13, 0.00284, 0.00284, 0.05278, 0.03215, 7.60%
Time spent: 7.97s
- Epoch 017, ExpID 66479
Train - Loss (one batch): 0.00239
Val - Loss, MSE, RMSE, MAE, MAPE: 0.00296, 0.00296, 0.05366, 0.03343, 222457.46%
Test - Best epoch, Loss, MSE, RMSE, MAE, MAPE: 13, 0.00284, 0.00284, 0.05278, 0.03215, 7.60%
Time spent: 7.97s
- Epoch 018, ExpID 66479
Train - Loss (one batch): 0.00293
Val - Loss, MSE, RMSE, MAE, MAPE: 0.00311, 0.00311, 0.05504, 0.03559, 224886.37%
Test - Best epoch, Loss, MSE, RMSE, MAE, MAPE: 13, 0.00284, 0.00284, 0.05278, 0.03215, 7.60%
Time spent: 7.85s
- Epoch 019, ExpID 66479
Train - Loss (one batch): 0.00268
Val - Loss, MSE, RMSE, MAE, MAPE: 0.00301, 0.00301, 0.05414, 0.03458, 223440.56%
Test - Best epoch, Loss, MSE, RMSE, MAE, MAPE: 13, 0.00284, 0.00284, 0.05278, 0.03215, 7.60%
Time spent: 7.87s
- Epoch 020, ExpID 66479
Train - Loss (one batch): 0.00271
Val - Loss, MSE, RMSE, MAE, MAPE: 0.00301, 0.00301, 0.05418, 0.03443, 218814.91%
Test - Best epoch, Loss, MSE, RMSE, MAE, MAPE: 13, 0.00284, 0.00284, 0.05278, 0.03215, 7.60%
Time spent: 8.09s
- Epoch 021, ExpID 66479
Train - Loss (one batch): 0.00276
Val - Loss, MSE, RMSE, MAE, MAPE: 0.00287, 0.00287, 0.05277, 0.03224, 216341.06%
Test - Best epoch, Loss, MSE, RMSE, MAE, MAPE: 21, 0.00275, 0.00275, 0.05198, 0.03196, 7.60%
Time spent: 8.94s
- Epoch 022, ExpID 66479
Train - Loss (one batch): 0.00287
Val - Loss, MSE, RMSE, MAE, MAPE: 0.00298, 0.00298, 0.05386, 0.03417, 217894.20%
Test - Best epoch, Loss, MSE, RMSE, MAE, MAPE: 21, 0.00275, 0.00275, 0.05198, 0.03196, 7.60%
Time spent: 8.00s
- Epoch 023, ExpID 66479
Train - Loss (one batch): 0.00344
Val - Loss, MSE, RMSE, MAE, MAPE: 0.00335, 0.00335, 0.05729, 0.03955, 227890.29%
Test - Best epoch, Loss, MSE, RMSE, MAE, MAPE: 21, 0.00275, 0.00275, 0.05198, 0.03196, 7.60%
Time spent: 8.12s
- Epoch 024, ExpID 66479
Train - Loss (one batch): 0.00265
Val - Loss, MSE, RMSE, MAE, MAPE: 0.00326, 0.00326, 0.05648, 0.03852, 222575.62%
Test - Best epoch, Loss, MSE, RMSE, MAE, MAPE: 21, 0.00275, 0.00275, 0.05198, 0.03196, 7.60%
Time spent: 8.06s
- Epoch 025, ExpID 66479
Train - Loss (one batch): 0.00248
Val - Loss, MSE, RMSE, MAE, MAPE: 0.00330, 0.00330, 0.05687, 0.03932, 228122.93%
Test - Best epoch, Loss, MSE, RMSE, MAE, MAPE: 21, 0.00275, 0.00275, 0.05198, 0.03196, 7.60%
Time spent: 7.95s
- Epoch 026, ExpID 66479
Train - Loss (one batch): 0.00302
Val - Loss, MSE, RMSE, MAE, MAPE: 0.00279, 0.00279, 0.05212, 0.03173, 214624.79%
Test - Best epoch, Loss, MSE, RMSE, MAE, MAPE: 26, 0.00270, 0.00270, 0.05152, 0.03162, 7.48%
Time spent: 9.03s
- Epoch 027, ExpID 66479
Train - Loss (one batch): 0.00246
Val - Loss, MSE, RMSE, MAE, MAPE: 0.00286, 0.00286, 0.05275, 0.03259, 210508.65%
Test - Best epoch, Loss, MSE, RMSE, MAE, MAPE: 26, 0.00270, 0.00270, 0.05152, 0.03162, 7.48%
Time spent: 8.01s
- Epoch 028, ExpID 66479
Train - Loss (one batch): 0.00278
Val - Loss, MSE, RMSE, MAE, MAPE: 0.00292, 0.00292, 0.05332, 0.03390, 217988.38%
Test - Best epoch, Loss, MSE, RMSE, MAE, MAPE: 26, 0.00270, 0.00270, 0.05152, 0.03162, 7.48%
Time spent: 8.03s
- Epoch 029, ExpID 66479
Train - Loss (one batch): 0.00252
Val - Loss, MSE, RMSE, MAE, MAPE: 0.00277, 0.00277, 0.05189, 0.03187, 216928.35%
Test - Best epoch, Loss, MSE, RMSE, MAE, MAPE: 29, 0.00269, 0.00269, 0.05137, 0.03186, 7.57%
Time spent: 8.82s
- Epoch 030, ExpID 66479
Train - Loss (one batch): 0.00259
Val - Loss, MSE, RMSE, MAE, MAPE: 0.00284, 0.00284, 0.05250, 0.03262, 205397.66%
Test - Best epoch, Loss, MSE, RMSE, MAE, MAPE: 29, 0.00269, 0.00269, 0.05137, 0.03186, 7.57%
Time spent: 7.94s
- Epoch 031, ExpID 66479
Train - Loss (one batch): 0.00256
Val - Loss, MSE, RMSE, MAE, MAPE: 0.00310, 0.00310, 0.05501, 0.03666, 224338.05%
Test - Best epoch, Loss, MSE, RMSE, MAE, MAPE: 29, 0.00269, 0.00269, 0.05137, 0.03186, 7.57%
Time spent: 8.24s
- Epoch 032, ExpID 66479
Train - Loss (one batch): 0.00295
Val - Loss, MSE, RMSE, MAE, MAPE: 0.00303, 0.00303, 0.05436, 0.03574, 223219.25%
Test - Best epoch, Loss, MSE, RMSE, MAE, MAPE: 29, 0.00269, 0.00269, 0.05137, 0.03186, 7.57%
Time spent: 8.00s
- Epoch 033, ExpID 66479
Train - Loss (one batch): 0.00240
Val - Loss, MSE, RMSE, MAE, MAPE: 0.00347, 0.00347, 0.05835, 0.04164, 227568.99%
Test - Best epoch, Loss, MSE, RMSE, MAE, MAPE: 29, 0.00269, 0.00269, 0.05137, 0.03186, 7.57%
Time spent: 8.31s
- Epoch 034, ExpID 66479
Train - Loss (one batch): 0.00178
Val - Loss, MSE, RMSE, MAE, MAPE: 0.00308, 0.00308, 0.05489, 0.03694, 224483.75%
Test - Best epoch, Loss, MSE, RMSE, MAE, MAPE: 29, 0.00269, 0.00269, 0.05137, 0.03186, 7.57%
Time spent: 7.90s
- Epoch 035, ExpID 66479
Train - Loss (one batch): 0.00260
Val - Loss, MSE, RMSE, MAE, MAPE: 0.00272, 0.00272, 0.05143, 0.03139, 214341.42%
Test - Best epoch, Loss, MSE, RMSE, MAE, MAPE: 35, 0.00263, 0.00263, 0.05081, 0.03120, 7.44%
Time spent: 9.00s
- Epoch 036, ExpID 66479
Train - Loss (one batch): 0.00250
Val - Loss, MSE, RMSE, MAE, MAPE: 0.00272, 0.00272, 0.05138, 0.03124, 214902.47%
Test - Best epoch, Loss, MSE, RMSE, MAE, MAPE: 36, 0.00262, 0.00262, 0.05073, 0.03108, 7.43%
Time spent: 8.96s
- Epoch 037, ExpID 66479
Train - Loss (one batch): 0.00261
Val - Loss, MSE, RMSE, MAE, MAPE: 0.00284, 0.00284, 0.05255, 0.03331, 221610.65%
Test - Best epoch, Loss, MSE, RMSE, MAE, MAPE: 36, 0.00262, 0.00262, 0.05073, 0.03108, 7.43%
Time spent: 8.06s
- Epoch 038, ExpID 66479
Train - Loss (one batch): 0.00233
Val - Loss, MSE, RMSE, MAE, MAPE: 0.00277, 0.00277, 0.05184, 0.03194, 211999.61%
Test - Best epoch, Loss, MSE, RMSE, MAE, MAPE: 36, 0.00262, 0.00262, 0.05073, 0.03108, 7.43%
Time spent: 8.07s
- Epoch 039, ExpID 66479
Train - Loss (one batch): 0.00216
Val - Loss, MSE, RMSE, MAE, MAPE: 0.00275, 0.00275, 0.05163, 0.03150, 213536.12%
Test - Best epoch, Loss, MSE, RMSE, MAE, MAPE: 36, 0.00262, 0.00262, 0.05073, 0.03108, 7.43%
Time spent: 8.17s
- Epoch 040, ExpID 66479
Train - Loss (one batch): 0.00277
Val - Loss, MSE, RMSE, MAE, MAPE: 0.00311, 0.00311, 0.05520, 0.03757, 223414.46%
Test - Best epoch, Loss, MSE, RMSE, MAE, MAPE: 36, 0.00262, 0.00262, 0.05073, 0.03108, 7.43%
Time spent: 8.03s
- Epoch 041, ExpID 66479
Train - Loss (one batch): 0.00238
Val - Loss, MSE, RMSE, MAE, MAPE: 0.00295, 0.00295, 0.05361, 0.03519, 223250.43%
Test - Best epoch, Loss, MSE, RMSE, MAE, MAPE: 36, 0.00262, 0.00262, 0.05073, 0.03108, 7.43%
Time spent: 8.19s
- Epoch 042, ExpID 66479
Train - Loss (one batch): 0.00221
Val - Loss, MSE, RMSE, MAE, MAPE: 0.00328, 0.00328, 0.05664, 0.03964, 226168.13%
Test - Best epoch, Loss, MSE, RMSE, MAE, MAPE: 36, 0.00262, 0.00262, 0.05073, 0.03108, 7.43%
Time spent: 8.08s
- Epoch 043, ExpID 66479
Train - Loss (one batch): 0.00235
Val - Loss, MSE, RMSE, MAE, MAPE: 0.00318, 0.00318, 0.05578, 0.03829, 222807.44%
Test - Best epoch, Loss, MSE, RMSE, MAE, MAPE: 36, 0.00262, 0.00262, 0.05073, 0.03108, 7.43%
Time spent: 8.22s
- Epoch 044, ExpID 66479
Train - Loss (one batch): 0.00228
Val - Loss, MSE, RMSE, MAE, MAPE: 0.00295, 0.00295, 0.05361, 0.03525, 223488.65%
Test - Best epoch, Loss, MSE, RMSE, MAE, MAPE: 36, 0.00262, 0.00262, 0.05073, 0.03108, 7.43%
Time spent: 8.28s
- Epoch 045, ExpID 66479
Train - Loss (one batch): 0.00271
Val - Loss, MSE, RMSE, MAE, MAPE: 0.00292, 0.00292, 0.05335, 0.03480, 223901.33%
Test - Best epoch, Loss, MSE, RMSE, MAE, MAPE: 36, 0.00262, 0.00262, 0.05073, 0.03108, 7.43%
Time spent: 8.19s
- Epoch 046, ExpID 66479
Train - Loss (one batch): 0.00328
Val - Loss, MSE, RMSE, MAE, MAPE: 0.00275, 0.00275, 0.05165, 0.03189, 216181.48%
Test - Best epoch, Loss, MSE, RMSE, MAE, MAPE: 36, 0.00262, 0.00262, 0.05073, 0.03108, 7.43%
Time spent: 7.98s
- Epoch 047, ExpID 66479
Train - Loss (one batch): 0.00269
Val - Loss, MSE, RMSE, MAE, MAPE: 0.00272, 0.00272, 0.05141, 0.03193, 216461.40%
Test - Best epoch, Loss, MSE, RMSE, MAE, MAPE: 36, 0.00262, 0.00262, 0.05073, 0.03108, 7.43%
Time spent: 7.99s
- Epoch 048, ExpID 66479
Train - Loss (one batch): 0.00262
Val - Loss, MSE, RMSE, MAE, MAPE: 0.00277, 0.00277, 0.05189, 0.03252, 214428.72%
Test - Best epoch, Loss, MSE, RMSE, MAE, MAPE: 36, 0.00262, 0.00262, 0.05073, 0.03108, 7.43%
Time spent: 7.90s
- Epoch 049, ExpID 66479
Train - Loss (one batch): 0.00244
Val - Loss, MSE, RMSE, MAE, MAPE: 0.00295, 0.00295, 0.05362, 0.03546, 227733.71%
Test - Best epoch, Loss, MSE, RMSE, MAE, MAPE: 36, 0.00262, 0.00262, 0.05073, 0.03108, 7.43%
Time spent: 7.85s
- Epoch 050, ExpID 66479
Train - Loss (one batch): 0.00174
Val - Loss, MSE, RMSE, MAE, MAPE: 0.00343, 0.00343, 0.05795, 0.04119, 225239.01%
Test - Best epoch, Loss, MSE, RMSE, MAE, MAPE: 36, 0.00262, 0.00262, 0.05073, 0.03108, 7.43%
Time spent: 8.03s
- Epoch 051, ExpID 66479
Train - Loss (one batch): 0.00292
Val - Loss, MSE, RMSE, MAE, MAPE: 0.00393, 0.00393, 0.06219, 0.04639, 236049.79%
Test - Best epoch, Loss, MSE, RMSE, MAE, MAPE: 36, 0.00262, 0.00262, 0.05073, 0.03108, 7.43%
Time spent: 7.83s
- Epoch 052, ExpID 66479
Train - Loss (one batch): 0.00275
Val - Loss, MSE, RMSE, MAE, MAPE: 0.00293, 0.00293, 0.05338, 0.03501, 226441.28%
Test - Best epoch, Loss, MSE, RMSE, MAE, MAPE: 36, 0.00262, 0.00262, 0.05073, 0.03108, 7.43%
Time spent: 8.01s
- Epoch 053, ExpID 66479
Train - Loss (one batch): 0.00297
Val - Loss, MSE, RMSE, MAE, MAPE: 0.00277, 0.00277, 0.05194, 0.03258, 212797.35%
Test - Best epoch, Loss, MSE, RMSE, MAE, MAPE: 36, 0.00262, 0.00262, 0.05073, 0.03108, 7.43%
Time spent: 8.40s
- Epoch 054, ExpID 66479
Train - Loss (one batch): 0.00275
Val - Loss, MSE, RMSE, MAE, MAPE: 0.00273, 0.00273, 0.05146, 0.03192, 217201.05%
Test - Best epoch, Loss, MSE, RMSE, MAE, MAPE: 36, 0.00262, 0.00262, 0.05073, 0.03108, 7.43%
Time spent: 7.99s
- Epoch 055, ExpID 66479
Train - Loss (one batch): 0.00202
Val - Loss, MSE, RMSE, MAE, MAPE: 0.00282, 0.00282, 0.05240, 0.03326, 213253.67%
Test - Best epoch, Loss, MSE, RMSE, MAE, MAPE: 36, 0.00262, 0.00262, 0.05073, 0.03108, 7.43%
Time spent: 8.15s
- Epoch 056, ExpID 66479
Train - Loss (one batch): 0.00197
Val - Loss, MSE, RMSE, MAE, MAPE: 0.00278, 0.00278, 0.05205, 0.03323, 217500.80%
Test - Best epoch, Loss, MSE, RMSE, MAE, MAPE: 36, 0.00262, 0.00262, 0.05073, 0.03108, 7.43%
Time spent: 8.03s
- Epoch 057, ExpID 66479
Train - Loss (one batch): 0.00309
Val - Loss, MSE, RMSE, MAE, MAPE: 0.00284, 0.00284, 0.05262, 0.03387, 216145.31%
Test - Best epoch, Loss, MSE, RMSE, MAE, MAPE: 36, 0.00262, 0.00262, 0.05073, 0.03108, 7.43%
Time spent: 8.07s
- Epoch 058, ExpID 66479
Train - Loss (one batch): 0.00231
Val - Loss, MSE, RMSE, MAE, MAPE: 0.00279, 0.00279, 0.05214, 0.03346, 219901.92%
Test - Best epoch, Loss, MSE, RMSE, MAE, MAPE: 36, 0.00262, 0.00262, 0.05073, 0.03108, 7.43%
Time spent: 8.13s
- Epoch 059, ExpID 66479
Train - Loss (one batch): 0.00249
Val - Loss, MSE, RMSE, MAE, MAPE: 0.00285, 0.00285, 0.05265, 0.03419, 216648.48%
Test - Best epoch, Loss, MSE, RMSE, MAE, MAPE: 36, 0.00262, 0.00262, 0.05073, 0.03108, 7.43%
Time spent: 7.94s
- Epoch 060, ExpID 66479
Train - Loss (one batch): 0.00172
Val - Loss, MSE, RMSE, MAE, MAPE: 0.00278, 0.00278, 0.05200, 0.03236, 209180.61%
Test - Best epoch, Loss, MSE, RMSE, MAE, MAPE: 36, 0.00262, 0.00262, 0.05073, 0.03108, 7.43%
Time spent: 7.98s
- Epoch 061, ExpID 66479
Train - Loss (one batch): 0.00210
Val - Loss, MSE, RMSE, MAE, MAPE: 0.00274, 0.00274, 0.05167, 0.03248, 215020.47%
Test - Best epoch, Loss, MSE, RMSE, MAE, MAPE: 36, 0.00262, 0.00262, 0.05073, 0.03108, 7.43%
Time spent: 7.88s
- Epoch 062, ExpID 66479
Train - Loss (one batch): 0.00238
Val - Loss, MSE, RMSE, MAE, MAPE: 0.00299, 0.00299, 0.05402, 0.03569, 216242.68%
Test - Best epoch, Loss, MSE, RMSE, MAE, MAPE: 36, 0.00262, 0.00262, 0.05073, 0.03108, 7.43%
Time spent: 7.89s
- Epoch 063, ExpID 66479
Train - Loss (one batch): 0.00202
Val - Loss, MSE, RMSE, MAE, MAPE: 0.00287, 0.00287, 0.05288, 0.03462, 221664.27%
Test - Best epoch, Loss, MSE, RMSE, MAE, MAPE: 36, 0.00262, 0.00262, 0.05073, 0.03108, 7.43%
Time spent: 8.19s
- Epoch 064, ExpID 66479
Train - Loss (one batch): 0.00240
Val - Loss, MSE, RMSE, MAE, MAPE: 0.00304, 0.00304, 0.05449, 0.03658, 218967.05%
Test - Best epoch, Loss, MSE, RMSE, MAE, MAPE: 36, 0.00262, 0.00262, 0.05073, 0.03108, 7.43%
Time spent: 7.88s
- Epoch 065, ExpID 66479
Train - Loss (one batch): 0.00286
Val - Loss, MSE, RMSE, MAE, MAPE: 0.00298, 0.00298, 0.05393, 0.03608, 221239.18%
Test - Best epoch, Loss, MSE, RMSE, MAE, MAPE: 36, 0.00262, 0.00262, 0.05073, 0.03108, 7.43%
Time spent: 7.96s
- Epoch 066, ExpID 66479
Train - Loss (one batch): 0.00264
Val - Loss, MSE, RMSE, MAE, MAPE: 0.00273, 0.00273, 0.05155, 0.03246, 211354.74%
Test - Best epoch, Loss, MSE, RMSE, MAE, MAPE: 36, 0.00262, 0.00262, 0.05073, 0.03108, 7.43%
Time spent: 8.03s
- Epoch 067, ExpID 66479
Train - Loss (one batch): 0.00269
Val - Loss, MSE, RMSE, MAE, MAPE: 0.00279, 0.00279, 0.05212, 0.03341, 218669.96%
Test - Best epoch, Loss, MSE, RMSE, MAE, MAPE: 36, 0.00262, 0.00262, 0.05073, 0.03108, 7.43%
Time spent: 7.96s
- Epoch 068, ExpID 66479
Train - Loss (one batch): 0.00267
Val - Loss, MSE, RMSE, MAE, MAPE: 0.00290, 0.00290, 0.05318, 0.03499, 221296.95%
Test - Best epoch, Loss, MSE, RMSE, MAE, MAPE: 36, 0.00262, 0.00262, 0.05073, 0.03108, 7.43%
Time spent: 7.86s
- Epoch 069, ExpID 66479
Train - Loss (one batch): 0.00327
Val - Loss, MSE, RMSE, MAE, MAPE: 0.00324, 0.00324, 0.05638, 0.03935, 222713.21%
Test - Best epoch, Loss, MSE, RMSE, MAE, MAPE: 36, 0.00262, 0.00262, 0.05073, 0.03108, 7.43%
Time spent: 8.09s
- Epoch 070, ExpID 66479
Train - Loss (one batch): 0.00191
Val - Loss, MSE, RMSE, MAE, MAPE: 0.00303, 0.00303, 0.05440, 0.03651, 217773.38%
Test - Best epoch, Loss, MSE, RMSE, MAE, MAPE: 36, 0.00262, 0.00262, 0.05073, 0.03108, 7.43%
Time spent: 8.09s
- Epoch 071, ExpID 66479
Train - Loss (one batch): 0.00196
Val - Loss, MSE, RMSE, MAE, MAPE: 0.00291, 0.00291, 0.05327, 0.03527, 219554.16%
Test - Best epoch, Loss, MSE, RMSE, MAE, MAPE: 36, 0.00262, 0.00262, 0.05073, 0.03108, 7.43%
Time spent: 8.09s
- Epoch 072, ExpID 66479
Train - Loss (one batch): 0.00246
Val - Loss, MSE, RMSE, MAE, MAPE: 0.00305, 0.00305, 0.05453, 0.03656, 211804.16%
Test - Best epoch, Loss, MSE, RMSE, MAE, MAPE: 36, 0.00262, 0.00262, 0.05073, 0.03108, 7.43%
Time spent: 8.04s
- Epoch 073, ExpID 66479
Train - Loss (one batch): 0.00196
Val - Loss, MSE, RMSE, MAE, MAPE: 0.00266, 0.00266, 0.05087, 0.03148, 215704.22%
Test - Best epoch, Loss, MSE, RMSE, MAE, MAPE: 73, 0.00260, 0.00260, 0.05052, 0.03169, 7.66%
Time spent: 8.88s
- Epoch 074, ExpID 66479
Train - Loss (one batch): 0.00236
Val - Loss, MSE, RMSE, MAE, MAPE: 0.00315, 0.00315, 0.05553, 0.03824, 217824.03%
Test - Best epoch, Loss, MSE, RMSE, MAE, MAPE: 73, 0.00260, 0.00260, 0.05052, 0.03169, 7.66%
Time spent: 8.07s
- Epoch 075, ExpID 66479
Train - Loss (one batch): 0.00394
Val - Loss, MSE, RMSE, MAE, MAPE: 0.00288, 0.00288, 0.05304, 0.03490, 218985.54%
Test - Best epoch, Loss, MSE, RMSE, MAE, MAPE: 73, 0.00260, 0.00260, 0.05052, 0.03169, 7.66%
Time spent: 7.91s
- Epoch 076, ExpID 66479
Train - Loss (one batch): 0.00300
Val - Loss, MSE, RMSE, MAE, MAPE: 0.00289, 0.00289, 0.05313, 0.03479, 220546.27%
Test - Best epoch, Loss, MSE, RMSE, MAE, MAPE: 73, 0.00260, 0.00260, 0.05052, 0.03169, 7.66%
Time spent: 8.10s
- Epoch 077, ExpID 66479
Train - Loss (one batch): 0.00227
Val - Loss, MSE, RMSE, MAE, MAPE: 0.00324, 0.00324, 0.05634, 0.03973, 225384.14%
Test - Best epoch, Loss, MSE, RMSE, MAE, MAPE: 73, 0.00260, 0.00260, 0.05052, 0.03169, 7.66%
Time spent: 7.85s
- Epoch 078, ExpID 66479
Train - Loss (one batch): 0.00219
Val - Loss, MSE, RMSE, MAE, MAPE: 0.00275, 0.00275, 0.05168, 0.03241, 216427.55%
Test - Best epoch, Loss, MSE, RMSE, MAE, MAPE: 73, 0.00260, 0.00260, 0.05052, 0.03169, 7.66%
Time spent: 7.98s
- Epoch 079, ExpID 66479
Train - Loss (one batch): 0.00284
Val - Loss, MSE, RMSE, MAE, MAPE: 0.00291, 0.00291, 0.05332, 0.03525, 219026.59%
Test - Best epoch, Loss, MSE, RMSE, MAE, MAPE: 73, 0.00260, 0.00260, 0.05052, 0.03169, 7.66%
Time spent: 8.06s
- Epoch 080, ExpID 66479
Train - Loss (one batch): 0.00249
Val - Loss, MSE, RMSE, MAE, MAPE: 0.00307, 0.00307, 0.05476, 0.03701, 225334.93%
Test - Best epoch, Loss, MSE, RMSE, MAE, MAPE: 73, 0.00260, 0.00260, 0.05052, 0.03169, 7.66%
Time spent: 7.92s
- Epoch 081, ExpID 66479
Train - Loss (one batch): 0.00257
Val - Loss, MSE, RMSE, MAE, MAPE: 0.00292, 0.00292, 0.05335, 0.03519, 221611.55%
Test - Best epoch, Loss, MSE, RMSE, MAE, MAPE: 73, 0.00260, 0.00260, 0.05052, 0.03169, 7.66%
Time spent: 8.08s
- Epoch 082, ExpID 66479
Train - Loss (one batch): 0.00227
Val - Loss, MSE, RMSE, MAE, MAPE: 0.00284, 0.00284, 0.05262, 0.03422, 211131.37%
Test - Best epoch, Loss, MSE, RMSE, MAE, MAPE: 73, 0.00260, 0.00260, 0.05052, 0.03169, 7.66%
Time spent: 7.92s
- Epoch 083, ExpID 66479
Train - Loss (one batch): 0.00215
Val - Loss, MSE, RMSE, MAE, MAPE: 0.00274, 0.00274, 0.05166, 0.03289, 218343.48%
Test - Best epoch, Loss, MSE, RMSE, MAE, MAPE: 73, 0.00260, 0.00260, 0.05052, 0.03169, 7.66%
Time spent: 7.86s
- Epoch 084, ExpID 66479
Train - Loss (one batch): 0.00271
Val - Loss, MSE, RMSE, MAE, MAPE: 0.00281, 0.00281, 0.05232, 0.03345, 218255.76%
Test - Best epoch, Loss, MSE, RMSE, MAE, MAPE: 73, 0.00260, 0.00260, 0.05052, 0.03169, 7.66%
Time spent: 7.90s
- Epoch 085, ExpID 66479
Train - Loss (one batch): 0.00261
Val - Loss, MSE, RMSE, MAE, MAPE: 0.00292, 0.00292, 0.05343, 0.03538, 217959.63%
Test - Best epoch, Loss, MSE, RMSE, MAE, MAPE: 73, 0.00260, 0.00260, 0.05052, 0.03169, 7.66%
Time spent: 8.30s
- Epoch 086, ExpID 66479
Train - Loss (one batch): 0.00177
Val - Loss, MSE, RMSE, MAE, MAPE: 0.00281, 0.00281, 0.05233, 0.03374, 216434.61%
Test - Best epoch, Loss, MSE, RMSE, MAE, MAPE: 73, 0.00260, 0.00260, 0.05052, 0.03169, 7.66%
Time spent: 8.26s
- Epoch 087, ExpID 66479
Train - Loss (one batch): 0.00285
Val - Loss, MSE, RMSE, MAE, MAPE: 0.00340, 0.00340, 0.05773, 0.04138, 233897.24%
Test - Best epoch, Loss, MSE, RMSE, MAE, MAPE: 73, 0.00260, 0.00260, 0.05052, 0.03169, 7.66%
Time spent: 7.92s
- Epoch 088, ExpID 66479
Train - Loss (one batch): 0.00192
Val - Loss, MSE, RMSE, MAE, MAPE: 0.00268, 0.00268, 0.05101, 0.03158, 214704.45%
Test - Best epoch, Loss, MSE, RMSE, MAE, MAPE: 73, 0.00260, 0.00260, 0.05052, 0.03169, 7.66%
Time spent: 7.92s
- Epoch 089, ExpID 66479
Train - Loss (one batch): 0.00249
Val - Loss, MSE, RMSE, MAE, MAPE: 0.00275, 0.00275, 0.05167, 0.03237, 214708.48%
Test - Best epoch, Loss, MSE, RMSE, MAE, MAPE: 73, 0.00260, 0.00260, 0.05052, 0.03169, 7.66%
Time spent: 8.10s
- Epoch 090, ExpID 66479
Train - Loss (one batch): 0.00245
Val - Loss, MSE, RMSE, MAE, MAPE: 0.00294, 0.00294, 0.05357, 0.03536, 219646.87%
Test - Best epoch, Loss, MSE, RMSE, MAE, MAPE: 73, 0.00260, 0.00260, 0.05052, 0.03169, 7.66%
Time spent: 7.89s
- Epoch 091, ExpID 66479
Train - Loss (one batch): 0.00194
Val - Loss, MSE, RMSE, MAE, MAPE: 0.00275, 0.00275, 0.05172, 0.03305, 219558.98%
Test - Best epoch, Loss, MSE, RMSE, MAE, MAPE: 73, 0.00260, 0.00260, 0.05052, 0.03169, 7.66%
Time spent: 7.95s
- Epoch 092, ExpID 66479
Train - Loss (one batch): 0.00164
Val - Loss, MSE, RMSE, MAE, MAPE: 0.00272, 0.00272, 0.05138, 0.03213, 211470.66%
Test - Best epoch, Loss, MSE, RMSE, MAE, MAPE: 73, 0.00260, 0.00260, 0.05052, 0.03169, 7.66%
Time spent: 7.96s
- Epoch 093, ExpID 66479
Train - Loss (one batch): 0.00224
Val - Loss, MSE, RMSE, MAE, MAPE: 0.00302, 0.00302, 0.05434, 0.03624, 222503.44%
Test - Best epoch, Loss, MSE, RMSE, MAE, MAPE: 73, 0.00260, 0.00260, 0.05052, 0.03169, 7.66%
Time spent: 7.89s
- Epoch 094, ExpID 66479
Train - Loss (one batch): 0.00295
Val - Loss, MSE, RMSE, MAE, MAPE: 0.00278, 0.00278, 0.05204, 0.03319, 218594.45%
Test - Best epoch, Loss, MSE, RMSE, MAE, MAPE: 73, 0.00260, 0.00260, 0.05052, 0.03169, 7.66%
Time spent: 7.89s
- Epoch 095, ExpID 66479
Train - Loss (one batch): 0.00211
Val - Loss, MSE, RMSE, MAE, MAPE: 0.00272, 0.00272, 0.05136, 0.03218, 221165.02%
Test - Best epoch, Loss, MSE, RMSE, MAE, MAPE: 73, 0.00260, 0.00260, 0.05052, 0.03169, 7.66%
Time spent: 8.12s
- Epoch 096, ExpID 66479
Train - Loss (one batch): 0.00291
Val - Loss, MSE, RMSE, MAE, MAPE: 0.00275, 0.00275, 0.05179, 0.03283, 222078.80%
Test - Best epoch, Loss, MSE, RMSE, MAE, MAPE: 73, 0.00260, 0.00260, 0.05052, 0.03169, 7.66%
Time spent: 7.90s
- Epoch 097, ExpID 66479
Train - Loss (one batch): 0.00259
Val - Loss, MSE, RMSE, MAE, MAPE: 0.00301, 0.00301, 0.05426, 0.03641, 229443.41%
Test - Best epoch, Loss, MSE, RMSE, MAE, MAPE: 73, 0.00260, 0.00260, 0.05052, 0.03169, 7.66%
Time spent: 7.89s
- Epoch 098, ExpID 66479
Train - Loss (one batch): 0.00236
Val - Loss, MSE, RMSE, MAE, MAPE: 0.00273, 0.00273, 0.05153, 0.03244, 224817.69%
Test - Best epoch, Loss, MSE, RMSE, MAE, MAPE: 73, 0.00260, 0.00260, 0.05052, 0.03169, 7.66%
Time spent: 7.88s
- Epoch 099, ExpID 66479
Train - Loss (one batch): 0.00270
Val - Loss, MSE, RMSE, MAE, MAPE: 0.00298, 0.00298, 0.05400, 0.03620, 225790.28%
Test - Best epoch, Loss, MSE, RMSE, MAE, MAPE: 73, 0.00260, 0.00260, 0.05052, 0.03169, 7.66%
Time spent: 7.96s
- Epoch 100, ExpID 66479
Train - Loss (one batch): 0.00205
Val - Loss, MSE, RMSE, MAE, MAPE: 0.00270, 0.00270, 0.05115, 0.03185, 227133.24%
Test - Best epoch, Loss, MSE, RMSE, MAE, MAPE: 73, 0.00260, 0.00260, 0.05052, 0.03169, 7.66%
Time spent: 7.87s
- Epoch 101, ExpID 66479
Train - Loss (one batch): 0.00188
Val - Loss, MSE, RMSE, MAE, MAPE: 0.00275, 0.00275, 0.05172, 0.03233, 226531.55%
Test - Best epoch, Loss, MSE, RMSE, MAE, MAPE: 73, 0.00260, 0.00260, 0.05052, 0.03169, 7.66%
Time spent: 8.16s
- Epoch 102, ExpID 66479
Train - Loss (one batch): 0.00217
Val - Loss, MSE, RMSE, MAE, MAPE: 0.00297, 0.00297, 0.05386, 0.03579, 221103.36%
Test - Best epoch, Loss, MSE, RMSE, MAE, MAPE: 73, 0.00260, 0.00260, 0.05052, 0.03169, 7.66%
Time spent: 8.23s
- Epoch 103, ExpID 66479
Train - Loss (one batch): 0.00268
Val - Loss, MSE, RMSE, MAE, MAPE: 0.00282, 0.00282, 0.05241, 0.03367, 226098.09%
Test - Best epoch, Loss, MSE, RMSE, MAE, MAPE: 73, 0.00260, 0.00260, 0.05052, 0.03169, 7.66%
Time spent: 8.02s
- Epoch 104, ExpID 66479
Train - Loss (one batch): 0.00226
Val - Loss, MSE, RMSE, MAE, MAPE: 0.00268, 0.00268, 0.05105, 0.03166, 225319.24%
Test - Best epoch, Loss, MSE, RMSE, MAE, MAPE: 73, 0.00260, 0.00260, 0.05052, 0.03169, 7.66%
Time spent: 8.27s
- Epoch 105, ExpID 66479
Train - Loss (one batch): 0.00291
Val - Loss, MSE, RMSE, MAE, MAPE: 0.00284, 0.00284, 0.05263, 0.03429, 226706.54%
Test - Best epoch, Loss, MSE, RMSE, MAE, MAPE: 73, 0.00260, 0.00260, 0.05052, 0.03169, 7.66%
Time spent: 7.83s
- Epoch 106, ExpID 66479
Train - Loss (one batch): 0.00266
Val - Loss, MSE, RMSE, MAE, MAPE: 0.00272, 0.00272, 0.05138, 0.03217, 223106.36%
Test - Best epoch, Loss, MSE, RMSE, MAE, MAPE: 73, 0.00260, 0.00260, 0.05052, 0.03169, 7.66%
Time spent: 8.17s
- Epoch 107, ExpID 66479
Train - Loss (one batch): 0.00251
Val - Loss, MSE, RMSE, MAE, MAPE: 0.00274, 0.00274, 0.05174, 0.03263, 212888.97%
Test - Best epoch, Loss, MSE, RMSE, MAE, MAPE: 73, 0.00260, 0.00260, 0.05052, 0.03169, 7.66%
Time spent: 7.97s
- Epoch 108, ExpID 66479
Train - Loss (one batch): 0.00225
Val - Loss, MSE, RMSE, MAE, MAPE: 0.00302, 0.00302, 0.05434, 0.03646, 230705.22%
Test - Best epoch, Loss, MSE, RMSE, MAE, MAPE: 73, 0.00260, 0.00260, 0.05052, 0.03169, 7.66%
Time spent: 8.01s
- Epoch 109, ExpID 66479
Train - Loss (one batch): 0.00234
Val - Loss, MSE, RMSE, MAE, MAPE: 0.00345, 0.00345, 0.05822, 0.04157, 234691.12%
Test - Best epoch, Loss, MSE, RMSE, MAE, MAPE: 73, 0.00260, 0.00260, 0.05052, 0.03169, 7.66%
Time spent: 8.02s
- Epoch 110, ExpID 66479
Train - Loss (one batch): 0.00210
Val - Loss, MSE, RMSE, MAE, MAPE: 0.00277, 0.00277, 0.05190, 0.03292, 228693.02%
Test - Best epoch, Loss, MSE, RMSE, MAE, MAPE: 73, 0.00260, 0.00260, 0.05052, 0.03169, 7.66%
Time spent: 8.10s
- Epoch 111, ExpID 66479
Train - Loss (one batch): 0.00206
Val - Loss, MSE, RMSE, MAE, MAPE: 0.00335, 0.00335, 0.05733, 0.04065, 229614.64%
Test - Best epoch, Loss, MSE, RMSE, MAE, MAPE: 73, 0.00260, 0.00260, 0.05052, 0.03169, 7.66%
Time spent: 8.08s
- Epoch 112, ExpID 66479
Train - Loss (one batch): 0.00231
Val - Loss, MSE, RMSE, MAE, MAPE: 0.00300, 0.00300, 0.05412, 0.03619, 230089.86%
Test - Best epoch, Loss, MSE, RMSE, MAE, MAPE: 73, 0.00260, 0.00260, 0.05052, 0.03169, 7.66%
Time spent: 7.96s
- Epoch 113, ExpID 66479
Train - Loss (one batch): 0.00235
Val - Loss, MSE, RMSE, MAE, MAPE: 0.00358, 0.00358, 0.05936, 0.04340, 236374.01%
Test - Best epoch, Loss, MSE, RMSE, MAE, MAPE: 73, 0.00260, 0.00260, 0.05052, 0.03169, 7.66%
Time spent: 8.20s
- Epoch 114, ExpID 66479
Train - Loss (one batch): 0.00212
Val - Loss, MSE, RMSE, MAE, MAPE: 0.00289, 0.00289, 0.05313, 0.03464, 223160.51%
Test - Best epoch, Loss, MSE, RMSE, MAE, MAPE: 73, 0.00260, 0.00260, 0.05052, 0.03169, 7.66%
Time spent: 8.17s
- Epoch 115, ExpID 66479
Train - Loss (one batch): 0.00202
Val - Loss, MSE, RMSE, MAE, MAPE: 0.00276, 0.00276, 0.05182, 0.03286, 233405.81%
Test - Best epoch, Loss, MSE, RMSE, MAE, MAPE: 73, 0.00260, 0.00260, 0.05052, 0.03169, 7.66%
Time spent: 7.95s
- Epoch 116, ExpID 66479
Train - Loss (one batch): 0.00256
Val - Loss, MSE, RMSE, MAE, MAPE: 0.00268, 0.00268, 0.05105, 0.03165, 221933.79%
Test - Best epoch, Loss, MSE, RMSE, MAE, MAPE: 73, 0.00260, 0.00260, 0.05052, 0.03169, 7.66%
Time spent: 8.11s
- Epoch 117, ExpID 66479
Train - Loss (one batch): 0.00247
Val - Loss, MSE, RMSE, MAE, MAPE: 0.00286, 0.00286, 0.05274, 0.03418, 230846.37%
Test - Best epoch, Loss, MSE, RMSE, MAE, MAPE: 73, 0.00260, 0.00260, 0.05052, 0.03169, 7.66%
Time spent: 8.02s
- Epoch 118, ExpID 66479
Train - Loss (one batch): 0.00281
Val - Loss, MSE, RMSE, MAE, MAPE: 0.00276, 0.00276, 0.05186, 0.03269, 226203.79%
Test - Best epoch, Loss, MSE, RMSE, MAE, MAPE: 73, 0.00260, 0.00260, 0.05052, 0.03169, 7.66%
Time spent: 8.08s
- Epoch 119, ExpID 66479
Train - Loss (one batch): 0.00182
Val - Loss, MSE, RMSE, MAE, MAPE: 0.00269, 0.00269, 0.05109, 0.03138, 227363.09%
Test - Best epoch, Loss, MSE, RMSE, MAE, MAPE: 73, 0.00260, 0.00260, 0.05052, 0.03169, 7.66%
Time spent: 7.92s
- Epoch 120, ExpID 66479
Train - Loss (one batch): 0.00245
Val - Loss, MSE, RMSE, MAE, MAPE: 0.00270, 0.00270, 0.05120, 0.03187, 216548.98%
Test - Best epoch, Loss, MSE, RMSE, MAE, MAPE: 73, 0.00260, 0.00260, 0.05052, 0.03169, 7.66%
Time spent: 8.09s
- Epoch 121, ExpID 66479
Train - Loss (one batch): 0.00209
Val - Loss, MSE, RMSE, MAE, MAPE: 0.00280, 0.00280, 0.05225, 0.03320, 227232.78%
Test - Best epoch, Loss, MSE, RMSE, MAE, MAPE: 73, 0.00260, 0.00260, 0.05052, 0.03169, 7.66%
Time spent: 7.93s
- Epoch 122, ExpID 66479
Train - Loss (one batch): 0.00203
Val - Loss, MSE, RMSE, MAE, MAPE: 0.00284, 0.00284, 0.05259, 0.03377, 226797.08%
Test - Best epoch, Loss, MSE, RMSE, MAE, MAPE: 73, 0.00260, 0.00260, 0.05052, 0.03169, 7.66%
Time spent: 7.84s
- Epoch 123, ExpID 66479
Train - Loss (one batch): 0.00187
Val - Loss, MSE, RMSE, MAE, MAPE: 0.00290, 0.00290, 0.05314, 0.03464, 235526.00%
Test - Best epoch, Loss, MSE, RMSE, MAE, MAPE: 73, 0.00260, 0.00260, 0.05052, 0.03169, 7.66%
Time spent: 8.09s
- Epoch 124, ExpID 66479
Train - Loss (one batch): 0.00176
Val - Loss, MSE, RMSE, MAE, MAPE: 0.00270, 0.00270, 0.05121, 0.03169, 228727.52%
Test - Best epoch, Loss, MSE, RMSE, MAE, MAPE: 73, 0.00260, 0.00260, 0.05052, 0.03169, 7.66%
Time spent: 8.16s
- Epoch 125, ExpID 66479
Train - Loss (one batch): 0.00218
Val - Loss, MSE, RMSE, MAE, MAPE: 0.00296, 0.00296, 0.05372, 0.03554, 232450.76%
Test - Best epoch, Loss, MSE, RMSE, MAE, MAPE: 73, 0.00260, 0.00260, 0.05052, 0.03169, 7.66%
Time spent: 8.09s
- Epoch 126, ExpID 66479
Train - Loss (one batch): 0.00185
Val - Loss, MSE, RMSE, MAE, MAPE: 0.00281, 0.00281, 0.05229, 0.03325, 226788.63%
Test - Best epoch, Loss, MSE, RMSE, MAE, MAPE: 73, 0.00260, 0.00260, 0.05052, 0.03169, 7.66%
Time spent: 7.86s
- Epoch 127, ExpID 66479
Train - Loss (one batch): 0.00227
Val - Loss, MSE, RMSE, MAE, MAPE: 0.00268, 0.00268, 0.05103, 0.03157, 228021.92%
Test - Best epoch, Loss, MSE, RMSE, MAE, MAPE: 73, 0.00260, 0.00260, 0.05052, 0.03169, 7.66%
Time spent: 7.95s
- Epoch 128, ExpID 66479
Train - Loss (one batch): 0.00209
Val - Loss, MSE, RMSE, MAE, MAPE: 0.00278, 0.00278, 0.05197, 0.03290, 233703.25%
Test - Best epoch, Loss, MSE, RMSE, MAE, MAPE: 73, 0.00260, 0.00260, 0.05052, 0.03169, 7.66%
Time spent: 8.29s
- Epoch 129, ExpID 66479
Train - Loss (one batch): 0.00193
Val - Loss, MSE, RMSE, MAE, MAPE: 0.00271, 0.00271, 0.05126, 0.03173, 227371.85%
Test - Best epoch, Loss, MSE, RMSE, MAE, MAPE: 73, 0.00260, 0.00260, 0.05052, 0.03169, 7.66%
Time spent: 8.01s
- Epoch 130, ExpID 66479
Train - Loss (one batch): 0.00175
Val - Loss, MSE, RMSE, MAE, MAPE: 0.00283, 0.00283, 0.05244, 0.03324, 230598.40%
Test - Best epoch, Loss, MSE, RMSE, MAE, MAPE: 73, 0.00260, 0.00260, 0.05052, 0.03169, 7.66%
Time spent: 8.05s
- Epoch 131, ExpID 66479
Train - Loss (one batch): 0.00194
Val - Loss, MSE, RMSE, MAE, MAPE: 0.00277, 0.00277, 0.05179, 0.03232, 227608.35%
Test - Best epoch, Loss, MSE, RMSE, MAE, MAPE: 73, 0.00260, 0.00260, 0.05052, 0.03169, 7.66%
Time spent: 8.11s
- Epoch 132, ExpID 66479
Train - Loss (one batch): 0.00210
Val - Loss, MSE, RMSE, MAE, MAPE: 0.00282, 0.00282, 0.05237, 0.03335, 227772.88%
Test - Best epoch, Loss, MSE, RMSE, MAE, MAPE: 73, 0.00260, 0.00260, 0.05052, 0.03169, 7.66%
Time spent: 8.02s
- Epoch 133, ExpID 66479
Train - Loss (one batch): 0.00240
Val - Loss, MSE, RMSE, MAE, MAPE: 0.00275, 0.00275, 0.05168, 0.03246, 234419.08%
Test - Best epoch, Loss, MSE, RMSE, MAE, MAPE: 73, 0.00260, 0.00260, 0.05052, 0.03169, 7.66%
Time spent: 8.02s
- Epoch 134, ExpID 66479
Train - Loss (one batch): 0.00175
Val - Loss, MSE, RMSE, MAE, MAPE: 0.00274, 0.00274, 0.05157, 0.03224, 237052.72%
Test - Best epoch, Loss, MSE, RMSE, MAE, MAPE: 73, 0.00260, 0.00260, 0.05052, 0.03169, 7.66%
Time spent: 8.14s
- Epoch 135, ExpID 66479
Train - Loss (one batch): 0.00183
Val - Loss, MSE, RMSE, MAE, MAPE: 0.00301, 0.00301, 0.05415, 0.03579, 242449.51%
Test - Best epoch, Loss, MSE, RMSE, MAE, MAPE: 73, 0.00260, 0.00260, 0.05052, 0.03169, 7.66%
Time spent: 8.14s
- Epoch 136, ExpID 66479
Train - Loss (one batch): 0.00257
Val - Loss, MSE, RMSE, MAE, MAPE: 0.00280, 0.00280, 0.05215, 0.03296, 232723.32%
Test - Best epoch, Loss, MSE, RMSE, MAE, MAPE: 73, 0.00260, 0.00260, 0.05052, 0.03169, 7.66%
Time spent: 7.98s
- Epoch 137, ExpID 66479
Train - Loss (one batch): 0.00225
Val - Loss, MSE, RMSE, MAE, MAPE: 0.00280, 0.00280, 0.05223, 0.03329, 222893.47%
Test - Best epoch, Loss, MSE, RMSE, MAE, MAPE: 73, 0.00260, 0.00260, 0.05052, 0.03169, 7.66%
Time spent: 7.92s
- Epoch 138, ExpID 66479
Train - Loss (one batch): 0.00227
Val - Loss, MSE, RMSE, MAE, MAPE: 0.00276, 0.00276, 0.05174, 0.03234, 227691.09%
Test - Best epoch, Loss, MSE, RMSE, MAE, MAPE: 73, 0.00260, 0.00260, 0.05052, 0.03169, 7.66%
Time spent: 8.22s
- Epoch 139, ExpID 66479
Train - Loss (one batch): 0.00275
Val - Loss, MSE, RMSE, MAE, MAPE: 0.00304, 0.00304, 0.05449, 0.03636, 237575.34%
Test - Best epoch, Loss, MSE, RMSE, MAE, MAPE: 73, 0.00260, 0.00260, 0.05052, 0.03169, 7.66%
Time spent: 8.11s
- Epoch 140, ExpID 66479
Train - Loss (one batch): 0.00204
Val - Loss, MSE, RMSE, MAE, MAPE: 0.00281, 0.00281, 0.05226, 0.03311, 233139.77%
Test - Best epoch, Loss, MSE, RMSE, MAE, MAPE: 73, 0.00260, 0.00260, 0.05052, 0.03169, 7.66%
Time spent: 8.15s
- Epoch 141, ExpID 66479
Train - Loss (one batch): 0.00191
Val - Loss, MSE, RMSE, MAE, MAPE: 0.00285, 0.00285, 0.05260, 0.03353, 222114.51%
Test - Best epoch, Loss, MSE, RMSE, MAE, MAPE: 73, 0.00260, 0.00260, 0.05052, 0.03169, 7.66%
Time spent: 8.16s
- Epoch 142, ExpID 66479
Train - Loss (one batch): 0.00226
Val - Loss, MSE, RMSE, MAE, MAPE: 0.00299, 0.00299, 0.05399, 0.03563, 236017.56%
Test - Best epoch, Loss, MSE, RMSE, MAE, MAPE: 73, 0.00260, 0.00260, 0.05052, 0.03169, 7.66%
Time spent: 7.99s
- Epoch 143, ExpID 66479
Train - Loss (one batch): 0.00189
Val - Loss, MSE, RMSE, MAE, MAPE: 0.00283, 0.00283, 0.05244, 0.03333, 237692.12%
Test - Best epoch, Loss, MSE, RMSE, MAE, MAPE: 73, 0.00260, 0.00260, 0.05052, 0.03169, 7.66%
Time spent: 7.93s
- Epoch 144, ExpID 66479
Train - Loss (one batch): 0.00251
Val - Loss, MSE, RMSE, MAE, MAPE: 0.00307, 0.00307, 0.05469, 0.03669, 236754.12%
Test - Best epoch, Loss, MSE, RMSE, MAE, MAPE: 73, 0.00260, 0.00260, 0.05052, 0.03169, 7.66%
Time spent: 7.96s
- Epoch 145, ExpID 66479
Train - Loss (one batch): 0.00200
Val - Loss, MSE, RMSE, MAE, MAPE: 0.00284, 0.00284, 0.05246, 0.03312, 231241.69%
Test - Best epoch, Loss, MSE, RMSE, MAE, MAPE: 73, 0.00260, 0.00260, 0.05052, 0.03169, 7.66%
Time spent: 7.93s
- Epoch 146, ExpID 66479
Train - Loss (one batch): 0.00200
Val - Loss, MSE, RMSE, MAE, MAPE: 0.00324, 0.00324, 0.05621, 0.03817, 240051.05%
Test - Best epoch, Loss, MSE, RMSE, MAE, MAPE: 73, 0.00260, 0.00260, 0.05052, 0.03169, 7.66%
Time spent: 8.10s
- Epoch 147, ExpID 66479
Train - Loss (one batch): 0.00213
Val - Loss, MSE, RMSE, MAE, MAPE: 0.00277, 0.00277, 0.05187, 0.03244, 230301.52%
Test - Best epoch, Loss, MSE, RMSE, MAE, MAPE: 73, 0.00260, 0.00260, 0.05052, 0.03169, 7.66%
Time spent: 8.27s
- Epoch 148, ExpID 66479
Train - Loss (one batch): 0.00186
Val - Loss, MSE, RMSE, MAE, MAPE: 0.00277, 0.00277, 0.05188, 0.03247, 227371.03%
Test - Best epoch, Loss, MSE, RMSE, MAE, MAPE: 73, 0.00260, 0.00260, 0.05052, 0.03169, 7.66%
Time spent: 8.04s
- Epoch 149, ExpID 66479
Train - Loss (one batch): 0.00229
Val - Loss, MSE, RMSE, MAE, MAPE: 0.00279, 0.00279, 0.05202, 0.03245, 234400.88%
Test - Best epoch, Loss, MSE, RMSE, MAE, MAPE: 73, 0.00260, 0.00260, 0.05052, 0.03169, 7.66%
Time spent: 7.82s
- Epoch 150, ExpID 66479
Train - Loss (one batch): 0.00197
Val - Loss, MSE, RMSE, MAE, MAPE: 0.00306, 0.00306, 0.05461, 0.03619, 234463.04%
Test - Best epoch, Loss, MSE, RMSE, MAE, MAPE: 73, 0.00260, 0.00260, 0.05052, 0.03169, 7.66%
Time spent: 8.03s
- Epoch 151, ExpID 66479
Train - Loss (one batch): 0.00190
Val - Loss, MSE, RMSE, MAE, MAPE: 0.00296, 0.00296, 0.05373, 0.03526, 225318.26%
Test - Best epoch, Loss, MSE, RMSE, MAE, MAPE: 73, 0.00260, 0.00260, 0.05052, 0.03169, 7.66%
Time spent: 8.19s
- Epoch 152, ExpID 66479
Train - Loss (one batch): 0.00198
Val - Loss, MSE, RMSE, MAE, MAPE: 0.00277, 0.00277, 0.05187, 0.03249, 227739.67%
Test - Best epoch, Loss, MSE, RMSE, MAE, MAPE: 73, 0.00260, 0.00260, 0.05052, 0.03169, 7.66%
Time spent: 7.98s
- Epoch 153, ExpID 66479
Train - Loss (one batch): 0.00207
Val - Loss, MSE, RMSE, MAE, MAPE: 0.00279, 0.00279, 0.05209, 0.03257, 238872.56%
Test - Best epoch, Loss, MSE, RMSE, MAE, MAPE: 73, 0.00260, 0.00260, 0.05052, 0.03169, 7.66%
Time spent: 8.05s
