/home/ouass/Test/MSP-IMTS/tPatchGNN/run_models.py
2025-10-28 13:30:58
run_models.py --dataset activity --history 4000 --hid_dim 64 --te_dim 10 --node_dim 10 --nlayer 1 --tf_layer 1 --nhead 1 --batch_size 64 --lr 1e-3 --w_decay 1e-4 --patience 80 --epoch 400 --seed 1 --gpu 0 --multi_scales 200,1200 --multi_strides 100,600 --fusion concat
Namespace(multi_scales='200,1200', multi_strides='100,600', fusion='concat', state='def', n=100000000, hop=1, nhead=1, tf_layer=1, nlayer=1, epoch=400, patience=80, history=4000, patch_size=24, stride=24, logmode='a', lr=0.001, w_decay=0.0001, batch_size=64, save='experiments/', load=None, seed=1, dataset='activity', quantization=0.0, model='tPatchGNN', outlayer='Linear', hid_dim=64, te_dim=10, node_dim=10, gpu='0', npatch=167, device=device(type='cuda'), PID=611088, pred_window=1000, ndim=12)
- Epoch 000, ExpID 69058
Train - Loss (one batch): 0.00699
Val - Loss, MSE, RMSE, MAE, MAPE: 0.00834, 0.00834, 0.09018, 0.06773, 266285.63%
Test - Best epoch, Loss, MSE, RMSE, MAE, MAPE: 0, 0.00735, 0.00735, 0.08476, 0.06392, 15.03%
Time spent: 8.72s
- Epoch 001, ExpID 69058
Train - Loss (one batch): 0.00368
Val - Loss, MSE, RMSE, MAE, MAPE: 0.00368, 0.00368, 0.05995, 0.03889, 223168.15%
Test - Best epoch, Loss, MSE, RMSE, MAE, MAPE: 1, 0.00342, 0.00342, 0.05800, 0.03754, 8.87%
Time spent: 8.28s
- Epoch 002, ExpID 69058
Train - Loss (one batch): 0.00305
Val - Loss, MSE, RMSE, MAE, MAPE: 0.00329, 0.00329, 0.05657, 0.03524, 223329.70%
Test - Best epoch, Loss, MSE, RMSE, MAE, MAPE: 2, 0.00310, 0.00310, 0.05514, 0.03448, 8.19%
Time spent: 8.37s
- Epoch 003, ExpID 69058
Train - Loss (one batch): 0.00328
Val - Loss, MSE, RMSE, MAE, MAPE: 0.00386, 0.00386, 0.06161, 0.04373, 231163.53%
Test - Best epoch, Loss, MSE, RMSE, MAE, MAPE: 2, 0.00310, 0.00310, 0.05514, 0.03448, 8.19%
Time spent: 7.20s
- Epoch 004, ExpID 69058
Train - Loss (one batch): 0.00266
Val - Loss, MSE, RMSE, MAE, MAPE: 0.00319, 0.00319, 0.05579, 0.03565, 223789.48%
Test - Best epoch, Loss, MSE, RMSE, MAE, MAPE: 4, 0.00308, 0.00308, 0.05507, 0.03533, 8.40%
Time spent: 8.41s
- Epoch 005, ExpID 69058
Train - Loss (one batch): 0.00274
Val - Loss, MSE, RMSE, MAE, MAPE: 0.00336, 0.00336, 0.05741, 0.03831, 225503.44%
Test - Best epoch, Loss, MSE, RMSE, MAE, MAPE: 4, 0.00308, 0.00308, 0.05507, 0.03533, 8.40%
Time spent: 6.83s
- Epoch 006, ExpID 69058
Train - Loss (one batch): 0.00211
Val - Loss, MSE, RMSE, MAE, MAPE: 0.00376, 0.00376, 0.06086, 0.04396, 233707.01%
Test - Best epoch, Loss, MSE, RMSE, MAE, MAPE: 4, 0.00308, 0.00308, 0.05507, 0.03533, 8.40%
Time spent: 7.10s
- Epoch 007, ExpID 69058
Train - Loss (one batch): 0.00272
Val - Loss, MSE, RMSE, MAE, MAPE: 0.00292, 0.00292, 0.05328, 0.03220, 217625.45%
Test - Best epoch, Loss, MSE, RMSE, MAE, MAPE: 7, 0.00282, 0.00282, 0.05262, 0.03203, 7.61%
Time spent: 8.30s
- Epoch 008, ExpID 69058
Train - Loss (one batch): 0.00282
Val - Loss, MSE, RMSE, MAE, MAPE: 0.00290, 0.00290, 0.05313, 0.03255, 217371.30%
Test - Best epoch, Loss, MSE, RMSE, MAE, MAPE: 8, 0.00280, 0.00280, 0.05239, 0.03223, 7.68%
Time spent: 8.30s
- Epoch 009, ExpID 69058
Train - Loss (one batch): 0.00289
Val - Loss, MSE, RMSE, MAE, MAPE: 0.00300, 0.00300, 0.05407, 0.03402, 221625.22%
Test - Best epoch, Loss, MSE, RMSE, MAE, MAPE: 8, 0.00280, 0.00280, 0.05239, 0.03223, 7.68%
Time spent: 7.43s
- Epoch 010, ExpID 69058
Train - Loss (one batch): 0.00289
Val - Loss, MSE, RMSE, MAE, MAPE: 0.00306, 0.00306, 0.05467, 0.03490, 219137.26%
Test - Best epoch, Loss, MSE, RMSE, MAE, MAPE: 8, 0.00280, 0.00280, 0.05239, 0.03223, 7.68%
Time spent: 7.04s
- Epoch 011, ExpID 69058
Train - Loss (one batch): 0.00232
Val - Loss, MSE, RMSE, MAE, MAPE: 0.00337, 0.00337, 0.05749, 0.03955, 226343.98%
Test - Best epoch, Loss, MSE, RMSE, MAE, MAPE: 8, 0.00280, 0.00280, 0.05239, 0.03223, 7.68%
Time spent: 7.33s
- Epoch 012, ExpID 69058
Train - Loss (one batch): 0.00308
Val - Loss, MSE, RMSE, MAE, MAPE: 0.00296, 0.00296, 0.05366, 0.03354, 215855.88%
Test - Best epoch, Loss, MSE, RMSE, MAE, MAPE: 8, 0.00280, 0.00280, 0.05239, 0.03223, 7.68%
Time spent: 6.96s
- Epoch 013, ExpID 69058
Train - Loss (one batch): 0.00299
Val - Loss, MSE, RMSE, MAE, MAPE: 0.00316, 0.00316, 0.05559, 0.03680, 226043.97%
Test - Best epoch, Loss, MSE, RMSE, MAE, MAPE: 8, 0.00280, 0.00280, 0.05239, 0.03223, 7.68%
Time spent: 7.08s
- Epoch 014, ExpID 69058
Train - Loss (one batch): 0.00197
Val - Loss, MSE, RMSE, MAE, MAPE: 0.00301, 0.00301, 0.05416, 0.03446, 204137.66%
Test - Best epoch, Loss, MSE, RMSE, MAE, MAPE: 8, 0.00280, 0.00280, 0.05239, 0.03223, 7.68%
Time spent: 7.15s
- Epoch 015, ExpID 69058
Train - Loss (one batch): 0.00235
Val - Loss, MSE, RMSE, MAE, MAPE: 0.00293, 0.00293, 0.05340, 0.03352, 219676.06%
Test - Best epoch, Loss, MSE, RMSE, MAE, MAPE: 8, 0.00280, 0.00280, 0.05239, 0.03223, 7.68%
Time spent: 7.07s
- Epoch 016, ExpID 69058
Train - Loss (one batch): 0.00236
Val - Loss, MSE, RMSE, MAE, MAPE: 0.00321, 0.00321, 0.05603, 0.03724, 216271.22%
Test - Best epoch, Loss, MSE, RMSE, MAE, MAPE: 8, 0.00280, 0.00280, 0.05239, 0.03223, 7.68%
Time spent: 7.34s
- Epoch 017, ExpID 69058
Train - Loss (one batch): 0.00276
Val - Loss, MSE, RMSE, MAE, MAPE: 0.00312, 0.00312, 0.05517, 0.03654, 225061.90%
Test - Best epoch, Loss, MSE, RMSE, MAE, MAPE: 8, 0.00280, 0.00280, 0.05239, 0.03223, 7.68%
Time spent: 7.51s
- Epoch 018, ExpID 69058
Train - Loss (one batch): 0.00279
Val - Loss, MSE, RMSE, MAE, MAPE: 0.00295, 0.00295, 0.05362, 0.03407, 217585.24%
Test - Best epoch, Loss, MSE, RMSE, MAE, MAPE: 8, 0.00280, 0.00280, 0.05239, 0.03223, 7.68%
Time spent: 7.02s
- Epoch 019, ExpID 69058
Train - Loss (one batch): 0.00282
Val - Loss, MSE, RMSE, MAE, MAPE: 0.00287, 0.00287, 0.05286, 0.03278, 218106.97%
Test - Best epoch, Loss, MSE, RMSE, MAE, MAPE: 19, 0.00279, 0.00279, 0.05234, 0.03272, 7.82%
Time spent: 7.77s
- Epoch 020, ExpID 69058
Train - Loss (one batch): 0.00271
Val - Loss, MSE, RMSE, MAE, MAPE: 0.00280, 0.00280, 0.05216, 0.03175, 210941.87%
Test - Best epoch, Loss, MSE, RMSE, MAE, MAPE: 20, 0.00273, 0.00273, 0.05176, 0.03171, 7.47%
Time spent: 8.56s
- Epoch 021, ExpID 69058
Train - Loss (one batch): 0.00287
Val - Loss, MSE, RMSE, MAE, MAPE: 0.00286, 0.00286, 0.05273, 0.03269, 216112.54%
Test - Best epoch, Loss, MSE, RMSE, MAE, MAPE: 20, 0.00273, 0.00273, 0.05176, 0.03171, 7.47%
Time spent: 7.43s
- Epoch 022, ExpID 69058
Train - Loss (one batch): 0.00271
Val - Loss, MSE, RMSE, MAE, MAPE: 0.00305, 0.00305, 0.05457, 0.03627, 222517.85%
Test - Best epoch, Loss, MSE, RMSE, MAE, MAPE: 20, 0.00273, 0.00273, 0.05176, 0.03171, 7.47%
Time spent: 6.92s
- Epoch 023, ExpID 69058
Train - Loss (one batch): 0.00268
Val - Loss, MSE, RMSE, MAE, MAPE: 0.00308, 0.00308, 0.05483, 0.03671, 223396.35%
Test - Best epoch, Loss, MSE, RMSE, MAE, MAPE: 20, 0.00273, 0.00273, 0.05176, 0.03171, 7.47%
Time spent: 6.93s
- Epoch 024, ExpID 69058
Train - Loss (one batch): 0.00245
Val - Loss, MSE, RMSE, MAE, MAPE: 0.00276, 0.00276, 0.05182, 0.03178, 218945.96%
Test - Best epoch, Loss, MSE, RMSE, MAE, MAPE: 24, 0.00271, 0.00271, 0.05155, 0.03185, 7.67%
Time spent: 8.20s
- Epoch 025, ExpID 69058
Train - Loss (one batch): 0.00282
Val - Loss, MSE, RMSE, MAE, MAPE: 0.00282, 0.00282, 0.05230, 0.03207, 207235.97%
Test - Best epoch, Loss, MSE, RMSE, MAE, MAPE: 24, 0.00271, 0.00271, 0.05155, 0.03185, 7.67%
Time spent: 7.00s
- Epoch 026, ExpID 69058
Train - Loss (one batch): 0.00262
Val - Loss, MSE, RMSE, MAE, MAPE: 0.00360, 0.00360, 0.05948, 0.04337, 233250.99%
Test - Best epoch, Loss, MSE, RMSE, MAE, MAPE: 24, 0.00271, 0.00271, 0.05155, 0.03185, 7.67%
Time spent: 7.09s
- Epoch 027, ExpID 69058
Train - Loss (one batch): 0.00219
Val - Loss, MSE, RMSE, MAE, MAPE: 0.00297, 0.00297, 0.05387, 0.03550, 221235.13%
Test - Best epoch, Loss, MSE, RMSE, MAE, MAPE: 24, 0.00271, 0.00271, 0.05155, 0.03185, 7.67%
Time spent: 7.36s
- Epoch 028, ExpID 69058
Train - Loss (one batch): 0.00263
Val - Loss, MSE, RMSE, MAE, MAPE: 0.00313, 0.00313, 0.05534, 0.03718, 222692.86%
Test - Best epoch, Loss, MSE, RMSE, MAE, MAPE: 24, 0.00271, 0.00271, 0.05155, 0.03185, 7.67%
Time spent: 7.15s
- Epoch 029, ExpID 69058
Train - Loss (one batch): 0.00242
Val - Loss, MSE, RMSE, MAE, MAPE: 0.00287, 0.00287, 0.05289, 0.03387, 221558.57%
Test - Best epoch, Loss, MSE, RMSE, MAE, MAPE: 24, 0.00271, 0.00271, 0.05155, 0.03185, 7.67%
Time spent: 7.38s
- Epoch 030, ExpID 69058
Train - Loss (one batch): 0.00236
Val - Loss, MSE, RMSE, MAE, MAPE: 0.00301, 0.00301, 0.05427, 0.03581, 217446.34%
Test - Best epoch, Loss, MSE, RMSE, MAE, MAPE: 24, 0.00271, 0.00271, 0.05155, 0.03185, 7.67%
Time spent: 7.10s
- Epoch 031, ExpID 69058
Train - Loss (one batch): 0.00219
Val - Loss, MSE, RMSE, MAE, MAPE: 0.00315, 0.00315, 0.05554, 0.03751, 224128.07%
Test - Best epoch, Loss, MSE, RMSE, MAE, MAPE: 24, 0.00271, 0.00271, 0.05155, 0.03185, 7.67%
Time spent: 7.30s
- Epoch 032, ExpID 69058
Train - Loss (one batch): 0.00282
Val - Loss, MSE, RMSE, MAE, MAPE: 0.00299, 0.00299, 0.05400, 0.03564, 226356.72%
Test - Best epoch, Loss, MSE, RMSE, MAE, MAPE: 24, 0.00271, 0.00271, 0.05155, 0.03185, 7.67%
Time spent: 7.23s
- Epoch 033, ExpID 69058
Train - Loss (one batch): 0.00234
Val - Loss, MSE, RMSE, MAE, MAPE: 0.00354, 0.00354, 0.05896, 0.04225, 228558.75%
Test - Best epoch, Loss, MSE, RMSE, MAE, MAPE: 24, 0.00271, 0.00271, 0.05155, 0.03185, 7.67%
Time spent: 7.36s
- Epoch 034, ExpID 69058
Train - Loss (one batch): 0.00248
Val - Loss, MSE, RMSE, MAE, MAPE: 0.00275, 0.00275, 0.05174, 0.03186, 216251.82%
Test - Best epoch, Loss, MSE, RMSE, MAE, MAPE: 34, 0.00270, 0.00270, 0.05150, 0.03184, 7.54%
Time spent: 8.43s
- Epoch 035, ExpID 69058
Train - Loss (one batch): 0.00210
Val - Loss, MSE, RMSE, MAE, MAPE: 0.00274, 0.00274, 0.05163, 0.03170, 220123.68%
Test - Best epoch, Loss, MSE, RMSE, MAE, MAPE: 35, 0.00269, 0.00269, 0.05141, 0.03177, 7.56%
Time spent: 8.19s
- Epoch 036, ExpID 69058
Train - Loss (one batch): 0.00262
Val - Loss, MSE, RMSE, MAE, MAPE: 0.00289, 0.00289, 0.05306, 0.03407, 218726.93%
Test - Best epoch, Loss, MSE, RMSE, MAE, MAPE: 35, 0.00269, 0.00269, 0.05141, 0.03177, 7.56%
Time spent: 7.30s
- Epoch 037, ExpID 69058
Train - Loss (one batch): 0.00261
Val - Loss, MSE, RMSE, MAE, MAPE: 0.00280, 0.00280, 0.05214, 0.03250, 218519.07%
Test - Best epoch, Loss, MSE, RMSE, MAE, MAPE: 35, 0.00269, 0.00269, 0.05141, 0.03177, 7.56%
Time spent: 7.15s
- Epoch 038, ExpID 69058
Train - Loss (one batch): 0.00317
Val - Loss, MSE, RMSE, MAE, MAPE: 0.00301, 0.00301, 0.05417, 0.03605, 225505.60%
Test - Best epoch, Loss, MSE, RMSE, MAE, MAPE: 35, 0.00269, 0.00269, 0.05141, 0.03177, 7.56%
Time spent: 6.99s
- Epoch 039, ExpID 69058
Train - Loss (one batch): 0.00277
Val - Loss, MSE, RMSE, MAE, MAPE: 0.00298, 0.00298, 0.05399, 0.03524, 218140.66%
Test - Best epoch, Loss, MSE, RMSE, MAE, MAPE: 35, 0.00269, 0.00269, 0.05141, 0.03177, 7.56%
Time spent: 7.11s
- Epoch 040, ExpID 69058
Train - Loss (one batch): 0.00257
Val - Loss, MSE, RMSE, MAE, MAPE: 0.00284, 0.00284, 0.05255, 0.03343, 220189.25%
Test - Best epoch, Loss, MSE, RMSE, MAE, MAPE: 35, 0.00269, 0.00269, 0.05141, 0.03177, 7.56%
Time spent: 6.96s
- Epoch 041, ExpID 69058
Train - Loss (one batch): 0.00199
Val - Loss, MSE, RMSE, MAE, MAPE: 0.00346, 0.00346, 0.05830, 0.04149, 227889.72%
Test - Best epoch, Loss, MSE, RMSE, MAE, MAPE: 35, 0.00269, 0.00269, 0.05141, 0.03177, 7.56%
Time spent: 7.29s
- Epoch 042, ExpID 69058
Train - Loss (one batch): 0.00190
Val - Loss, MSE, RMSE, MAE, MAPE: 0.00288, 0.00288, 0.05298, 0.03411, 219993.29%
Test - Best epoch, Loss, MSE, RMSE, MAE, MAPE: 35, 0.00269, 0.00269, 0.05141, 0.03177, 7.56%
Time spent: 7.32s
- Epoch 043, ExpID 69058
Train - Loss (one batch): 0.00249
Val - Loss, MSE, RMSE, MAE, MAPE: 0.00283, 0.00283, 0.05244, 0.03339, 220464.68%
Test - Best epoch, Loss, MSE, RMSE, MAE, MAPE: 35, 0.00269, 0.00269, 0.05141, 0.03177, 7.56%
Time spent: 7.16s
- Epoch 044, ExpID 69058
Train - Loss (one batch): 0.00235
Val - Loss, MSE, RMSE, MAE, MAPE: 0.00297, 0.00297, 0.05386, 0.03543, 224211.09%
Test - Best epoch, Loss, MSE, RMSE, MAE, MAPE: 35, 0.00269, 0.00269, 0.05141, 0.03177, 7.56%
Time spent: 7.11s
- Epoch 045, ExpID 69058
Train - Loss (one batch): 0.00224
Val - Loss, MSE, RMSE, MAE, MAPE: 0.00270, 0.00270, 0.05120, 0.03131, 216381.49%
Test - Best epoch, Loss, MSE, RMSE, MAE, MAPE: 45, 0.00265, 0.00265, 0.05102, 0.03134, 7.45%
Time spent: 8.03s
- Epoch 046, ExpID 69058
Train - Loss (one batch): 0.00241
Val - Loss, MSE, RMSE, MAE, MAPE: 0.00274, 0.00274, 0.05161, 0.03171, 214698.97%
Test - Best epoch, Loss, MSE, RMSE, MAE, MAPE: 45, 0.00265, 0.00265, 0.05102, 0.03134, 7.45%
Time spent: 7.15s
- Epoch 047, ExpID 69058
Train - Loss (one batch): 0.00244
Val - Loss, MSE, RMSE, MAE, MAPE: 0.00290, 0.00290, 0.05311, 0.03467, 225934.23%
Test - Best epoch, Loss, MSE, RMSE, MAE, MAPE: 45, 0.00265, 0.00265, 0.05102, 0.03134, 7.45%
Time spent: 7.23s
- Epoch 048, ExpID 69058
Train - Loss (one batch): 0.00218
Val - Loss, MSE, RMSE, MAE, MAPE: 0.00281, 0.00281, 0.05233, 0.03345, 216371.40%
Test - Best epoch, Loss, MSE, RMSE, MAE, MAPE: 45, 0.00265, 0.00265, 0.05102, 0.03134, 7.45%
Time spent: 7.15s
- Epoch 049, ExpID 69058
Train - Loss (one batch): 0.00235
Val - Loss, MSE, RMSE, MAE, MAPE: 0.00314, 0.00314, 0.05539, 0.03777, 224059.31%
Test - Best epoch, Loss, MSE, RMSE, MAE, MAPE: 45, 0.00265, 0.00265, 0.05102, 0.03134, 7.45%
Time spent: 7.34s
- Epoch 050, ExpID 69058
Train - Loss (one batch): 0.00307
Val - Loss, MSE, RMSE, MAE, MAPE: 0.00319, 0.00319, 0.05587, 0.03808, 225682.94%
Test - Best epoch, Loss, MSE, RMSE, MAE, MAPE: 45, 0.00265, 0.00265, 0.05102, 0.03134, 7.45%
Time spent: 7.25s
- Epoch 051, ExpID 69058
Train - Loss (one batch): 0.00237
Val - Loss, MSE, RMSE, MAE, MAPE: 0.00288, 0.00288, 0.05300, 0.03423, 225510.36%
Test - Best epoch, Loss, MSE, RMSE, MAE, MAPE: 45, 0.00265, 0.00265, 0.05102, 0.03134, 7.45%
Time spent: 7.16s
- Epoch 052, ExpID 69058
Train - Loss (one batch): 0.00201
Val - Loss, MSE, RMSE, MAE, MAPE: 0.00319, 0.00319, 0.05583, 0.03808, 226530.89%
Test - Best epoch, Loss, MSE, RMSE, MAE, MAPE: 45, 0.00265, 0.00265, 0.05102, 0.03134, 7.45%
Time spent: 6.96s
- Epoch 053, ExpID 69058
Train - Loss (one batch): 0.00240
Val - Loss, MSE, RMSE, MAE, MAPE: 0.00280, 0.00280, 0.05221, 0.03288, 214260.67%
Test - Best epoch, Loss, MSE, RMSE, MAE, MAPE: 45, 0.00265, 0.00265, 0.05102, 0.03134, 7.45%
Time spent: 7.18s
- Epoch 054, ExpID 69058
Train - Loss (one batch): 0.00225
Val - Loss, MSE, RMSE, MAE, MAPE: 0.00303, 0.00303, 0.05439, 0.03615, 221370.54%
Test - Best epoch, Loss, MSE, RMSE, MAE, MAPE: 45, 0.00265, 0.00265, 0.05102, 0.03134, 7.45%
Time spent: 7.15s
- Epoch 055, ExpID 69058
Train - Loss (one batch): 0.00277
Val - Loss, MSE, RMSE, MAE, MAPE: 0.00322, 0.00322, 0.05613, 0.03876, 224795.92%
Test - Best epoch, Loss, MSE, RMSE, MAE, MAPE: 45, 0.00265, 0.00265, 0.05102, 0.03134, 7.45%
Time spent: 7.16s
- Epoch 056, ExpID 69058
Train - Loss (one batch): 0.00277
Val - Loss, MSE, RMSE, MAE, MAPE: 0.00270, 0.00270, 0.05118, 0.03150, 214070.10%
Test - Best epoch, Loss, MSE, RMSE, MAE, MAPE: 45, 0.00265, 0.00265, 0.05102, 0.03134, 7.45%
Time spent: 7.01s
- Epoch 057, ExpID 69058
Train - Loss (one batch): 0.00220
Val - Loss, MSE, RMSE, MAE, MAPE: 0.00316, 0.00316, 0.05558, 0.03810, 226443.58%
Test - Best epoch, Loss, MSE, RMSE, MAE, MAPE: 45, 0.00265, 0.00265, 0.05102, 0.03134, 7.45%
Time spent: 7.15s
- Epoch 058, ExpID 69058
Train - Loss (one batch): 0.00195
Val - Loss, MSE, RMSE, MAE, MAPE: 0.00283, 0.00283, 0.05245, 0.03346, 219311.57%
Test - Best epoch, Loss, MSE, RMSE, MAE, MAPE: 45, 0.00265, 0.00265, 0.05102, 0.03134, 7.45%
Time spent: 6.96s
- Epoch 059, ExpID 69058
Train - Loss (one batch): 0.00279
Val - Loss, MSE, RMSE, MAE, MAPE: 0.00305, 0.00305, 0.05461, 0.03633, 217830.15%
Test - Best epoch, Loss, MSE, RMSE, MAE, MAPE: 45, 0.00265, 0.00265, 0.05102, 0.03134, 7.45%
Time spent: 7.03s
- Epoch 060, ExpID 69058
Train - Loss (one batch): 0.00286
Val - Loss, MSE, RMSE, MAE, MAPE: 0.00296, 0.00296, 0.05369, 0.03539, 226438.04%
Test - Best epoch, Loss, MSE, RMSE, MAE, MAPE: 45, 0.00265, 0.00265, 0.05102, 0.03134, 7.45%
Time spent: 7.04s
- Epoch 061, ExpID 69058
Train - Loss (one batch): 0.00245
Val - Loss, MSE, RMSE, MAE, MAPE: 0.00267, 0.00267, 0.05093, 0.03128, 210313.20%
Test - Best epoch, Loss, MSE, RMSE, MAE, MAPE: 61, 0.00262, 0.00262, 0.05065, 0.03126, 7.46%
Time spent: 8.08s
- Epoch 062, ExpID 69058
Train - Loss (one batch): 0.00226
Val - Loss, MSE, RMSE, MAE, MAPE: 0.00270, 0.00270, 0.05120, 0.03144, 214024.87%
Test - Best epoch, Loss, MSE, RMSE, MAE, MAPE: 61, 0.00262, 0.00262, 0.05065, 0.03126, 7.46%
Time spent: 7.26s
- Epoch 063, ExpID 69058
Train - Loss (one batch): 0.00245
Val - Loss, MSE, RMSE, MAE, MAPE: 0.00323, 0.00323, 0.05622, 0.03901, 224201.65%
Test - Best epoch, Loss, MSE, RMSE, MAE, MAPE: 61, 0.00262, 0.00262, 0.05065, 0.03126, 7.46%
Time spent: 7.14s
- Epoch 064, ExpID 69058
Train - Loss (one batch): 0.00279
Val - Loss, MSE, RMSE, MAE, MAPE: 0.00314, 0.00314, 0.05538, 0.03785, 226311.97%
Test - Best epoch, Loss, MSE, RMSE, MAE, MAPE: 61, 0.00262, 0.00262, 0.05065, 0.03126, 7.46%
Time spent: 7.30s
- Epoch 065, ExpID 69058
Train - Loss (one batch): 0.00324
Val - Loss, MSE, RMSE, MAE, MAPE: 0.00309, 0.00309, 0.05491, 0.03728, 223923.93%
Test - Best epoch, Loss, MSE, RMSE, MAE, MAPE: 61, 0.00262, 0.00262, 0.05065, 0.03126, 7.46%
Time spent: 7.11s
- Epoch 066, ExpID 69058
Train - Loss (one batch): 0.00203
Val - Loss, MSE, RMSE, MAE, MAPE: 0.00299, 0.00299, 0.05401, 0.03594, 222703.15%
Test - Best epoch, Loss, MSE, RMSE, MAE, MAPE: 61, 0.00262, 0.00262, 0.05065, 0.03126, 7.46%
Time spent: 7.10s
- Epoch 067, ExpID 69058
Train - Loss (one batch): 0.00209
Val - Loss, MSE, RMSE, MAE, MAPE: 0.00325, 0.00325, 0.05640, 0.03930, 225475.89%
Test - Best epoch, Loss, MSE, RMSE, MAE, MAPE: 61, 0.00262, 0.00262, 0.05065, 0.03126, 7.46%
Time spent: 7.20s
- Epoch 068, ExpID 69058
Train - Loss (one batch): 0.00287
Val - Loss, MSE, RMSE, MAE, MAPE: 0.00302, 0.00302, 0.05427, 0.03629, 221052.52%
Test - Best epoch, Loss, MSE, RMSE, MAE, MAPE: 61, 0.00262, 0.00262, 0.05065, 0.03126, 7.46%
Time spent: 7.11s
- Epoch 069, ExpID 69058
Train - Loss (one batch): 0.00274
Val - Loss, MSE, RMSE, MAE, MAPE: 0.00344, 0.00344, 0.05814, 0.04188, 226630.12%
Test - Best epoch, Loss, MSE, RMSE, MAE, MAPE: 61, 0.00262, 0.00262, 0.05065, 0.03126, 7.46%
Time spent: 7.13s
- Epoch 070, ExpID 69058
Train - Loss (one batch): 0.00208
Val - Loss, MSE, RMSE, MAE, MAPE: 0.00305, 0.00305, 0.05462, 0.03693, 223634.82%
Test - Best epoch, Loss, MSE, RMSE, MAE, MAPE: 61, 0.00262, 0.00262, 0.05065, 0.03126, 7.46%
Time spent: 7.01s
- Epoch 071, ExpID 69058
Train - Loss (one batch): 0.00245
Val - Loss, MSE, RMSE, MAE, MAPE: 0.00286, 0.00286, 0.05280, 0.03410, 220117.81%
Test - Best epoch, Loss, MSE, RMSE, MAE, MAPE: 61, 0.00262, 0.00262, 0.05065, 0.03126, 7.46%
Time spent: 7.32s
- Epoch 072, ExpID 69058
Train - Loss (one batch): 0.00225
Val - Loss, MSE, RMSE, MAE, MAPE: 0.00274, 0.00274, 0.05161, 0.03216, 212155.84%
Test - Best epoch, Loss, MSE, RMSE, MAE, MAPE: 61, 0.00262, 0.00262, 0.05065, 0.03126, 7.46%
Time spent: 7.01s
- Epoch 073, ExpID 69058
Train - Loss (one batch): 0.00212
Val - Loss, MSE, RMSE, MAE, MAPE: 0.00284, 0.00284, 0.05264, 0.03347, 211742.56%
Test - Best epoch, Loss, MSE, RMSE, MAE, MAPE: 61, 0.00262, 0.00262, 0.05065, 0.03126, 7.46%
Time spent: 7.21s
- Epoch 074, ExpID 69058
Train - Loss (one batch): 0.00178
Val - Loss, MSE, RMSE, MAE, MAPE: 0.00278, 0.00278, 0.05198, 0.03301, 224282.19%
Test - Best epoch, Loss, MSE, RMSE, MAE, MAPE: 61, 0.00262, 0.00262, 0.05065, 0.03126, 7.46%
Time spent: 7.04s
- Epoch 075, ExpID 69058
Train - Loss (one batch): 0.00202
Val - Loss, MSE, RMSE, MAE, MAPE: 0.00270, 0.00270, 0.05121, 0.03180, 215720.86%
Test - Best epoch, Loss, MSE, RMSE, MAE, MAPE: 61, 0.00262, 0.00262, 0.05065, 0.03126, 7.46%
Time spent: 7.23s
- Epoch 076, ExpID 69058
Train - Loss (one batch): 0.00242
Val - Loss, MSE, RMSE, MAE, MAPE: 0.00277, 0.00277, 0.05188, 0.03299, 225869.61%
Test - Best epoch, Loss, MSE, RMSE, MAE, MAPE: 61, 0.00262, 0.00262, 0.05065, 0.03126, 7.46%
Time spent: 7.10s
- Epoch 077, ExpID 69058
Train - Loss (one batch): 0.00243
Val - Loss, MSE, RMSE, MAE, MAPE: 0.00301, 0.00301, 0.05427, 0.03664, 223135.89%
Test - Best epoch, Loss, MSE, RMSE, MAE, MAPE: 61, 0.00262, 0.00262, 0.05065, 0.03126, 7.46%
Time spent: 7.00s
- Epoch 078, ExpID 69058
Train - Loss (one batch): 0.00179
Val - Loss, MSE, RMSE, MAE, MAPE: 0.00264, 0.00264, 0.05057, 0.03076, 211749.28%
Test - Best epoch, Loss, MSE, RMSE, MAE, MAPE: 78, 0.00259, 0.00259, 0.05036, 0.03102, 7.40%
Time spent: 8.46s
- Epoch 079, ExpID 69058
Train - Loss (one batch): 0.00247
Val - Loss, MSE, RMSE, MAE, MAPE: 0.00311, 0.00311, 0.05519, 0.03747, 218531.96%
Test - Best epoch, Loss, MSE, RMSE, MAE, MAPE: 78, 0.00259, 0.00259, 0.05036, 0.03102, 7.40%
Time spent: 7.12s
- Epoch 080, ExpID 69058
Train - Loss (one batch): 0.00198
Val - Loss, MSE, RMSE, MAE, MAPE: 0.00268, 0.00268, 0.05096, 0.03111, 207614.12%
Test - Best epoch, Loss, MSE, RMSE, MAE, MAPE: 78, 0.00259, 0.00259, 0.05036, 0.03102, 7.40%
Time spent: 7.25s
- Epoch 081, ExpID 69058
Train - Loss (one batch): 0.00175
Val - Loss, MSE, RMSE, MAE, MAPE: 0.00291, 0.00291, 0.05325, 0.03501, 219521.51%
Test - Best epoch, Loss, MSE, RMSE, MAE, MAPE: 78, 0.00259, 0.00259, 0.05036, 0.03102, 7.40%
Time spent: 7.10s
- Epoch 082, ExpID 69058
Train - Loss (one batch): 0.00236
Val - Loss, MSE, RMSE, MAE, MAPE: 0.00268, 0.00268, 0.05101, 0.03186, 216770.94%
Test - Best epoch, Loss, MSE, RMSE, MAE, MAPE: 78, 0.00259, 0.00259, 0.05036, 0.03102, 7.40%
Time spent: 7.10s
- Epoch 083, ExpID 69058
Train - Loss (one batch): 0.00210
Val - Loss, MSE, RMSE, MAE, MAPE: 0.00334, 0.00334, 0.05721, 0.03998, 227805.31%
Test - Best epoch, Loss, MSE, RMSE, MAE, MAPE: 78, 0.00259, 0.00259, 0.05036, 0.03102, 7.40%
Time spent: 7.10s
- Epoch 084, ExpID 69058
Train - Loss (one batch): 0.00254
Val - Loss, MSE, RMSE, MAE, MAPE: 0.00268, 0.00268, 0.05099, 0.03115, 210322.34%
Test - Best epoch, Loss, MSE, RMSE, MAE, MAPE: 78, 0.00259, 0.00259, 0.05036, 0.03102, 7.40%
Time spent: 6.86s
- Epoch 085, ExpID 69058
Train - Loss (one batch): 0.00206
Val - Loss, MSE, RMSE, MAE, MAPE: 0.00267, 0.00267, 0.05093, 0.03145, 211275.70%
Test - Best epoch, Loss, MSE, RMSE, MAE, MAPE: 78, 0.00259, 0.00259, 0.05036, 0.03102, 7.40%
Time spent: 7.12s
- Epoch 086, ExpID 69058
Train - Loss (one batch): 0.00212
Val - Loss, MSE, RMSE, MAE, MAPE: 0.00265, 0.00265, 0.05072, 0.03100, 213062.54%
Test - Best epoch, Loss, MSE, RMSE, MAE, MAPE: 78, 0.00259, 0.00259, 0.05036, 0.03102, 7.40%
Time spent: 7.53s
- Epoch 087, ExpID 69058
Train - Loss (one batch): 0.00263
Val - Loss, MSE, RMSE, MAE, MAPE: 0.00294, 0.00294, 0.05354, 0.03537, 215584.78%
Test - Best epoch, Loss, MSE, RMSE, MAE, MAPE: 78, 0.00259, 0.00259, 0.05036, 0.03102, 7.40%
Time spent: 7.29s
- Epoch 088, ExpID 69058
Train - Loss (one batch): 0.00271
Val - Loss, MSE, RMSE, MAE, MAPE: 0.00281, 0.00281, 0.05223, 0.03296, 218024.20%
Test - Best epoch, Loss, MSE, RMSE, MAE, MAPE: 78, 0.00259, 0.00259, 0.05036, 0.03102, 7.40%
Time spent: 7.32s
- Epoch 089, ExpID 69058
Train - Loss (one batch): 0.00226
Val - Loss, MSE, RMSE, MAE, MAPE: 0.00299, 0.00299, 0.05403, 0.03560, 210801.31%
Test - Best epoch, Loss, MSE, RMSE, MAE, MAPE: 78, 0.00259, 0.00259, 0.05036, 0.03102, 7.40%
Time spent: 7.33s
- Epoch 090, ExpID 69058
Train - Loss (one batch): 0.00208
Val - Loss, MSE, RMSE, MAE, MAPE: 0.00264, 0.00264, 0.05062, 0.03105, 208033.41%
Test - Best epoch, Loss, MSE, RMSE, MAE, MAPE: 78, 0.00259, 0.00259, 0.05036, 0.03102, 7.40%
Time spent: 6.97s
- Epoch 091, ExpID 69058
Train - Loss (one batch): 0.00271
Val - Loss, MSE, RMSE, MAE, MAPE: 0.00302, 0.00302, 0.05437, 0.03648, 215113.25%
Test - Best epoch, Loss, MSE, RMSE, MAE, MAPE: 78, 0.00259, 0.00259, 0.05036, 0.03102, 7.40%
Time spent: 7.31s
- Epoch 092, ExpID 69058
Train - Loss (one batch): 0.00215
Val - Loss, MSE, RMSE, MAE, MAPE: 0.00311, 0.00311, 0.05517, 0.03764, 218267.87%
Test - Best epoch, Loss, MSE, RMSE, MAE, MAPE: 78, 0.00259, 0.00259, 0.05036, 0.03102, 7.40%
Time spent: 7.17s
- Epoch 093, ExpID 69058
Train - Loss (one batch): 0.00250
Val - Loss, MSE, RMSE, MAE, MAPE: 0.00268, 0.00268, 0.05104, 0.03130, 211093.08%
Test - Best epoch, Loss, MSE, RMSE, MAE, MAPE: 78, 0.00259, 0.00259, 0.05036, 0.03102, 7.40%
Time spent: 7.30s
- Epoch 094, ExpID 69058
Train - Loss (one batch): 0.00228
Val - Loss, MSE, RMSE, MAE, MAPE: 0.00329, 0.00329, 0.05683, 0.04002, 221237.87%
Test - Best epoch, Loss, MSE, RMSE, MAE, MAPE: 78, 0.00259, 0.00259, 0.05036, 0.03102, 7.40%
Time spent: 7.13s
- Epoch 095, ExpID 69058
Train - Loss (one batch): 0.00281
Val - Loss, MSE, RMSE, MAE, MAPE: 0.00276, 0.00276, 0.05177, 0.03280, 216507.06%
Test - Best epoch, Loss, MSE, RMSE, MAE, MAPE: 78, 0.00259, 0.00259, 0.05036, 0.03102, 7.40%
Time spent: 7.28s
- Epoch 096, ExpID 69058
Train - Loss (one batch): 0.00190
Val - Loss, MSE, RMSE, MAE, MAPE: 0.00278, 0.00278, 0.05203, 0.03301, 216430.50%
Test - Best epoch, Loss, MSE, RMSE, MAE, MAPE: 78, 0.00259, 0.00259, 0.05036, 0.03102, 7.40%
Time spent: 7.18s
- Epoch 097, ExpID 69058
Train - Loss (one batch): 0.00225
Val - Loss, MSE, RMSE, MAE, MAPE: 0.00288, 0.00288, 0.05298, 0.03474, 218781.92%
Test - Best epoch, Loss, MSE, RMSE, MAE, MAPE: 78, 0.00259, 0.00259, 0.05036, 0.03102, 7.40%
Time spent: 7.12s
- Epoch 098, ExpID 69058
Train - Loss (one batch): 0.00170
Val - Loss, MSE, RMSE, MAE, MAPE: 0.00290, 0.00290, 0.05323, 0.03456, 213254.45%
Test - Best epoch, Loss, MSE, RMSE, MAE, MAPE: 78, 0.00259, 0.00259, 0.05036, 0.03102, 7.40%
Time spent: 7.25s
- Epoch 099, ExpID 69058
Train - Loss (one batch): 0.00181
Val - Loss, MSE, RMSE, MAE, MAPE: 0.00280, 0.00280, 0.05216, 0.03313, 215950.36%
Test - Best epoch, Loss, MSE, RMSE, MAE, MAPE: 78, 0.00259, 0.00259, 0.05036, 0.03102, 7.40%
Time spent: 7.22s
- Epoch 100, ExpID 69058
Train - Loss (one batch): 0.00170
Val - Loss, MSE, RMSE, MAE, MAPE: 0.00274, 0.00274, 0.05161, 0.03187, 200356.53%
Test - Best epoch, Loss, MSE, RMSE, MAE, MAPE: 78, 0.00259, 0.00259, 0.05036, 0.03102, 7.40%
Time spent: 7.20s
- Epoch 101, ExpID 69058
Train - Loss (one batch): 0.00236
Val - Loss, MSE, RMSE, MAE, MAPE: 0.00282, 0.00282, 0.05244, 0.03399, 212329.32%
Test - Best epoch, Loss, MSE, RMSE, MAE, MAPE: 78, 0.00259, 0.00259, 0.05036, 0.03102, 7.40%
Time spent: 7.31s
- Epoch 102, ExpID 69058
Train - Loss (one batch): 0.00248
Val - Loss, MSE, RMSE, MAE, MAPE: 0.00305, 0.00305, 0.05457, 0.03685, 226669.50%
Test - Best epoch, Loss, MSE, RMSE, MAE, MAPE: 78, 0.00259, 0.00259, 0.05036, 0.03102, 7.40%
Time spent: 7.30s
- Epoch 103, ExpID 69058
Train - Loss (one batch): 0.00209
Val - Loss, MSE, RMSE, MAE, MAPE: 0.00296, 0.00296, 0.05378, 0.03534, 217193.49%
Test - Best epoch, Loss, MSE, RMSE, MAE, MAPE: 78, 0.00259, 0.00259, 0.05036, 0.03102, 7.40%
Time spent: 7.14s
- Epoch 104, ExpID 69058
Train - Loss (one batch): 0.00225
Val - Loss, MSE, RMSE, MAE, MAPE: 0.00270, 0.00270, 0.05114, 0.03143, 209657.80%
Test - Best epoch, Loss, MSE, RMSE, MAE, MAPE: 78, 0.00259, 0.00259, 0.05036, 0.03102, 7.40%
Time spent: 6.92s
- Epoch 105, ExpID 69058
Train - Loss (one batch): 0.00213
Val - Loss, MSE, RMSE, MAE, MAPE: 0.00326, 0.00326, 0.05648, 0.03886, 225095.10%
Test - Best epoch, Loss, MSE, RMSE, MAE, MAPE: 78, 0.00259, 0.00259, 0.05036, 0.03102, 7.40%
Time spent: 7.04s
- Epoch 106, ExpID 69058
Train - Loss (one batch): 0.00229
Val - Loss, MSE, RMSE, MAE, MAPE: 0.00280, 0.00280, 0.05216, 0.03308, 216330.23%
Test - Best epoch, Loss, MSE, RMSE, MAE, MAPE: 78, 0.00259, 0.00259, 0.05036, 0.03102, 7.40%
Time spent: 7.04s
- Epoch 107, ExpID 69058
Train - Loss (one batch): 0.00229
Val - Loss, MSE, RMSE, MAE, MAPE: 0.00292, 0.00292, 0.05337, 0.03485, 218098.63%
Test - Best epoch, Loss, MSE, RMSE, MAE, MAPE: 78, 0.00259, 0.00259, 0.05036, 0.03102, 7.40%
Time spent: 7.07s
- Epoch 108, ExpID 69058
Train - Loss (one batch): 0.00255
Val - Loss, MSE, RMSE, MAE, MAPE: 0.00279, 0.00279, 0.05200, 0.03255, 215572.42%
Test - Best epoch, Loss, MSE, RMSE, MAE, MAPE: 78, 0.00259, 0.00259, 0.05036, 0.03102, 7.40%
Time spent: 7.19s
- Epoch 109, ExpID 69058
Train - Loss (one batch): 0.00201
Val - Loss, MSE, RMSE, MAE, MAPE: 0.00273, 0.00273, 0.05149, 0.03150, 206016.01%
Test - Best epoch, Loss, MSE, RMSE, MAE, MAPE: 78, 0.00259, 0.00259, 0.05036, 0.03102, 7.40%
Time spent: 7.17s
- Epoch 110, ExpID 69058
Train - Loss (one batch): 0.00258
Val - Loss, MSE, RMSE, MAE, MAPE: 0.00303, 0.00303, 0.05440, 0.03663, 214551.89%
Test - Best epoch, Loss, MSE, RMSE, MAE, MAPE: 78, 0.00259, 0.00259, 0.05036, 0.03102, 7.40%
Time spent: 7.46s
- Epoch 111, ExpID 69058
Train - Loss (one batch): 0.00215
Val - Loss, MSE, RMSE, MAE, MAPE: 0.00273, 0.00273, 0.05148, 0.03206, 212500.94%
Test - Best epoch, Loss, MSE, RMSE, MAE, MAPE: 78, 0.00259, 0.00259, 0.05036, 0.03102, 7.40%
Time spent: 7.08s
- Epoch 112, ExpID 69058
Train - Loss (one batch): 0.00293
Val - Loss, MSE, RMSE, MAE, MAPE: 0.00292, 0.00292, 0.05330, 0.03457, 219740.90%
Test - Best epoch, Loss, MSE, RMSE, MAE, MAPE: 78, 0.00259, 0.00259, 0.05036, 0.03102, 7.40%
Time spent: 7.06s
- Epoch 113, ExpID 69058
Train - Loss (one batch): 0.00230
Val - Loss, MSE, RMSE, MAE, MAPE: 0.00294, 0.00294, 0.05356, 0.03505, 216774.39%
Test - Best epoch, Loss, MSE, RMSE, MAE, MAPE: 78, 0.00259, 0.00259, 0.05036, 0.03102, 7.40%
Time spent: 7.18s
- Epoch 114, ExpID 69058
Train - Loss (one batch): 0.00211
Val - Loss, MSE, RMSE, MAE, MAPE: 0.00275, 0.00275, 0.05172, 0.03264, 214828.87%
Test - Best epoch, Loss, MSE, RMSE, MAE, MAPE: 78, 0.00259, 0.00259, 0.05036, 0.03102, 7.40%
Time spent: 7.34s
- Epoch 115, ExpID 69058
Train - Loss (one batch): 0.00243
Val - Loss, MSE, RMSE, MAE, MAPE: 0.00269, 0.00269, 0.05105, 0.03113, 215560.82%
Test - Best epoch, Loss, MSE, RMSE, MAE, MAPE: 78, 0.00259, 0.00259, 0.05036, 0.03102, 7.40%
Time spent: 7.23s
- Epoch 116, ExpID 69058
Train - Loss (one batch): 0.00250
Val - Loss, MSE, RMSE, MAE, MAPE: 0.00313, 0.00313, 0.05530, 0.03749, 223116.20%
Test - Best epoch, Loss, MSE, RMSE, MAE, MAPE: 78, 0.00259, 0.00259, 0.05036, 0.03102, 7.40%
Time spent: 6.93s
- Epoch 117, ExpID 69058
Train - Loss (one batch): 0.00175
Val - Loss, MSE, RMSE, MAE, MAPE: 0.00291, 0.00291, 0.05318, 0.03469, 218338.17%
Test - Best epoch, Loss, MSE, RMSE, MAE, MAPE: 78, 0.00259, 0.00259, 0.05036, 0.03102, 7.40%
Time spent: 7.11s
- Epoch 118, ExpID 69058
Train - Loss (one batch): 0.00223
Val - Loss, MSE, RMSE, MAE, MAPE: 0.00304, 0.00304, 0.05452, 0.03652, 220585.17%
Test - Best epoch, Loss, MSE, RMSE, MAE, MAPE: 78, 0.00259, 0.00259, 0.05036, 0.03102, 7.40%
Time spent: 7.24s
- Epoch 119, ExpID 69058
Train - Loss (one batch): 0.00241
Val - Loss, MSE, RMSE, MAE, MAPE: 0.00311, 0.00311, 0.05501, 0.03705, 224014.93%
Test - Best epoch, Loss, MSE, RMSE, MAE, MAPE: 78, 0.00259, 0.00259, 0.05036, 0.03102, 7.40%
Time spent: 6.86s
- Epoch 120, ExpID 69058
Train - Loss (one batch): 0.00295
Val - Loss, MSE, RMSE, MAE, MAPE: 0.00271, 0.00271, 0.05129, 0.03168, 213438.34%
Test - Best epoch, Loss, MSE, RMSE, MAE, MAPE: 78, 0.00259, 0.00259, 0.05036, 0.03102, 7.40%
Time spent: 6.94s
- Epoch 121, ExpID 69058
Train - Loss (one batch): 0.00244
Val - Loss, MSE, RMSE, MAE, MAPE: 0.00273, 0.00273, 0.05147, 0.03207, 218729.82%
Test - Best epoch, Loss, MSE, RMSE, MAE, MAPE: 78, 0.00259, 0.00259, 0.05036, 0.03102, 7.40%
Time spent: 6.93s
- Epoch 122, ExpID 69058
Train - Loss (one batch): 0.00221
Val - Loss, MSE, RMSE, MAE, MAPE: 0.00271, 0.00271, 0.05127, 0.03156, 214178.74%
Test - Best epoch, Loss, MSE, RMSE, MAE, MAPE: 78, 0.00259, 0.00259, 0.05036, 0.03102, 7.40%
Time spent: 7.02s
- Epoch 123, ExpID 69058
Train - Loss (one batch): 0.00202
Val - Loss, MSE, RMSE, MAE, MAPE: 0.00274, 0.00274, 0.05159, 0.03216, 216458.07%
Test - Best epoch, Loss, MSE, RMSE, MAE, MAPE: 78, 0.00259, 0.00259, 0.05036, 0.03102, 7.40%
Time spent: 7.32s
- Epoch 124, ExpID 69058
Train - Loss (one batch): 0.00200
Val - Loss, MSE, RMSE, MAE, MAPE: 0.00277, 0.00277, 0.05182, 0.03251, 218919.15%
Test - Best epoch, Loss, MSE, RMSE, MAE, MAPE: 78, 0.00259, 0.00259, 0.05036, 0.03102, 7.40%
Time spent: 6.97s
- Epoch 125, ExpID 69058
Train - Loss (one batch): 0.00235
Val - Loss, MSE, RMSE, MAE, MAPE: 0.00267, 0.00267, 0.05087, 0.03115, 219291.57%
Test - Best epoch, Loss, MSE, RMSE, MAE, MAPE: 78, 0.00259, 0.00259, 0.05036, 0.03102, 7.40%
Time spent: 7.12s
- Epoch 126, ExpID 69058
Train - Loss (one batch): 0.00220
Val - Loss, MSE, RMSE, MAE, MAPE: 0.00273, 0.00273, 0.05139, 0.03145, 216840.02%
Test - Best epoch, Loss, MSE, RMSE, MAE, MAPE: 78, 0.00259, 0.00259, 0.05036, 0.03102, 7.40%
Time spent: 6.87s
- Epoch 127, ExpID 69058
Train - Loss (one batch): 0.00251
Val - Loss, MSE, RMSE, MAE, MAPE: 0.00276, 0.00276, 0.05169, 0.03182, 221126.77%
Test - Best epoch, Loss, MSE, RMSE, MAE, MAPE: 78, 0.00259, 0.00259, 0.05036, 0.03102, 7.40%
Time spent: 7.05s
- Epoch 128, ExpID 69058
Train - Loss (one batch): 0.00207
Val - Loss, MSE, RMSE, MAE, MAPE: 0.00293, 0.00293, 0.05338, 0.03453, 220126.53%
Test - Best epoch, Loss, MSE, RMSE, MAE, MAPE: 78, 0.00259, 0.00259, 0.05036, 0.03102, 7.40%
Time spent: 7.26s
- Epoch 129, ExpID 69058
Train - Loss (one batch): 0.00269
Val - Loss, MSE, RMSE, MAE, MAPE: 0.00272, 0.00272, 0.05140, 0.03171, 208471.89%
Test - Best epoch, Loss, MSE, RMSE, MAE, MAPE: 78, 0.00259, 0.00259, 0.05036, 0.03102, 7.40%
Time spent: 7.56s
- Epoch 130, ExpID 69058
Train - Loss (one batch): 0.00234
Val - Loss, MSE, RMSE, MAE, MAPE: 0.00294, 0.00294, 0.05347, 0.03447, 214765.30%
Test - Best epoch, Loss, MSE, RMSE, MAE, MAPE: 78, 0.00259, 0.00259, 0.05036, 0.03102, 7.40%
Time spent: 7.16s
- Epoch 131, ExpID 69058
Train - Loss (one batch): 0.00230
Val - Loss, MSE, RMSE, MAE, MAPE: 0.00288, 0.00288, 0.05296, 0.03428, 224579.80%
Test - Best epoch, Loss, MSE, RMSE, MAE, MAPE: 78, 0.00259, 0.00259, 0.05036, 0.03102, 7.40%
Time spent: 6.97s
- Epoch 132, ExpID 69058
Train - Loss (one batch): 0.00261
Val - Loss, MSE, RMSE, MAE, MAPE: 0.00270, 0.00270, 0.05117, 0.03136, 213905.37%
Test - Best epoch, Loss, MSE, RMSE, MAE, MAPE: 78, 0.00259, 0.00259, 0.05036, 0.03102, 7.40%
Time spent: 6.92s
- Epoch 133, ExpID 69058
Train - Loss (one batch): 0.00240
Val - Loss, MSE, RMSE, MAE, MAPE: 0.00291, 0.00291, 0.05320, 0.03433, 220651.65%
Test - Best epoch, Loss, MSE, RMSE, MAE, MAPE: 78, 0.00259, 0.00259, 0.05036, 0.03102, 7.40%
Time spent: 7.01s
- Epoch 134, ExpID 69058
Train - Loss (one batch): 0.00235
Val - Loss, MSE, RMSE, MAE, MAPE: 0.00270, 0.00270, 0.05118, 0.03141, 220046.74%
Test - Best epoch, Loss, MSE, RMSE, MAE, MAPE: 78, 0.00259, 0.00259, 0.05036, 0.03102, 7.40%
Time spent: 7.18s
- Epoch 135, ExpID 69058
Train - Loss (one batch): 0.00219
Val - Loss, MSE, RMSE, MAE, MAPE: 0.00272, 0.00272, 0.05130, 0.03151, 216673.67%
Test - Best epoch, Loss, MSE, RMSE, MAE, MAPE: 78, 0.00259, 0.00259, 0.05036, 0.03102, 7.40%
Time spent: 7.34s
- Epoch 136, ExpID 69058
Train - Loss (one batch): 0.00191
Val - Loss, MSE, RMSE, MAE, MAPE: 0.00269, 0.00269, 0.05113, 0.03134, 213978.49%
Test - Best epoch, Loss, MSE, RMSE, MAE, MAPE: 78, 0.00259, 0.00259, 0.05036, 0.03102, 7.40%
Time spent: 6.96s
- Epoch 137, ExpID 69058
Train - Loss (one batch): 0.00207
Val - Loss, MSE, RMSE, MAE, MAPE: 0.00298, 0.00298, 0.05385, 0.03582, 229049.63%
Test - Best epoch, Loss, MSE, RMSE, MAE, MAPE: 78, 0.00259, 0.00259, 0.05036, 0.03102, 7.40%
Time spent: 7.12s
- Epoch 138, ExpID 69058
Train - Loss (one batch): 0.00176
Val - Loss, MSE, RMSE, MAE, MAPE: 0.00279, 0.00279, 0.05205, 0.03281, 223055.54%
Test - Best epoch, Loss, MSE, RMSE, MAE, MAPE: 78, 0.00259, 0.00259, 0.05036, 0.03102, 7.40%
Time spent: 7.12s
- Epoch 139, ExpID 69058
Train - Loss (one batch): 0.00201
Val - Loss, MSE, RMSE, MAE, MAPE: 0.00271, 0.00271, 0.05129, 0.03159, 220686.64%
Test - Best epoch, Loss, MSE, RMSE, MAE, MAPE: 78, 0.00259, 0.00259, 0.05036, 0.03102, 7.40%
Time spent: 7.06s
- Epoch 140, ExpID 69058
Train - Loss (one batch): 0.00239
Val - Loss, MSE, RMSE, MAE, MAPE: 0.00332, 0.00332, 0.05704, 0.03964, 226894.31%
Test - Best epoch, Loss, MSE, RMSE, MAE, MAPE: 78, 0.00259, 0.00259, 0.05036, 0.03102, 7.40%
Time spent: 7.18s
- Epoch 141, ExpID 69058
Train - Loss (one batch): 0.00204
Val - Loss, MSE, RMSE, MAE, MAPE: 0.00292, 0.00292, 0.05327, 0.03419, 227876.09%
Test - Best epoch, Loss, MSE, RMSE, MAE, MAPE: 78, 0.00259, 0.00259, 0.05036, 0.03102, 7.40%
Time spent: 6.99s
- Epoch 142, ExpID 69058
Train - Loss (one batch): 0.00284
Val - Loss, MSE, RMSE, MAE, MAPE: 0.00271, 0.00271, 0.05126, 0.03148, 223304.07%
Test - Best epoch, Loss, MSE, RMSE, MAE, MAPE: 78, 0.00259, 0.00259, 0.05036, 0.03102, 7.40%
Time spent: 7.03s
- Epoch 143, ExpID 69058
Train - Loss (one batch): 0.00245
Val - Loss, MSE, RMSE, MAE, MAPE: 0.00291, 0.00291, 0.05323, 0.03470, 220532.46%
Test - Best epoch, Loss, MSE, RMSE, MAE, MAPE: 78, 0.00259, 0.00259, 0.05036, 0.03102, 7.40%
Time spent: 6.92s
- Epoch 144, ExpID 69058
Train - Loss (one batch): 0.00238
Val - Loss, MSE, RMSE, MAE, MAPE: 0.00312, 0.00312, 0.05508, 0.03671, 229225.08%
Test - Best epoch, Loss, MSE, RMSE, MAE, MAPE: 78, 0.00259, 0.00259, 0.05036, 0.03102, 7.40%
Time spent: 6.96s
- Epoch 145, ExpID 69058
Train - Loss (one batch): 0.00205
Val - Loss, MSE, RMSE, MAE, MAPE: 0.00290, 0.00290, 0.05308, 0.03411, 227106.87%
Test - Best epoch, Loss, MSE, RMSE, MAE, MAPE: 78, 0.00259, 0.00259, 0.05036, 0.03102, 7.40%
Time spent: 7.23s
- Epoch 146, ExpID 69058
Train - Loss (one batch): 0.00137
Val - Loss, MSE, RMSE, MAE, MAPE: 0.00273, 0.00273, 0.05138, 0.03158, 216157.04%
Test - Best epoch, Loss, MSE, RMSE, MAE, MAPE: 78, 0.00259, 0.00259, 0.05036, 0.03102, 7.40%
Time spent: 7.14s
- Epoch 147, ExpID 69058
Train - Loss (one batch): 0.00183
Val - Loss, MSE, RMSE, MAE, MAPE: 0.00292, 0.00292, 0.05325, 0.03424, 226920.09%
Test - Best epoch, Loss, MSE, RMSE, MAE, MAPE: 78, 0.00259, 0.00259, 0.05036, 0.03102, 7.40%
Time spent: 7.15s
- Epoch 148, ExpID 69058
Train - Loss (one batch): 0.00271
Val - Loss, MSE, RMSE, MAE, MAPE: 0.00273, 0.00273, 0.05144, 0.03192, 219892.05%
Test - Best epoch, Loss, MSE, RMSE, MAE, MAPE: 78, 0.00259, 0.00259, 0.05036, 0.03102, 7.40%
Time spent: 7.25s
- Epoch 149, ExpID 69058
Train - Loss (one batch): 0.00186
Val - Loss, MSE, RMSE, MAE, MAPE: 0.00280, 0.00280, 0.05214, 0.03262, 217336.05%
Test - Best epoch, Loss, MSE, RMSE, MAE, MAPE: 78, 0.00259, 0.00259, 0.05036, 0.03102, 7.40%
Time spent: 6.99s
- Epoch 150, ExpID 69058
Train - Loss (one batch): 0.00239
Val - Loss, MSE, RMSE, MAE, MAPE: 0.00276, 0.00276, 0.05169, 0.03216, 221229.07%
Test - Best epoch, Loss, MSE, RMSE, MAE, MAPE: 78, 0.00259, 0.00259, 0.05036, 0.03102, 7.40%
Time spent: 7.02s
- Epoch 151, ExpID 69058
Train - Loss (one batch): 0.00222
Val - Loss, MSE, RMSE, MAE, MAPE: 0.00290, 0.00290, 0.05310, 0.03399, 225318.24%
Test - Best epoch, Loss, MSE, RMSE, MAE, MAPE: 78, 0.00259, 0.00259, 0.05036, 0.03102, 7.40%
Time spent: 7.10s
- Epoch 152, ExpID 69058
Train - Loss (one batch): 0.00208
Val - Loss, MSE, RMSE, MAE, MAPE: 0.00278, 0.00278, 0.05196, 0.03250, 220806.11%
Test - Best epoch, Loss, MSE, RMSE, MAE, MAPE: 78, 0.00259, 0.00259, 0.05036, 0.03102, 7.40%
Time spent: 7.12s
- Epoch 153, ExpID 69058
Train - Loss (one batch): 0.00194
Val - Loss, MSE, RMSE, MAE, MAPE: 0.00305, 0.00305, 0.05455, 0.03639, 224821.62%
Test - Best epoch, Loss, MSE, RMSE, MAE, MAPE: 78, 0.00259, 0.00259, 0.05036, 0.03102, 7.40%
Time spent: 7.21s
- Epoch 154, ExpID 69058
Train - Loss (one batch): 0.00221
Val - Loss, MSE, RMSE, MAE, MAPE: 0.00272, 0.00272, 0.05136, 0.03139, 212890.94%
Test - Best epoch, Loss, MSE, RMSE, MAE, MAPE: 78, 0.00259, 0.00259, 0.05036, 0.03102, 7.40%
Time spent: 7.15s
- Epoch 155, ExpID 69058
Train - Loss (one batch): 0.00199
Val - Loss, MSE, RMSE, MAE, MAPE: 0.00304, 0.00304, 0.05444, 0.03599, 227667.93%
Test - Best epoch, Loss, MSE, RMSE, MAE, MAPE: 78, 0.00259, 0.00259, 0.05036, 0.03102, 7.40%
Time spent: 7.17s
- Epoch 156, ExpID 69058
Train - Loss (one batch): 0.00216
Val - Loss, MSE, RMSE, MAE, MAPE: 0.00272, 0.00272, 0.05134, 0.03160, 219297.95%
Test - Best epoch, Loss, MSE, RMSE, MAE, MAPE: 78, 0.00259, 0.00259, 0.05036, 0.03102, 7.40%
Time spent: 7.24s
- Epoch 157, ExpID 69058
Train - Loss (one batch): 0.00212
Val - Loss, MSE, RMSE, MAE, MAPE: 0.00282, 0.00282, 0.05230, 0.03246, 211467.92%
Test - Best epoch, Loss, MSE, RMSE, MAE, MAPE: 78, 0.00259, 0.00259, 0.05036, 0.03102, 7.40%
Time spent: 7.19s
- Epoch 158, ExpID 69058
Train - Loss (one batch): 0.00177
Val - Loss, MSE, RMSE, MAE, MAPE: 0.00300, 0.00300, 0.05409, 0.03558, 225640.33%
Test - Best epoch, Loss, MSE, RMSE, MAE, MAPE: 78, 0.00259, 0.00259, 0.05036, 0.03102, 7.40%
Time spent: 7.21s
