/home/ouass/Test/MSP-IMTS/tPatchGNN/run_models.py
2025-10-28 13:36:38
run_models.py --dataset activity --history 6000 --hid_dim 64 --te_dim 10 --node_dim 10 --nlayer 1 --tf_layer 1 --nhead 1 --batch_size 64 --lr 1e-3 --w_decay 1e-4 --patience 90 --epoch 450 --seed 1 --gpu 0 --multi_scales 300,2400 --multi_strides 150,600 --fusion concat
Namespace(multi_scales='300,2400', multi_strides='150,600', fusion='concat', state='def', n=100000000, hop=1, nhead=1, tf_layer=1, nlayer=1, epoch=450, patience=90, history=6000, patch_size=24, stride=24, logmode='a', lr=0.001, w_decay=0.0001, batch_size=64, save='experiments/', load=None, seed=1, dataset='activity', quantization=0.0, model='tPatchGNN', outlayer='Linear', hid_dim=64, te_dim=10, node_dim=10, gpu='0', npatch=250, device=device(type='cuda'), PID=650190, pred_window=1000, ndim=12)
- Epoch 000, ExpID 24373
Train - Loss (one batch): 0.00419
Val - Loss, MSE, RMSE, MAE, MAPE: 0.00985, 0.00985, 0.09892, 0.08063, 292764.24%
Test - Best epoch, Loss, MSE, RMSE, MAE, MAPE: 0, 0.00949, 0.00949, 0.09709, 0.07916, 18.39%
Time spent: 13.26s
- Epoch 001, ExpID 24373
Train - Loss (one batch): 0.00274
Val - Loss, MSE, RMSE, MAE, MAPE: 0.00470, 0.00470, 0.06798, 0.04920, 253359.54%
Test - Best epoch, Loss, MSE, RMSE, MAE, MAPE: 1, 0.00451, 0.00451, 0.06666, 0.04843, 11.47%
Time spent: 12.27s
- Epoch 002, ExpID 24373
Train - Loss (one batch): 0.00281
Val - Loss, MSE, RMSE, MAE, MAPE: 0.00342, 0.00342, 0.05755, 0.03570, 231953.16%
Test - Best epoch, Loss, MSE, RMSE, MAE, MAPE: 2, 0.00324, 0.00324, 0.05620, 0.03489, 8.30%
Time spent: 12.19s
- Epoch 003, ExpID 24373
Train - Loss (one batch): 0.00302
Val - Loss, MSE, RMSE, MAE, MAPE: 0.00328, 0.00328, 0.05642, 0.03541, 236981.21%
Test - Best epoch, Loss, MSE, RMSE, MAE, MAPE: 3, 0.00314, 0.00314, 0.05531, 0.03491, 8.37%
Time spent: 12.19s
- Epoch 004, ExpID 24373
Train - Loss (one batch): 0.00252
Val - Loss, MSE, RMSE, MAE, MAPE: 0.00313, 0.00313, 0.05505, 0.03413, 235994.06%
Test - Best epoch, Loss, MSE, RMSE, MAE, MAPE: 4, 0.00300, 0.00300, 0.05403, 0.03370, 8.12%
Time spent: 12.39s
- Epoch 005, ExpID 24373
Train - Loss (one batch): 0.00383
Val - Loss, MSE, RMSE, MAE, MAPE: 0.00316, 0.00316, 0.05541, 0.03500, 235264.69%
Test - Best epoch, Loss, MSE, RMSE, MAE, MAPE: 4, 0.00300, 0.00300, 0.05403, 0.03370, 8.12%
Time spent: 10.91s
- Epoch 006, ExpID 24373
Train - Loss (one batch): 0.00253
Val - Loss, MSE, RMSE, MAE, MAPE: 0.00320, 0.00320, 0.05582, 0.03610, 239428.79%
Test - Best epoch, Loss, MSE, RMSE, MAE, MAPE: 4, 0.00300, 0.00300, 0.05403, 0.03370, 8.12%
Time spent: 10.90s
- Epoch 007, ExpID 24373
Train - Loss (one batch): 0.00259
Val - Loss, MSE, RMSE, MAE, MAPE: 0.00303, 0.00303, 0.05416, 0.03416, 242280.84%
Test - Best epoch, Loss, MSE, RMSE, MAE, MAPE: 7, 0.00291, 0.00291, 0.05326, 0.03379, 8.24%
Time spent: 12.23s
- Epoch 008, ExpID 24373
Train - Loss (one batch): 0.00258
Val - Loss, MSE, RMSE, MAE, MAPE: 0.00303, 0.00303, 0.05415, 0.03386, 234368.47%
Test - Best epoch, Loss, MSE, RMSE, MAE, MAPE: 7, 0.00291, 0.00291, 0.05326, 0.03379, 8.24%
Time spent: 10.83s
- Epoch 009, ExpID 24373
Train - Loss (one batch): 0.00303
Val - Loss, MSE, RMSE, MAE, MAPE: 0.00349, 0.00349, 0.05849, 0.04065, 245420.69%
Test - Best epoch, Loss, MSE, RMSE, MAE, MAPE: 7, 0.00291, 0.00291, 0.05326, 0.03379, 8.24%
Time spent: 10.81s
- Epoch 010, ExpID 24373
Train - Loss (one batch): 0.00252
Val - Loss, MSE, RMSE, MAE, MAPE: 0.00330, 0.00330, 0.05676, 0.03860, 241840.89%
Test - Best epoch, Loss, MSE, RMSE, MAE, MAPE: 7, 0.00291, 0.00291, 0.05326, 0.03379, 8.24%
Time spent: 10.86s
- Epoch 011, ExpID 24373
Train - Loss (one batch): 0.00223
Val - Loss, MSE, RMSE, MAE, MAPE: 0.00298, 0.00298, 0.05376, 0.03381, 237220.28%
Test - Best epoch, Loss, MSE, RMSE, MAE, MAPE: 11, 0.00290, 0.00290, 0.05315, 0.03357, 7.99%
Time spent: 12.41s
- Epoch 012, ExpID 24373
Train - Loss (one batch): 0.00210
Val - Loss, MSE, RMSE, MAE, MAPE: 0.00348, 0.00348, 0.05831, 0.04064, 245161.63%
Test - Best epoch, Loss, MSE, RMSE, MAE, MAPE: 11, 0.00290, 0.00290, 0.05315, 0.03357, 7.99%
Time spent: 10.87s
- Epoch 013, ExpID 24373
Train - Loss (one batch): 0.00350
Val - Loss, MSE, RMSE, MAE, MAPE: 0.00283, 0.00283, 0.05234, 0.03209, 239219.32%
Test - Best epoch, Loss, MSE, RMSE, MAE, MAPE: 13, 0.00274, 0.00274, 0.05164, 0.03186, 7.75%
Time spent: 12.24s
- Epoch 014, ExpID 24373
Train - Loss (one batch): 0.00168
Val - Loss, MSE, RMSE, MAE, MAPE: 0.00303, 0.00303, 0.05418, 0.03491, 236876.75%
Test - Best epoch, Loss, MSE, RMSE, MAE, MAPE: 13, 0.00274, 0.00274, 0.05164, 0.03186, 7.75%
Time spent: 10.95s
- Epoch 015, ExpID 24373
Train - Loss (one batch): 0.00315
Val - Loss, MSE, RMSE, MAE, MAPE: 0.00286, 0.00286, 0.05255, 0.03220, 230369.83%
Test - Best epoch, Loss, MSE, RMSE, MAE, MAPE: 13, 0.00274, 0.00274, 0.05164, 0.03186, 7.75%
Time spent: 11.02s
- Epoch 016, ExpID 24373
Train - Loss (one batch): 0.00252
Val - Loss, MSE, RMSE, MAE, MAPE: 0.00291, 0.00291, 0.05301, 0.03310, 240028.97%
Test - Best epoch, Loss, MSE, RMSE, MAE, MAPE: 13, 0.00274, 0.00274, 0.05164, 0.03186, 7.75%
Time spent: 10.79s
- Epoch 017, ExpID 24373
Train - Loss (one batch): 0.00265
Val - Loss, MSE, RMSE, MAE, MAPE: 0.00309, 0.00309, 0.05472, 0.03597, 244539.75%
Test - Best epoch, Loss, MSE, RMSE, MAE, MAPE: 13, 0.00274, 0.00274, 0.05164, 0.03186, 7.75%
Time spent: 10.89s
- Epoch 018, ExpID 24373
Train - Loss (one batch): 0.00349
Val - Loss, MSE, RMSE, MAE, MAPE: 0.00287, 0.00287, 0.05270, 0.03252, 230097.58%
Test - Best epoch, Loss, MSE, RMSE, MAE, MAPE: 13, 0.00274, 0.00274, 0.05164, 0.03186, 7.75%
Time spent: 10.86s
- Epoch 019, ExpID 24373
Train - Loss (one batch): 0.00207
Val - Loss, MSE, RMSE, MAE, MAPE: 0.00299, 0.00299, 0.05386, 0.03495, 238842.48%
Test - Best epoch, Loss, MSE, RMSE, MAE, MAPE: 13, 0.00274, 0.00274, 0.05164, 0.03186, 7.75%
Time spent: 10.86s
- Epoch 020, ExpID 24373
Train - Loss (one batch): 0.00260
Val - Loss, MSE, RMSE, MAE, MAPE: 0.00292, 0.00292, 0.05312, 0.03359, 236158.43%
Test - Best epoch, Loss, MSE, RMSE, MAE, MAPE: 13, 0.00274, 0.00274, 0.05164, 0.03186, 7.75%
Time spent: 10.83s
- Epoch 021, ExpID 24373
Train - Loss (one batch): 0.00244
Val - Loss, MSE, RMSE, MAE, MAPE: 0.00288, 0.00288, 0.05271, 0.03281, 231162.59%
Test - Best epoch, Loss, MSE, RMSE, MAE, MAPE: 13, 0.00274, 0.00274, 0.05164, 0.03186, 7.75%
Time spent: 10.97s
- Epoch 022, ExpID 24373
Train - Loss (one batch): 0.00316
Val - Loss, MSE, RMSE, MAE, MAPE: 0.00284, 0.00284, 0.05237, 0.03268, 236461.46%
Test - Best epoch, Loss, MSE, RMSE, MAE, MAPE: 13, 0.00274, 0.00274, 0.05164, 0.03186, 7.75%
Time spent: 10.81s
- Epoch 023, ExpID 24373
Train - Loss (one batch): 0.00216
Val - Loss, MSE, RMSE, MAE, MAPE: 0.00315, 0.00315, 0.05532, 0.03636, 230385.35%
Test - Best epoch, Loss, MSE, RMSE, MAE, MAPE: 13, 0.00274, 0.00274, 0.05164, 0.03186, 7.75%
Time spent: 10.83s
- Epoch 024, ExpID 24373
Train - Loss (one batch): 0.00204
Val - Loss, MSE, RMSE, MAE, MAPE: 0.00285, 0.00285, 0.05252, 0.03308, 233354.39%
Test - Best epoch, Loss, MSE, RMSE, MAE, MAPE: 13, 0.00274, 0.00274, 0.05164, 0.03186, 7.75%
Time spent: 11.19s
- Epoch 025, ExpID 24373
Train - Loss (one batch): 0.00187
Val - Loss, MSE, RMSE, MAE, MAPE: 0.00282, 0.00282, 0.05211, 0.03222, 220550.77%
Test - Best epoch, Loss, MSE, RMSE, MAE, MAPE: 25, 0.00274, 0.00274, 0.05166, 0.03190, 7.56%
Time spent: 12.24s
- Epoch 026, ExpID 24373
Train - Loss (one batch): 0.00261
Val - Loss, MSE, RMSE, MAE, MAPE: 0.00310, 0.00310, 0.05489, 0.03669, 241694.11%
Test - Best epoch, Loss, MSE, RMSE, MAE, MAPE: 25, 0.00274, 0.00274, 0.05166, 0.03190, 7.56%
Time spent: 10.79s
- Epoch 027, ExpID 24373
Train - Loss (one batch): 0.00235
Val - Loss, MSE, RMSE, MAE, MAPE: 0.00282, 0.00282, 0.05216, 0.03232, 227626.31%
Test - Best epoch, Loss, MSE, RMSE, MAE, MAPE: 25, 0.00274, 0.00274, 0.05166, 0.03190, 7.56%
Time spent: 10.89s
- Epoch 028, ExpID 24373
Train - Loss (one batch): 0.00252
Val - Loss, MSE, RMSE, MAE, MAPE: 0.00330, 0.00330, 0.05675, 0.03851, 237690.11%
Test - Best epoch, Loss, MSE, RMSE, MAE, MAPE: 25, 0.00274, 0.00274, 0.05166, 0.03190, 7.56%
Time spent: 10.84s
- Epoch 029, ExpID 24373
Train - Loss (one batch): 0.00233
Val - Loss, MSE, RMSE, MAE, MAPE: 0.00287, 0.00287, 0.05261, 0.03321, 227739.13%
Test - Best epoch, Loss, MSE, RMSE, MAE, MAPE: 25, 0.00274, 0.00274, 0.05166, 0.03190, 7.56%
Time spent: 10.91s
- Epoch 030, ExpID 24373
Train - Loss (one batch): 0.00237
Val - Loss, MSE, RMSE, MAE, MAPE: 0.00301, 0.00301, 0.05409, 0.03573, 236255.48%
Test - Best epoch, Loss, MSE, RMSE, MAE, MAPE: 25, 0.00274, 0.00274, 0.05166, 0.03190, 7.56%
Time spent: 10.88s
- Epoch 031, ExpID 24373
Train - Loss (one batch): 0.00265
Val - Loss, MSE, RMSE, MAE, MAPE: 0.00276, 0.00276, 0.05157, 0.03197, 234675.78%
Test - Best epoch, Loss, MSE, RMSE, MAE, MAPE: 31, 0.00267, 0.00267, 0.05096, 0.03167, 7.70%
Time spent: 12.18s
- Epoch 032, ExpID 24373
Train - Loss (one batch): 0.00215
Val - Loss, MSE, RMSE, MAE, MAPE: 0.00294, 0.00294, 0.05329, 0.03433, 228729.33%
Test - Best epoch, Loss, MSE, RMSE, MAE, MAPE: 31, 0.00267, 0.00267, 0.05096, 0.03167, 7.70%
Time spent: 10.86s
- Epoch 033, ExpID 24373
Train - Loss (one batch): 0.00238
Val - Loss, MSE, RMSE, MAE, MAPE: 0.00303, 0.00303, 0.05417, 0.03600, 244510.95%
Test - Best epoch, Loss, MSE, RMSE, MAE, MAPE: 31, 0.00267, 0.00267, 0.05096, 0.03167, 7.70%
Time spent: 10.94s
- Epoch 034, ExpID 24373
Train - Loss (one batch): 0.00251
Val - Loss, MSE, RMSE, MAE, MAPE: 0.00280, 0.00280, 0.05193, 0.03244, 234116.09%
Test - Best epoch, Loss, MSE, RMSE, MAE, MAPE: 31, 0.00267, 0.00267, 0.05096, 0.03167, 7.70%
Time spent: 10.83s
- Epoch 035, ExpID 24373
Train - Loss (one batch): 0.00258
Val - Loss, MSE, RMSE, MAE, MAPE: 0.00301, 0.00301, 0.05407, 0.03585, 239546.16%
Test - Best epoch, Loss, MSE, RMSE, MAE, MAPE: 31, 0.00267, 0.00267, 0.05096, 0.03167, 7.70%
Time spent: 10.87s
- Epoch 036, ExpID 24373
Train - Loss (one batch): 0.00216
Val - Loss, MSE, RMSE, MAE, MAPE: 0.00292, 0.00292, 0.05314, 0.03423, 236911.83%
Test - Best epoch, Loss, MSE, RMSE, MAE, MAPE: 31, 0.00267, 0.00267, 0.05096, 0.03167, 7.70%
Time spent: 10.77s
- Epoch 037, ExpID 24373
Train - Loss (one batch): 0.00259
Val - Loss, MSE, RMSE, MAE, MAPE: 0.00296, 0.00296, 0.05348, 0.03442, 226320.89%
Test - Best epoch, Loss, MSE, RMSE, MAE, MAPE: 31, 0.00267, 0.00267, 0.05096, 0.03167, 7.70%
Time spent: 11.03s
- Epoch 038, ExpID 24373
Train - Loss (one batch): 0.00232
Val - Loss, MSE, RMSE, MAE, MAPE: 0.00279, 0.00279, 0.05192, 0.03264, 236184.35%
Test - Best epoch, Loss, MSE, RMSE, MAE, MAPE: 31, 0.00267, 0.00267, 0.05096, 0.03167, 7.70%
Time spent: 10.87s
- Epoch 039, ExpID 24373
Train - Loss (one batch): 0.00285
Val - Loss, MSE, RMSE, MAE, MAPE: 0.00282, 0.00282, 0.05211, 0.03261, 222620.87%
Test - Best epoch, Loss, MSE, RMSE, MAE, MAPE: 31, 0.00267, 0.00267, 0.05096, 0.03167, 7.70%
Time spent: 11.03s
- Epoch 040, ExpID 24373
Train - Loss (one batch): 0.00187
Val - Loss, MSE, RMSE, MAE, MAPE: 0.00278, 0.00278, 0.05181, 0.03229, 229761.86%
Test - Best epoch, Loss, MSE, RMSE, MAE, MAPE: 31, 0.00267, 0.00267, 0.05096, 0.03167, 7.70%
Time spent: 10.88s
- Epoch 041, ExpID 24373
Train - Loss (one batch): 0.00229
Val - Loss, MSE, RMSE, MAE, MAPE: 0.00284, 0.00284, 0.05249, 0.03344, 235028.67%
Test - Best epoch, Loss, MSE, RMSE, MAE, MAPE: 31, 0.00267, 0.00267, 0.05096, 0.03167, 7.70%
Time spent: 10.93s
- Epoch 042, ExpID 24373
Train - Loss (one batch): 0.00255
Val - Loss, MSE, RMSE, MAE, MAPE: 0.00280, 0.00280, 0.05203, 0.03295, 234668.72%
Test - Best epoch, Loss, MSE, RMSE, MAE, MAPE: 31, 0.00267, 0.00267, 0.05096, 0.03167, 7.70%
Time spent: 11.05s
- Epoch 043, ExpID 24373
Train - Loss (one batch): 0.00246
Val - Loss, MSE, RMSE, MAE, MAPE: 0.00273, 0.00273, 0.05128, 0.03171, 235003.39%
Test - Best epoch, Loss, MSE, RMSE, MAE, MAPE: 43, 0.00266, 0.00266, 0.05082, 0.03140, 7.54%
Time spent: 12.29s
- Epoch 044, ExpID 24373
Train - Loss (one batch): 0.00245
Val - Loss, MSE, RMSE, MAE, MAPE: 0.00271, 0.00271, 0.05114, 0.03154, 233620.87%
Test - Best epoch, Loss, MSE, RMSE, MAE, MAPE: 44, 0.00264, 0.00264, 0.05067, 0.03147, 7.67%
Time spent: 12.26s
- Epoch 045, ExpID 24373
Train - Loss (one batch): 0.00281
Val - Loss, MSE, RMSE, MAE, MAPE: 0.00272, 0.00272, 0.05123, 0.03165, 229874.59%
Test - Best epoch, Loss, MSE, RMSE, MAE, MAPE: 44, 0.00264, 0.00264, 0.05067, 0.03147, 7.67%
Time spent: 11.01s
- Epoch 046, ExpID 24373
Train - Loss (one batch): 0.00271
Val - Loss, MSE, RMSE, MAE, MAPE: 0.00279, 0.00279, 0.05192, 0.03284, 239376.99%
Test - Best epoch, Loss, MSE, RMSE, MAE, MAPE: 44, 0.00264, 0.00264, 0.05067, 0.03147, 7.67%
Time spent: 10.80s
- Epoch 047, ExpID 24373
Train - Loss (one batch): 0.00210
Val - Loss, MSE, RMSE, MAE, MAPE: 0.00272, 0.00272, 0.05123, 0.03173, 235041.18%
Test - Best epoch, Loss, MSE, RMSE, MAE, MAPE: 44, 0.00264, 0.00264, 0.05067, 0.03147, 7.67%
Time spent: 10.86s
- Epoch 048, ExpID 24373
Train - Loss (one batch): 0.00211
Val - Loss, MSE, RMSE, MAE, MAPE: 0.00305, 0.00305, 0.05444, 0.03674, 243773.43%
Test - Best epoch, Loss, MSE, RMSE, MAE, MAPE: 44, 0.00264, 0.00264, 0.05067, 0.03147, 7.67%
Time spent: 11.04s
- Epoch 049, ExpID 24373
Train - Loss (one batch): 0.00287
Val - Loss, MSE, RMSE, MAE, MAPE: 0.00269, 0.00269, 0.05087, 0.03113, 234548.61%
Test - Best epoch, Loss, MSE, RMSE, MAE, MAPE: 49, 0.00262, 0.00262, 0.05040, 0.03119, 7.56%
Time spent: 12.34s
- Epoch 050, ExpID 24373
Train - Loss (one batch): 0.00263
Val - Loss, MSE, RMSE, MAE, MAPE: 0.00285, 0.00285, 0.05253, 0.03373, 229439.44%
Test - Best epoch, Loss, MSE, RMSE, MAE, MAPE: 49, 0.00262, 0.00262, 0.05040, 0.03119, 7.56%
Time spent: 10.91s
- Epoch 051, ExpID 24373
Train - Loss (one batch): 0.00288
Val - Loss, MSE, RMSE, MAE, MAPE: 0.00290, 0.00290, 0.05302, 0.03479, 244659.53%
Test - Best epoch, Loss, MSE, RMSE, MAE, MAPE: 49, 0.00262, 0.00262, 0.05040, 0.03119, 7.56%
Time spent: 10.94s
- Epoch 052, ExpID 24373
Train - Loss (one batch): 0.00207
Val - Loss, MSE, RMSE, MAE, MAPE: 0.00298, 0.00298, 0.05372, 0.03554, 239448.92%
Test - Best epoch, Loss, MSE, RMSE, MAE, MAPE: 49, 0.00262, 0.00262, 0.05040, 0.03119, 7.56%
Time spent: 10.96s
- Epoch 053, ExpID 24373
Train - Loss (one batch): 0.00220
Val - Loss, MSE, RMSE, MAE, MAPE: 0.00272, 0.00272, 0.05123, 0.03168, 229492.61%
Test - Best epoch, Loss, MSE, RMSE, MAE, MAPE: 49, 0.00262, 0.00262, 0.05040, 0.03119, 7.56%
Time spent: 10.74s
- Epoch 054, ExpID 24373
Train - Loss (one batch): 0.00236
Val - Loss, MSE, RMSE, MAE, MAPE: 0.00282, 0.00282, 0.05222, 0.03304, 237019.07%
Test - Best epoch, Loss, MSE, RMSE, MAE, MAPE: 49, 0.00262, 0.00262, 0.05040, 0.03119, 7.56%
Time spent: 11.10s
- Epoch 055, ExpID 24373
Train - Loss (one batch): 0.00281
Val - Loss, MSE, RMSE, MAE, MAPE: 0.00281, 0.00281, 0.05214, 0.03348, 241950.27%
Test - Best epoch, Loss, MSE, RMSE, MAE, MAPE: 49, 0.00262, 0.00262, 0.05040, 0.03119, 7.56%
Time spent: 11.03s
- Epoch 056, ExpID 24373
Train - Loss (one batch): 0.00282
Val - Loss, MSE, RMSE, MAE, MAPE: 0.00288, 0.00288, 0.05284, 0.03408, 241954.00%
Test - Best epoch, Loss, MSE, RMSE, MAE, MAPE: 49, 0.00262, 0.00262, 0.05040, 0.03119, 7.56%
Time spent: 10.85s
- Epoch 057, ExpID 24373
Train - Loss (one batch): 0.00284
Val - Loss, MSE, RMSE, MAE, MAPE: 0.00314, 0.00314, 0.05534, 0.03800, 243383.55%
Test - Best epoch, Loss, MSE, RMSE, MAE, MAPE: 49, 0.00262, 0.00262, 0.05040, 0.03119, 7.56%
Time spent: 10.82s
- Epoch 058, ExpID 24373
Train - Loss (one batch): 0.00230
Val - Loss, MSE, RMSE, MAE, MAPE: 0.00298, 0.00298, 0.05373, 0.03568, 241435.76%
Test - Best epoch, Loss, MSE, RMSE, MAE, MAPE: 49, 0.00262, 0.00262, 0.05040, 0.03119, 7.56%
Time spent: 10.90s
- Epoch 059, ExpID 24373
Train - Loss (one batch): 0.00232
Val - Loss, MSE, RMSE, MAE, MAPE: 0.00298, 0.00298, 0.05373, 0.03569, 239239.47%
Test - Best epoch, Loss, MSE, RMSE, MAE, MAPE: 49, 0.00262, 0.00262, 0.05040, 0.03119, 7.56%
Time spent: 10.92s
- Epoch 060, ExpID 24373
Train - Loss (one batch): 0.00256
Val - Loss, MSE, RMSE, MAE, MAPE: 0.00274, 0.00274, 0.05148, 0.03218, 239830.63%
Test - Best epoch, Loss, MSE, RMSE, MAE, MAPE: 49, 0.00262, 0.00262, 0.05040, 0.03119, 7.56%
Time spent: 10.82s
- Epoch 061, ExpID 24373
Train - Loss (one batch): 0.00256
Val - Loss, MSE, RMSE, MAE, MAPE: 0.00311, 0.00311, 0.05505, 0.03770, 242700.26%
Test - Best epoch, Loss, MSE, RMSE, MAE, MAPE: 49, 0.00262, 0.00262, 0.05040, 0.03119, 7.56%
Time spent: 11.08s
- Epoch 062, ExpID 24373
Train - Loss (one batch): 0.00291
Val - Loss, MSE, RMSE, MAE, MAPE: 0.00275, 0.00275, 0.05156, 0.03224, 235948.10%
Test - Best epoch, Loss, MSE, RMSE, MAE, MAPE: 49, 0.00262, 0.00262, 0.05040, 0.03119, 7.56%
Time spent: 10.91s
- Epoch 063, ExpID 24373
Train - Loss (one batch): 0.00180
Val - Loss, MSE, RMSE, MAE, MAPE: 0.00271, 0.00271, 0.05109, 0.03155, 228070.55%
Test - Best epoch, Loss, MSE, RMSE, MAE, MAPE: 49, 0.00262, 0.00262, 0.05040, 0.03119, 7.56%
Time spent: 10.83s
- Epoch 064, ExpID 24373
Train - Loss (one batch): 0.00237
Val - Loss, MSE, RMSE, MAE, MAPE: 0.00286, 0.00286, 0.05255, 0.03354, 241621.69%
Test - Best epoch, Loss, MSE, RMSE, MAE, MAPE: 49, 0.00262, 0.00262, 0.05040, 0.03119, 7.56%
Time spent: 10.90s
- Epoch 065, ExpID 24373
Train - Loss (one batch): 0.00196
Val - Loss, MSE, RMSE, MAE, MAPE: 0.00284, 0.00284, 0.05243, 0.03369, 240305.71%
Test - Best epoch, Loss, MSE, RMSE, MAE, MAPE: 49, 0.00262, 0.00262, 0.05040, 0.03119, 7.56%
Time spent: 11.00s
- Epoch 066, ExpID 24373
Train - Loss (one batch): 0.00240
Val - Loss, MSE, RMSE, MAE, MAPE: 0.00327, 0.00327, 0.05654, 0.03951, 243333.55%
Test - Best epoch, Loss, MSE, RMSE, MAE, MAPE: 49, 0.00262, 0.00262, 0.05040, 0.03119, 7.56%
Time spent: 11.22s
- Epoch 067, ExpID 24373
Train - Loss (one batch): 0.00200
Val - Loss, MSE, RMSE, MAE, MAPE: 0.00274, 0.00274, 0.05140, 0.03201, 235101.99%
Test - Best epoch, Loss, MSE, RMSE, MAE, MAPE: 49, 0.00262, 0.00262, 0.05040, 0.03119, 7.56%
Time spent: 10.98s
- Epoch 068, ExpID 24373
Train - Loss (one batch): 0.00263
Val - Loss, MSE, RMSE, MAE, MAPE: 0.00276, 0.00276, 0.05165, 0.03282, 237157.00%
Test - Best epoch, Loss, MSE, RMSE, MAE, MAPE: 49, 0.00262, 0.00262, 0.05040, 0.03119, 7.56%
Time spent: 10.94s
- Epoch 069, ExpID 24373
Train - Loss (one batch): 0.00204
Val - Loss, MSE, RMSE, MAE, MAPE: 0.00281, 0.00281, 0.05217, 0.03321, 238162.81%
Test - Best epoch, Loss, MSE, RMSE, MAE, MAPE: 49, 0.00262, 0.00262, 0.05040, 0.03119, 7.56%
Time spent: 10.83s
- Epoch 070, ExpID 24373
Train - Loss (one batch): 0.00269
Val - Loss, MSE, RMSE, MAE, MAPE: 0.00271, 0.00271, 0.05115, 0.03150, 240720.79%
Test - Best epoch, Loss, MSE, RMSE, MAE, MAPE: 49, 0.00262, 0.00262, 0.05040, 0.03119, 7.56%
Time spent: 10.95s
- Epoch 071, ExpID 24373
Train - Loss (one batch): 0.00252
Val - Loss, MSE, RMSE, MAE, MAPE: 0.00268, 0.00268, 0.05088, 0.03165, 235756.42%
Test - Best epoch, Loss, MSE, RMSE, MAE, MAPE: 71, 0.00264, 0.00264, 0.05064, 0.03151, 7.67%
Time spent: 12.33s
- Epoch 072, ExpID 24373
Train - Loss (one batch): 0.00200
Val - Loss, MSE, RMSE, MAE, MAPE: 0.00283, 0.00283, 0.05234, 0.03379, 240119.02%
Test - Best epoch, Loss, MSE, RMSE, MAE, MAPE: 71, 0.00264, 0.00264, 0.05064, 0.03151, 7.67%
Time spent: 11.02s
- Epoch 073, ExpID 24373
Train - Loss (one batch): 0.00199
Val - Loss, MSE, RMSE, MAE, MAPE: 0.00272, 0.00272, 0.05124, 0.03177, 230981.38%
Test - Best epoch, Loss, MSE, RMSE, MAE, MAPE: 71, 0.00264, 0.00264, 0.05064, 0.03151, 7.67%
Time spent: 10.82s
- Epoch 074, ExpID 24373
Train - Loss (one batch): 0.00188
Val - Loss, MSE, RMSE, MAE, MAPE: 0.00288, 0.00288, 0.05279, 0.03448, 236861.17%
Test - Best epoch, Loss, MSE, RMSE, MAE, MAPE: 71, 0.00264, 0.00264, 0.05064, 0.03151, 7.67%
Time spent: 11.04s
- Epoch 075, ExpID 24373
Train - Loss (one batch): 0.00246
Val - Loss, MSE, RMSE, MAE, MAPE: 0.00281, 0.00281, 0.05207, 0.03276, 231011.24%
Test - Best epoch, Loss, MSE, RMSE, MAE, MAPE: 71, 0.00264, 0.00264, 0.05064, 0.03151, 7.67%
Time spent: 10.88s
- Epoch 076, ExpID 24373
Train - Loss (one batch): 0.00228
Val - Loss, MSE, RMSE, MAE, MAPE: 0.00289, 0.00289, 0.05295, 0.03472, 242840.52%
Test - Best epoch, Loss, MSE, RMSE, MAE, MAPE: 71, 0.00264, 0.00264, 0.05064, 0.03151, 7.67%
Time spent: 10.79s
- Epoch 077, ExpID 24373
Train - Loss (one batch): 0.00269
Val - Loss, MSE, RMSE, MAE, MAPE: 0.00271, 0.00271, 0.05110, 0.03145, 237410.55%
Test - Best epoch, Loss, MSE, RMSE, MAE, MAPE: 71, 0.00264, 0.00264, 0.05064, 0.03151, 7.67%
Time spent: 11.10s
- Epoch 078, ExpID 24373
Train - Loss (one batch): 0.00206
Val - Loss, MSE, RMSE, MAE, MAPE: 0.00277, 0.00277, 0.05170, 0.03260, 231319.59%
Test - Best epoch, Loss, MSE, RMSE, MAE, MAPE: 71, 0.00264, 0.00264, 0.05064, 0.03151, 7.67%
Time spent: 10.85s
- Epoch 079, ExpID 24373
Train - Loss (one batch): 0.00312
Val - Loss, MSE, RMSE, MAE, MAPE: 0.00289, 0.00289, 0.05296, 0.03471, 251164.96%
Test - Best epoch, Loss, MSE, RMSE, MAE, MAPE: 71, 0.00264, 0.00264, 0.05064, 0.03151, 7.67%
Time spent: 11.06s
- Epoch 080, ExpID 24373
Train - Loss (one batch): 0.00296
Val - Loss, MSE, RMSE, MAE, MAPE: 0.00304, 0.00304, 0.05430, 0.03671, 251839.86%
Test - Best epoch, Loss, MSE, RMSE, MAE, MAPE: 71, 0.00264, 0.00264, 0.05064, 0.03151, 7.67%
Time spent: 10.96s
- Epoch 081, ExpID 24373
Train - Loss (one batch): 0.00178
Val - Loss, MSE, RMSE, MAE, MAPE: 0.00290, 0.00290, 0.05299, 0.03458, 252264.43%
Test - Best epoch, Loss, MSE, RMSE, MAE, MAPE: 71, 0.00264, 0.00264, 0.05064, 0.03151, 7.67%
Time spent: 10.90s
- Epoch 082, ExpID 24373
Train - Loss (one batch): 0.00213
Val - Loss, MSE, RMSE, MAE, MAPE: 0.00271, 0.00271, 0.05109, 0.03148, 238280.59%
Test - Best epoch, Loss, MSE, RMSE, MAE, MAPE: 71, 0.00264, 0.00264, 0.05064, 0.03151, 7.67%
Time spent: 10.96s
- Epoch 083, ExpID 24373
Train - Loss (one batch): 0.00226
Val - Loss, MSE, RMSE, MAE, MAPE: 0.00288, 0.00288, 0.05284, 0.03436, 240833.58%
Test - Best epoch, Loss, MSE, RMSE, MAE, MAPE: 71, 0.00264, 0.00264, 0.05064, 0.03151, 7.67%
Time spent: 11.03s
- Epoch 084, ExpID 24373
Train - Loss (one batch): 0.00210
Val - Loss, MSE, RMSE, MAE, MAPE: 0.00287, 0.00287, 0.05272, 0.03437, 249260.05%
Test - Best epoch, Loss, MSE, RMSE, MAE, MAPE: 71, 0.00264, 0.00264, 0.05064, 0.03151, 7.67%
Time spent: 10.88s
- Epoch 085, ExpID 24373
Train - Loss (one batch): 0.00156
Val - Loss, MSE, RMSE, MAE, MAPE: 0.00316, 0.00316, 0.05527, 0.03742, 264904.72%
Test - Best epoch, Loss, MSE, RMSE, MAE, MAPE: 71, 0.00264, 0.00264, 0.05064, 0.03151, 7.67%
Time spent: 10.82s
- Epoch 086, ExpID 24373
Train - Loss (one batch): 0.00213
Val - Loss, MSE, RMSE, MAE, MAPE: 0.00293, 0.00293, 0.05334, 0.03531, 239614.82%
Test - Best epoch, Loss, MSE, RMSE, MAE, MAPE: 71, 0.00264, 0.00264, 0.05064, 0.03151, 7.67%
Time spent: 10.89s
- Epoch 087, ExpID 24373
Train - Loss (one batch): 0.00235
Val - Loss, MSE, RMSE, MAE, MAPE: 0.00281, 0.00281, 0.05219, 0.03351, 238180.89%
Test - Best epoch, Loss, MSE, RMSE, MAE, MAPE: 71, 0.00264, 0.00264, 0.05064, 0.03151, 7.67%
Time spent: 10.79s
- Epoch 088, ExpID 24373
Train - Loss (one batch): 0.00187
Val - Loss, MSE, RMSE, MAE, MAPE: 0.00286, 0.00286, 0.05264, 0.03403, 235325.61%
Test - Best epoch, Loss, MSE, RMSE, MAE, MAPE: 71, 0.00264, 0.00264, 0.05064, 0.03151, 7.67%
Time spent: 10.90s
- Epoch 089, ExpID 24373
Train - Loss (one batch): 0.00207
Val - Loss, MSE, RMSE, MAE, MAPE: 0.00276, 0.00276, 0.05150, 0.03167, 235484.87%
Test - Best epoch, Loss, MSE, RMSE, MAE, MAPE: 71, 0.00264, 0.00264, 0.05064, 0.03151, 7.67%
Time spent: 10.95s
- Epoch 090, ExpID 24373
Train - Loss (one batch): 0.00228
Val - Loss, MSE, RMSE, MAE, MAPE: 0.00267, 0.00267, 0.05075, 0.03102, 239137.18%
Test - Best epoch, Loss, MSE, RMSE, MAE, MAPE: 90, 0.00265, 0.00265, 0.05073, 0.03130, 7.55%
Time spent: 12.12s
- Epoch 091, ExpID 24373
Train - Loss (one batch): 0.00219
Val - Loss, MSE, RMSE, MAE, MAPE: 0.00298, 0.00298, 0.05376, 0.03567, 248198.25%
Test - Best epoch, Loss, MSE, RMSE, MAE, MAPE: 90, 0.00265, 0.00265, 0.05073, 0.03130, 7.55%
Time spent: 10.92s
- Epoch 092, ExpID 24373
Train - Loss (one batch): 0.00233
Val - Loss, MSE, RMSE, MAE, MAPE: 0.00268, 0.00268, 0.05084, 0.03124, 234827.93%
Test - Best epoch, Loss, MSE, RMSE, MAE, MAPE: 90, 0.00265, 0.00265, 0.05073, 0.03130, 7.55%
Time spent: 10.87s
- Epoch 093, ExpID 24373
Train - Loss (one batch): 0.00270
Val - Loss, MSE, RMSE, MAE, MAPE: 0.00277, 0.00277, 0.05169, 0.03228, 234953.49%
Test - Best epoch, Loss, MSE, RMSE, MAE, MAPE: 90, 0.00265, 0.00265, 0.05073, 0.03130, 7.55%
Time spent: 10.86s
- Epoch 094, ExpID 24373
Train - Loss (one batch): 0.00198
Val - Loss, MSE, RMSE, MAE, MAPE: 0.00293, 0.00293, 0.05302, 0.03396, 254933.45%
Test - Best epoch, Loss, MSE, RMSE, MAE, MAPE: 90, 0.00265, 0.00265, 0.05073, 0.03130, 7.55%
Time spent: 10.89s
- Epoch 095, ExpID 24373
Train - Loss (one batch): 0.00216
Val - Loss, MSE, RMSE, MAE, MAPE: 0.00287, 0.00287, 0.05276, 0.03389, 243871.40%
Test - Best epoch, Loss, MSE, RMSE, MAE, MAPE: 90, 0.00265, 0.00265, 0.05073, 0.03130, 7.55%
Time spent: 10.89s
- Epoch 096, ExpID 24373
Train - Loss (one batch): 0.00194
Val - Loss, MSE, RMSE, MAE, MAPE: 0.00269, 0.00269, 0.05093, 0.03133, 235133.90%
Test - Best epoch, Loss, MSE, RMSE, MAE, MAPE: 90, 0.00265, 0.00265, 0.05073, 0.03130, 7.55%
Time spent: 10.81s
- Epoch 097, ExpID 24373
Train - Loss (one batch): 0.00324
Val - Loss, MSE, RMSE, MAE, MAPE: 0.00276, 0.00276, 0.05165, 0.03259, 244884.32%
Test - Best epoch, Loss, MSE, RMSE, MAE, MAPE: 90, 0.00265, 0.00265, 0.05073, 0.03130, 7.55%
Time spent: 10.86s
- Epoch 098, ExpID 24373
Train - Loss (one batch): 0.00242
Val - Loss, MSE, RMSE, MAE, MAPE: 0.00270, 0.00270, 0.05106, 0.03159, 241188.58%
Test - Best epoch, Loss, MSE, RMSE, MAE, MAPE: 90, 0.00265, 0.00265, 0.05073, 0.03130, 7.55%
Time spent: 10.98s
- Epoch 099, ExpID 24373
Train - Loss (one batch): 0.00248
Val - Loss, MSE, RMSE, MAE, MAPE: 0.00280, 0.00280, 0.05191, 0.03259, 247598.49%
Test - Best epoch, Loss, MSE, RMSE, MAE, MAPE: 90, 0.00265, 0.00265, 0.05073, 0.03130, 7.55%
Time spent: 10.90s
- Epoch 100, ExpID 24373
Train - Loss (one batch): 0.00239
Val - Loss, MSE, RMSE, MAE, MAPE: 0.00271, 0.00271, 0.05117, 0.03172, 239945.64%
Test - Best epoch, Loss, MSE, RMSE, MAE, MAPE: 90, 0.00265, 0.00265, 0.05073, 0.03130, 7.55%
Time spent: 10.88s
- Epoch 101, ExpID 24373
Train - Loss (one batch): 0.00229
Val - Loss, MSE, RMSE, MAE, MAPE: 0.00310, 0.00310, 0.05482, 0.03672, 254399.99%
Test - Best epoch, Loss, MSE, RMSE, MAE, MAPE: 90, 0.00265, 0.00265, 0.05073, 0.03130, 7.55%
Time spent: 10.80s
- Epoch 102, ExpID 24373
Train - Loss (one batch): 0.00253
Val - Loss, MSE, RMSE, MAE, MAPE: 0.00293, 0.00293, 0.05329, 0.03476, 245840.08%
Test - Best epoch, Loss, MSE, RMSE, MAE, MAPE: 90, 0.00265, 0.00265, 0.05073, 0.03130, 7.55%
Time spent: 10.86s
- Epoch 103, ExpID 24373
Train - Loss (one batch): 0.00172
Val - Loss, MSE, RMSE, MAE, MAPE: 0.00277, 0.00277, 0.05170, 0.03229, 245215.03%
Test - Best epoch, Loss, MSE, RMSE, MAE, MAPE: 90, 0.00265, 0.00265, 0.05073, 0.03130, 7.55%
Time spent: 10.91s
- Epoch 104, ExpID 24373
Train - Loss (one batch): 0.00252
Val - Loss, MSE, RMSE, MAE, MAPE: 0.00277, 0.00277, 0.05167, 0.03231, 249376.56%
Test - Best epoch, Loss, MSE, RMSE, MAE, MAPE: 90, 0.00265, 0.00265, 0.05073, 0.03130, 7.55%
Time spent: 10.89s
- Epoch 105, ExpID 24373
Train - Loss (one batch): 0.00239
Val - Loss, MSE, RMSE, MAE, MAPE: 0.00277, 0.00277, 0.05175, 0.03263, 245816.46%
Test - Best epoch, Loss, MSE, RMSE, MAE, MAPE: 90, 0.00265, 0.00265, 0.05073, 0.03130, 7.55%
Time spent: 10.93s
- Epoch 106, ExpID 24373
Train - Loss (one batch): 0.00171
Val - Loss, MSE, RMSE, MAE, MAPE: 0.00276, 0.00276, 0.05159, 0.03191, 255648.12%
Test - Best epoch, Loss, MSE, RMSE, MAE, MAPE: 90, 0.00265, 0.00265, 0.05073, 0.03130, 7.55%
Time spent: 10.80s
- Epoch 107, ExpID 24373
Train - Loss (one batch): 0.00241
Val - Loss, MSE, RMSE, MAE, MAPE: 0.00275, 0.00275, 0.05145, 0.03198, 253225.42%
Test - Best epoch, Loss, MSE, RMSE, MAE, MAPE: 90, 0.00265, 0.00265, 0.05073, 0.03130, 7.55%
Time spent: 10.79s
- Epoch 108, ExpID 24373
Train - Loss (one batch): 0.00238
Val - Loss, MSE, RMSE, MAE, MAPE: 0.00275, 0.00275, 0.05139, 0.03147, 250213.10%
Test - Best epoch, Loss, MSE, RMSE, MAE, MAPE: 90, 0.00265, 0.00265, 0.05073, 0.03130, 7.55%
Time spent: 10.89s
- Epoch 109, ExpID 24373
Train - Loss (one batch): 0.00201
Val - Loss, MSE, RMSE, MAE, MAPE: 0.00286, 0.00286, 0.05259, 0.03355, 255685.39%
Test - Best epoch, Loss, MSE, RMSE, MAE, MAPE: 90, 0.00265, 0.00265, 0.05073, 0.03130, 7.55%
Time spent: 10.78s
- Epoch 110, ExpID 24373
Train - Loss (one batch): 0.00205
Val - Loss, MSE, RMSE, MAE, MAPE: 0.00290, 0.00290, 0.05298, 0.03373, 254637.36%
Test - Best epoch, Loss, MSE, RMSE, MAE, MAPE: 90, 0.00265, 0.00265, 0.05073, 0.03130, 7.55%
Time spent: 10.88s
- Epoch 111, ExpID 24373
Train - Loss (one batch): 0.00222
Val - Loss, MSE, RMSE, MAE, MAPE: 0.00277, 0.00277, 0.05163, 0.03203, 247170.66%
Test - Best epoch, Loss, MSE, RMSE, MAE, MAPE: 90, 0.00265, 0.00265, 0.05073, 0.03130, 7.55%
Time spent: 10.79s
- Epoch 112, ExpID 24373
Train - Loss (one batch): 0.00188
Val - Loss, MSE, RMSE, MAE, MAPE: 0.00281, 0.00281, 0.05201, 0.03268, 245855.62%
Test - Best epoch, Loss, MSE, RMSE, MAE, MAPE: 90, 0.00265, 0.00265, 0.05073, 0.03130, 7.55%
Time spent: 10.87s
- Epoch 113, ExpID 24373
Train - Loss (one batch): 0.00275
Val - Loss, MSE, RMSE, MAE, MAPE: 0.00281, 0.00281, 0.05204, 0.03279, 250431.92%
Test - Best epoch, Loss, MSE, RMSE, MAE, MAPE: 90, 0.00265, 0.00265, 0.05073, 0.03130, 7.55%
Time spent: 10.80s
- Epoch 114, ExpID 24373
Train - Loss (one batch): 0.00255
Val - Loss, MSE, RMSE, MAE, MAPE: 0.00273, 0.00273, 0.05125, 0.03138, 244421.95%
Test - Best epoch, Loss, MSE, RMSE, MAE, MAPE: 90, 0.00265, 0.00265, 0.05073, 0.03130, 7.55%
Time spent: 10.86s
- Epoch 115, ExpID 24373
Train - Loss (one batch): 0.00237
Val - Loss, MSE, RMSE, MAE, MAPE: 0.00281, 0.00281, 0.05201, 0.03273, 250152.13%
Test - Best epoch, Loss, MSE, RMSE, MAE, MAPE: 90, 0.00265, 0.00265, 0.05073, 0.03130, 7.55%
Time spent: 10.79s
- Epoch 116, ExpID 24373
Train - Loss (one batch): 0.00228
Val - Loss, MSE, RMSE, MAE, MAPE: 0.00299, 0.00299, 0.05384, 0.03568, 247240.11%
Test - Best epoch, Loss, MSE, RMSE, MAE, MAPE: 90, 0.00265, 0.00265, 0.05073, 0.03130, 7.55%
Time spent: 10.97s
- Epoch 117, ExpID 24373
Train - Loss (one batch): 0.00179
Val - Loss, MSE, RMSE, MAE, MAPE: 0.00288, 0.00288, 0.05271, 0.03334, 251536.46%
Test - Best epoch, Loss, MSE, RMSE, MAE, MAPE: 90, 0.00265, 0.00265, 0.05073, 0.03130, 7.55%
Time spent: 10.98s
- Epoch 118, ExpID 24373
Train - Loss (one batch): 0.00263
Val - Loss, MSE, RMSE, MAE, MAPE: 0.00270, 0.00270, 0.05107, 0.03155, 238343.70%
Test - Best epoch, Loss, MSE, RMSE, MAE, MAPE: 90, 0.00265, 0.00265, 0.05073, 0.03130, 7.55%
Time spent: 10.83s
- Epoch 119, ExpID 24373
Train - Loss (one batch): 0.00224
Val - Loss, MSE, RMSE, MAE, MAPE: 0.00276, 0.00276, 0.05154, 0.03201, 241361.80%
Test - Best epoch, Loss, MSE, RMSE, MAE, MAPE: 90, 0.00265, 0.00265, 0.05073, 0.03130, 7.55%
Time spent: 10.78s
- Epoch 120, ExpID 24373
Train - Loss (one batch): 0.00275
Val - Loss, MSE, RMSE, MAE, MAPE: 0.00274, 0.00274, 0.05135, 0.03167, 250474.40%
Test - Best epoch, Loss, MSE, RMSE, MAE, MAPE: 90, 0.00265, 0.00265, 0.05073, 0.03130, 7.55%
Time spent: 11.04s
- Epoch 121, ExpID 24373
Train - Loss (one batch): 0.00217
Val - Loss, MSE, RMSE, MAE, MAPE: 0.00296, 0.00296, 0.05347, 0.03508, 254124.37%
Test - Best epoch, Loss, MSE, RMSE, MAE, MAPE: 90, 0.00265, 0.00265, 0.05073, 0.03130, 7.55%
Time spent: 10.86s
- Epoch 122, ExpID 24373
Train - Loss (one batch): 0.00166
Val - Loss, MSE, RMSE, MAE, MAPE: 0.00276, 0.00276, 0.05164, 0.03215, 250735.88%
Test - Best epoch, Loss, MSE, RMSE, MAE, MAPE: 90, 0.00265, 0.00265, 0.05073, 0.03130, 7.55%
Time spent: 10.88s
- Epoch 123, ExpID 24373
Train - Loss (one batch): 0.00182
Val - Loss, MSE, RMSE, MAE, MAPE: 0.00305, 0.00305, 0.05443, 0.03653, 249911.93%
Test - Best epoch, Loss, MSE, RMSE, MAE, MAPE: 90, 0.00265, 0.00265, 0.05073, 0.03130, 7.55%
Time spent: 10.86s
- Epoch 124, ExpID 24373
Train - Loss (one batch): 0.00222
Val - Loss, MSE, RMSE, MAE, MAPE: 0.00286, 0.00286, 0.05248, 0.03340, 254021.73%
Test - Best epoch, Loss, MSE, RMSE, MAE, MAPE: 90, 0.00265, 0.00265, 0.05073, 0.03130, 7.55%
Time spent: 10.81s
- Epoch 125, ExpID 24373
Train - Loss (one batch): 0.00227
Val - Loss, MSE, RMSE, MAE, MAPE: 0.00276, 0.00276, 0.05152, 0.03174, 242734.75%
Test - Best epoch, Loss, MSE, RMSE, MAE, MAPE: 90, 0.00265, 0.00265, 0.05073, 0.03130, 7.55%
Time spent: 10.78s
- Epoch 126, ExpID 24373
Train - Loss (one batch): 0.00222
Val - Loss, MSE, RMSE, MAE, MAPE: 0.00280, 0.00280, 0.05187, 0.03203, 252715.41%
Test - Best epoch, Loss, MSE, RMSE, MAE, MAPE: 90, 0.00265, 0.00265, 0.05073, 0.03130, 7.55%
Time spent: 10.84s
- Epoch 127, ExpID 24373
Train - Loss (one batch): 0.00182
Val - Loss, MSE, RMSE, MAE, MAPE: 0.00275, 0.00275, 0.05147, 0.03194, 239412.56%
Test - Best epoch, Loss, MSE, RMSE, MAE, MAPE: 90, 0.00265, 0.00265, 0.05073, 0.03130, 7.55%
Time spent: 10.80s
- Epoch 128, ExpID 24373
Train - Loss (one batch): 0.00306
Val - Loss, MSE, RMSE, MAE, MAPE: 0.00277, 0.00277, 0.05172, 0.03238, 243219.74%
Test - Best epoch, Loss, MSE, RMSE, MAE, MAPE: 90, 0.00265, 0.00265, 0.05073, 0.03130, 7.55%
Time spent: 10.85s
- Epoch 129, ExpID 24373
Train - Loss (one batch): 0.00176
Val - Loss, MSE, RMSE, MAE, MAPE: 0.00297, 0.00297, 0.05346, 0.03418, 259013.65%
Test - Best epoch, Loss, MSE, RMSE, MAE, MAPE: 90, 0.00265, 0.00265, 0.05073, 0.03130, 7.55%
Time spent: 10.88s
- Epoch 130, ExpID 24373
Train - Loss (one batch): 0.00213
Val - Loss, MSE, RMSE, MAE, MAPE: 0.00280, 0.00280, 0.05195, 0.03264, 249871.64%
Test - Best epoch, Loss, MSE, RMSE, MAE, MAPE: 90, 0.00265, 0.00265, 0.05073, 0.03130, 7.55%
Time spent: 10.81s
- Epoch 131, ExpID 24373
Train - Loss (one batch): 0.00213
Val - Loss, MSE, RMSE, MAE, MAPE: 0.00277, 0.00277, 0.05160, 0.03187, 245831.94%
Test - Best epoch, Loss, MSE, RMSE, MAE, MAPE: 90, 0.00265, 0.00265, 0.05073, 0.03130, 7.55%
Time spent: 10.88s
- Epoch 132, ExpID 24373
Train - Loss (one batch): 0.00253
Val - Loss, MSE, RMSE, MAE, MAPE: 0.00278, 0.00278, 0.05170, 0.03204, 240475.23%
Test - Best epoch, Loss, MSE, RMSE, MAE, MAPE: 90, 0.00265, 0.00265, 0.05073, 0.03130, 7.55%
Time spent: 10.90s
- Epoch 133, ExpID 24373
Train - Loss (one batch): 0.00173
Val - Loss, MSE, RMSE, MAE, MAPE: 0.00276, 0.00276, 0.05154, 0.03200, 245865.11%
Test - Best epoch, Loss, MSE, RMSE, MAE, MAPE: 90, 0.00265, 0.00265, 0.05073, 0.03130, 7.55%
Time spent: 10.97s
- Epoch 134, ExpID 24373
Train - Loss (one batch): 0.00180
Val - Loss, MSE, RMSE, MAE, MAPE: 0.00291, 0.00291, 0.05302, 0.03404, 255354.49%
Test - Best epoch, Loss, MSE, RMSE, MAE, MAPE: 90, 0.00265, 0.00265, 0.05073, 0.03130, 7.55%
Time spent: 10.83s
- Epoch 135, ExpID 24373
Train - Loss (one batch): 0.00181
Val - Loss, MSE, RMSE, MAE, MAPE: 0.00273, 0.00273, 0.05128, 0.03198, 240608.35%
Test - Best epoch, Loss, MSE, RMSE, MAE, MAPE: 90, 0.00265, 0.00265, 0.05073, 0.03130, 7.55%
Time spent: 10.82s
- Epoch 136, ExpID 24373
Train - Loss (one batch): 0.00176
Val - Loss, MSE, RMSE, MAE, MAPE: 0.00324, 0.00324, 0.05605, 0.03803, 254890.46%
Test - Best epoch, Loss, MSE, RMSE, MAE, MAPE: 90, 0.00265, 0.00265, 0.05073, 0.03130, 7.55%
Time spent: 10.87s
- Epoch 137, ExpID 24373
Train - Loss (one batch): 0.00243
Val - Loss, MSE, RMSE, MAE, MAPE: 0.00286, 0.00286, 0.05254, 0.03372, 247822.07%
Test - Best epoch, Loss, MSE, RMSE, MAE, MAPE: 90, 0.00265, 0.00265, 0.05073, 0.03130, 7.55%
Time spent: 10.79s
- Epoch 138, ExpID 24373
Train - Loss (one batch): 0.00231
Val - Loss, MSE, RMSE, MAE, MAPE: 0.00289, 0.00289, 0.05282, 0.03413, 252977.55%
Test - Best epoch, Loss, MSE, RMSE, MAE, MAPE: 90, 0.00265, 0.00265, 0.05073, 0.03130, 7.55%
Time spent: 10.87s
- Epoch 139, ExpID 24373
Train - Loss (one batch): 0.00209
Val - Loss, MSE, RMSE, MAE, MAPE: 0.00273, 0.00273, 0.05127, 0.03185, 243623.03%
Test - Best epoch, Loss, MSE, RMSE, MAE, MAPE: 90, 0.00265, 0.00265, 0.05073, 0.03130, 7.55%
Time spent: 10.82s
- Epoch 140, ExpID 24373
Train - Loss (one batch): 0.00245
Val - Loss, MSE, RMSE, MAE, MAPE: 0.00275, 0.00275, 0.05143, 0.03200, 239323.71%
Test - Best epoch, Loss, MSE, RMSE, MAE, MAPE: 90, 0.00265, 0.00265, 0.05073, 0.03130, 7.55%
Time spent: 10.92s
- Epoch 141, ExpID 24373
Train - Loss (one batch): 0.00246
Val - Loss, MSE, RMSE, MAE, MAPE: 0.00301, 0.00301, 0.05388, 0.03518, 247479.33%
Test - Best epoch, Loss, MSE, RMSE, MAE, MAPE: 90, 0.00265, 0.00265, 0.05073, 0.03130, 7.55%
Time spent: 10.89s
- Epoch 142, ExpID 24373
Train - Loss (one batch): 0.00203
Val - Loss, MSE, RMSE, MAE, MAPE: 0.00283, 0.00283, 0.05216, 0.03248, 251164.61%
Test - Best epoch, Loss, MSE, RMSE, MAE, MAPE: 90, 0.00265, 0.00265, 0.05073, 0.03130, 7.55%
Time spent: 10.89s
- Epoch 143, ExpID 24373
Train - Loss (one batch): 0.00203
Val - Loss, MSE, RMSE, MAE, MAPE: 0.00278, 0.00278, 0.05167, 0.03179, 237878.68%
Test - Best epoch, Loss, MSE, RMSE, MAE, MAPE: 90, 0.00265, 0.00265, 0.05073, 0.03130, 7.55%
Time spent: 10.79s
- Epoch 144, ExpID 24373
Train - Loss (one batch): 0.00209
Val - Loss, MSE, RMSE, MAE, MAPE: 0.00293, 0.00293, 0.05310, 0.03349, 242168.05%
Test - Best epoch, Loss, MSE, RMSE, MAE, MAPE: 90, 0.00265, 0.00265, 0.05073, 0.03130, 7.55%
Time spent: 10.86s
- Epoch 145, ExpID 24373
Train - Loss (one batch): 0.00242
Val - Loss, MSE, RMSE, MAE, MAPE: 0.00286, 0.00286, 0.05242, 0.03288, 241829.04%
Test - Best epoch, Loss, MSE, RMSE, MAE, MAPE: 90, 0.00265, 0.00265, 0.05073, 0.03130, 7.55%
Time spent: 10.86s
- Epoch 146, ExpID 24373
Train - Loss (one batch): 0.00229
Val - Loss, MSE, RMSE, MAE, MAPE: 0.00282, 0.00282, 0.05206, 0.03213, 244142.05%
Test - Best epoch, Loss, MSE, RMSE, MAE, MAPE: 90, 0.00265, 0.00265, 0.05073, 0.03130, 7.55%
Time spent: 10.85s
- Epoch 147, ExpID 24373
Train - Loss (one batch): 0.00199
Val - Loss, MSE, RMSE, MAE, MAPE: 0.00291, 0.00291, 0.05295, 0.03373, 244736.55%
Test - Best epoch, Loss, MSE, RMSE, MAE, MAPE: 90, 0.00265, 0.00265, 0.05073, 0.03130, 7.55%
Time spent: 10.84s
- Epoch 148, ExpID 24373
Train - Loss (one batch): 0.00221
Val - Loss, MSE, RMSE, MAE, MAPE: 0.00278, 0.00278, 0.05174, 0.03192, 241848.65%
Test - Best epoch, Loss, MSE, RMSE, MAE, MAPE: 90, 0.00265, 0.00265, 0.05073, 0.03130, 7.55%
Time spent: 10.83s
- Epoch 149, ExpID 24373
Train - Loss (one batch): 0.00299
Val - Loss, MSE, RMSE, MAE, MAPE: 0.00290, 0.00290, 0.05284, 0.03335, 254910.91%
Test - Best epoch, Loss, MSE, RMSE, MAE, MAPE: 90, 0.00265, 0.00265, 0.05073, 0.03130, 7.55%
Time spent: 10.92s
- Epoch 150, ExpID 24373
Train - Loss (one batch): 0.00173
Val - Loss, MSE, RMSE, MAE, MAPE: 0.00285, 0.00285, 0.05230, 0.03234, 251972.13%
Test - Best epoch, Loss, MSE, RMSE, MAE, MAPE: 90, 0.00265, 0.00265, 0.05073, 0.03130, 7.55%
Time spent: 10.85s
- Epoch 151, ExpID 24373
Train - Loss (one batch): 0.00213
Val - Loss, MSE, RMSE, MAE, MAPE: 0.00295, 0.00295, 0.05335, 0.03421, 251582.54%
Test - Best epoch, Loss, MSE, RMSE, MAE, MAPE: 90, 0.00265, 0.00265, 0.05073, 0.03130, 7.55%
Time spent: 11.00s
- Epoch 152, ExpID 24373
Train - Loss (one batch): 0.00187
Val - Loss, MSE, RMSE, MAE, MAPE: 0.00286, 0.00286, 0.05237, 0.03255, 255836.01%
Test - Best epoch, Loss, MSE, RMSE, MAE, MAPE: 90, 0.00265, 0.00265, 0.05073, 0.03130, 7.55%
Time spent: 10.82s
- Epoch 153, ExpID 24373
Train - Loss (one batch): 0.00184
Val - Loss, MSE, RMSE, MAE, MAPE: 0.00290, 0.00290, 0.05284, 0.03305, 249888.24%
Test - Best epoch, Loss, MSE, RMSE, MAE, MAPE: 90, 0.00265, 0.00265, 0.05073, 0.03130, 7.55%
Time spent: 10.80s
- Epoch 154, ExpID 24373
Train - Loss (one batch): 0.00252
Val - Loss, MSE, RMSE, MAE, MAPE: 0.00281, 0.00281, 0.05199, 0.03235, 246621.51%
Test - Best epoch, Loss, MSE, RMSE, MAE, MAPE: 90, 0.00265, 0.00265, 0.05073, 0.03130, 7.55%
Time spent: 10.90s
- Epoch 155, ExpID 24373
Train - Loss (one batch): 0.00180
Val - Loss, MSE, RMSE, MAE, MAPE: 0.00292, 0.00292, 0.05306, 0.03367, 242361.71%
Test - Best epoch, Loss, MSE, RMSE, MAE, MAPE: 90, 0.00265, 0.00265, 0.05073, 0.03130, 7.55%
Time spent: 10.78s
- Epoch 156, ExpID 24373
Train - Loss (one batch): 0.00174
Val - Loss, MSE, RMSE, MAE, MAPE: 0.00277, 0.00277, 0.05158, 0.03189, 242390.46%
Test - Best epoch, Loss, MSE, RMSE, MAE, MAPE: 90, 0.00265, 0.00265, 0.05073, 0.03130, 7.55%
Time spent: 10.90s
- Epoch 157, ExpID 24373
Train - Loss (one batch): 0.00210
Val - Loss, MSE, RMSE, MAE, MAPE: 0.00285, 0.00285, 0.05239, 0.03289, 246201.34%
Test - Best epoch, Loss, MSE, RMSE, MAE, MAPE: 90, 0.00265, 0.00265, 0.05073, 0.03130, 7.55%
Time spent: 10.87s
- Epoch 158, ExpID 24373
Train - Loss (one batch): 0.00195
Val - Loss, MSE, RMSE, MAE, MAPE: 0.00286, 0.00286, 0.05249, 0.03265, 244317.63%
Test - Best epoch, Loss, MSE, RMSE, MAE, MAPE: 90, 0.00265, 0.00265, 0.05073, 0.03130, 7.55%
Time spent: 10.84s
- Epoch 159, ExpID 24373
Train - Loss (one batch): 0.00206
Val - Loss, MSE, RMSE, MAE, MAPE: 0.00282, 0.00282, 0.05209, 0.03228, 242370.45%
Test - Best epoch, Loss, MSE, RMSE, MAE, MAPE: 90, 0.00265, 0.00265, 0.05073, 0.03130, 7.55%
Time spent: 10.80s
- Epoch 160, ExpID 24373
Train - Loss (one batch): 0.00156
Val - Loss, MSE, RMSE, MAE, MAPE: 0.00284, 0.00284, 0.05231, 0.03279, 256906.03%
Test - Best epoch, Loss, MSE, RMSE, MAE, MAPE: 90, 0.00265, 0.00265, 0.05073, 0.03130, 7.55%
Time spent: 10.91s
- Epoch 161, ExpID 24373
Train - Loss (one batch): 0.00186
Val - Loss, MSE, RMSE, MAE, MAPE: 0.00297, 0.00297, 0.05352, 0.03430, 246842.88%
Test - Best epoch, Loss, MSE, RMSE, MAE, MAPE: 90, 0.00265, 0.00265, 0.05073, 0.03130, 7.55%
Time spent: 10.84s
- Epoch 162, ExpID 24373
Train - Loss (one batch): 0.00277
Val - Loss, MSE, RMSE, MAE, MAPE: 0.00291, 0.00291, 0.05285, 0.03304, 245170.27%
Test - Best epoch, Loss, MSE, RMSE, MAE, MAPE: 90, 0.00265, 0.00265, 0.05073, 0.03130, 7.55%
Time spent: 10.78s
- Epoch 163, ExpID 24373
Train - Loss (one batch): 0.00196
Val - Loss, MSE, RMSE, MAE, MAPE: 0.00290, 0.00290, 0.05291, 0.03386, 242317.78%
Test - Best epoch, Loss, MSE, RMSE, MAE, MAPE: 90, 0.00265, 0.00265, 0.05073, 0.03130, 7.55%
Time spent: 11.10s
- Epoch 164, ExpID 24373
Train - Loss (one batch): 0.00238
Val - Loss, MSE, RMSE, MAE, MAPE: 0.00288, 0.00288, 0.05258, 0.03299, 244649.03%
Test - Best epoch, Loss, MSE, RMSE, MAE, MAPE: 90, 0.00265, 0.00265, 0.05073, 0.03130, 7.55%
Time spent: 10.97s
- Epoch 165, ExpID 24373
Train - Loss (one batch): 0.00236
Val - Loss, MSE, RMSE, MAE, MAPE: 0.00286, 0.00286, 0.05248, 0.03290, 241829.39%
Test - Best epoch, Loss, MSE, RMSE, MAE, MAPE: 90, 0.00265, 0.00265, 0.05073, 0.03130, 7.55%
Time spent: 10.87s
- Epoch 166, ExpID 24373
Train - Loss (one batch): 0.00213
Val - Loss, MSE, RMSE, MAE, MAPE: 0.00284, 0.00284, 0.05227, 0.03241, 243959.23%
Test - Best epoch, Loss, MSE, RMSE, MAE, MAPE: 90, 0.00265, 0.00265, 0.05073, 0.03130, 7.55%
Time spent: 10.78s
- Epoch 167, ExpID 24373
Train - Loss (one batch): 0.00250
Val - Loss, MSE, RMSE, MAE, MAPE: 0.00295, 0.00295, 0.05346, 0.03468, 243099.19%
Test - Best epoch, Loss, MSE, RMSE, MAE, MAPE: 90, 0.00265, 0.00265, 0.05073, 0.03130, 7.55%
Time spent: 10.84s
- Epoch 168, ExpID 24373
Train - Loss (one batch): 0.00168
Val - Loss, MSE, RMSE, MAE, MAPE: 0.00293, 0.00293, 0.05311, 0.03327, 236476.47%
Test - Best epoch, Loss, MSE, RMSE, MAE, MAPE: 90, 0.00265, 0.00265, 0.05073, 0.03130, 7.55%
Time spent: 10.96s
- Epoch 169, ExpID 24373
Train - Loss (one batch): 0.00241
Val - Loss, MSE, RMSE, MAE, MAPE: 0.00290, 0.00290, 0.05286, 0.03325, 237995.12%
Test - Best epoch, Loss, MSE, RMSE, MAE, MAPE: 90, 0.00265, 0.00265, 0.05073, 0.03130, 7.55%
Time spent: 10.82s
- Epoch 170, ExpID 24373
Train - Loss (one batch): 0.00193
Val - Loss, MSE, RMSE, MAE, MAPE: 0.00287, 0.00287, 0.05253, 0.03308, 246264.94%
Test - Best epoch, Loss, MSE, RMSE, MAE, MAPE: 90, 0.00265, 0.00265, 0.05073, 0.03130, 7.55%
Time spent: 10.86s
- Epoch 171, ExpID 24373
Train - Loss (one batch): 0.00177
Val - Loss, MSE, RMSE, MAE, MAPE: 0.00297, 0.00297, 0.05345, 0.03382, 255327.08%
Test - Best epoch, Loss, MSE, RMSE, MAE, MAPE: 90, 0.00265, 0.00265, 0.05073, 0.03130, 7.55%
Time spent: 10.78s
- Epoch 172, ExpID 24373
Train - Loss (one batch): 0.00182
Val - Loss, MSE, RMSE, MAE, MAPE: 0.00285, 0.00285, 0.05234, 0.03252, 245398.45%
Test - Best epoch, Loss, MSE, RMSE, MAE, MAPE: 90, 0.00265, 0.00265, 0.05073, 0.03130, 7.55%
Time spent: 11.02s
- Epoch 173, ExpID 24373
Train - Loss (one batch): 0.00246
Val - Loss, MSE, RMSE, MAE, MAPE: 0.00301, 0.00301, 0.05392, 0.03474, 245960.33%
Test - Best epoch, Loss, MSE, RMSE, MAE, MAPE: 90, 0.00265, 0.00265, 0.05073, 0.03130, 7.55%
Time spent: 10.92s
- Epoch 174, ExpID 24373
Train - Loss (one batch): 0.00189
Val - Loss, MSE, RMSE, MAE, MAPE: 0.00288, 0.00288, 0.05267, 0.03320, 250233.48%
Test - Best epoch, Loss, MSE, RMSE, MAE, MAPE: 90, 0.00265, 0.00265, 0.05073, 0.03130, 7.55%
Time spent: 11.02s
- Epoch 175, ExpID 24373
Train - Loss (one batch): 0.00208
Val - Loss, MSE, RMSE, MAE, MAPE: 0.00286, 0.00286, 0.05247, 0.03285, 241789.40%
Test - Best epoch, Loss, MSE, RMSE, MAE, MAPE: 90, 0.00265, 0.00265, 0.05073, 0.03130, 7.55%
Time spent: 10.94s
- Epoch 176, ExpID 24373
Train - Loss (one batch): 0.00174
Val - Loss, MSE, RMSE, MAE, MAPE: 0.00291, 0.00291, 0.05285, 0.03300, 255640.01%
Test - Best epoch, Loss, MSE, RMSE, MAE, MAPE: 90, 0.00265, 0.00265, 0.05073, 0.03130, 7.55%
Time spent: 11.05s
- Epoch 177, ExpID 24373
Train - Loss (one batch): 0.00203
Val - Loss, MSE, RMSE, MAE, MAPE: 0.00287, 0.00287, 0.05258, 0.03278, 242484.02%
Test - Best epoch, Loss, MSE, RMSE, MAE, MAPE: 90, 0.00265, 0.00265, 0.05073, 0.03130, 7.55%
Time spent: 11.04s
- Epoch 178, ExpID 24373
Train - Loss (one batch): 0.00257
Val - Loss, MSE, RMSE, MAE, MAPE: 0.00290, 0.00290, 0.05280, 0.03340, 244142.64%
Test - Best epoch, Loss, MSE, RMSE, MAE, MAPE: 90, 0.00265, 0.00265, 0.05073, 0.03130, 7.55%
Time spent: 11.09s
- Epoch 179, ExpID 24373
Train - Loss (one batch): 0.00167
Val - Loss, MSE, RMSE, MAE, MAPE: 0.00287, 0.00287, 0.05252, 0.03271, 240747.78%
Test - Best epoch, Loss, MSE, RMSE, MAE, MAPE: 90, 0.00265, 0.00265, 0.05073, 0.03130, 7.55%
Time spent: 11.12s
- Epoch 180, ExpID 24373
Train - Loss (one batch): 0.00203
Val - Loss, MSE, RMSE, MAE, MAPE: 0.00322, 0.00322, 0.05569, 0.03662, 245963.72%
Test - Best epoch, Loss, MSE, RMSE, MAE, MAPE: 90, 0.00265, 0.00265, 0.05073, 0.03130, 7.55%
Time spent: 10.69s
