/home/ouass/Test/MSP-IMTS/tPatchGNN/run_models.py
2025-10-27 23:37:53
run_models.py --dataset activity --history 3000 --patch_size 24 --stride 24 --hid_dim 32 --te_dim 10 --node_dim 10 --nlayer 1 --tf_layer 1 --nhead 1 --batch_size 64 --lr 1e-3 --patience 40 --epoch 300 --seed 1 --gpu 0 --fusion concat
Namespace(multi_scales='', multi_strides='', fusion='concat', state='def', n=100000000, hop=1, nhead=1, tf_layer=1, nlayer=1, epoch=300, patience=40, history=3000, patch_size=24.0, stride=24.0, logmode='a', lr=0.001, w_decay=0.0, batch_size=64, save='experiments/', load=None, seed=1, dataset='activity', quantization=0.0, model='tPatchGNN', outlayer='Linear', hid_dim=32, te_dim=10, node_dim=10, gpu='0', npatch=125, device=device(type='cuda'), PID=1559070, pred_window=1000, ndim=12)
- Epoch 000, ExpID 67651
Train - Loss (one batch): 0.01541
Val - Loss, MSE, RMSE, MAE, MAPE: 0.01594, 0.01594, 0.12626, 0.09784, 25.96%
Test - Best epoch, Loss, MSE, RMSE, MAE, MAPE: 0, 0.01535, 0.01535, 0.12390, 0.09679, 23.10%
Time spent: 14.63s
- Epoch 001, ExpID 67651
Train - Loss (one batch): 0.01169
Val - Loss, MSE, RMSE, MAE, MAPE: 0.01355, 0.01355, 0.11642, 0.09065, 25.07%
Test - Best epoch, Loss, MSE, RMSE, MAE, MAPE: 1, 0.01245, 0.01245, 0.11158, 0.08720, 21.87%
Time spent: 14.15s
- Epoch 002, ExpID 67651
Train - Loss (one batch): 0.00418
Val - Loss, MSE, RMSE, MAE, MAPE: 0.00508, 0.00508, 0.07128, 0.04843, 12.33%
Test - Best epoch, Loss, MSE, RMSE, MAE, MAPE: 2, 0.00474, 0.00474, 0.06884, 0.04721, 10.93%
Time spent: 14.11s
- Epoch 003, ExpID 67651
Train - Loss (one batch): 0.00325
Val - Loss, MSE, RMSE, MAE, MAPE: 0.00448, 0.00448, 0.06696, 0.04325, 11.02%
Test - Best epoch, Loss, MSE, RMSE, MAE, MAPE: 3, 0.00416, 0.00416, 0.06453, 0.04196, 9.70%
Time spent: 14.08s
- Epoch 004, ExpID 67651
Train - Loss (one batch): 0.00336
Val - Loss, MSE, RMSE, MAE, MAPE: 0.00497, 0.00497, 0.07050, 0.04791, 11.98%
Test - Best epoch, Loss, MSE, RMSE, MAE, MAPE: 3, 0.00416, 0.00416, 0.06453, 0.04196, 9.70%
Time spent: 12.36s
- Epoch 005, ExpID 67651
Train - Loss (one batch): 0.00446
Val - Loss, MSE, RMSE, MAE, MAPE: 0.00492, 0.00492, 0.07015, 0.04777, 12.03%
Test - Best epoch, Loss, MSE, RMSE, MAE, MAPE: 3, 0.00416, 0.00416, 0.06453, 0.04196, 9.70%
Time spent: 12.42s
- Epoch 006, ExpID 67651
Train - Loss (one batch): 0.00413
Val - Loss, MSE, RMSE, MAE, MAPE: 0.00417, 0.00417, 0.06459, 0.04092, 10.53%
Test - Best epoch, Loss, MSE, RMSE, MAE, MAPE: 6, 0.00389, 0.00389, 0.06238, 0.03997, 9.29%
Time spent: 14.13s
- Epoch 007, ExpID 67651
Train - Loss (one batch): 0.00486
Val - Loss, MSE, RMSE, MAE, MAPE: 0.00394, 0.00394, 0.06274, 0.04039, 10.12%
Test - Best epoch, Loss, MSE, RMSE, MAE, MAPE: 7, 0.00365, 0.00365, 0.06040, 0.03897, 8.85%
Time spent: 14.13s
- Epoch 008, ExpID 67651
Train - Loss (one batch): 0.00387
Val - Loss, MSE, RMSE, MAE, MAPE: 0.00394, 0.00394, 0.06278, 0.04144, 10.21%
Test - Best epoch, Loss, MSE, RMSE, MAE, MAPE: 7, 0.00365, 0.00365, 0.06040, 0.03897, 8.85%
Time spent: 12.27s
- Epoch 009, ExpID 67651
Train - Loss (one batch): 0.00307
Val - Loss, MSE, RMSE, MAE, MAPE: 0.00390, 0.00390, 0.06241, 0.03867, 9.89%
Test - Best epoch, Loss, MSE, RMSE, MAE, MAPE: 9, 0.00363, 0.00363, 0.06027, 0.03774, 8.71%
Time spent: 14.10s
- Epoch 010, ExpID 67651
Train - Loss (one batch): 0.00361
Val - Loss, MSE, RMSE, MAE, MAPE: 0.00389, 0.00389, 0.06239, 0.03914, 10.10%
Test - Best epoch, Loss, MSE, RMSE, MAE, MAPE: 10, 0.00367, 0.00367, 0.06055, 0.03843, 8.96%
Time spent: 14.07s
- Epoch 011, ExpID 67651
Train - Loss (one batch): 0.00366
Val - Loss, MSE, RMSE, MAE, MAPE: 0.00365, 0.00365, 0.06044, 0.03737, 9.52%
Test - Best epoch, Loss, MSE, RMSE, MAE, MAPE: 11, 0.00342, 0.00342, 0.05852, 0.03645, 8.40%
Time spent: 14.10s
- Epoch 012, ExpID 67651
Train - Loss (one batch): 0.00416
Val - Loss, MSE, RMSE, MAE, MAPE: 0.00363, 0.00363, 0.06022, 0.03728, 9.52%
Test - Best epoch, Loss, MSE, RMSE, MAE, MAPE: 12, 0.00341, 0.00341, 0.05837, 0.03637, 8.39%
Time spent: 14.18s
- Epoch 013, ExpID 67651
Train - Loss (one batch): 0.00345
Val - Loss, MSE, RMSE, MAE, MAPE: 0.00363, 0.00363, 0.06029, 0.03861, 9.62%
Test - Best epoch, Loss, MSE, RMSE, MAE, MAPE: 12, 0.00341, 0.00341, 0.05837, 0.03637, 8.39%
Time spent: 12.29s
- Epoch 014, ExpID 67651
Train - Loss (one batch): 0.00233
Val - Loss, MSE, RMSE, MAE, MAPE: 0.00393, 0.00393, 0.06267, 0.04046, 10.40%
Test - Best epoch, Loss, MSE, RMSE, MAE, MAPE: 12, 0.00341, 0.00341, 0.05837, 0.03637, 8.39%
Time spent: 12.32s
- Epoch 015, ExpID 67651
Train - Loss (one batch): 0.00321
Val - Loss, MSE, RMSE, MAE, MAPE: 0.00370, 0.00370, 0.06082, 0.03832, 9.86%
Test - Best epoch, Loss, MSE, RMSE, MAE, MAPE: 12, 0.00341, 0.00341, 0.05837, 0.03637, 8.39%
Time spent: 12.33s
- Epoch 016, ExpID 67651
Train - Loss (one batch): 0.00291
Val - Loss, MSE, RMSE, MAE, MAPE: 0.00351, 0.00351, 0.05926, 0.03674, 9.31%
Test - Best epoch, Loss, MSE, RMSE, MAE, MAPE: 16, 0.00332, 0.00332, 0.05765, 0.03601, 8.24%
Time spent: 14.16s
- Epoch 017, ExpID 67651
Train - Loss (one batch): 0.00304
Val - Loss, MSE, RMSE, MAE, MAPE: 0.00374, 0.00374, 0.06115, 0.03904, 9.95%
Test - Best epoch, Loss, MSE, RMSE, MAE, MAPE: 16, 0.00332, 0.00332, 0.05765, 0.03601, 8.24%
Time spent: 12.35s
- Epoch 018, ExpID 67651
Train - Loss (one batch): 0.00291
Val - Loss, MSE, RMSE, MAE, MAPE: 0.00340, 0.00340, 0.05830, 0.03567, 9.20%
Test - Best epoch, Loss, MSE, RMSE, MAE, MAPE: 18, 0.00322, 0.00322, 0.05674, 0.03503, 8.12%
Time spent: 14.14s
- Epoch 019, ExpID 67651
Train - Loss (one batch): 0.00443
Val - Loss, MSE, RMSE, MAE, MAPE: 0.00350, 0.00350, 0.05914, 0.03674, 9.53%
Test - Best epoch, Loss, MSE, RMSE, MAE, MAPE: 18, 0.00322, 0.00322, 0.05674, 0.03503, 8.12%
Time spent: 12.31s
- Epoch 020, ExpID 67651
Train - Loss (one batch): 0.00359
Val - Loss, MSE, RMSE, MAE, MAPE: 0.00355, 0.00355, 0.05958, 0.03759, 9.64%
Test - Best epoch, Loss, MSE, RMSE, MAE, MAPE: 18, 0.00322, 0.00322, 0.05674, 0.03503, 8.12%
Time spent: 12.37s
- Epoch 021, ExpID 67651
Train - Loss (one batch): 0.00342
Val - Loss, MSE, RMSE, MAE, MAPE: 0.00343, 0.00343, 0.05855, 0.03667, 9.21%
Test - Best epoch, Loss, MSE, RMSE, MAE, MAPE: 18, 0.00322, 0.00322, 0.05674, 0.03503, 8.12%
Time spent: 12.28s
- Epoch 022, ExpID 67651
Train - Loss (one batch): 0.00307
Val - Loss, MSE, RMSE, MAE, MAPE: 0.00353, 0.00353, 0.05939, 0.03780, 9.82%
Test - Best epoch, Loss, MSE, RMSE, MAE, MAPE: 18, 0.00322, 0.00322, 0.05674, 0.03503, 8.12%
Time spent: 12.33s
- Epoch 023, ExpID 67651
Train - Loss (one batch): 0.00280
Val - Loss, MSE, RMSE, MAE, MAPE: 0.00349, 0.00349, 0.05911, 0.03695, 9.52%
Test - Best epoch, Loss, MSE, RMSE, MAE, MAPE: 18, 0.00322, 0.00322, 0.05674, 0.03503, 8.12%
Time spent: 12.29s
- Epoch 024, ExpID 67651
Train - Loss (one batch): 0.00419
Val - Loss, MSE, RMSE, MAE, MAPE: 0.00334, 0.00334, 0.05784, 0.03598, 9.06%
Test - Best epoch, Loss, MSE, RMSE, MAE, MAPE: 24, 0.00319, 0.00319, 0.05650, 0.03555, 8.07%
Time spent: 14.14s
- Epoch 025, ExpID 67651
Train - Loss (one batch): 0.00301
Val - Loss, MSE, RMSE, MAE, MAPE: 0.00341, 0.00341, 0.05842, 0.03616, 9.20%
Test - Best epoch, Loss, MSE, RMSE, MAE, MAPE: 24, 0.00319, 0.00319, 0.05650, 0.03555, 8.07%
Time spent: 12.29s
- Epoch 026, ExpID 67651
Train - Loss (one batch): 0.00258
Val - Loss, MSE, RMSE, MAE, MAPE: 0.00329, 0.00329, 0.05739, 0.03505, 8.98%
Test - Best epoch, Loss, MSE, RMSE, MAE, MAPE: 26, 0.00315, 0.00315, 0.05614, 0.03466, 8.01%
Time spent: 14.11s
- Epoch 027, ExpID 67651
Train - Loss (one batch): 0.00287
Val - Loss, MSE, RMSE, MAE, MAPE: 0.00327, 0.00327, 0.05718, 0.03521, 9.05%
Test - Best epoch, Loss, MSE, RMSE, MAE, MAPE: 27, 0.00313, 0.00313, 0.05595, 0.03479, 8.06%
Time spent: 14.14s
- Epoch 028, ExpID 67651
Train - Loss (one batch): 0.00401
Val - Loss, MSE, RMSE, MAE, MAPE: 0.00342, 0.00342, 0.05845, 0.03665, 9.46%
Test - Best epoch, Loss, MSE, RMSE, MAE, MAPE: 27, 0.00313, 0.00313, 0.05595, 0.03479, 8.06%
Time spent: 12.31s
- Epoch 029, ExpID 67651
Train - Loss (one batch): 0.00263
Val - Loss, MSE, RMSE, MAE, MAPE: 0.00360, 0.00360, 0.06001, 0.03894, 9.98%
Test - Best epoch, Loss, MSE, RMSE, MAE, MAPE: 27, 0.00313, 0.00313, 0.05595, 0.03479, 8.06%
Time spent: 12.32s
- Epoch 030, ExpID 67651
Train - Loss (one batch): 0.00290
Val - Loss, MSE, RMSE, MAE, MAPE: 0.00337, 0.00337, 0.05804, 0.03593, 9.12%
Test - Best epoch, Loss, MSE, RMSE, MAE, MAPE: 27, 0.00313, 0.00313, 0.05595, 0.03479, 8.06%
Time spent: 12.30s
- Epoch 031, ExpID 67651
Train - Loss (one batch): 0.00293
Val - Loss, MSE, RMSE, MAE, MAPE: 0.00333, 0.00333, 0.05773, 0.03555, 9.13%
Test - Best epoch, Loss, MSE, RMSE, MAE, MAPE: 27, 0.00313, 0.00313, 0.05595, 0.03479, 8.06%
Time spent: 12.30s
- Epoch 032, ExpID 67651
Train - Loss (one batch): 0.00271
Val - Loss, MSE, RMSE, MAE, MAPE: 0.00326, 0.00326, 0.05706, 0.03491, 8.92%
Test - Best epoch, Loss, MSE, RMSE, MAE, MAPE: 32, 0.00313, 0.00313, 0.05598, 0.03449, 7.95%
Time spent: 14.14s
- Epoch 033, ExpID 67651
Train - Loss (one batch): 0.00260
Val - Loss, MSE, RMSE, MAE, MAPE: 0.00322, 0.00322, 0.05676, 0.03551, 8.93%
Test - Best epoch, Loss, MSE, RMSE, MAE, MAPE: 33, 0.00309, 0.00309, 0.05563, 0.03522, 7.98%
Time spent: 14.18s
- Epoch 034, ExpID 67651
Train - Loss (one batch): 0.00270
Val - Loss, MSE, RMSE, MAE, MAPE: 0.00322, 0.00322, 0.05671, 0.03479, 9.06%
Test - Best epoch, Loss, MSE, RMSE, MAE, MAPE: 34, 0.00309, 0.00309, 0.05562, 0.03450, 8.10%
Time spent: 14.17s
- Epoch 035, ExpID 67651
Train - Loss (one batch): 0.00296
Val - Loss, MSE, RMSE, MAE, MAPE: 0.00324, 0.00324, 0.05691, 0.03565, 8.94%
Test - Best epoch, Loss, MSE, RMSE, MAE, MAPE: 34, 0.00309, 0.00309, 0.05562, 0.03450, 8.10%
Time spent: 12.29s
- Epoch 036, ExpID 67651
Train - Loss (one batch): 0.00299
Val - Loss, MSE, RMSE, MAE, MAPE: 0.00319, 0.00319, 0.05648, 0.03498, 8.87%
Test - Best epoch, Loss, MSE, RMSE, MAE, MAPE: 36, 0.00306, 0.00306, 0.05528, 0.03447, 7.91%
Time spent: 14.18s
- Epoch 037, ExpID 67651
Train - Loss (one batch): 0.00356
Val - Loss, MSE, RMSE, MAE, MAPE: 0.00320, 0.00320, 0.05654, 0.03470, 8.80%
Test - Best epoch, Loss, MSE, RMSE, MAE, MAPE: 36, 0.00306, 0.00306, 0.05528, 0.03447, 7.91%
Time spent: 12.28s
- Epoch 038, ExpID 67651
Train - Loss (one batch): 0.00311
Val - Loss, MSE, RMSE, MAE, MAPE: 0.00337, 0.00337, 0.05802, 0.03683, 9.42%
Test - Best epoch, Loss, MSE, RMSE, MAE, MAPE: 36, 0.00306, 0.00306, 0.05528, 0.03447, 7.91%
Time spent: 12.26s
- Epoch 039, ExpID 67651
Train - Loss (one batch): 0.00290
Val - Loss, MSE, RMSE, MAE, MAPE: 0.00320, 0.00320, 0.05655, 0.03529, 8.86%
Test - Best epoch, Loss, MSE, RMSE, MAE, MAPE: 36, 0.00306, 0.00306, 0.05528, 0.03447, 7.91%
Time spent: 12.30s
- Epoch 040, ExpID 67651
Train - Loss (one batch): 0.00193
Val - Loss, MSE, RMSE, MAE, MAPE: 0.00329, 0.00329, 0.05732, 0.03591, 9.17%
Test - Best epoch, Loss, MSE, RMSE, MAE, MAPE: 36, 0.00306, 0.00306, 0.05528, 0.03447, 7.91%
Time spent: 12.30s
- Epoch 041, ExpID 67651
Train - Loss (one batch): 0.00273
Val - Loss, MSE, RMSE, MAE, MAPE: 0.00340, 0.00340, 0.05827, 0.03779, 9.74%
Test - Best epoch, Loss, MSE, RMSE, MAE, MAPE: 36, 0.00306, 0.00306, 0.05528, 0.03447, 7.91%
Time spent: 12.31s
- Epoch 042, ExpID 67651
Train - Loss (one batch): 0.00276
Val - Loss, MSE, RMSE, MAE, MAPE: 0.00342, 0.00342, 0.05849, 0.03808, 9.81%
Test - Best epoch, Loss, MSE, RMSE, MAE, MAPE: 36, 0.00306, 0.00306, 0.05528, 0.03447, 7.91%
Time spent: 12.31s
- Epoch 043, ExpID 67651
Train - Loss (one batch): 0.00314
Val - Loss, MSE, RMSE, MAE, MAPE: 0.00311, 0.00311, 0.05577, 0.03420, 8.61%
Test - Best epoch, Loss, MSE, RMSE, MAE, MAPE: 43, 0.00299, 0.00299, 0.05465, 0.03388, 7.71%
Time spent: 14.12s
- Epoch 044, ExpID 67651
Train - Loss (one batch): 0.00208
Val - Loss, MSE, RMSE, MAE, MAPE: 0.00375, 0.00375, 0.06126, 0.04219, 10.58%
Test - Best epoch, Loss, MSE, RMSE, MAE, MAPE: 43, 0.00299, 0.00299, 0.05465, 0.03388, 7.71%
Time spent: 12.30s
- Epoch 045, ExpID 67651
Train - Loss (one batch): 0.00369
Val - Loss, MSE, RMSE, MAE, MAPE: 0.00318, 0.00318, 0.05635, 0.03505, 9.02%
Test - Best epoch, Loss, MSE, RMSE, MAE, MAPE: 43, 0.00299, 0.00299, 0.05465, 0.03388, 7.71%
Time spent: 12.31s
- Epoch 046, ExpID 67651
Train - Loss (one batch): 0.00280
Val - Loss, MSE, RMSE, MAE, MAPE: 0.00318, 0.00318, 0.05640, 0.03513, 8.94%
Test - Best epoch, Loss, MSE, RMSE, MAE, MAPE: 43, 0.00299, 0.00299, 0.05465, 0.03388, 7.71%
Time spent: 12.32s
- Epoch 047, ExpID 67651
Train - Loss (one batch): 0.00264
Val - Loss, MSE, RMSE, MAE, MAPE: 0.00307, 0.00307, 0.05543, 0.03412, 8.56%
Test - Best epoch, Loss, MSE, RMSE, MAE, MAPE: 47, 0.00296, 0.00296, 0.05444, 0.03397, 7.70%
Time spent: 14.13s
- Epoch 048, ExpID 67651
Train - Loss (one batch): 0.00226
Val - Loss, MSE, RMSE, MAE, MAPE: 0.00402, 0.00402, 0.06340, 0.04520, 11.11%
Test - Best epoch, Loss, MSE, RMSE, MAE, MAPE: 47, 0.00296, 0.00296, 0.05444, 0.03397, 7.70%
Time spent: 12.32s
- Epoch 049, ExpID 67651
Train - Loss (one batch): 0.00239
Val - Loss, MSE, RMSE, MAE, MAPE: 0.00334, 0.00334, 0.05779, 0.03786, 9.67%
Test - Best epoch, Loss, MSE, RMSE, MAE, MAPE: 47, 0.00296, 0.00296, 0.05444, 0.03397, 7.70%
Time spent: 12.31s
- Epoch 050, ExpID 67651
Train - Loss (one batch): 0.00272
Val - Loss, MSE, RMSE, MAE, MAPE: 0.00335, 0.00335, 0.05792, 0.03786, 9.53%
Test - Best epoch, Loss, MSE, RMSE, MAE, MAPE: 47, 0.00296, 0.00296, 0.05444, 0.03397, 7.70%
Time spent: 12.34s
- Epoch 051, ExpID 67651
Train - Loss (one batch): 0.00215
Val - Loss, MSE, RMSE, MAE, MAPE: 0.00303, 0.00303, 0.05504, 0.03337, 8.48%
Test - Best epoch, Loss, MSE, RMSE, MAE, MAPE: 51, 0.00292, 0.00292, 0.05408, 0.03319, 7.61%
Time spent: 14.15s
- Epoch 052, ExpID 67651
Train - Loss (one batch): 0.00359
Val - Loss, MSE, RMSE, MAE, MAPE: 0.00313, 0.00313, 0.05597, 0.03498, 8.93%
Test - Best epoch, Loss, MSE, RMSE, MAE, MAPE: 51, 0.00292, 0.00292, 0.05408, 0.03319, 7.61%
Time spent: 12.31s
- Epoch 053, ExpID 67651
Train - Loss (one batch): 0.00236
Val - Loss, MSE, RMSE, MAE, MAPE: 0.00355, 0.00355, 0.05956, 0.04081, 10.35%
Test - Best epoch, Loss, MSE, RMSE, MAE, MAPE: 51, 0.00292, 0.00292, 0.05408, 0.03319, 7.61%
Time spent: 12.34s
- Epoch 054, ExpID 67651
Train - Loss (one batch): 0.00244
Val - Loss, MSE, RMSE, MAE, MAPE: 0.00324, 0.00324, 0.05696, 0.03668, 9.28%
Test - Best epoch, Loss, MSE, RMSE, MAE, MAPE: 51, 0.00292, 0.00292, 0.05408, 0.03319, 7.61%
Time spent: 12.30s
- Epoch 055, ExpID 67651
Train - Loss (one batch): 0.00227
Val - Loss, MSE, RMSE, MAE, MAPE: 0.00323, 0.00323, 0.05688, 0.03673, 9.33%
Test - Best epoch, Loss, MSE, RMSE, MAE, MAPE: 51, 0.00292, 0.00292, 0.05408, 0.03319, 7.61%
Time spent: 12.35s
- Epoch 056, ExpID 67651
Train - Loss (one batch): 0.00266
Val - Loss, MSE, RMSE, MAE, MAPE: 0.00317, 0.00317, 0.05627, 0.03570, 9.00%
Test - Best epoch, Loss, MSE, RMSE, MAE, MAPE: 51, 0.00292, 0.00292, 0.05408, 0.03319, 7.61%
Time spent: 12.31s
- Epoch 057, ExpID 67651
Train - Loss (one batch): 0.00272
Val - Loss, MSE, RMSE, MAE, MAPE: 0.00304, 0.00304, 0.05516, 0.03385, 8.53%
Test - Best epoch, Loss, MSE, RMSE, MAE, MAPE: 51, 0.00292, 0.00292, 0.05408, 0.03319, 7.61%
Time spent: 12.32s
- Epoch 058, ExpID 67651
Train - Loss (one batch): 0.00307
Val - Loss, MSE, RMSE, MAE, MAPE: 0.00294, 0.00294, 0.05423, 0.03297, 8.44%
Test - Best epoch, Loss, MSE, RMSE, MAE, MAPE: 58, 0.00285, 0.00285, 0.05337, 0.03282, 7.56%
Time spent: 14.14s
- Epoch 059, ExpID 67651
Train - Loss (one batch): 0.00297
Val - Loss, MSE, RMSE, MAE, MAPE: 0.00303, 0.00303, 0.05501, 0.03395, 8.69%
Test - Best epoch, Loss, MSE, RMSE, MAE, MAPE: 58, 0.00285, 0.00285, 0.05337, 0.03282, 7.56%
Time spent: 12.31s
- Epoch 060, ExpID 67651
Train - Loss (one batch): 0.00232
Val - Loss, MSE, RMSE, MAE, MAPE: 0.00302, 0.00302, 0.05491, 0.03355, 8.51%
Test - Best epoch, Loss, MSE, RMSE, MAE, MAPE: 58, 0.00285, 0.00285, 0.05337, 0.03282, 7.56%
Time spent: 12.27s
- Epoch 061, ExpID 67651
Train - Loss (one batch): 0.00312
Val - Loss, MSE, RMSE, MAE, MAPE: 0.00388, 0.00388, 0.06232, 0.04506, 11.29%
Test - Best epoch, Loss, MSE, RMSE, MAE, MAPE: 58, 0.00285, 0.00285, 0.05337, 0.03282, 7.56%
Time spent: 12.31s
- Epoch 062, ExpID 67651
Train - Loss (one batch): 0.00290
Val - Loss, MSE, RMSE, MAE, MAPE: 0.00329, 0.00329, 0.05733, 0.03776, 9.62%
Test - Best epoch, Loss, MSE, RMSE, MAE, MAPE: 58, 0.00285, 0.00285, 0.05337, 0.03282, 7.56%
Time spent: 12.32s
- Epoch 063, ExpID 67651
Train - Loss (one batch): 0.00283
Val - Loss, MSE, RMSE, MAE, MAPE: 0.00305, 0.00305, 0.05524, 0.03411, 8.58%
Test - Best epoch, Loss, MSE, RMSE, MAE, MAPE: 58, 0.00285, 0.00285, 0.05337, 0.03282, 7.56%
Time spent: 12.34s
- Epoch 064, ExpID 67651
Train - Loss (one batch): 0.00249
Val - Loss, MSE, RMSE, MAE, MAPE: 0.00341, 0.00341, 0.05839, 0.03954, 10.10%
Test - Best epoch, Loss, MSE, RMSE, MAE, MAPE: 58, 0.00285, 0.00285, 0.05337, 0.03282, 7.56%
Time spent: 12.32s
- Epoch 065, ExpID 67651
Train - Loss (one batch): 0.00305
Val - Loss, MSE, RMSE, MAE, MAPE: 0.00330, 0.00330, 0.05748, 0.03818, 9.72%
Test - Best epoch, Loss, MSE, RMSE, MAE, MAPE: 58, 0.00285, 0.00285, 0.05337, 0.03282, 7.56%
Time spent: 12.33s
- Epoch 066, ExpID 67651
Train - Loss (one batch): 0.00274
Val - Loss, MSE, RMSE, MAE, MAPE: 0.00292, 0.00292, 0.05408, 0.03259, 8.29%
Test - Best epoch, Loss, MSE, RMSE, MAE, MAPE: 66, 0.00285, 0.00285, 0.05334, 0.03259, 7.44%
Time spent: 14.17s
- Epoch 067, ExpID 67651
Train - Loss (one batch): 0.00220
Val - Loss, MSE, RMSE, MAE, MAPE: 0.00299, 0.00299, 0.05468, 0.03358, 8.54%
Test - Best epoch, Loss, MSE, RMSE, MAE, MAPE: 66, 0.00285, 0.00285, 0.05334, 0.03259, 7.44%
Time spent: 12.31s
- Epoch 068, ExpID 67651
Train - Loss (one batch): 0.00304
Val - Loss, MSE, RMSE, MAE, MAPE: 0.00293, 0.00293, 0.05410, 0.03285, 8.42%
Test - Best epoch, Loss, MSE, RMSE, MAE, MAPE: 66, 0.00285, 0.00285, 0.05334, 0.03259, 7.44%
Time spent: 12.44s
- Epoch 069, ExpID 67651
Train - Loss (one batch): 0.00276
Val - Loss, MSE, RMSE, MAE, MAPE: 0.00292, 0.00292, 0.05407, 0.03287, 8.48%
Test - Best epoch, Loss, MSE, RMSE, MAE, MAPE: 69, 0.00285, 0.00285, 0.05336, 0.03290, 7.61%
Time spent: 14.17s
- Epoch 070, ExpID 67651
Train - Loss (one batch): 0.00269
Val - Loss, MSE, RMSE, MAE, MAPE: 0.00289, 0.00289, 0.05373, 0.03251, 8.45%
Test - Best epoch, Loss, MSE, RMSE, MAE, MAPE: 70, 0.00281, 0.00281, 0.05303, 0.03261, 7.57%
Time spent: 14.17s
- Epoch 071, ExpID 67651
Train - Loss (one batch): 0.00233
Val - Loss, MSE, RMSE, MAE, MAPE: 0.00295, 0.00295, 0.05429, 0.03320, 8.47%
Test - Best epoch, Loss, MSE, RMSE, MAE, MAPE: 70, 0.00281, 0.00281, 0.05303, 0.03261, 7.57%
Time spent: 12.32s
- Epoch 072, ExpID 67651
Train - Loss (one batch): 0.00242
Val - Loss, MSE, RMSE, MAE, MAPE: 0.00298, 0.00298, 0.05458, 0.03398, 8.86%
Test - Best epoch, Loss, MSE, RMSE, MAE, MAPE: 70, 0.00281, 0.00281, 0.05303, 0.03261, 7.57%
Time spent: 12.33s
- Epoch 073, ExpID 67651
Train - Loss (one batch): 0.00303
Val - Loss, MSE, RMSE, MAE, MAPE: 0.00331, 0.00331, 0.05753, 0.03830, 9.68%
Test - Best epoch, Loss, MSE, RMSE, MAE, MAPE: 70, 0.00281, 0.00281, 0.05303, 0.03261, 7.57%
Time spent: 12.31s
- Epoch 074, ExpID 67651
Train - Loss (one batch): 0.00214
Val - Loss, MSE, RMSE, MAE, MAPE: 0.00337, 0.00337, 0.05802, 0.03886, 9.72%
Test - Best epoch, Loss, MSE, RMSE, MAE, MAPE: 70, 0.00281, 0.00281, 0.05303, 0.03261, 7.57%
Time spent: 12.36s
- Epoch 075, ExpID 67651
Train - Loss (one batch): 0.00218
Val - Loss, MSE, RMSE, MAE, MAPE: 0.00301, 0.00301, 0.05490, 0.03395, 8.56%
Test - Best epoch, Loss, MSE, RMSE, MAE, MAPE: 70, 0.00281, 0.00281, 0.05303, 0.03261, 7.57%
Time spent: 12.30s
- Epoch 076, ExpID 67651
Train - Loss (one batch): 0.00283
Val - Loss, MSE, RMSE, MAE, MAPE: 0.00429, 0.00429, 0.06553, 0.04920, 12.01%
Test - Best epoch, Loss, MSE, RMSE, MAE, MAPE: 70, 0.00281, 0.00281, 0.05303, 0.03261, 7.57%
Time spent: 12.31s
- Epoch 077, ExpID 67651
Train - Loss (one batch): 0.00390
Val - Loss, MSE, RMSE, MAE, MAPE: 0.00309, 0.00309, 0.05561, 0.03550, 9.11%
Test - Best epoch, Loss, MSE, RMSE, MAE, MAPE: 70, 0.00281, 0.00281, 0.05303, 0.03261, 7.57%
Time spent: 12.33s
- Epoch 078, ExpID 67651
Train - Loss (one batch): 0.00295
Val - Loss, MSE, RMSE, MAE, MAPE: 0.00307, 0.00307, 0.05536, 0.03524, 8.93%
Test - Best epoch, Loss, MSE, RMSE, MAE, MAPE: 70, 0.00281, 0.00281, 0.05303, 0.03261, 7.57%
Time spent: 12.33s
- Epoch 079, ExpID 67651
Train - Loss (one batch): 0.00247
Val - Loss, MSE, RMSE, MAE, MAPE: 0.00309, 0.00309, 0.05558, 0.03539, 9.04%
Test - Best epoch, Loss, MSE, RMSE, MAE, MAPE: 70, 0.00281, 0.00281, 0.05303, 0.03261, 7.57%
Time spent: 12.29s
- Epoch 080, ExpID 67651
Train - Loss (one batch): 0.00243
Val - Loss, MSE, RMSE, MAE, MAPE: 0.00299, 0.00299, 0.05472, 0.03415, 8.78%
Test - Best epoch, Loss, MSE, RMSE, MAE, MAPE: 70, 0.00281, 0.00281, 0.05303, 0.03261, 7.57%
Time spent: 12.31s
- Epoch 081, ExpID 67651
Train - Loss (one batch): 0.00270
Val - Loss, MSE, RMSE, MAE, MAPE: 0.00311, 0.00311, 0.05581, 0.03597, 8.74%
Test - Best epoch, Loss, MSE, RMSE, MAE, MAPE: 70, 0.00281, 0.00281, 0.05303, 0.03261, 7.57%
Time spent: 12.33s
- Epoch 082, ExpID 67651
Train - Loss (one batch): 0.00351
Val - Loss, MSE, RMSE, MAE, MAPE: 0.00318, 0.00318, 0.05641, 0.03695, 9.43%
Test - Best epoch, Loss, MSE, RMSE, MAE, MAPE: 70, 0.00281, 0.00281, 0.05303, 0.03261, 7.57%
Time spent: 12.31s
- Epoch 083, ExpID 67651
Train - Loss (one batch): 0.00276
Val - Loss, MSE, RMSE, MAE, MAPE: 0.00296, 0.00296, 0.05438, 0.03370, 8.72%
Test - Best epoch, Loss, MSE, RMSE, MAE, MAPE: 70, 0.00281, 0.00281, 0.05303, 0.03261, 7.57%
Time spent: 12.33s
- Epoch 084, ExpID 67651
Train - Loss (one batch): 0.00363
Val - Loss, MSE, RMSE, MAE, MAPE: 0.00291, 0.00291, 0.05394, 0.03288, 8.37%
Test - Best epoch, Loss, MSE, RMSE, MAE, MAPE: 70, 0.00281, 0.00281, 0.05303, 0.03261, 7.57%
Time spent: 12.36s
- Epoch 085, ExpID 67651
Train - Loss (one batch): 0.00316
Val - Loss, MSE, RMSE, MAE, MAPE: 0.00304, 0.00304, 0.05516, 0.03487, 8.81%
Test - Best epoch, Loss, MSE, RMSE, MAE, MAPE: 70, 0.00281, 0.00281, 0.05303, 0.03261, 7.57%
Time spent: 12.31s
- Epoch 086, ExpID 67651
Train - Loss (one batch): 0.00227
Val - Loss, MSE, RMSE, MAE, MAPE: 0.00284, 0.00284, 0.05327, 0.03216, 8.31%
Test - Best epoch, Loss, MSE, RMSE, MAE, MAPE: 86, 0.00277, 0.00277, 0.05268, 0.03227, 7.46%
Time spent: 14.15s
- Epoch 087, ExpID 67651
Train - Loss (one batch): 0.00237
Val - Loss, MSE, RMSE, MAE, MAPE: 0.00295, 0.00295, 0.05436, 0.03392, 8.64%
Test - Best epoch, Loss, MSE, RMSE, MAE, MAPE: 86, 0.00277, 0.00277, 0.05268, 0.03227, 7.46%
Time spent: 12.30s
- Epoch 088, ExpID 67651
Train - Loss (one batch): 0.00206
Val - Loss, MSE, RMSE, MAE, MAPE: 0.00325, 0.00325, 0.05700, 0.03833, 9.80%
Test - Best epoch, Loss, MSE, RMSE, MAE, MAPE: 86, 0.00277, 0.00277, 0.05268, 0.03227, 7.46%
Time spent: 12.35s
- Epoch 089, ExpID 67651
Train - Loss (one batch): 0.00231
Val - Loss, MSE, RMSE, MAE, MAPE: 0.00290, 0.00290, 0.05389, 0.03318, 8.46%
Test - Best epoch, Loss, MSE, RMSE, MAE, MAPE: 86, 0.00277, 0.00277, 0.05268, 0.03227, 7.46%
Time spent: 12.31s
- Epoch 090, ExpID 67651
Train - Loss (one batch): 0.00230
Val - Loss, MSE, RMSE, MAE, MAPE: 0.00307, 0.00307, 0.05542, 0.03572, 9.09%
Test - Best epoch, Loss, MSE, RMSE, MAE, MAPE: 86, 0.00277, 0.00277, 0.05268, 0.03227, 7.46%
Time spent: 12.32s
- Epoch 091, ExpID 67651
Train - Loss (one batch): 0.00270
Val - Loss, MSE, RMSE, MAE, MAPE: 0.00285, 0.00285, 0.05335, 0.03245, 8.43%
Test - Best epoch, Loss, MSE, RMSE, MAE, MAPE: 86, 0.00277, 0.00277, 0.05268, 0.03227, 7.46%
Time spent: 12.34s
- Epoch 092, ExpID 67651
Train - Loss (one batch): 0.00226
Val - Loss, MSE, RMSE, MAE, MAPE: 0.00298, 0.00298, 0.05460, 0.03391, 8.62%
Test - Best epoch, Loss, MSE, RMSE, MAE, MAPE: 86, 0.00277, 0.00277, 0.05268, 0.03227, 7.46%
Time spent: 12.33s
- Epoch 093, ExpID 67651
Train - Loss (one batch): 0.00242
Val - Loss, MSE, RMSE, MAE, MAPE: 0.00287, 0.00287, 0.05361, 0.03262, 8.33%
Test - Best epoch, Loss, MSE, RMSE, MAE, MAPE: 86, 0.00277, 0.00277, 0.05268, 0.03227, 7.46%
Time spent: 12.32s
- Epoch 094, ExpID 67651
Train - Loss (one batch): 0.00273
Val - Loss, MSE, RMSE, MAE, MAPE: 0.00303, 0.00303, 0.05502, 0.03489, 8.91%
Test - Best epoch, Loss, MSE, RMSE, MAE, MAPE: 86, 0.00277, 0.00277, 0.05268, 0.03227, 7.46%
Time spent: 12.32s
- Epoch 095, ExpID 67651
Train - Loss (one batch): 0.00215
Val - Loss, MSE, RMSE, MAE, MAPE: 0.00341, 0.00341, 0.05838, 0.04025, 10.16%
Test - Best epoch, Loss, MSE, RMSE, MAE, MAPE: 86, 0.00277, 0.00277, 0.05268, 0.03227, 7.46%
Time spent: 12.31s
- Epoch 096, ExpID 67651
Train - Loss (one batch): 0.00222
Val - Loss, MSE, RMSE, MAE, MAPE: 0.00295, 0.00295, 0.05428, 0.03405, 8.80%
Test - Best epoch, Loss, MSE, RMSE, MAE, MAPE: 86, 0.00277, 0.00277, 0.05268, 0.03227, 7.46%
Time spent: 12.31s
- Epoch 097, ExpID 67651
Train - Loss (one batch): 0.00245
Val - Loss, MSE, RMSE, MAE, MAPE: 0.00296, 0.00296, 0.05442, 0.03401, 8.72%
Test - Best epoch, Loss, MSE, RMSE, MAE, MAPE: 86, 0.00277, 0.00277, 0.05268, 0.03227, 7.46%
Time spent: 12.31s
- Epoch 098, ExpID 67651
Train - Loss (one batch): 0.00229
Val - Loss, MSE, RMSE, MAE, MAPE: 0.00316, 0.00316, 0.05618, 0.03713, 9.52%
Test - Best epoch, Loss, MSE, RMSE, MAE, MAPE: 86, 0.00277, 0.00277, 0.05268, 0.03227, 7.46%
Time spent: 12.33s
- Epoch 099, ExpID 67651
Train - Loss (one batch): 0.00316
Val - Loss, MSE, RMSE, MAE, MAPE: 0.00302, 0.00302, 0.05495, 0.03506, 9.11%
Test - Best epoch, Loss, MSE, RMSE, MAE, MAPE: 86, 0.00277, 0.00277, 0.05268, 0.03227, 7.46%
Time spent: 12.42s
- Epoch 100, ExpID 67651
Train - Loss (one batch): 0.00294
Val - Loss, MSE, RMSE, MAE, MAPE: 0.00284, 0.00284, 0.05332, 0.03227, 8.34%
Test - Best epoch, Loss, MSE, RMSE, MAE, MAPE: 86, 0.00277, 0.00277, 0.05268, 0.03227, 7.46%
Time spent: 12.33s
- Epoch 101, ExpID 67651
Train - Loss (one batch): 0.00176
Val - Loss, MSE, RMSE, MAE, MAPE: 0.00315, 0.00315, 0.05614, 0.03665, 9.16%
Test - Best epoch, Loss, MSE, RMSE, MAE, MAPE: 86, 0.00277, 0.00277, 0.05268, 0.03227, 7.46%
Time spent: 12.33s
- Epoch 102, ExpID 67651
Train - Loss (one batch): 0.00257
Val - Loss, MSE, RMSE, MAE, MAPE: 0.00285, 0.00285, 0.05335, 0.03250, 8.33%
Test - Best epoch, Loss, MSE, RMSE, MAE, MAPE: 86, 0.00277, 0.00277, 0.05268, 0.03227, 7.46%
Time spent: 12.32s
- Epoch 103, ExpID 67651
Train - Loss (one batch): 0.00310
Val - Loss, MSE, RMSE, MAE, MAPE: 0.00323, 0.00323, 0.05684, 0.03803, 9.60%
Test - Best epoch, Loss, MSE, RMSE, MAE, MAPE: 86, 0.00277, 0.00277, 0.05268, 0.03227, 7.46%
Time spent: 12.35s
- Epoch 104, ExpID 67651
Train - Loss (one batch): 0.00265
Val - Loss, MSE, RMSE, MAE, MAPE: 0.00282, 0.00282, 0.05313, 0.03209, 8.19%
Test - Best epoch, Loss, MSE, RMSE, MAE, MAPE: 104, 0.00277, 0.00277, 0.05262, 0.03226, 7.36%
Time spent: 14.18s
- Epoch 105, ExpID 67651
Train - Loss (one batch): 0.00243
Val - Loss, MSE, RMSE, MAE, MAPE: 0.00310, 0.00310, 0.05568, 0.03627, 9.17%
Test - Best epoch, Loss, MSE, RMSE, MAE, MAPE: 104, 0.00277, 0.00277, 0.05262, 0.03226, 7.36%
Time spent: 12.33s
- Epoch 106, ExpID 67651
Train - Loss (one batch): 0.00319
Val - Loss, MSE, RMSE, MAE, MAPE: 0.00300, 0.00300, 0.05481, 0.03468, 8.77%
Test - Best epoch, Loss, MSE, RMSE, MAE, MAPE: 104, 0.00277, 0.00277, 0.05262, 0.03226, 7.36%
Time spent: 12.31s
- Epoch 107, ExpID 67651
Train - Loss (one batch): 0.00232
Val - Loss, MSE, RMSE, MAE, MAPE: 0.00300, 0.00300, 0.05475, 0.03476, 9.00%
Test - Best epoch, Loss, MSE, RMSE, MAE, MAPE: 104, 0.00277, 0.00277, 0.05262, 0.03226, 7.36%
Time spent: 12.33s
- Epoch 108, ExpID 67651
Train - Loss (one batch): 0.00265
Val - Loss, MSE, RMSE, MAE, MAPE: 0.00302, 0.00302, 0.05496, 0.03466, 8.64%
Test - Best epoch, Loss, MSE, RMSE, MAE, MAPE: 104, 0.00277, 0.00277, 0.05262, 0.03226, 7.36%
Time spent: 12.33s
- Epoch 109, ExpID 67651
Train - Loss (one batch): 0.00253
Val - Loss, MSE, RMSE, MAE, MAPE: 0.00284, 0.00284, 0.05326, 0.03228, 8.21%
Test - Best epoch, Loss, MSE, RMSE, MAE, MAPE: 104, 0.00277, 0.00277, 0.05262, 0.03226, 7.36%
Time spent: 12.33s
- Epoch 110, ExpID 67651
Train - Loss (one batch): 0.00254
Val - Loss, MSE, RMSE, MAE, MAPE: 0.00292, 0.00292, 0.05400, 0.03373, 8.80%
Test - Best epoch, Loss, MSE, RMSE, MAE, MAPE: 104, 0.00277, 0.00277, 0.05262, 0.03226, 7.36%
Time spent: 12.38s
- Epoch 111, ExpID 67651
Train - Loss (one batch): 0.00252
Val - Loss, MSE, RMSE, MAE, MAPE: 0.00293, 0.00293, 0.05414, 0.03364, 8.57%
Test - Best epoch, Loss, MSE, RMSE, MAE, MAPE: 104, 0.00277, 0.00277, 0.05262, 0.03226, 7.36%
Time spent: 12.34s
- Epoch 112, ExpID 67651
Train - Loss (one batch): 0.00301
Val - Loss, MSE, RMSE, MAE, MAPE: 0.00306, 0.00306, 0.05531, 0.03517, 8.89%
Test - Best epoch, Loss, MSE, RMSE, MAE, MAPE: 104, 0.00277, 0.00277, 0.05262, 0.03226, 7.36%
Time spent: 12.36s
- Epoch 113, ExpID 67651
Train - Loss (one batch): 0.00236
Val - Loss, MSE, RMSE, MAE, MAPE: 0.00283, 0.00283, 0.05321, 0.03217, 8.20%
Test - Best epoch, Loss, MSE, RMSE, MAE, MAPE: 104, 0.00277, 0.00277, 0.05262, 0.03226, 7.36%
Time spent: 12.33s
- Epoch 114, ExpID 67651
Train - Loss (one batch): 0.00259
Val - Loss, MSE, RMSE, MAE, MAPE: 0.00303, 0.00303, 0.05503, 0.03469, 8.65%
Test - Best epoch, Loss, MSE, RMSE, MAE, MAPE: 104, 0.00277, 0.00277, 0.05262, 0.03226, 7.36%
Time spent: 12.33s
- Epoch 115, ExpID 67651
Train - Loss (one batch): 0.00251
Val - Loss, MSE, RMSE, MAE, MAPE: 0.00365, 0.00365, 0.06040, 0.04239, 10.33%
Test - Best epoch, Loss, MSE, RMSE, MAE, MAPE: 104, 0.00277, 0.00277, 0.05262, 0.03226, 7.36%
Time spent: 12.33s
- Epoch 116, ExpID 67651
Train - Loss (one batch): 0.00205
Val - Loss, MSE, RMSE, MAE, MAPE: 0.00284, 0.00284, 0.05331, 0.03213, 8.16%
Test - Best epoch, Loss, MSE, RMSE, MAE, MAPE: 104, 0.00277, 0.00277, 0.05262, 0.03226, 7.36%
Time spent: 12.32s
- Epoch 117, ExpID 67651
Train - Loss (one batch): 0.00238
Val - Loss, MSE, RMSE, MAE, MAPE: 0.00317, 0.00317, 0.05633, 0.03704, 9.28%
Test - Best epoch, Loss, MSE, RMSE, MAE, MAPE: 104, 0.00277, 0.00277, 0.05262, 0.03226, 7.36%
Time spent: 12.35s
- Epoch 118, ExpID 67651
Train - Loss (one batch): 0.00322
Val - Loss, MSE, RMSE, MAE, MAPE: 0.00316, 0.00316, 0.05626, 0.03716, 9.39%
Test - Best epoch, Loss, MSE, RMSE, MAE, MAPE: 104, 0.00277, 0.00277, 0.05262, 0.03226, 7.36%
Time spent: 12.35s
- Epoch 119, ExpID 67651
Train - Loss (one batch): 0.00277
Val - Loss, MSE, RMSE, MAE, MAPE: 0.00306, 0.00306, 0.05534, 0.03588, 9.14%
Test - Best epoch, Loss, MSE, RMSE, MAE, MAPE: 104, 0.00277, 0.00277, 0.05262, 0.03226, 7.36%
Time spent: 12.34s
- Epoch 120, ExpID 67651
Train - Loss (one batch): 0.00317
Val - Loss, MSE, RMSE, MAE, MAPE: 0.00286, 0.00286, 0.05349, 0.03271, 8.51%
Test - Best epoch, Loss, MSE, RMSE, MAE, MAPE: 104, 0.00277, 0.00277, 0.05262, 0.03226, 7.36%
Time spent: 12.37s
- Epoch 121, ExpID 67651
Train - Loss (one batch): 0.00267
Val - Loss, MSE, RMSE, MAE, MAPE: 0.00281, 0.00281, 0.05302, 0.03187, 8.22%
Test - Best epoch, Loss, MSE, RMSE, MAE, MAPE: 121, 0.00274, 0.00274, 0.05232, 0.03207, 7.38%
Time spent: 14.18s
- Epoch 122, ExpID 67651
Train - Loss (one batch): 0.00200
Val - Loss, MSE, RMSE, MAE, MAPE: 0.00314, 0.00314, 0.05602, 0.03702, 9.44%
Test - Best epoch, Loss, MSE, RMSE, MAE, MAPE: 121, 0.00274, 0.00274, 0.05232, 0.03207, 7.38%
Time spent: 12.36s
- Epoch 123, ExpID 67651
Train - Loss (one batch): 0.00219
Val - Loss, MSE, RMSE, MAE, MAPE: 0.00301, 0.00301, 0.05484, 0.03485, 8.90%
Test - Best epoch, Loss, MSE, RMSE, MAE, MAPE: 121, 0.00274, 0.00274, 0.05232, 0.03207, 7.38%
Time spent: 12.33s
- Epoch 124, ExpID 67651
Train - Loss (one batch): 0.00245
Val - Loss, MSE, RMSE, MAE, MAPE: 0.00334, 0.00334, 0.05779, 0.03939, 9.86%
Test - Best epoch, Loss, MSE, RMSE, MAE, MAPE: 121, 0.00274, 0.00274, 0.05232, 0.03207, 7.38%
Time spent: 12.32s
- Epoch 125, ExpID 67651
Train - Loss (one batch): 0.00243
Val - Loss, MSE, RMSE, MAE, MAPE: 0.00330, 0.00330, 0.05746, 0.03864, 9.77%
Test - Best epoch, Loss, MSE, RMSE, MAE, MAPE: 121, 0.00274, 0.00274, 0.05232, 0.03207, 7.38%
Time spent: 12.37s
- Epoch 126, ExpID 67651
Train - Loss (one batch): 0.00237
Val - Loss, MSE, RMSE, MAE, MAPE: 0.00288, 0.00288, 0.05370, 0.03300, 8.40%
Test - Best epoch, Loss, MSE, RMSE, MAE, MAPE: 121, 0.00274, 0.00274, 0.05232, 0.03207, 7.38%
Time spent: 12.36s
- Epoch 127, ExpID 67651
Train - Loss (one batch): 0.00238
Val - Loss, MSE, RMSE, MAE, MAPE: 0.00286, 0.00286, 0.05349, 0.03244, 8.40%
Test - Best epoch, Loss, MSE, RMSE, MAE, MAPE: 121, 0.00274, 0.00274, 0.05232, 0.03207, 7.38%
Time spent: 12.35s
- Epoch 128, ExpID 67651
Train - Loss (one batch): 0.00295
Val - Loss, MSE, RMSE, MAE, MAPE: 0.00283, 0.00283, 0.05319, 0.03223, 8.33%
Test - Best epoch, Loss, MSE, RMSE, MAE, MAPE: 121, 0.00274, 0.00274, 0.05232, 0.03207, 7.38%
Time spent: 12.32s
- Epoch 129, ExpID 67651
Train - Loss (one batch): 0.00217
Val - Loss, MSE, RMSE, MAE, MAPE: 0.00348, 0.00348, 0.05903, 0.04118, 10.42%
Test - Best epoch, Loss, MSE, RMSE, MAE, MAPE: 121, 0.00274, 0.00274, 0.05232, 0.03207, 7.38%
Time spent: 12.33s
- Epoch 130, ExpID 67651
Train - Loss (one batch): 0.00232
Val - Loss, MSE, RMSE, MAE, MAPE: 0.00319, 0.00319, 0.05651, 0.03753, 9.73%
Test - Best epoch, Loss, MSE, RMSE, MAE, MAPE: 121, 0.00274, 0.00274, 0.05232, 0.03207, 7.38%
Time spent: 12.35s
- Epoch 131, ExpID 67651
Train - Loss (one batch): 0.00337
Val - Loss, MSE, RMSE, MAE, MAPE: 0.00296, 0.00296, 0.05438, 0.03422, 8.84%
Test - Best epoch, Loss, MSE, RMSE, MAE, MAPE: 121, 0.00274, 0.00274, 0.05232, 0.03207, 7.38%
Time spent: 12.30s
- Epoch 132, ExpID 67651
Train - Loss (one batch): 0.00245
Val - Loss, MSE, RMSE, MAE, MAPE: 0.00282, 0.00282, 0.05314, 0.03229, 8.38%
Test - Best epoch, Loss, MSE, RMSE, MAE, MAPE: 121, 0.00274, 0.00274, 0.05232, 0.03207, 7.38%
Time spent: 12.33s
- Epoch 133, ExpID 67651
Train - Loss (one batch): 0.00229
Val - Loss, MSE, RMSE, MAE, MAPE: 0.00314, 0.00314, 0.05601, 0.03658, 9.11%
Test - Best epoch, Loss, MSE, RMSE, MAE, MAPE: 121, 0.00274, 0.00274, 0.05232, 0.03207, 7.38%
Time spent: 12.30s
- Epoch 134, ExpID 67651
Train - Loss (one batch): 0.00183
Val - Loss, MSE, RMSE, MAE, MAPE: 0.00283, 0.00283, 0.05323, 0.03197, 8.15%
Test - Best epoch, Loss, MSE, RMSE, MAE, MAPE: 121, 0.00274, 0.00274, 0.05232, 0.03207, 7.38%
Time spent: 12.35s
- Epoch 135, ExpID 67651
Train - Loss (one batch): 0.00247
Val - Loss, MSE, RMSE, MAE, MAPE: 0.00307, 0.00307, 0.05539, 0.03571, 9.07%
Test - Best epoch, Loss, MSE, RMSE, MAE, MAPE: 121, 0.00274, 0.00274, 0.05232, 0.03207, 7.38%
Time spent: 12.33s
- Epoch 136, ExpID 67651
Train - Loss (one batch): 0.00229
Val - Loss, MSE, RMSE, MAE, MAPE: 0.00284, 0.00284, 0.05328, 0.03228, 8.32%
Test - Best epoch, Loss, MSE, RMSE, MAE, MAPE: 121, 0.00274, 0.00274, 0.05232, 0.03207, 7.38%
Time spent: 12.32s
- Epoch 137, ExpID 67651
Train - Loss (one batch): 0.00189
Val - Loss, MSE, RMSE, MAE, MAPE: 0.00287, 0.00287, 0.05358, 0.03247, 8.23%
Test - Best epoch, Loss, MSE, RMSE, MAE, MAPE: 121, 0.00274, 0.00274, 0.05232, 0.03207, 7.38%
Time spent: 12.34s
- Epoch 138, ExpID 67651
Train - Loss (one batch): 0.00221
Val - Loss, MSE, RMSE, MAE, MAPE: 0.00298, 0.00298, 0.05457, 0.03441, 8.89%
Test - Best epoch, Loss, MSE, RMSE, MAE, MAPE: 121, 0.00274, 0.00274, 0.05232, 0.03207, 7.38%
Time spent: 12.35s
- Epoch 139, ExpID 67651
Train - Loss (one batch): 0.00247
Val - Loss, MSE, RMSE, MAE, MAPE: 0.00291, 0.00291, 0.05392, 0.03274, 8.33%
Test - Best epoch, Loss, MSE, RMSE, MAE, MAPE: 121, 0.00274, 0.00274, 0.05232, 0.03207, 7.38%
Time spent: 12.35s
- Epoch 140, ExpID 67651
Train - Loss (one batch): 0.00212
Val - Loss, MSE, RMSE, MAE, MAPE: 0.00285, 0.00285, 0.05335, 0.03242, 8.23%
Test - Best epoch, Loss, MSE, RMSE, MAE, MAPE: 121, 0.00274, 0.00274, 0.05232, 0.03207, 7.38%
Time spent: 12.32s
- Epoch 141, ExpID 67651
Train - Loss (one batch): 0.00241
Val - Loss, MSE, RMSE, MAE, MAPE: 0.00318, 0.00318, 0.05641, 0.03687, 9.45%
Test - Best epoch, Loss, MSE, RMSE, MAE, MAPE: 121, 0.00274, 0.00274, 0.05232, 0.03207, 7.38%
Time spent: 12.34s
- Epoch 142, ExpID 67651
Train - Loss (one batch): 0.00252
Val - Loss, MSE, RMSE, MAE, MAPE: 0.00285, 0.00285, 0.05342, 0.03225, 8.21%
Test - Best epoch, Loss, MSE, RMSE, MAE, MAPE: 121, 0.00274, 0.00274, 0.05232, 0.03207, 7.38%
Time spent: 12.32s
- Epoch 143, ExpID 67651
Train - Loss (one batch): 0.00278
Val - Loss, MSE, RMSE, MAE, MAPE: 0.00314, 0.00314, 0.05604, 0.03619, 9.08%
Test - Best epoch, Loss, MSE, RMSE, MAE, MAPE: 121, 0.00274, 0.00274, 0.05232, 0.03207, 7.38%
Time spent: 12.29s
- Epoch 144, ExpID 67651
Train - Loss (one batch): 0.00217
Val - Loss, MSE, RMSE, MAE, MAPE: 0.00282, 0.00282, 0.05306, 0.03207, 8.20%
Test - Best epoch, Loss, MSE, RMSE, MAE, MAPE: 121, 0.00274, 0.00274, 0.05232, 0.03207, 7.38%
Time spent: 12.33s
- Epoch 145, ExpID 67651
Train - Loss (one batch): 0.00210
Val - Loss, MSE, RMSE, MAE, MAPE: 0.00287, 0.00287, 0.05354, 0.03275, 8.38%
Test - Best epoch, Loss, MSE, RMSE, MAE, MAPE: 121, 0.00274, 0.00274, 0.05232, 0.03207, 7.38%
Time spent: 12.34s
- Epoch 146, ExpID 67651
Train - Loss (one batch): 0.00191
Val - Loss, MSE, RMSE, MAE, MAPE: 0.00287, 0.00287, 0.05353, 0.03255, 8.33%
Test - Best epoch, Loss, MSE, RMSE, MAE, MAPE: 121, 0.00274, 0.00274, 0.05232, 0.03207, 7.38%
Time spent: 12.39s
- Epoch 147, ExpID 67651
Train - Loss (one batch): 0.00221
Val - Loss, MSE, RMSE, MAE, MAPE: 0.00340, 0.00340, 0.05833, 0.04020, 10.22%
Test - Best epoch, Loss, MSE, RMSE, MAE, MAPE: 121, 0.00274, 0.00274, 0.05232, 0.03207, 7.38%
Time spent: 12.33s
- Epoch 148, ExpID 67651
Train - Loss (one batch): 0.00232
Val - Loss, MSE, RMSE, MAE, MAPE: 0.00282, 0.00282, 0.05311, 0.03216, 8.14%
Test - Best epoch, Loss, MSE, RMSE, MAE, MAPE: 121, 0.00274, 0.00274, 0.05232, 0.03207, 7.38%
Time spent: 12.31s
- Epoch 149, ExpID 67651
Train - Loss (one batch): 0.00225
Val - Loss, MSE, RMSE, MAE, MAPE: 0.00298, 0.00298, 0.05462, 0.03423, 8.70%
Test - Best epoch, Loss, MSE, RMSE, MAE, MAPE: 121, 0.00274, 0.00274, 0.05232, 0.03207, 7.38%
Time spent: 12.30s
- Epoch 150, ExpID 67651
Train - Loss (one batch): 0.00212
Val - Loss, MSE, RMSE, MAE, MAPE: 0.00289, 0.00289, 0.05379, 0.03322, 8.63%
Test - Best epoch, Loss, MSE, RMSE, MAE, MAPE: 121, 0.00274, 0.00274, 0.05232, 0.03207, 7.38%
Time spent: 12.33s
- Epoch 151, ExpID 67651
Train - Loss (one batch): 0.00181
Val - Loss, MSE, RMSE, MAE, MAPE: 0.00320, 0.00320, 0.05656, 0.03720, 9.32%
Test - Best epoch, Loss, MSE, RMSE, MAE, MAPE: 121, 0.00274, 0.00274, 0.05232, 0.03207, 7.38%
Time spent: 12.32s
- Epoch 152, ExpID 67651
Train - Loss (one batch): 0.00176
Val - Loss, MSE, RMSE, MAE, MAPE: 0.00286, 0.00286, 0.05347, 0.03274, 8.37%
Test - Best epoch, Loss, MSE, RMSE, MAE, MAPE: 121, 0.00274, 0.00274, 0.05232, 0.03207, 7.38%
Time spent: 12.30s
- Epoch 153, ExpID 67651
Train - Loss (one batch): 0.00277
Val - Loss, MSE, RMSE, MAE, MAPE: 0.00297, 0.00297, 0.05446, 0.03403, 8.66%
Test - Best epoch, Loss, MSE, RMSE, MAE, MAPE: 121, 0.00274, 0.00274, 0.05232, 0.03207, 7.38%
Time spent: 12.33s
- Epoch 154, ExpID 67651
Train - Loss (one batch): 0.00268
Val - Loss, MSE, RMSE, MAE, MAPE: 0.00281, 0.00281, 0.05298, 0.03194, 8.22%
Test - Best epoch, Loss, MSE, RMSE, MAE, MAPE: 154, 0.00273, 0.00273, 0.05222, 0.03192, 7.35%
Time spent: 14.14s
- Epoch 155, ExpID 67651
Train - Loss (one batch): 0.00157
Val - Loss, MSE, RMSE, MAE, MAPE: 0.00289, 0.00289, 0.05372, 0.03313, 8.50%
Test - Best epoch, Loss, MSE, RMSE, MAE, MAPE: 154, 0.00273, 0.00273, 0.05222, 0.03192, 7.35%
Time spent: 12.32s
- Epoch 156, ExpID 67651
Train - Loss (one batch): 0.00235
Val - Loss, MSE, RMSE, MAE, MAPE: 0.00355, 0.00355, 0.05959, 0.04128, 10.34%
Test - Best epoch, Loss, MSE, RMSE, MAE, MAPE: 154, 0.00273, 0.00273, 0.05222, 0.03192, 7.35%
Time spent: 12.32s
- Epoch 157, ExpID 67651
Train - Loss (one batch): 0.00287
Val - Loss, MSE, RMSE, MAE, MAPE: 0.00321, 0.00321, 0.05663, 0.03747, 9.46%
Test - Best epoch, Loss, MSE, RMSE, MAE, MAPE: 154, 0.00273, 0.00273, 0.05222, 0.03192, 7.35%
Time spent: 12.34s
- Epoch 158, ExpID 67651
Train - Loss (one batch): 0.00248
Val - Loss, MSE, RMSE, MAE, MAPE: 0.00294, 0.00294, 0.05425, 0.03367, 8.54%
Test - Best epoch, Loss, MSE, RMSE, MAE, MAPE: 154, 0.00273, 0.00273, 0.05222, 0.03192, 7.35%
Time spent: 12.32s
- Epoch 159, ExpID 67651
Train - Loss (one batch): 0.00237
Val - Loss, MSE, RMSE, MAE, MAPE: 0.00289, 0.00289, 0.05378, 0.03304, 8.45%
Test - Best epoch, Loss, MSE, RMSE, MAE, MAPE: 154, 0.00273, 0.00273, 0.05222, 0.03192, 7.35%
Time spent: 12.30s
- Epoch 160, ExpID 67651
Train - Loss (one batch): 0.00197
Val - Loss, MSE, RMSE, MAE, MAPE: 0.00288, 0.00288, 0.05367, 0.03296, 8.53%
Test - Best epoch, Loss, MSE, RMSE, MAE, MAPE: 154, 0.00273, 0.00273, 0.05222, 0.03192, 7.35%
Time spent: 12.31s
- Epoch 161, ExpID 67651
Train - Loss (one batch): 0.00212
Val - Loss, MSE, RMSE, MAE, MAPE: 0.00297, 0.00297, 0.05453, 0.03453, 8.98%
Test - Best epoch, Loss, MSE, RMSE, MAE, MAPE: 154, 0.00273, 0.00273, 0.05222, 0.03192, 7.35%
Time spent: 12.34s
- Epoch 162, ExpID 67651
Train - Loss (one batch): 0.00282
Val - Loss, MSE, RMSE, MAE, MAPE: 0.00307, 0.00307, 0.05543, 0.03544, 9.26%
Test - Best epoch, Loss, MSE, RMSE, MAE, MAPE: 154, 0.00273, 0.00273, 0.05222, 0.03192, 7.35%
Time spent: 12.34s
- Epoch 163, ExpID 67651
Train - Loss (one batch): 0.00223
Val - Loss, MSE, RMSE, MAE, MAPE: 0.00284, 0.00284, 0.05334, 0.03246, 8.25%
Test - Best epoch, Loss, MSE, RMSE, MAE, MAPE: 154, 0.00273, 0.00273, 0.05222, 0.03192, 7.35%
Time spent: 12.33s
- Epoch 164, ExpID 67651
Train - Loss (one batch): 0.00223
Val - Loss, MSE, RMSE, MAE, MAPE: 0.00310, 0.00310, 0.05563, 0.03572, 8.89%
Test - Best epoch, Loss, MSE, RMSE, MAE, MAPE: 154, 0.00273, 0.00273, 0.05222, 0.03192, 7.35%
Time spent: 12.33s
- Epoch 165, ExpID 67651
Train - Loss (one batch): 0.00210
Val - Loss, MSE, RMSE, MAE, MAPE: 0.00283, 0.00283, 0.05319, 0.03198, 8.18%
Test - Best epoch, Loss, MSE, RMSE, MAE, MAPE: 154, 0.00273, 0.00273, 0.05222, 0.03192, 7.35%
Time spent: 12.35s
- Epoch 166, ExpID 67651
Train - Loss (one batch): 0.00257
Val - Loss, MSE, RMSE, MAE, MAPE: 0.00386, 0.00386, 0.06209, 0.04484, 11.24%
Test - Best epoch, Loss, MSE, RMSE, MAE, MAPE: 154, 0.00273, 0.00273, 0.05222, 0.03192, 7.35%
Time spent: 12.38s
- Epoch 167, ExpID 67651
Train - Loss (one batch): 0.00261
Val - Loss, MSE, RMSE, MAE, MAPE: 0.00292, 0.00292, 0.05405, 0.03357, 8.80%
Test - Best epoch, Loss, MSE, RMSE, MAE, MAPE: 154, 0.00273, 0.00273, 0.05222, 0.03192, 7.35%
Time spent: 12.33s
- Epoch 168, ExpID 67651
Train - Loss (one batch): 0.00252
Val - Loss, MSE, RMSE, MAE, MAPE: 0.00332, 0.00332, 0.05762, 0.03875, 9.84%
Test - Best epoch, Loss, MSE, RMSE, MAE, MAPE: 154, 0.00273, 0.00273, 0.05222, 0.03192, 7.35%
Time spent: 12.31s
- Epoch 169, ExpID 67651
Train - Loss (one batch): 0.00216
Val - Loss, MSE, RMSE, MAE, MAPE: 0.00311, 0.00311, 0.05576, 0.03615, 9.06%
Test - Best epoch, Loss, MSE, RMSE, MAE, MAPE: 154, 0.00273, 0.00273, 0.05222, 0.03192, 7.35%
Time spent: 12.34s
- Epoch 170, ExpID 67651
Train - Loss (one batch): 0.00178
Val - Loss, MSE, RMSE, MAE, MAPE: 0.00299, 0.00299, 0.05465, 0.03470, 8.82%
Test - Best epoch, Loss, MSE, RMSE, MAE, MAPE: 154, 0.00273, 0.00273, 0.05222, 0.03192, 7.35%
Time spent: 12.33s
- Epoch 171, ExpID 67651
Train - Loss (one batch): 0.00270
Val - Loss, MSE, RMSE, MAE, MAPE: 0.00289, 0.00289, 0.05379, 0.03337, 8.64%
Test - Best epoch, Loss, MSE, RMSE, MAE, MAPE: 154, 0.00273, 0.00273, 0.05222, 0.03192, 7.35%
Time spent: 12.35s
- Epoch 172, ExpID 67651
Train - Loss (one batch): 0.00183
Val - Loss, MSE, RMSE, MAE, MAPE: 0.00285, 0.00285, 0.05338, 0.03235, 8.39%
Test - Best epoch, Loss, MSE, RMSE, MAE, MAPE: 154, 0.00273, 0.00273, 0.05222, 0.03192, 7.35%
Time spent: 12.33s
- Epoch 173, ExpID 67651
Train - Loss (one batch): 0.00153
Val - Loss, MSE, RMSE, MAE, MAPE: 0.00303, 0.00303, 0.05505, 0.03492, 8.89%
Test - Best epoch, Loss, MSE, RMSE, MAE, MAPE: 154, 0.00273, 0.00273, 0.05222, 0.03192, 7.35%
Time spent: 12.36s
- Epoch 174, ExpID 67651
Train - Loss (one batch): 0.00200
Val - Loss, MSE, RMSE, MAE, MAPE: 0.00287, 0.00287, 0.05355, 0.03269, 8.45%
Test - Best epoch, Loss, MSE, RMSE, MAE, MAPE: 154, 0.00273, 0.00273, 0.05222, 0.03192, 7.35%
Time spent: 12.37s
- Epoch 175, ExpID 67651
Train - Loss (one batch): 0.00209
Val - Loss, MSE, RMSE, MAE, MAPE: 0.00294, 0.00294, 0.05419, 0.03364, 8.62%
Test - Best epoch, Loss, MSE, RMSE, MAE, MAPE: 154, 0.00273, 0.00273, 0.05222, 0.03192, 7.35%
Time spent: 12.33s
- Epoch 176, ExpID 67651
Train - Loss (one batch): 0.00323
Val - Loss, MSE, RMSE, MAE, MAPE: 0.00296, 0.00296, 0.05445, 0.03426, 8.73%
Test - Best epoch, Loss, MSE, RMSE, MAE, MAPE: 154, 0.00273, 0.00273, 0.05222, 0.03192, 7.35%
Time spent: 12.34s
- Epoch 177, ExpID 67651
Train - Loss (one batch): 0.00228
Val - Loss, MSE, RMSE, MAE, MAPE: 0.00294, 0.00294, 0.05427, 0.03312, 8.63%
Test - Best epoch, Loss, MSE, RMSE, MAE, MAPE: 154, 0.00273, 0.00273, 0.05222, 0.03192, 7.35%
Time spent: 12.33s
- Epoch 178, ExpID 67651
Train - Loss (one batch): 0.00251
Val - Loss, MSE, RMSE, MAE, MAPE: 0.00287, 0.00287, 0.05355, 0.03274, 8.47%
Test - Best epoch, Loss, MSE, RMSE, MAE, MAPE: 154, 0.00273, 0.00273, 0.05222, 0.03192, 7.35%
Time spent: 12.31s
- Epoch 179, ExpID 67651
Train - Loss (one batch): 0.00373
Val - Loss, MSE, RMSE, MAE, MAPE: 0.00287, 0.00287, 0.05355, 0.03257, 8.37%
Test - Best epoch, Loss, MSE, RMSE, MAE, MAPE: 154, 0.00273, 0.00273, 0.05222, 0.03192, 7.35%
Time spent: 12.32s
- Epoch 180, ExpID 67651
Train - Loss (one batch): 0.00243
Val - Loss, MSE, RMSE, MAE, MAPE: 0.00317, 0.00317, 0.05630, 0.03677, 9.29%
Test - Best epoch, Loss, MSE, RMSE, MAE, MAPE: 154, 0.00273, 0.00273, 0.05222, 0.03192, 7.35%
Time spent: 12.32s
- Epoch 181, ExpID 67651
Train - Loss (one batch): 0.00263
Val - Loss, MSE, RMSE, MAE, MAPE: 0.00317, 0.00317, 0.05630, 0.03637, 9.28%
Test - Best epoch, Loss, MSE, RMSE, MAE, MAPE: 154, 0.00273, 0.00273, 0.05222, 0.03192, 7.35%
Time spent: 12.32s
- Epoch 182, ExpID 67651
Train - Loss (one batch): 0.00250
Val - Loss, MSE, RMSE, MAE, MAPE: 0.00307, 0.00307, 0.05537, 0.03547, 8.95%
Test - Best epoch, Loss, MSE, RMSE, MAE, MAPE: 154, 0.00273, 0.00273, 0.05222, 0.03192, 7.35%
Time spent: 12.33s
- Epoch 183, ExpID 67651
Train - Loss (one batch): 0.00221
Val - Loss, MSE, RMSE, MAE, MAPE: 0.00296, 0.00296, 0.05438, 0.03386, 8.72%
Test - Best epoch, Loss, MSE, RMSE, MAE, MAPE: 154, 0.00273, 0.00273, 0.05222, 0.03192, 7.35%
Time spent: 12.34s
- Epoch 184, ExpID 67651
Train - Loss (one batch): 0.00269
Val - Loss, MSE, RMSE, MAE, MAPE: 0.00294, 0.00294, 0.05421, 0.03350, 8.68%
Test - Best epoch, Loss, MSE, RMSE, MAE, MAPE: 154, 0.00273, 0.00273, 0.05222, 0.03192, 7.35%
Time spent: 12.30s
- Epoch 185, ExpID 67651
Train - Loss (one batch): 0.00227
Val - Loss, MSE, RMSE, MAE, MAPE: 0.00320, 0.00320, 0.05660, 0.03723, 9.21%
Test - Best epoch, Loss, MSE, RMSE, MAE, MAPE: 154, 0.00273, 0.00273, 0.05222, 0.03192, 7.35%
Time spent: 12.32s
- Epoch 186, ExpID 67651
Train - Loss (one batch): 0.00201
Val - Loss, MSE, RMSE, MAE, MAPE: 0.00330, 0.00330, 0.05747, 0.03879, 9.83%
Test - Best epoch, Loss, MSE, RMSE, MAE, MAPE: 154, 0.00273, 0.00273, 0.05222, 0.03192, 7.35%
Time spent: 12.35s
- Epoch 187, ExpID 67651
Train - Loss (one batch): 0.00202
Val - Loss, MSE, RMSE, MAE, MAPE: 0.00289, 0.00289, 0.05372, 0.03280, 8.32%
Test - Best epoch, Loss, MSE, RMSE, MAE, MAPE: 154, 0.00273, 0.00273, 0.05222, 0.03192, 7.35%
Time spent: 12.34s
- Epoch 188, ExpID 67651
Train - Loss (one batch): 0.00237
Val - Loss, MSE, RMSE, MAE, MAPE: 0.00310, 0.00310, 0.05566, 0.03570, 9.09%
Test - Best epoch, Loss, MSE, RMSE, MAE, MAPE: 154, 0.00273, 0.00273, 0.05222, 0.03192, 7.35%
Time spent: 12.33s
- Epoch 189, ExpID 67651
Train - Loss (one batch): 0.00216
Val - Loss, MSE, RMSE, MAE, MAPE: 0.00365, 0.00365, 0.06046, 0.04251, 10.70%
Test - Best epoch, Loss, MSE, RMSE, MAE, MAPE: 154, 0.00273, 0.00273, 0.05222, 0.03192, 7.35%
Time spent: 12.32s
- Epoch 190, ExpID 67651
Train - Loss (one batch): 0.00291
Val - Loss, MSE, RMSE, MAE, MAPE: 0.00302, 0.00302, 0.05494, 0.03467, 8.84%
Test - Best epoch, Loss, MSE, RMSE, MAE, MAPE: 154, 0.00273, 0.00273, 0.05222, 0.03192, 7.35%
Time spent: 12.34s
- Epoch 191, ExpID 67651
Train - Loss (one batch): 0.00239
Val - Loss, MSE, RMSE, MAE, MAPE: 0.00300, 0.00300, 0.05479, 0.03411, 8.73%
Test - Best epoch, Loss, MSE, RMSE, MAE, MAPE: 154, 0.00273, 0.00273, 0.05222, 0.03192, 7.35%
Time spent: 12.32s
- Epoch 192, ExpID 67651
Train - Loss (one batch): 0.00239
Val - Loss, MSE, RMSE, MAE, MAPE: 0.00290, 0.00290, 0.05389, 0.03287, 8.40%
Test - Best epoch, Loss, MSE, RMSE, MAE, MAPE: 154, 0.00273, 0.00273, 0.05222, 0.03192, 7.35%
Time spent: 12.34s
- Epoch 193, ExpID 67651
Train - Loss (one batch): 0.00232
Val - Loss, MSE, RMSE, MAE, MAPE: 0.00292, 0.00292, 0.05408, 0.03323, 8.52%
Test - Best epoch, Loss, MSE, RMSE, MAE, MAPE: 154, 0.00273, 0.00273, 0.05222, 0.03192, 7.35%
Time spent: 12.29s
- Epoch 194, ExpID 67651
Train - Loss (one batch): 0.00228
Val - Loss, MSE, RMSE, MAE, MAPE: 0.00305, 0.00305, 0.05520, 0.03520, 8.89%
Test - Best epoch, Loss, MSE, RMSE, MAE, MAPE: 154, 0.00273, 0.00273, 0.05222, 0.03192, 7.35%
Time spent: 12.34s
