=======================================================
Running ACTIVITY MS (concat) A: seed=1  scales=200,1200  strides=100,600
HISTORY=4000  HID=64  BATCH=64  LR=1e-3  WDECAY=1e-4  EPOCHS=400  PATIENCE=80
Start time: 2025-10-28 18:27:30
-------------------------------------------------------
PID, device: 1368688 cuda
Total records: 25
Dataset n_samples: 25 15 5 5
Test record ids (first 20): ['B04', 'D02', 'A01', 'E04', 'C02']
Test record ids (last 20): ['B04', 'D02', 'A01', 'E04', 'C02']
data_max: tensor([5.6217, 3.9067, 2.4465, 5.3456, 3.9414, 2.2163, 5.7582, 3.9781, 2.6061,
        5.3913, 3.9654, 2.6011], device='cuda:0')
data_min: tensor([ 0.1852, -0.1228, -1.4615,  0.1606, -0.4760, -2.5436, -0.2787, -0.4944,
        -2.0269,  0.0198, -0.4789, -1.9588], device='cuda:0')
time_max: tensor(304861., device='cuda:0')
manual set time_max: tensor(5000, device='cuda:0')
[MS] batch keys: ['X_list', 'tt_list', 'mk_list', 'npatches', 'tp_to_predict', 'data_to_predict', 'mask_predicted_data']
[MS] #scales: 2
[MS] per-scale shapes: [(64, 40, 3, 12), (64, 7, 14, 12)]
[MS] data_to_predict: (64, 33, 12)
[MS] mask_predicted_data sum: 5784.0
n_train_batches: 52
Exp has been early stopped!
Finished seed 1 at 2025-10-28 18:47:19
=======================================================

=======================================================
Running ACTIVITY MS (concat) A: seed=2  scales=200,1200  strides=100,600
HISTORY=4000  HID=64  BATCH=64  LR=1e-3  WDECAY=1e-4  EPOCHS=400  PATIENCE=80
Start time: 2025-10-28 18:47:19
-------------------------------------------------------
PID, device: 1368880 cuda
Total records: 25
Dataset n_samples: 25 15 5 5
Test record ids (first 20): ['B04', 'D02', 'A01', 'E04', 'C02']
Test record ids (last 20): ['B04', 'D02', 'A01', 'E04', 'C02']
data_max: tensor([5.6217, 3.9067, 2.4465, 5.3456, 3.9414, 2.2163, 5.7582, 3.9781, 2.6061,
        5.3913, 3.9654, 2.6011], device='cuda:0')
data_min: tensor([ 0.1852, -0.1228, -1.4615,  0.1606, -0.4760, -2.5436, -0.2787, -0.4944,
        -2.0269,  0.0198, -0.4789, -1.9588], device='cuda:0')
time_max: tensor(304861., device='cuda:0')
manual set time_max: tensor(5000, device='cuda:0')
[MS] batch keys: ['X_list', 'tt_list', 'mk_list', 'npatches', 'tp_to_predict', 'data_to_predict', 'mask_predicted_data']
[MS] #scales: 2
[MS] per-scale shapes: [(64, 40, 3, 12), (64, 7, 14, 12)]
[MS] data_to_predict: (64, 33, 12)
[MS] mask_predicted_data sum: 5784.0
n_train_batches: 52
Exp has been early stopped!
Finished seed 2 at 2025-10-28 19:12:32
=======================================================

=======================================================
Running ACTIVITY MS (concat) A: seed=3  scales=200,1200  strides=100,600
HISTORY=4000  HID=64  BATCH=64  LR=1e-3  WDECAY=1e-4  EPOCHS=400  PATIENCE=80
Start time: 2025-10-28 19:12:32
-------------------------------------------------------
