Running with seed 1
torch.cuda.is_available() True
PID, device: 2192875 cuda
Total records: 25
Dataset n_samples: 25 15 5 5
data_max: tensor([5.6217, 3.9067, 2.4465, 5.3456, 3.9414, 2.2163, 5.7582, 3.9781, 2.6061,
        5.3913, 3.9654, 2.6011], device='cuda:0')
data_min: tensor([ 0.1852, -0.1228, -1.4615,  0.1606, -0.4760, -2.5436, -0.2787, -0.4944,
        -2.0269,  0.0198, -0.4789, -1.9588], device='cuda:0')
time_max: tensor(304861., device='cuda:0')
manual set time_max: tensor(4000)
Dataset n_samples after time split: 5400 3318 1007 1075
n_train_batches: 104
Exp has been early stopped!
Running with seed 2
torch.cuda.is_available() True
PID, device: 2192913 cuda
Total records: 25
Dataset n_samples: 25 15 5 5
data_max: tensor([5.6217, 3.9067, 2.4465, 5.3456, 3.9414, 2.2163, 5.7582, 3.9781, 2.6061,
        5.3913, 3.9654, 2.6011], device='cuda:0')
data_min: tensor([ 0.1852, -0.1228, -1.4615,  0.1606, -0.4760, -2.5436, -0.2787, -0.4944,
        -2.0269,  0.0198, -0.4789, -1.9588], device='cuda:0')
time_max: tensor(304861., device='cuda:0')
manual set time_max: tensor(4000)
Dataset n_samples after time split: 5400 3318 1007 1075
n_train_batches: 104
Exp has been early stopped!
Running with seed 3
torch.cuda.is_available() True
PID, device: 2192963 cuda
Total records: 25
Dataset n_samples: 25 15 5 5
data_max: tensor([5.6217, 3.9067, 2.4465, 5.3456, 3.9414, 2.2163, 5.7582, 3.9781, 2.6061,
        5.3913, 3.9654, 2.6011], device='cuda:0')
data_min: tensor([ 0.1852, -0.1228, -1.4615,  0.1606, -0.4760, -2.5436, -0.2787, -0.4944,
        -2.0269,  0.0198, -0.4789, -1.9588], device='cuda:0')
time_max: tensor(304861., device='cuda:0')
manual set time_max: tensor(4000)
Dataset n_samples after time split: 5400 3318 1007 1075
n_train_batches: 104
Exp has been early stopped!
Running with seed 4
torch.cuda.is_available() True
PID, device: 2193120 cuda
Total records: 25
Dataset n_samples: 25 15 5 5
data_max: tensor([5.6217, 3.9067, 2.4465, 5.3456, 3.9414, 2.2163, 5.7582, 3.9781, 2.6061,
        5.3913, 3.9654, 2.6011], device='cuda:0')
data_min: tensor([ 0.1852, -0.1228, -1.4615,  0.1606, -0.4760, -2.5436, -0.2787, -0.4944,
        -2.0269,  0.0198, -0.4789, -1.9588], device='cuda:0')
time_max: tensor(304861., device='cuda:0')
manual set time_max: tensor(4000)
Dataset n_samples after time split: 5400 3318 1007 1075
n_train_batches: 104
Exp has been early stopped!
Running with seed 5
torch.cuda.is_available() True
PID, device: 2193158 cuda
Total records: 25
Dataset n_samples: 25 15 5 5
data_max: tensor([5.6217, 3.9067, 2.4465, 5.3456, 3.9414, 2.2163, 5.7582, 3.9781, 2.6061,
        5.3913, 3.9654, 2.6011], device='cuda:0')
data_min: tensor([ 0.1852, -0.1228, -1.4615,  0.1606, -0.4760, -2.5436, -0.2787, -0.4944,
        -2.0269,  0.0198, -0.4789, -1.9588], device='cuda:0')
time_max: tensor(304861., device='cuda:0')
manual set time_max: tensor(4000)
Dataset n_samples after time split: 5400 3318 1007 1075
n_train_batches: 104
Exp has been early stopped!
