/home/ouass/Test/MSP-IMTS/tPatchGNN/run_models.py
2025-10-28 17:10:29
run_models.py --dataset activity --history 4000 --hid_dim 64 --te_dim 10 --node_dim 10 --nlayer 1 --tf_layer 1 --nhead 1 --batch_size 64 --lr 1e-3 --w_decay 1e-4 --patience 90 --epoch 450 --seed 1 --gpu 0 --multi_scales 200,1600 --multi_strides 50,800 --fusion concat
Namespace(multi_scales='200,1600', multi_strides='50,800', fusion='concat', state='def', n=100000000, hop=1, nhead=1, tf_layer=1, nlayer=1, epoch=450, patience=90, history=4000, patch_size=24, stride=24, logmode='a', lr=0.001, w_decay=0.0001, batch_size=64, save='experiments/', load=None, seed=1, dataset='activity', quantization=0.0, model='tPatchGNN', outlayer='Linear', hid_dim=64, te_dim=10, node_dim=10, gpu='0', npatch=167, device=device(type='cuda'), PID=1367919, pred_window=1000, ndim=12)
- Epoch 000, ExpID 67142
Train - Loss (one batch): 0.00673
Val - Loss, MSE, RMSE, MAE, MAPE: 0.00575, 0.00575, 0.07516, 0.05399, 255887.15%
Test - Best epoch, Loss, MSE, RMSE, MAE, MAPE: 0, 0.00541, 0.00541, 0.07297, 0.05250, 12.70%
Time spent: 13.82s
- Epoch 001, ExpID 67142
Train - Loss (one batch): 0.00281
Val - Loss, MSE, RMSE, MAE, MAPE: 0.00496, 0.00496, 0.06994, 0.05209, 241535.91%
Test - Best epoch, Loss, MSE, RMSE, MAE, MAPE: 1, 0.00475, 0.00475, 0.06861, 0.05119, 11.97%
Time spent: 12.72s
- Epoch 002, ExpID 67142
Train - Loss (one batch): 0.00314
Val - Loss, MSE, RMSE, MAE, MAPE: 0.00349, 0.00349, 0.05837, 0.03649, 223950.54%
Test - Best epoch, Loss, MSE, RMSE, MAE, MAPE: 2, 0.00329, 0.00329, 0.05681, 0.03557, 8.47%
Time spent: 12.61s
- Epoch 003, ExpID 67142
Train - Loss (one batch): 0.00363
Val - Loss, MSE, RMSE, MAE, MAPE: 0.00333, 0.00333, 0.05699, 0.03526, 216439.08%
Test - Best epoch, Loss, MSE, RMSE, MAE, MAPE: 3, 0.00316, 0.00316, 0.05569, 0.03458, 8.16%
Time spent: 12.82s
- Epoch 004, ExpID 67142
Train - Loss (one batch): 0.00258
Val - Loss, MSE, RMSE, MAE, MAPE: 0.00344, 0.00344, 0.05797, 0.03863, 228228.69%
Test - Best epoch, Loss, MSE, RMSE, MAE, MAPE: 3, 0.00316, 0.00316, 0.05569, 0.03458, 8.16%
Time spent: 11.20s
- Epoch 005, ExpID 67142
Train - Loss (one batch): 0.00364
Val - Loss, MSE, RMSE, MAE, MAPE: 0.00358, 0.00358, 0.05921, 0.04114, 231863.74%
Test - Best epoch, Loss, MSE, RMSE, MAE, MAPE: 3, 0.00316, 0.00316, 0.05569, 0.03458, 8.16%
Time spent: 11.27s
- Epoch 006, ExpID 67142
Train - Loss (one batch): 0.00347
Val - Loss, MSE, RMSE, MAE, MAPE: 0.00359, 0.00359, 0.05938, 0.04098, 223260.88%
Test - Best epoch, Loss, MSE, RMSE, MAE, MAPE: 3, 0.00316, 0.00316, 0.05569, 0.03458, 8.16%
Time spent: 11.23s
- Epoch 007, ExpID 67142
Train - Loss (one batch): 0.00292
Val - Loss, MSE, RMSE, MAE, MAPE: 0.00313, 0.00313, 0.05521, 0.03484, 219168.87%
Test - Best epoch, Loss, MSE, RMSE, MAE, MAPE: 7, 0.00301, 0.00301, 0.05444, 0.03446, 8.19%
Time spent: 12.68s
- Epoch 008, ExpID 67142
Train - Loss (one batch): 0.00314
Val - Loss, MSE, RMSE, MAE, MAPE: 0.00300, 0.00300, 0.05400, 0.03355, 222609.00%
Test - Best epoch, Loss, MSE, RMSE, MAE, MAPE: 8, 0.00288, 0.00288, 0.05312, 0.03302, 8.03%
Time spent: 12.72s
- Epoch 009, ExpID 67142
Train - Loss (one batch): 0.00305
Val - Loss, MSE, RMSE, MAE, MAPE: 0.00310, 0.00310, 0.05494, 0.03511, 224719.25%
Test - Best epoch, Loss, MSE, RMSE, MAE, MAPE: 8, 0.00288, 0.00288, 0.05312, 0.03302, 8.03%
Time spent: 11.41s
- Epoch 010, ExpID 67142
Train - Loss (one batch): 0.00267
Val - Loss, MSE, RMSE, MAE, MAPE: 0.00315, 0.00315, 0.05550, 0.03572, 220201.82%
Test - Best epoch, Loss, MSE, RMSE, MAE, MAPE: 8, 0.00288, 0.00288, 0.05312, 0.03302, 8.03%
Time spent: 11.50s
- Epoch 011, ExpID 67142
Train - Loss (one batch): 0.00291
Val - Loss, MSE, RMSE, MAE, MAPE: 0.00318, 0.00318, 0.05572, 0.03648, 220277.56%
Test - Best epoch, Loss, MSE, RMSE, MAE, MAPE: 8, 0.00288, 0.00288, 0.05312, 0.03302, 8.03%
Time spent: 11.33s
- Epoch 012, ExpID 67142
Train - Loss (one batch): 0.00259
Val - Loss, MSE, RMSE, MAE, MAPE: 0.00307, 0.00307, 0.05471, 0.03482, 221179.32%
Test - Best epoch, Loss, MSE, RMSE, MAE, MAPE: 8, 0.00288, 0.00288, 0.05312, 0.03302, 8.03%
Time spent: 11.34s
- Epoch 013, ExpID 67142
Train - Loss (one batch): 0.00313
Val - Loss, MSE, RMSE, MAE, MAPE: 0.00336, 0.00336, 0.05736, 0.03917, 229171.12%
Test - Best epoch, Loss, MSE, RMSE, MAE, MAPE: 8, 0.00288, 0.00288, 0.05312, 0.03302, 8.03%
Time spent: 11.35s
- Epoch 014, ExpID 67142
Train - Loss (one batch): 0.00266
Val - Loss, MSE, RMSE, MAE, MAPE: 0.00293, 0.00293, 0.05338, 0.03252, 216591.49%
Test - Best epoch, Loss, MSE, RMSE, MAE, MAPE: 14, 0.00283, 0.00283, 0.05274, 0.03225, 7.71%
Time spent: 12.69s
- Epoch 015, ExpID 67142
Train - Loss (one batch): 0.00315
Val - Loss, MSE, RMSE, MAE, MAPE: 0.00337, 0.00337, 0.05744, 0.03931, 225626.07%
Test - Best epoch, Loss, MSE, RMSE, MAE, MAPE: 14, 0.00283, 0.00283, 0.05274, 0.03225, 7.71%
Time spent: 11.44s
- Epoch 016, ExpID 67142
Train - Loss (one batch): 0.00213
Val - Loss, MSE, RMSE, MAE, MAPE: 0.00340, 0.00340, 0.05769, 0.03915, 219549.85%
Test - Best epoch, Loss, MSE, RMSE, MAE, MAPE: 14, 0.00283, 0.00283, 0.05274, 0.03225, 7.71%
Time spent: 11.26s
- Epoch 017, ExpID 67142
Train - Loss (one batch): 0.00235
Val - Loss, MSE, RMSE, MAE, MAPE: 0.00351, 0.00351, 0.05866, 0.04072, 223270.55%
Test - Best epoch, Loss, MSE, RMSE, MAE, MAPE: 14, 0.00283, 0.00283, 0.05274, 0.03225, 7.71%
Time spent: 11.49s
- Epoch 018, ExpID 67142
Train - Loss (one batch): 0.00236
Val - Loss, MSE, RMSE, MAE, MAPE: 0.00406, 0.00406, 0.06330, 0.04731, 228707.56%
Test - Best epoch, Loss, MSE, RMSE, MAE, MAPE: 14, 0.00283, 0.00283, 0.05274, 0.03225, 7.71%
Time spent: 11.23s
- Epoch 019, ExpID 67142
Train - Loss (one batch): 0.00250
Val - Loss, MSE, RMSE, MAE, MAPE: 0.00293, 0.00293, 0.05341, 0.03268, 211827.18%
Test - Best epoch, Loss, MSE, RMSE, MAE, MAPE: 14, 0.00283, 0.00283, 0.05274, 0.03225, 7.71%
Time spent: 11.23s
- Epoch 020, ExpID 67142
Train - Loss (one batch): 0.00286
Val - Loss, MSE, RMSE, MAE, MAPE: 0.00312, 0.00312, 0.05519, 0.03582, 220265.74%
Test - Best epoch, Loss, MSE, RMSE, MAE, MAPE: 14, 0.00283, 0.00283, 0.05274, 0.03225, 7.71%
Time spent: 11.31s
- Epoch 021, ExpID 67142
Train - Loss (one batch): 0.00316
Val - Loss, MSE, RMSE, MAE, MAPE: 0.00301, 0.00301, 0.05422, 0.03473, 213360.48%
Test - Best epoch, Loss, MSE, RMSE, MAE, MAPE: 14, 0.00283, 0.00283, 0.05274, 0.03225, 7.71%
Time spent: 11.40s
- Epoch 022, ExpID 67142
Train - Loss (one batch): 0.00372
Val - Loss, MSE, RMSE, MAE, MAPE: 0.00340, 0.00340, 0.05770, 0.03999, 225468.95%
Test - Best epoch, Loss, MSE, RMSE, MAE, MAPE: 14, 0.00283, 0.00283, 0.05274, 0.03225, 7.71%
Time spent: 11.53s
- Epoch 023, ExpID 67142
Train - Loss (one batch): 0.00336
Val - Loss, MSE, RMSE, MAE, MAPE: 0.00350, 0.00350, 0.05859, 0.04128, 226243.48%
Test - Best epoch, Loss, MSE, RMSE, MAE, MAPE: 14, 0.00283, 0.00283, 0.05274, 0.03225, 7.71%
Time spent: 11.46s
- Epoch 024, ExpID 67142
Train - Loss (one batch): 0.00237
Val - Loss, MSE, RMSE, MAE, MAPE: 0.00297, 0.00297, 0.05381, 0.03399, 224725.57%
Test - Best epoch, Loss, MSE, RMSE, MAE, MAPE: 14, 0.00283, 0.00283, 0.05274, 0.03225, 7.71%
Time spent: 11.16s
- Epoch 025, ExpID 67142
Train - Loss (one batch): 0.00245
Val - Loss, MSE, RMSE, MAE, MAPE: 0.00315, 0.00315, 0.05547, 0.03657, 218704.12%
Test - Best epoch, Loss, MSE, RMSE, MAE, MAPE: 14, 0.00283, 0.00283, 0.05274, 0.03225, 7.71%
Time spent: 11.40s
- Epoch 026, ExpID 67142
Train - Loss (one batch): 0.00270
Val - Loss, MSE, RMSE, MAE, MAPE: 0.00361, 0.00361, 0.05953, 0.04224, 228643.61%
Test - Best epoch, Loss, MSE, RMSE, MAE, MAPE: 14, 0.00283, 0.00283, 0.05274, 0.03225, 7.71%
Time spent: 11.39s
- Epoch 027, ExpID 67142
Train - Loss (one batch): 0.00309
Val - Loss, MSE, RMSE, MAE, MAPE: 0.00385, 0.00385, 0.06164, 0.04508, 227544.06%
Test - Best epoch, Loss, MSE, RMSE, MAE, MAPE: 14, 0.00283, 0.00283, 0.05274, 0.03225, 7.71%
Time spent: 11.32s
- Epoch 028, ExpID 67142
Train - Loss (one batch): 0.00249
Val - Loss, MSE, RMSE, MAE, MAPE: 0.00308, 0.00308, 0.05487, 0.03605, 225741.67%
Test - Best epoch, Loss, MSE, RMSE, MAE, MAPE: 14, 0.00283, 0.00283, 0.05274, 0.03225, 7.71%
Time spent: 11.22s
- Epoch 029, ExpID 67142
Train - Loss (one batch): 0.00258
Val - Loss, MSE, RMSE, MAE, MAPE: 0.00298, 0.00298, 0.05388, 0.03463, 223774.68%
Test - Best epoch, Loss, MSE, RMSE, MAE, MAPE: 14, 0.00283, 0.00283, 0.05274, 0.03225, 7.71%
Time spent: 11.31s
- Epoch 030, ExpID 67142
Train - Loss (one batch): 0.00279
Val - Loss, MSE, RMSE, MAE, MAPE: 0.00300, 0.00300, 0.05406, 0.03519, 226100.42%
Test - Best epoch, Loss, MSE, RMSE, MAE, MAPE: 14, 0.00283, 0.00283, 0.05274, 0.03225, 7.71%
Time spent: 11.39s
- Epoch 031, ExpID 67142
Train - Loss (one batch): 0.00272
Val - Loss, MSE, RMSE, MAE, MAPE: 0.00289, 0.00289, 0.05307, 0.03337, 220711.48%
Test - Best epoch, Loss, MSE, RMSE, MAE, MAPE: 31, 0.00282, 0.00282, 0.05262, 0.03329, 8.01%
Time spent: 12.71s
- Epoch 032, ExpID 67142
Train - Loss (one batch): 0.00223
Val - Loss, MSE, RMSE, MAE, MAPE: 0.00296, 0.00296, 0.05370, 0.03422, 219159.20%
Test - Best epoch, Loss, MSE, RMSE, MAE, MAPE: 31, 0.00282, 0.00282, 0.05262, 0.03329, 8.01%
Time spent: 11.49s
- Epoch 033, ExpID 67142
Train - Loss (one batch): 0.00205
Val - Loss, MSE, RMSE, MAE, MAPE: 0.00313, 0.00313, 0.05531, 0.03660, 222488.19%
Test - Best epoch, Loss, MSE, RMSE, MAE, MAPE: 31, 0.00282, 0.00282, 0.05262, 0.03329, 8.01%
Time spent: 11.27s
- Epoch 034, ExpID 67142
Train - Loss (one batch): 0.00224
Val - Loss, MSE, RMSE, MAE, MAPE: 0.00291, 0.00291, 0.05315, 0.03335, 222326.05%
Test - Best epoch, Loss, MSE, RMSE, MAE, MAPE: 31, 0.00282, 0.00282, 0.05262, 0.03329, 8.01%
Time spent: 11.37s
- Epoch 035, ExpID 67142
Train - Loss (one batch): 0.00287
Val - Loss, MSE, RMSE, MAE, MAPE: 0.00279, 0.00279, 0.05211, 0.03156, 213032.33%
Test - Best epoch, Loss, MSE, RMSE, MAE, MAPE: 35, 0.00272, 0.00272, 0.05168, 0.03149, 7.48%
Time spent: 12.73s
- Epoch 036, ExpID 67142
Train - Loss (one batch): 0.00234
Val - Loss, MSE, RMSE, MAE, MAPE: 0.00289, 0.00289, 0.05308, 0.03317, 214870.14%
Test - Best epoch, Loss, MSE, RMSE, MAE, MAPE: 35, 0.00272, 0.00272, 0.05168, 0.03149, 7.48%
Time spent: 11.41s
- Epoch 037, ExpID 67142
Train - Loss (one batch): 0.00246
Val - Loss, MSE, RMSE, MAE, MAPE: 0.00328, 0.00328, 0.05666, 0.03936, 232017.49%
Test - Best epoch, Loss, MSE, RMSE, MAE, MAPE: 35, 0.00272, 0.00272, 0.05168, 0.03149, 7.48%
Time spent: 11.43s
- Epoch 038, ExpID 67142
Train - Loss (one batch): 0.00266
Val - Loss, MSE, RMSE, MAE, MAPE: 0.00319, 0.00319, 0.05584, 0.03815, 225580.26%
Test - Best epoch, Loss, MSE, RMSE, MAE, MAPE: 35, 0.00272, 0.00272, 0.05168, 0.03149, 7.48%
Time spent: 11.46s
- Epoch 039, ExpID 67142
Train - Loss (one batch): 0.00295
Val - Loss, MSE, RMSE, MAE, MAPE: 0.00275, 0.00275, 0.05169, 0.03143, 217253.07%
Test - Best epoch, Loss, MSE, RMSE, MAE, MAPE: 39, 0.00269, 0.00269, 0.05134, 0.03149, 7.53%
Time spent: 12.72s
- Epoch 040, ExpID 67142
Train - Loss (one batch): 0.00233
Val - Loss, MSE, RMSE, MAE, MAPE: 0.00308, 0.00308, 0.05491, 0.03665, 222068.12%
Test - Best epoch, Loss, MSE, RMSE, MAE, MAPE: 39, 0.00269, 0.00269, 0.05134, 0.03149, 7.53%
Time spent: 11.48s
- Epoch 041, ExpID 67142
Train - Loss (one batch): 0.00266
Val - Loss, MSE, RMSE, MAE, MAPE: 0.00296, 0.00296, 0.05376, 0.03496, 222182.51%
Test - Best epoch, Loss, MSE, RMSE, MAE, MAPE: 39, 0.00269, 0.00269, 0.05134, 0.03149, 7.53%
Time spent: 11.22s
- Epoch 042, ExpID 67142
Train - Loss (one batch): 0.00300
Val - Loss, MSE, RMSE, MAE, MAPE: 0.00283, 0.00283, 0.05241, 0.03237, 217257.72%
Test - Best epoch, Loss, MSE, RMSE, MAE, MAPE: 39, 0.00269, 0.00269, 0.05134, 0.03149, 7.53%
Time spent: 11.46s
- Epoch 043, ExpID 67142
Train - Loss (one batch): 0.00303
Val - Loss, MSE, RMSE, MAE, MAPE: 0.00285, 0.00285, 0.05269, 0.03334, 223143.99%
Test - Best epoch, Loss, MSE, RMSE, MAE, MAPE: 39, 0.00269, 0.00269, 0.05134, 0.03149, 7.53%
Time spent: 11.50s
- Epoch 044, ExpID 67142
Train - Loss (one batch): 0.00351
Val - Loss, MSE, RMSE, MAE, MAPE: 0.00312, 0.00312, 0.05528, 0.03753, 220200.03%
Test - Best epoch, Loss, MSE, RMSE, MAE, MAPE: 39, 0.00269, 0.00269, 0.05134, 0.03149, 7.53%
Time spent: 11.32s
- Epoch 045, ExpID 67142
Train - Loss (one batch): 0.00295
Val - Loss, MSE, RMSE, MAE, MAPE: 0.00279, 0.00279, 0.05205, 0.03210, 211627.53%
Test - Best epoch, Loss, MSE, RMSE, MAE, MAPE: 39, 0.00269, 0.00269, 0.05134, 0.03149, 7.53%
Time spent: 11.48s
- Epoch 046, ExpID 67142
Train - Loss (one batch): 0.00267
Val - Loss, MSE, RMSE, MAE, MAPE: 0.00418, 0.00418, 0.06425, 0.04943, 234880.14%
Test - Best epoch, Loss, MSE, RMSE, MAE, MAPE: 39, 0.00269, 0.00269, 0.05134, 0.03149, 7.53%
Time spent: 11.29s
- Epoch 047, ExpID 67142
Train - Loss (one batch): 0.00260
Val - Loss, MSE, RMSE, MAE, MAPE: 0.00286, 0.00286, 0.05276, 0.03350, 218116.94%
Test - Best epoch, Loss, MSE, RMSE, MAE, MAPE: 39, 0.00269, 0.00269, 0.05134, 0.03149, 7.53%
Time spent: 11.33s
- Epoch 048, ExpID 67142
Train - Loss (one batch): 0.00236
Val - Loss, MSE, RMSE, MAE, MAPE: 0.00320, 0.00320, 0.05601, 0.03875, 227474.71%
Test - Best epoch, Loss, MSE, RMSE, MAE, MAPE: 39, 0.00269, 0.00269, 0.05134, 0.03149, 7.53%
Time spent: 11.26s
- Epoch 049, ExpID 67142
Train - Loss (one batch): 0.00225
Val - Loss, MSE, RMSE, MAE, MAPE: 0.00356, 0.00356, 0.05912, 0.04296, 231179.89%
Test - Best epoch, Loss, MSE, RMSE, MAE, MAPE: 39, 0.00269, 0.00269, 0.05134, 0.03149, 7.53%
Time spent: 11.34s
- Epoch 050, ExpID 67142
Train - Loss (one batch): 0.00229
Val - Loss, MSE, RMSE, MAE, MAPE: 0.00311, 0.00311, 0.05518, 0.03724, 216849.51%
Test - Best epoch, Loss, MSE, RMSE, MAE, MAPE: 39, 0.00269, 0.00269, 0.05134, 0.03149, 7.53%
Time spent: 11.43s
- Epoch 051, ExpID 67142
Train - Loss (one batch): 0.00254
Val - Loss, MSE, RMSE, MAE, MAPE: 0.00272, 0.00272, 0.05138, 0.03136, 209996.03%
Test - Best epoch, Loss, MSE, RMSE, MAE, MAPE: 51, 0.00266, 0.00266, 0.05108, 0.03138, 7.51%
Time spent: 12.72s
- Epoch 052, ExpID 67142
Train - Loss (one batch): 0.00237
Val - Loss, MSE, RMSE, MAE, MAPE: 0.00293, 0.00293, 0.05341, 0.03496, 220991.77%
Test - Best epoch, Loss, MSE, RMSE, MAE, MAPE: 51, 0.00266, 0.00266, 0.05108, 0.03138, 7.51%
Time spent: 11.35s
- Epoch 053, ExpID 67142
Train - Loss (one batch): 0.00282
Val - Loss, MSE, RMSE, MAE, MAPE: 0.00286, 0.00286, 0.05277, 0.03384, 219625.27%
Test - Best epoch, Loss, MSE, RMSE, MAE, MAPE: 51, 0.00266, 0.00266, 0.05108, 0.03138, 7.51%
Time spent: 11.28s
- Epoch 054, ExpID 67142
Train - Loss (one batch): 0.00345
Val - Loss, MSE, RMSE, MAE, MAPE: 0.00282, 0.00282, 0.05235, 0.03288, 215830.42%
Test - Best epoch, Loss, MSE, RMSE, MAE, MAPE: 51, 0.00266, 0.00266, 0.05108, 0.03138, 7.51%
Time spent: 11.38s
- Epoch 055, ExpID 67142
Train - Loss (one batch): 0.00232
Val - Loss, MSE, RMSE, MAE, MAPE: 0.00270, 0.00270, 0.05124, 0.03125, 210933.89%
Test - Best epoch, Loss, MSE, RMSE, MAE, MAPE: 55, 0.00264, 0.00264, 0.05092, 0.03140, 7.50%
Time spent: 12.69s
- Epoch 056, ExpID 67142
Train - Loss (one batch): 0.00208
Val - Loss, MSE, RMSE, MAE, MAPE: 0.00291, 0.00291, 0.05325, 0.03477, 216230.38%
Test - Best epoch, Loss, MSE, RMSE, MAE, MAPE: 55, 0.00264, 0.00264, 0.05092, 0.03140, 7.50%
Time spent: 11.28s
- Epoch 057, ExpID 67142
Train - Loss (one batch): 0.00243
Val - Loss, MSE, RMSE, MAE, MAPE: 0.00280, 0.00280, 0.05221, 0.03281, 209681.73%
Test - Best epoch, Loss, MSE, RMSE, MAE, MAPE: 55, 0.00264, 0.00264, 0.05092, 0.03140, 7.50%
Time spent: 11.44s
- Epoch 058, ExpID 67142
Train - Loss (one batch): 0.00305
Val - Loss, MSE, RMSE, MAE, MAPE: 0.00289, 0.00289, 0.05311, 0.03463, 215917.75%
Test - Best epoch, Loss, MSE, RMSE, MAE, MAPE: 55, 0.00264, 0.00264, 0.05092, 0.03140, 7.50%
Time spent: 11.33s
- Epoch 059, ExpID 67142
Train - Loss (one batch): 0.00248
Val - Loss, MSE, RMSE, MAE, MAPE: 0.00289, 0.00289, 0.05308, 0.03449, 216393.64%
Test - Best epoch, Loss, MSE, RMSE, MAE, MAPE: 55, 0.00264, 0.00264, 0.05092, 0.03140, 7.50%
Time spent: 11.44s
- Epoch 060, ExpID 67142
Train - Loss (one batch): 0.00304
Val - Loss, MSE, RMSE, MAE, MAPE: 0.00301, 0.00301, 0.05424, 0.03646, 224055.87%
Test - Best epoch, Loss, MSE, RMSE, MAE, MAPE: 55, 0.00264, 0.00264, 0.05092, 0.03140, 7.50%
Time spent: 11.33s
- Epoch 061, ExpID 67142
Train - Loss (one batch): 0.00258
Val - Loss, MSE, RMSE, MAE, MAPE: 0.00270, 0.00270, 0.05128, 0.03145, 212919.01%
Test - Best epoch, Loss, MSE, RMSE, MAE, MAPE: 55, 0.00264, 0.00264, 0.05092, 0.03140, 7.50%
Time spent: 11.43s
- Epoch 062, ExpID 67142
Train - Loss (one batch): 0.00218
Val - Loss, MSE, RMSE, MAE, MAPE: 0.00299, 0.00299, 0.05403, 0.03590, 219082.25%
Test - Best epoch, Loss, MSE, RMSE, MAE, MAPE: 55, 0.00264, 0.00264, 0.05092, 0.03140, 7.50%
Time spent: 11.50s
- Epoch 063, ExpID 67142
Train - Loss (one batch): 0.00245
Val - Loss, MSE, RMSE, MAE, MAPE: 0.00292, 0.00292, 0.05334, 0.03497, 219048.98%
Test - Best epoch, Loss, MSE, RMSE, MAE, MAPE: 55, 0.00264, 0.00264, 0.05092, 0.03140, 7.50%
Time spent: 11.32s
- Epoch 064, ExpID 67142
Train - Loss (one batch): 0.00259
Val - Loss, MSE, RMSE, MAE, MAPE: 0.00278, 0.00278, 0.05205, 0.03317, 219637.78%
Test - Best epoch, Loss, MSE, RMSE, MAE, MAPE: 55, 0.00264, 0.00264, 0.05092, 0.03140, 7.50%
Time spent: 11.40s
- Epoch 065, ExpID 67142
Train - Loss (one batch): 0.00222
Val - Loss, MSE, RMSE, MAE, MAPE: 0.00284, 0.00284, 0.05256, 0.03340, 214282.62%
Test - Best epoch, Loss, MSE, RMSE, MAE, MAPE: 55, 0.00264, 0.00264, 0.05092, 0.03140, 7.50%
Time spent: 11.30s
- Epoch 066, ExpID 67142
Train - Loss (one batch): 0.00221
Val - Loss, MSE, RMSE, MAE, MAPE: 0.00268, 0.00268, 0.05105, 0.03147, 211283.02%
Test - Best epoch, Loss, MSE, RMSE, MAE, MAPE: 66, 0.00263, 0.00263, 0.05074, 0.03144, 7.57%
Time spent: 12.70s
- Epoch 067, ExpID 67142
Train - Loss (one batch): 0.00281
Val - Loss, MSE, RMSE, MAE, MAPE: 0.00295, 0.00295, 0.05371, 0.03570, 220364.20%
Test - Best epoch, Loss, MSE, RMSE, MAE, MAPE: 66, 0.00263, 0.00263, 0.05074, 0.03144, 7.57%
Time spent: 11.25s
- Epoch 068, ExpID 67142
Train - Loss (one batch): 0.00234
Val - Loss, MSE, RMSE, MAE, MAPE: 0.00270, 0.00270, 0.05127, 0.03148, 211369.17%
Test - Best epoch, Loss, MSE, RMSE, MAE, MAPE: 66, 0.00263, 0.00263, 0.05074, 0.03144, 7.57%
Time spent: 11.24s
- Epoch 069, ExpID 67142
Train - Loss (one batch): 0.00293
Val - Loss, MSE, RMSE, MAE, MAPE: 0.00283, 0.00283, 0.05251, 0.03346, 217973.90%
Test - Best epoch, Loss, MSE, RMSE, MAE, MAPE: 66, 0.00263, 0.00263, 0.05074, 0.03144, 7.57%
Time spent: 11.43s
- Epoch 070, ExpID 67142
Train - Loss (one batch): 0.00237
Val - Loss, MSE, RMSE, MAE, MAPE: 0.00312, 0.00312, 0.05530, 0.03797, 225217.00%
Test - Best epoch, Loss, MSE, RMSE, MAE, MAPE: 66, 0.00263, 0.00263, 0.05074, 0.03144, 7.57%
Time spent: 11.28s
- Epoch 071, ExpID 67142
Train - Loss (one batch): 0.00274
Val - Loss, MSE, RMSE, MAE, MAPE: 0.00303, 0.00303, 0.05435, 0.03665, 225510.04%
Test - Best epoch, Loss, MSE, RMSE, MAE, MAPE: 66, 0.00263, 0.00263, 0.05074, 0.03144, 7.57%
Time spent: 11.24s
- Epoch 072, ExpID 67142
Train - Loss (one batch): 0.00226
Val - Loss, MSE, RMSE, MAE, MAPE: 0.00300, 0.00300, 0.05415, 0.03606, 223857.29%
Test - Best epoch, Loss, MSE, RMSE, MAE, MAPE: 66, 0.00263, 0.00263, 0.05074, 0.03144, 7.57%
Time spent: 11.44s
- Epoch 073, ExpID 67142
Train - Loss (one batch): 0.00262
Val - Loss, MSE, RMSE, MAE, MAPE: 0.00309, 0.00309, 0.05505, 0.03789, 227876.55%
Test - Best epoch, Loss, MSE, RMSE, MAE, MAPE: 66, 0.00263, 0.00263, 0.05074, 0.03144, 7.57%
Time spent: 11.46s
- Epoch 074, ExpID 67142
Train - Loss (one batch): 0.00212
Val - Loss, MSE, RMSE, MAE, MAPE: 0.00283, 0.00283, 0.05250, 0.03362, 212852.40%
Test - Best epoch, Loss, MSE, RMSE, MAE, MAPE: 66, 0.00263, 0.00263, 0.05074, 0.03144, 7.57%
Time spent: 11.45s
- Epoch 075, ExpID 67142
Train - Loss (one batch): 0.00205
Val - Loss, MSE, RMSE, MAE, MAPE: 0.00274, 0.00274, 0.05163, 0.03179, 207771.78%
Test - Best epoch, Loss, MSE, RMSE, MAE, MAPE: 66, 0.00263, 0.00263, 0.05074, 0.03144, 7.57%
Time spent: 11.28s
- Epoch 076, ExpID 67142
Train - Loss (one batch): 0.00240
Val - Loss, MSE, RMSE, MAE, MAPE: 0.00300, 0.00300, 0.05420, 0.03643, 225050.04%
Test - Best epoch, Loss, MSE, RMSE, MAE, MAPE: 66, 0.00263, 0.00263, 0.05074, 0.03144, 7.57%
Time spent: 11.34s
- Epoch 077, ExpID 67142
Train - Loss (one batch): 0.00231
Val - Loss, MSE, RMSE, MAE, MAPE: 0.00306, 0.00306, 0.05476, 0.03707, 223786.59%
Test - Best epoch, Loss, MSE, RMSE, MAE, MAPE: 66, 0.00263, 0.00263, 0.05074, 0.03144, 7.57%
Time spent: 11.42s
- Epoch 078, ExpID 67142
Train - Loss (one batch): 0.00275
Val - Loss, MSE, RMSE, MAE, MAPE: 0.00296, 0.00296, 0.05376, 0.03548, 227529.44%
Test - Best epoch, Loss, MSE, RMSE, MAE, MAPE: 66, 0.00263, 0.00263, 0.05074, 0.03144, 7.57%
Time spent: 11.38s
- Epoch 079, ExpID 67142
Train - Loss (one batch): 0.00211
Val - Loss, MSE, RMSE, MAE, MAPE: 0.00275, 0.00275, 0.05173, 0.03253, 221521.98%
Test - Best epoch, Loss, MSE, RMSE, MAE, MAPE: 66, 0.00263, 0.00263, 0.05074, 0.03144, 7.57%
Time spent: 11.29s
- Epoch 080, ExpID 67142
Train - Loss (one batch): 0.00268
Val - Loss, MSE, RMSE, MAE, MAPE: 0.00329, 0.00329, 0.05681, 0.03981, 230001.86%
Test - Best epoch, Loss, MSE, RMSE, MAE, MAPE: 66, 0.00263, 0.00263, 0.05074, 0.03144, 7.57%
Time spent: 11.35s
- Epoch 081, ExpID 67142
Train - Loss (one batch): 0.00232
Val - Loss, MSE, RMSE, MAE, MAPE: 0.00289, 0.00289, 0.05308, 0.03446, 221456.45%
Test - Best epoch, Loss, MSE, RMSE, MAE, MAPE: 66, 0.00263, 0.00263, 0.05074, 0.03144, 7.57%
Time spent: 11.34s
- Epoch 082, ExpID 67142
Train - Loss (one batch): 0.00210
Val - Loss, MSE, RMSE, MAE, MAPE: 0.00269, 0.00269, 0.05109, 0.03160, 213868.75%
Test - Best epoch, Loss, MSE, RMSE, MAE, MAPE: 66, 0.00263, 0.00263, 0.05074, 0.03144, 7.57%
Time spent: 11.51s
- Epoch 083, ExpID 67142
Train - Loss (one batch): 0.00221
Val - Loss, MSE, RMSE, MAE, MAPE: 0.00305, 0.00305, 0.05461, 0.03700, 226121.82%
Test - Best epoch, Loss, MSE, RMSE, MAE, MAPE: 66, 0.00263, 0.00263, 0.05074, 0.03144, 7.57%
Time spent: 11.31s
- Epoch 084, ExpID 67142
Train - Loss (one batch): 0.00206
Val - Loss, MSE, RMSE, MAE, MAPE: 0.00291, 0.00291, 0.05336, 0.03536, 222893.22%
Test - Best epoch, Loss, MSE, RMSE, MAE, MAPE: 66, 0.00263, 0.00263, 0.05074, 0.03144, 7.57%
Time spent: 11.30s
- Epoch 085, ExpID 67142
Train - Loss (one batch): 0.00197
Val - Loss, MSE, RMSE, MAE, MAPE: 0.00298, 0.00298, 0.05403, 0.03623, 226829.48%
Test - Best epoch, Loss, MSE, RMSE, MAE, MAPE: 66, 0.00263, 0.00263, 0.05074, 0.03144, 7.57%
Time spent: 11.34s
- Epoch 086, ExpID 67142
Train - Loss (one batch): 0.00173
Val - Loss, MSE, RMSE, MAE, MAPE: 0.00269, 0.00269, 0.05120, 0.03159, 215021.90%
Test - Best epoch, Loss, MSE, RMSE, MAE, MAPE: 66, 0.00263, 0.00263, 0.05074, 0.03144, 7.57%
Time spent: 11.30s
- Epoch 087, ExpID 67142
Train - Loss (one batch): 0.00269
Val - Loss, MSE, RMSE, MAE, MAPE: 0.00285, 0.00285, 0.05266, 0.03349, 225935.32%
Test - Best epoch, Loss, MSE, RMSE, MAE, MAPE: 66, 0.00263, 0.00263, 0.05074, 0.03144, 7.57%
Time spent: 11.40s
- Epoch 088, ExpID 67142
Train - Loss (one batch): 0.00231
Val - Loss, MSE, RMSE, MAE, MAPE: 0.00285, 0.00285, 0.05272, 0.03404, 224911.50%
Test - Best epoch, Loss, MSE, RMSE, MAE, MAPE: 66, 0.00263, 0.00263, 0.05074, 0.03144, 7.57%
Time spent: 11.44s
- Epoch 089, ExpID 67142
Train - Loss (one batch): 0.00234
Val - Loss, MSE, RMSE, MAE, MAPE: 0.00268, 0.00268, 0.05104, 0.03104, 223658.89%
Test - Best epoch, Loss, MSE, RMSE, MAE, MAPE: 66, 0.00263, 0.00263, 0.05074, 0.03144, 7.57%
Time spent: 11.33s
- Epoch 090, ExpID 67142
Train - Loss (one batch): 0.00263
Val - Loss, MSE, RMSE, MAE, MAPE: 0.00284, 0.00284, 0.05262, 0.03425, 225428.97%
Test - Best epoch, Loss, MSE, RMSE, MAE, MAPE: 66, 0.00263, 0.00263, 0.05074, 0.03144, 7.57%
Time spent: 11.71s
- Epoch 091, ExpID 67142
Train - Loss (one batch): 0.00306
Val - Loss, MSE, RMSE, MAE, MAPE: 0.00287, 0.00287, 0.05285, 0.03394, 227796.08%
Test - Best epoch, Loss, MSE, RMSE, MAE, MAPE: 66, 0.00263, 0.00263, 0.05074, 0.03144, 7.57%
Time spent: 11.36s
- Epoch 092, ExpID 67142
Train - Loss (one batch): 0.00245
Val - Loss, MSE, RMSE, MAE, MAPE: 0.00286, 0.00286, 0.05278, 0.03409, 232611.35%
Test - Best epoch, Loss, MSE, RMSE, MAE, MAPE: 66, 0.00263, 0.00263, 0.05074, 0.03144, 7.57%
Time spent: 11.51s
- Epoch 093, ExpID 67142
Train - Loss (one batch): 0.00179
Val - Loss, MSE, RMSE, MAE, MAPE: 0.00272, 0.00272, 0.05143, 0.03196, 224930.38%
Test - Best epoch, Loss, MSE, RMSE, MAE, MAPE: 66, 0.00263, 0.00263, 0.05074, 0.03144, 7.57%
Time spent: 11.33s
- Epoch 094, ExpID 67142
Train - Loss (one batch): 0.00236
Val - Loss, MSE, RMSE, MAE, MAPE: 0.00281, 0.00281, 0.05232, 0.03363, 226533.89%
Test - Best epoch, Loss, MSE, RMSE, MAE, MAPE: 66, 0.00263, 0.00263, 0.05074, 0.03144, 7.57%
Time spent: 11.42s
- Epoch 095, ExpID 67142
Train - Loss (one batch): 0.00220
Val - Loss, MSE, RMSE, MAE, MAPE: 0.00279, 0.00279, 0.05214, 0.03354, 228461.04%
Test - Best epoch, Loss, MSE, RMSE, MAE, MAPE: 66, 0.00263, 0.00263, 0.05074, 0.03144, 7.57%
Time spent: 11.29s
- Epoch 096, ExpID 67142
Train - Loss (one batch): 0.00177
Val - Loss, MSE, RMSE, MAE, MAPE: 0.00276, 0.00276, 0.05180, 0.03309, 226835.44%
Test - Best epoch, Loss, MSE, RMSE, MAE, MAPE: 66, 0.00263, 0.00263, 0.05074, 0.03144, 7.57%
Time spent: 11.27s
- Epoch 097, ExpID 67142
Train - Loss (one batch): 0.00198
Val - Loss, MSE, RMSE, MAE, MAPE: 0.00271, 0.00271, 0.05129, 0.03146, 213961.71%
Test - Best epoch, Loss, MSE, RMSE, MAE, MAPE: 66, 0.00263, 0.00263, 0.05074, 0.03144, 7.57%
Time spent: 11.37s
- Epoch 098, ExpID 67142
Train - Loss (one batch): 0.00202
Val - Loss, MSE, RMSE, MAE, MAPE: 0.00268, 0.00268, 0.05106, 0.03154, 227177.95%
Test - Best epoch, Loss, MSE, RMSE, MAE, MAPE: 66, 0.00263, 0.00263, 0.05074, 0.03144, 7.57%
Time spent: 11.39s
- Epoch 099, ExpID 67142
Train - Loss (one batch): 0.00248
Val - Loss, MSE, RMSE, MAE, MAPE: 0.00269, 0.00269, 0.05107, 0.03146, 220754.79%
Test - Best epoch, Loss, MSE, RMSE, MAE, MAPE: 66, 0.00263, 0.00263, 0.05074, 0.03144, 7.57%
Time spent: 11.24s
- Epoch 100, ExpID 67142
Train - Loss (one batch): 0.00187
Val - Loss, MSE, RMSE, MAE, MAPE: 0.00300, 0.00300, 0.05417, 0.03588, 224634.61%
Test - Best epoch, Loss, MSE, RMSE, MAE, MAPE: 66, 0.00263, 0.00263, 0.05074, 0.03144, 7.57%
Time spent: 11.28s
- Epoch 101, ExpID 67142
Train - Loss (one batch): 0.00204
Val - Loss, MSE, RMSE, MAE, MAPE: 0.00273, 0.00273, 0.05144, 0.03151, 223863.90%
Test - Best epoch, Loss, MSE, RMSE, MAE, MAPE: 66, 0.00263, 0.00263, 0.05074, 0.03144, 7.57%
Time spent: 11.27s
- Epoch 102, ExpID 67142
Train - Loss (one batch): 0.00269
Val - Loss, MSE, RMSE, MAE, MAPE: 0.00275, 0.00275, 0.05169, 0.03209, 219251.09%
Test - Best epoch, Loss, MSE, RMSE, MAE, MAPE: 66, 0.00263, 0.00263, 0.05074, 0.03144, 7.57%
Time spent: 11.27s
- Epoch 103, ExpID 67142
Train - Loss (one batch): 0.00251
Val - Loss, MSE, RMSE, MAE, MAPE: 0.00267, 0.00267, 0.05093, 0.03123, 226331.89%
Test - Best epoch, Loss, MSE, RMSE, MAE, MAPE: 103, 0.00264, 0.00264, 0.05083, 0.03149, 7.61%
Time spent: 12.84s
- Epoch 104, ExpID 67142
Train - Loss (one batch): 0.00329
Val - Loss, MSE, RMSE, MAE, MAPE: 0.00274, 0.00274, 0.05161, 0.03224, 220500.54%
Test - Best epoch, Loss, MSE, RMSE, MAE, MAPE: 103, 0.00264, 0.00264, 0.05083, 0.03149, 7.61%
Time spent: 11.40s
- Epoch 105, ExpID 67142
Train - Loss (one batch): 0.00197
Val - Loss, MSE, RMSE, MAE, MAPE: 0.00277, 0.00277, 0.05187, 0.03264, 226942.30%
Test - Best epoch, Loss, MSE, RMSE, MAE, MAPE: 103, 0.00264, 0.00264, 0.05083, 0.03149, 7.61%
Time spent: 11.47s
- Epoch 106, ExpID 67142
Train - Loss (one batch): 0.00228
Val - Loss, MSE, RMSE, MAE, MAPE: 0.00276, 0.00276, 0.05176, 0.03198, 213208.44%
Test - Best epoch, Loss, MSE, RMSE, MAE, MAPE: 103, 0.00264, 0.00264, 0.05083, 0.03149, 7.61%
Time spent: 11.34s
- Epoch 107, ExpID 67142
Train - Loss (one batch): 0.00227
Val - Loss, MSE, RMSE, MAE, MAPE: 0.00266, 0.00266, 0.05078, 0.03085, 221728.61%
Test - Best epoch, Loss, MSE, RMSE, MAE, MAPE: 107, 0.00260, 0.00260, 0.05048, 0.03100, 7.39%
Time spent: 12.95s
- Epoch 108, ExpID 67142
Train - Loss (one batch): 0.00252
Val - Loss, MSE, RMSE, MAE, MAPE: 0.00318, 0.00318, 0.05582, 0.03900, 230971.01%
Test - Best epoch, Loss, MSE, RMSE, MAE, MAPE: 107, 0.00260, 0.00260, 0.05048, 0.03100, 7.39%
Time spent: 11.25s
- Epoch 109, ExpID 67142
Train - Loss (one batch): 0.00181
Val - Loss, MSE, RMSE, MAE, MAPE: 0.00274, 0.00274, 0.05164, 0.03213, 214210.32%
Test - Best epoch, Loss, MSE, RMSE, MAE, MAPE: 107, 0.00260, 0.00260, 0.05048, 0.03100, 7.39%
Time spent: 11.32s
- Epoch 110, ExpID 67142
Train - Loss (one batch): 0.00225
Val - Loss, MSE, RMSE, MAE, MAPE: 0.00279, 0.00279, 0.05206, 0.03268, 226572.17%
Test - Best epoch, Loss, MSE, RMSE, MAE, MAPE: 107, 0.00260, 0.00260, 0.05048, 0.03100, 7.39%
Time spent: 11.24s
- Epoch 111, ExpID 67142
Train - Loss (one batch): 0.00300
Val - Loss, MSE, RMSE, MAE, MAPE: 0.00294, 0.00294, 0.05356, 0.03564, 229144.32%
Test - Best epoch, Loss, MSE, RMSE, MAE, MAPE: 107, 0.00260, 0.00260, 0.05048, 0.03100, 7.39%
Time spent: 11.28s
- Epoch 112, ExpID 67142
Train - Loss (one batch): 0.00211
Val - Loss, MSE, RMSE, MAE, MAPE: 0.00280, 0.00280, 0.05223, 0.03337, 223611.69%
Test - Best epoch, Loss, MSE, RMSE, MAE, MAPE: 107, 0.00260, 0.00260, 0.05048, 0.03100, 7.39%
Time spent: 11.29s
- Epoch 113, ExpID 67142
Train - Loss (one batch): 0.00294
Val - Loss, MSE, RMSE, MAE, MAPE: 0.00271, 0.00271, 0.05130, 0.03138, 218235.28%
Test - Best epoch, Loss, MSE, RMSE, MAE, MAPE: 107, 0.00260, 0.00260, 0.05048, 0.03100, 7.39%
Time spent: 11.28s
- Epoch 114, ExpID 67142
Train - Loss (one batch): 0.00244
Val - Loss, MSE, RMSE, MAE, MAPE: 0.00287, 0.00287, 0.05284, 0.03415, 228718.18%
Test - Best epoch, Loss, MSE, RMSE, MAE, MAPE: 107, 0.00260, 0.00260, 0.05048, 0.03100, 7.39%
Time spent: 11.30s
- Epoch 115, ExpID 67142
Train - Loss (one batch): 0.00223
Val - Loss, MSE, RMSE, MAE, MAPE: 0.00270, 0.00270, 0.05118, 0.03139, 229747.53%
Test - Best epoch, Loss, MSE, RMSE, MAE, MAPE: 107, 0.00260, 0.00260, 0.05048, 0.03100, 7.39%
Time spent: 11.27s
- Epoch 116, ExpID 67142
Train - Loss (one batch): 0.00167
Val - Loss, MSE, RMSE, MAE, MAPE: 0.00271, 0.00271, 0.05129, 0.03180, 230509.11%
Test - Best epoch, Loss, MSE, RMSE, MAE, MAPE: 107, 0.00260, 0.00260, 0.05048, 0.03100, 7.39%
Time spent: 11.40s
- Epoch 117, ExpID 67142
Train - Loss (one batch): 0.00245
Val - Loss, MSE, RMSE, MAE, MAPE: 0.00295, 0.00295, 0.05366, 0.03524, 224623.85%
Test - Best epoch, Loss, MSE, RMSE, MAE, MAPE: 107, 0.00260, 0.00260, 0.05048, 0.03100, 7.39%
Time spent: 11.52s
- Epoch 118, ExpID 67142
Train - Loss (one batch): 0.00211
Val - Loss, MSE, RMSE, MAE, MAPE: 0.00268, 0.00268, 0.05104, 0.03147, 225519.36%
Test - Best epoch, Loss, MSE, RMSE, MAE, MAPE: 107, 0.00260, 0.00260, 0.05048, 0.03100, 7.39%
Time spent: 11.35s
- Epoch 119, ExpID 67142
Train - Loss (one batch): 0.00254
Val - Loss, MSE, RMSE, MAE, MAPE: 0.00287, 0.00287, 0.05279, 0.03390, 233435.20%
Test - Best epoch, Loss, MSE, RMSE, MAE, MAPE: 107, 0.00260, 0.00260, 0.05048, 0.03100, 7.39%
Time spent: 11.43s
- Epoch 120, ExpID 67142
Train - Loss (one batch): 0.00198
Val - Loss, MSE, RMSE, MAE, MAPE: 0.00271, 0.00271, 0.05123, 0.03168, 226378.77%
Test - Best epoch, Loss, MSE, RMSE, MAE, MAPE: 107, 0.00260, 0.00260, 0.05048, 0.03100, 7.39%
Time spent: 11.57s
- Epoch 121, ExpID 67142
Train - Loss (one batch): 0.00188
Val - Loss, MSE, RMSE, MAE, MAPE: 0.00279, 0.00279, 0.05207, 0.03313, 219701.11%
Test - Best epoch, Loss, MSE, RMSE, MAE, MAPE: 107, 0.00260, 0.00260, 0.05048, 0.03100, 7.39%
Time spent: 11.38s
- Epoch 122, ExpID 67142
Train - Loss (one batch): 0.00225
Val - Loss, MSE, RMSE, MAE, MAPE: 0.00276, 0.00276, 0.05177, 0.03230, 230962.63%
Test - Best epoch, Loss, MSE, RMSE, MAE, MAPE: 107, 0.00260, 0.00260, 0.05048, 0.03100, 7.39%
Time spent: 11.23s
- Epoch 123, ExpID 67142
Train - Loss (one batch): 0.00209
Val - Loss, MSE, RMSE, MAE, MAPE: 0.00290, 0.00290, 0.05322, 0.03492, 228304.78%
Test - Best epoch, Loss, MSE, RMSE, MAE, MAPE: 107, 0.00260, 0.00260, 0.05048, 0.03100, 7.39%
Time spent: 11.30s
- Epoch 124, ExpID 67142
Train - Loss (one batch): 0.00160
Val - Loss, MSE, RMSE, MAE, MAPE: 0.00283, 0.00283, 0.05248, 0.03360, 229045.17%
Test - Best epoch, Loss, MSE, RMSE, MAE, MAPE: 107, 0.00260, 0.00260, 0.05048, 0.03100, 7.39%
Time spent: 11.43s
- Epoch 125, ExpID 67142
Train - Loss (one batch): 0.00212
Val - Loss, MSE, RMSE, MAE, MAPE: 0.00273, 0.00273, 0.05144, 0.03194, 224727.77%
Test - Best epoch, Loss, MSE, RMSE, MAE, MAPE: 107, 0.00260, 0.00260, 0.05048, 0.03100, 7.39%
Time spent: 11.39s
- Epoch 126, ExpID 67142
Train - Loss (one batch): 0.00275
Val - Loss, MSE, RMSE, MAE, MAPE: 0.00304, 0.00304, 0.05452, 0.03668, 221363.25%
Test - Best epoch, Loss, MSE, RMSE, MAE, MAPE: 107, 0.00260, 0.00260, 0.05048, 0.03100, 7.39%
Time spent: 11.24s
- Epoch 127, ExpID 67142
Train - Loss (one batch): 0.00162
Val - Loss, MSE, RMSE, MAE, MAPE: 0.00282, 0.00282, 0.05228, 0.03295, 228390.38%
Test - Best epoch, Loss, MSE, RMSE, MAE, MAPE: 107, 0.00260, 0.00260, 0.05048, 0.03100, 7.39%
Time spent: 11.46s
- Epoch 128, ExpID 67142
Train - Loss (one batch): 0.00197
Val - Loss, MSE, RMSE, MAE, MAPE: 0.00275, 0.00275, 0.05170, 0.03246, 219710.86%
Test - Best epoch, Loss, MSE, RMSE, MAE, MAPE: 107, 0.00260, 0.00260, 0.05048, 0.03100, 7.39%
Time spent: 11.27s
- Epoch 129, ExpID 67142
Train - Loss (one batch): 0.00199
Val - Loss, MSE, RMSE, MAE, MAPE: 0.00272, 0.00272, 0.05130, 0.03125, 223441.96%
Test - Best epoch, Loss, MSE, RMSE, MAE, MAPE: 107, 0.00260, 0.00260, 0.05048, 0.03100, 7.39%
Time spent: 11.35s
- Epoch 130, ExpID 67142
Train - Loss (one batch): 0.00158
Val - Loss, MSE, RMSE, MAE, MAPE: 0.00295, 0.00295, 0.05366, 0.03577, 235227.25%
Test - Best epoch, Loss, MSE, RMSE, MAE, MAPE: 107, 0.00260, 0.00260, 0.05048, 0.03100, 7.39%
Time spent: 11.46s
- Epoch 131, ExpID 67142
Train - Loss (one batch): 0.00245
Val - Loss, MSE, RMSE, MAE, MAPE: 0.00295, 0.00295, 0.05369, 0.03547, 226663.96%
Test - Best epoch, Loss, MSE, RMSE, MAE, MAPE: 107, 0.00260, 0.00260, 0.05048, 0.03100, 7.39%
Time spent: 11.29s
- Epoch 132, ExpID 67142
Train - Loss (one batch): 0.00253
Val - Loss, MSE, RMSE, MAE, MAPE: 0.00268, 0.00268, 0.05103, 0.03120, 230060.71%
Test - Best epoch, Loss, MSE, RMSE, MAE, MAPE: 107, 0.00260, 0.00260, 0.05048, 0.03100, 7.39%
Time spent: 11.47s
- Epoch 133, ExpID 67142
Train - Loss (one batch): 0.00201
Val - Loss, MSE, RMSE, MAE, MAPE: 0.00274, 0.00274, 0.05152, 0.03174, 224127.90%
Test - Best epoch, Loss, MSE, RMSE, MAE, MAPE: 107, 0.00260, 0.00260, 0.05048, 0.03100, 7.39%
Time spent: 11.28s
- Epoch 134, ExpID 67142
Train - Loss (one batch): 0.00220
Val - Loss, MSE, RMSE, MAE, MAPE: 0.00293, 0.00293, 0.05334, 0.03441, 235859.06%
Test - Best epoch, Loss, MSE, RMSE, MAE, MAPE: 107, 0.00260, 0.00260, 0.05048, 0.03100, 7.39%
Time spent: 11.29s
- Epoch 135, ExpID 67142
Train - Loss (one batch): 0.00196
Val - Loss, MSE, RMSE, MAE, MAPE: 0.00276, 0.00276, 0.05166, 0.03166, 221551.75%
Test - Best epoch, Loss, MSE, RMSE, MAE, MAPE: 107, 0.00260, 0.00260, 0.05048, 0.03100, 7.39%
Time spent: 11.28s
- Epoch 136, ExpID 67142
Train - Loss (one batch): 0.00222
Val - Loss, MSE, RMSE, MAE, MAPE: 0.00279, 0.00279, 0.05200, 0.03216, 227310.56%
Test - Best epoch, Loss, MSE, RMSE, MAE, MAPE: 107, 0.00260, 0.00260, 0.05048, 0.03100, 7.39%
Time spent: 11.28s
- Epoch 137, ExpID 67142
Train - Loss (one batch): 0.00223
Val - Loss, MSE, RMSE, MAE, MAPE: 0.00273, 0.00273, 0.05137, 0.03143, 220117.69%
Test - Best epoch, Loss, MSE, RMSE, MAE, MAPE: 107, 0.00260, 0.00260, 0.05048, 0.03100, 7.39%
Time spent: 11.30s
- Epoch 138, ExpID 67142
Train - Loss (one batch): 0.00268
Val - Loss, MSE, RMSE, MAE, MAPE: 0.00304, 0.00304, 0.05455, 0.03688, 226137.87%
Test - Best epoch, Loss, MSE, RMSE, MAE, MAPE: 107, 0.00260, 0.00260, 0.05048, 0.03100, 7.39%
Time spent: 11.37s
- Epoch 139, ExpID 67142
Train - Loss (one batch): 0.00198
Val - Loss, MSE, RMSE, MAE, MAPE: 0.00274, 0.00274, 0.05156, 0.03186, 221357.59%
Test - Best epoch, Loss, MSE, RMSE, MAE, MAPE: 107, 0.00260, 0.00260, 0.05048, 0.03100, 7.39%
Time spent: 11.42s
- Epoch 140, ExpID 67142
Train - Loss (one batch): 0.00202
Val - Loss, MSE, RMSE, MAE, MAPE: 0.00276, 0.00276, 0.05171, 0.03194, 225442.41%
Test - Best epoch, Loss, MSE, RMSE, MAE, MAPE: 107, 0.00260, 0.00260, 0.05048, 0.03100, 7.39%
Time spent: 11.35s
- Epoch 141, ExpID 67142
Train - Loss (one batch): 0.00218
Val - Loss, MSE, RMSE, MAE, MAPE: 0.00285, 0.00285, 0.05261, 0.03359, 219597.51%
Test - Best epoch, Loss, MSE, RMSE, MAE, MAPE: 107, 0.00260, 0.00260, 0.05048, 0.03100, 7.39%
Time spent: 11.31s
- Epoch 142, ExpID 67142
Train - Loss (one batch): 0.00184
Val - Loss, MSE, RMSE, MAE, MAPE: 0.00277, 0.00277, 0.05192, 0.03237, 220356.66%
Test - Best epoch, Loss, MSE, RMSE, MAE, MAPE: 107, 0.00260, 0.00260, 0.05048, 0.03100, 7.39%
Time spent: 11.40s
- Epoch 143, ExpID 67142
Train - Loss (one batch): 0.00237
Val - Loss, MSE, RMSE, MAE, MAPE: 0.00291, 0.00291, 0.05326, 0.03460, 225311.34%
Test - Best epoch, Loss, MSE, RMSE, MAE, MAPE: 107, 0.00260, 0.00260, 0.05048, 0.03100, 7.39%
Time spent: 11.28s
- Epoch 144, ExpID 67142
Train - Loss (one batch): 0.00190
Val - Loss, MSE, RMSE, MAE, MAPE: 0.00273, 0.00273, 0.05149, 0.03190, 223779.00%
Test - Best epoch, Loss, MSE, RMSE, MAE, MAPE: 107, 0.00260, 0.00260, 0.05048, 0.03100, 7.39%
Time spent: 11.25s
- Epoch 145, ExpID 67142
Train - Loss (one batch): 0.00190
Val - Loss, MSE, RMSE, MAE, MAPE: 0.00284, 0.00284, 0.05252, 0.03327, 219943.82%
Test - Best epoch, Loss, MSE, RMSE, MAE, MAPE: 107, 0.00260, 0.00260, 0.05048, 0.03100, 7.39%
Time spent: 11.33s
- Epoch 146, ExpID 67142
Train - Loss (one batch): 0.00221
Val - Loss, MSE, RMSE, MAE, MAPE: 0.00275, 0.00275, 0.05170, 0.03233, 216333.10%
Test - Best epoch, Loss, MSE, RMSE, MAE, MAPE: 107, 0.00260, 0.00260, 0.05048, 0.03100, 7.39%
Time spent: 11.43s
- Epoch 147, ExpID 67142
Train - Loss (one batch): 0.00233
Val - Loss, MSE, RMSE, MAE, MAPE: 0.00279, 0.00279, 0.05205, 0.03261, 218985.88%
Test - Best epoch, Loss, MSE, RMSE, MAE, MAPE: 107, 0.00260, 0.00260, 0.05048, 0.03100, 7.39%
Time spent: 11.30s
- Epoch 148, ExpID 67142
Train - Loss (one batch): 0.00203
Val - Loss, MSE, RMSE, MAE, MAPE: 0.00279, 0.00279, 0.05203, 0.03233, 216571.83%
Test - Best epoch, Loss, MSE, RMSE, MAE, MAPE: 107, 0.00260, 0.00260, 0.05048, 0.03100, 7.39%
Time spent: 11.43s
- Epoch 149, ExpID 67142
Train - Loss (one batch): 0.00151
Val - Loss, MSE, RMSE, MAE, MAPE: 0.00271, 0.00271, 0.05131, 0.03141, 219308.16%
Test - Best epoch, Loss, MSE, RMSE, MAE, MAPE: 107, 0.00260, 0.00260, 0.05048, 0.03100, 7.39%
Time spent: 11.49s
- Epoch 150, ExpID 67142
Train - Loss (one batch): 0.00178
Val - Loss, MSE, RMSE, MAE, MAPE: 0.00274, 0.00274, 0.05152, 0.03167, 221986.68%
Test - Best epoch, Loss, MSE, RMSE, MAE, MAPE: 107, 0.00260, 0.00260, 0.05048, 0.03100, 7.39%
Time spent: 11.47s
- Epoch 151, ExpID 67142
Train - Loss (one batch): 0.00252
Val - Loss, MSE, RMSE, MAE, MAPE: 0.00277, 0.00277, 0.05187, 0.03244, 226267.81%
Test - Best epoch, Loss, MSE, RMSE, MAE, MAPE: 107, 0.00260, 0.00260, 0.05048, 0.03100, 7.39%
Time spent: 11.47s
- Epoch 152, ExpID 67142
Train - Loss (one batch): 0.00265
Val - Loss, MSE, RMSE, MAE, MAPE: 0.00279, 0.00279, 0.05206, 0.03288, 222427.26%
Test - Best epoch, Loss, MSE, RMSE, MAE, MAPE: 107, 0.00260, 0.00260, 0.05048, 0.03100, 7.39%
Time spent: 11.51s
- Epoch 153, ExpID 67142
Train - Loss (one batch): 0.00180
Val - Loss, MSE, RMSE, MAE, MAPE: 0.00278, 0.00278, 0.05190, 0.03243, 221448.68%
Test - Best epoch, Loss, MSE, RMSE, MAE, MAPE: 107, 0.00260, 0.00260, 0.05048, 0.03100, 7.39%
Time spent: 11.37s
- Epoch 154, ExpID 67142
Train - Loss (one batch): 0.00212
Val - Loss, MSE, RMSE, MAE, MAPE: 0.00276, 0.00276, 0.05170, 0.03190, 219630.10%
Test - Best epoch, Loss, MSE, RMSE, MAE, MAPE: 107, 0.00260, 0.00260, 0.05048, 0.03100, 7.39%
Time spent: 11.29s
- Epoch 155, ExpID 67142
Train - Loss (one batch): 0.00233
Val - Loss, MSE, RMSE, MAE, MAPE: 0.00287, 0.00287, 0.05275, 0.03368, 227220.33%
Test - Best epoch, Loss, MSE, RMSE, MAE, MAPE: 107, 0.00260, 0.00260, 0.05048, 0.03100, 7.39%
Time spent: 11.35s
- Epoch 156, ExpID 67142
Train - Loss (one batch): 0.00213
Val - Loss, MSE, RMSE, MAE, MAPE: 0.00281, 0.00281, 0.05218, 0.03236, 213022.87%
Test - Best epoch, Loss, MSE, RMSE, MAE, MAPE: 107, 0.00260, 0.00260, 0.05048, 0.03100, 7.39%
Time spent: 11.51s
- Epoch 157, ExpID 67142
Train - Loss (one batch): 0.00202
Val - Loss, MSE, RMSE, MAE, MAPE: 0.00290, 0.00290, 0.05299, 0.03373, 226982.30%
Test - Best epoch, Loss, MSE, RMSE, MAE, MAPE: 107, 0.00260, 0.00260, 0.05048, 0.03100, 7.39%
Time spent: 11.32s
- Epoch 158, ExpID 67142
Train - Loss (one batch): 0.00181
Val - Loss, MSE, RMSE, MAE, MAPE: 0.00277, 0.00277, 0.05183, 0.03212, 222902.05%
Test - Best epoch, Loss, MSE, RMSE, MAE, MAPE: 107, 0.00260, 0.00260, 0.05048, 0.03100, 7.39%
Time spent: 11.45s
- Epoch 159, ExpID 67142
Train - Loss (one batch): 0.00219
Val - Loss, MSE, RMSE, MAE, MAPE: 0.00287, 0.00287, 0.05281, 0.03361, 227345.74%
Test - Best epoch, Loss, MSE, RMSE, MAE, MAPE: 107, 0.00260, 0.00260, 0.05048, 0.03100, 7.39%
Time spent: 11.42s
- Epoch 160, ExpID 67142
Train - Loss (one batch): 0.00193
Val - Loss, MSE, RMSE, MAE, MAPE: 0.00278, 0.00278, 0.05196, 0.03260, 221295.86%
Test - Best epoch, Loss, MSE, RMSE, MAE, MAPE: 107, 0.00260, 0.00260, 0.05048, 0.03100, 7.39%
Time spent: 11.68s
- Epoch 161, ExpID 67142
Train - Loss (one batch): 0.00198
Val - Loss, MSE, RMSE, MAE, MAPE: 0.00280, 0.00280, 0.05211, 0.03283, 229342.23%
Test - Best epoch, Loss, MSE, RMSE, MAE, MAPE: 107, 0.00260, 0.00260, 0.05048, 0.03100, 7.39%
Time spent: 11.43s
- Epoch 162, ExpID 67142
Train - Loss (one batch): 0.00189
Val - Loss, MSE, RMSE, MAE, MAPE: 0.00281, 0.00281, 0.05221, 0.03260, 226166.85%
Test - Best epoch, Loss, MSE, RMSE, MAE, MAPE: 107, 0.00260, 0.00260, 0.05048, 0.03100, 7.39%
Time spent: 11.35s
- Epoch 163, ExpID 67142
Train - Loss (one batch): 0.00214
Val - Loss, MSE, RMSE, MAE, MAPE: 0.00281, 0.00281, 0.05215, 0.03219, 227144.92%
Test - Best epoch, Loss, MSE, RMSE, MAE, MAPE: 107, 0.00260, 0.00260, 0.05048, 0.03100, 7.39%
Time spent: 11.33s
- Epoch 164, ExpID 67142
Train - Loss (one batch): 0.00169
Val - Loss, MSE, RMSE, MAE, MAPE: 0.00274, 0.00274, 0.05149, 0.03165, 227125.36%
Test - Best epoch, Loss, MSE, RMSE, MAE, MAPE: 107, 0.00260, 0.00260, 0.05048, 0.03100, 7.39%
Time spent: 11.55s
- Epoch 165, ExpID 67142
Train - Loss (one batch): 0.00154
Val - Loss, MSE, RMSE, MAE, MAPE: 0.00294, 0.00294, 0.05346, 0.03428, 222633.26%
Test - Best epoch, Loss, MSE, RMSE, MAE, MAPE: 107, 0.00260, 0.00260, 0.05048, 0.03100, 7.39%
Time spent: 11.32s
- Epoch 166, ExpID 67142
Train - Loss (one batch): 0.00185
Val - Loss, MSE, RMSE, MAE, MAPE: 0.00279, 0.00279, 0.05203, 0.03218, 216973.19%
Test - Best epoch, Loss, MSE, RMSE, MAE, MAPE: 107, 0.00260, 0.00260, 0.05048, 0.03100, 7.39%
Time spent: 11.44s
- Epoch 167, ExpID 67142
Train - Loss (one batch): 0.00246
Val - Loss, MSE, RMSE, MAE, MAPE: 0.00293, 0.00293, 0.05337, 0.03426, 221094.63%
Test - Best epoch, Loss, MSE, RMSE, MAE, MAPE: 107, 0.00260, 0.00260, 0.05048, 0.03100, 7.39%
Time spent: 11.32s
- Epoch 168, ExpID 67142
Train - Loss (one batch): 0.00236
Val - Loss, MSE, RMSE, MAE, MAPE: 0.00283, 0.00283, 0.05231, 0.03230, 216669.16%
Test - Best epoch, Loss, MSE, RMSE, MAE, MAPE: 107, 0.00260, 0.00260, 0.05048, 0.03100, 7.39%
Time spent: 11.48s
- Epoch 169, ExpID 67142
Train - Loss (one batch): 0.00177
Val - Loss, MSE, RMSE, MAE, MAPE: 0.00276, 0.00276, 0.05175, 0.03200, 226497.86%
Test - Best epoch, Loss, MSE, RMSE, MAE, MAPE: 107, 0.00260, 0.00260, 0.05048, 0.03100, 7.39%
Time spent: 11.49s
- Epoch 170, ExpID 67142
Train - Loss (one batch): 0.00220
Val - Loss, MSE, RMSE, MAE, MAPE: 0.00282, 0.00282, 0.05234, 0.03296, 221073.83%
Test - Best epoch, Loss, MSE, RMSE, MAE, MAPE: 107, 0.00260, 0.00260, 0.05048, 0.03100, 7.39%
Time spent: 11.43s
- Epoch 171, ExpID 67142
Train - Loss (one batch): 0.00198
Val - Loss, MSE, RMSE, MAE, MAPE: 0.00279, 0.00279, 0.05205, 0.03254, 223621.33%
Test - Best epoch, Loss, MSE, RMSE, MAE, MAPE: 107, 0.00260, 0.00260, 0.05048, 0.03100, 7.39%
Time spent: 11.24s
- Epoch 172, ExpID 67142
Train - Loss (one batch): 0.00196
Val - Loss, MSE, RMSE, MAE, MAPE: 0.00281, 0.00281, 0.05222, 0.03267, 218710.63%
Test - Best epoch, Loss, MSE, RMSE, MAE, MAPE: 107, 0.00260, 0.00260, 0.05048, 0.03100, 7.39%
Time spent: 11.40s
- Epoch 173, ExpID 67142
Train - Loss (one batch): 0.00186
Val - Loss, MSE, RMSE, MAE, MAPE: 0.00283, 0.00283, 0.05234, 0.03261, 222593.44%
Test - Best epoch, Loss, MSE, RMSE, MAE, MAPE: 107, 0.00260, 0.00260, 0.05048, 0.03100, 7.39%
Time spent: 11.28s
- Epoch 174, ExpID 67142
Train - Loss (one batch): 0.00222
Val - Loss, MSE, RMSE, MAE, MAPE: 0.00303, 0.00303, 0.05436, 0.03592, 225439.90%
Test - Best epoch, Loss, MSE, RMSE, MAE, MAPE: 107, 0.00260, 0.00260, 0.05048, 0.03100, 7.39%
Time spent: 11.49s
- Epoch 175, ExpID 67142
Train - Loss (one batch): 0.00162
Val - Loss, MSE, RMSE, MAE, MAPE: 0.00295, 0.00295, 0.05360, 0.03489, 224459.49%
Test - Best epoch, Loss, MSE, RMSE, MAE, MAPE: 107, 0.00260, 0.00260, 0.05048, 0.03100, 7.39%
Time spent: 11.67s
- Epoch 176, ExpID 67142
Train - Loss (one batch): 0.00171
Val - Loss, MSE, RMSE, MAE, MAPE: 0.00288, 0.00288, 0.05290, 0.03411, 219685.10%
Test - Best epoch, Loss, MSE, RMSE, MAE, MAPE: 107, 0.00260, 0.00260, 0.05048, 0.03100, 7.39%
Time spent: 11.46s
- Epoch 177, ExpID 67142
Train - Loss (one batch): 0.00194
Val - Loss, MSE, RMSE, MAE, MAPE: 0.00285, 0.00285, 0.05269, 0.03349, 216289.54%
Test - Best epoch, Loss, MSE, RMSE, MAE, MAPE: 107, 0.00260, 0.00260, 0.05048, 0.03100, 7.39%
Time spent: 11.38s
- Epoch 178, ExpID 67142
Train - Loss (one batch): 0.00204
Val - Loss, MSE, RMSE, MAE, MAPE: 0.00297, 0.00297, 0.05380, 0.03528, 230552.34%
Test - Best epoch, Loss, MSE, RMSE, MAE, MAPE: 107, 0.00260, 0.00260, 0.05048, 0.03100, 7.39%
Time spent: 11.67s
- Epoch 179, ExpID 67142
Train - Loss (one batch): 0.00157
Val - Loss, MSE, RMSE, MAE, MAPE: 0.00279, 0.00279, 0.05197, 0.03203, 219033.61%
Test - Best epoch, Loss, MSE, RMSE, MAE, MAPE: 107, 0.00260, 0.00260, 0.05048, 0.03100, 7.39%
Time spent: 11.66s
- Epoch 180, ExpID 67142
Train - Loss (one batch): 0.00252
Val - Loss, MSE, RMSE, MAE, MAPE: 0.00285, 0.00285, 0.05265, 0.03351, 227356.88%
Test - Best epoch, Loss, MSE, RMSE, MAE, MAPE: 107, 0.00260, 0.00260, 0.05048, 0.03100, 7.39%
Time spent: 11.30s
- Epoch 181, ExpID 67142
Train - Loss (one batch): 0.00220
Val - Loss, MSE, RMSE, MAE, MAPE: 0.00291, 0.00291, 0.05321, 0.03433, 230097.21%
Test - Best epoch, Loss, MSE, RMSE, MAE, MAPE: 107, 0.00260, 0.00260, 0.05048, 0.03100, 7.39%
Time spent: 11.22s
- Epoch 182, ExpID 67142
Train - Loss (one batch): 0.00191
Val - Loss, MSE, RMSE, MAE, MAPE: 0.00284, 0.00284, 0.05252, 0.03280, 218959.48%
Test - Best epoch, Loss, MSE, RMSE, MAE, MAPE: 107, 0.00260, 0.00260, 0.05048, 0.03100, 7.39%
Time spent: 11.23s
- Epoch 183, ExpID 67142
Train - Loss (one batch): 0.00196
Val - Loss, MSE, RMSE, MAE, MAPE: 0.00285, 0.00285, 0.05263, 0.03340, 220109.26%
Test - Best epoch, Loss, MSE, RMSE, MAE, MAPE: 107, 0.00260, 0.00260, 0.05048, 0.03100, 7.39%
Time spent: 11.35s
- Epoch 184, ExpID 67142
Train - Loss (one batch): 0.00203
Val - Loss, MSE, RMSE, MAE, MAPE: 0.00281, 0.00281, 0.05218, 0.03245, 229779.12%
Test - Best epoch, Loss, MSE, RMSE, MAE, MAPE: 107, 0.00260, 0.00260, 0.05048, 0.03100, 7.39%
Time spent: 11.55s
- Epoch 185, ExpID 67142
Train - Loss (one batch): 0.00148
Val - Loss, MSE, RMSE, MAE, MAPE: 0.00298, 0.00298, 0.05386, 0.03525, 216776.19%
Test - Best epoch, Loss, MSE, RMSE, MAE, MAPE: 107, 0.00260, 0.00260, 0.05048, 0.03100, 7.39%
Time spent: 11.31s
- Epoch 186, ExpID 67142
Train - Loss (one batch): 0.00172
Val - Loss, MSE, RMSE, MAE, MAPE: 0.00281, 0.00281, 0.05223, 0.03270, 220197.46%
Test - Best epoch, Loss, MSE, RMSE, MAE, MAPE: 107, 0.00260, 0.00260, 0.05048, 0.03100, 7.39%
Time spent: 11.61s
- Epoch 187, ExpID 67142
Train - Loss (one batch): 0.00210
Val - Loss, MSE, RMSE, MAE, MAPE: 0.00279, 0.00279, 0.05207, 0.03225, 222594.98%
Test - Best epoch, Loss, MSE, RMSE, MAE, MAPE: 107, 0.00260, 0.00260, 0.05048, 0.03100, 7.39%
Time spent: 11.35s
- Epoch 188, ExpID 67142
Train - Loss (one batch): 0.00172
Val - Loss, MSE, RMSE, MAE, MAPE: 0.00281, 0.00281, 0.05217, 0.03238, 230248.29%
Test - Best epoch, Loss, MSE, RMSE, MAE, MAPE: 107, 0.00260, 0.00260, 0.05048, 0.03100, 7.39%
Time spent: 11.33s
- Epoch 189, ExpID 67142
Train - Loss (one batch): 0.00208
Val - Loss, MSE, RMSE, MAE, MAPE: 0.00279, 0.00279, 0.05203, 0.03228, 222851.33%
Test - Best epoch, Loss, MSE, RMSE, MAE, MAPE: 107, 0.00260, 0.00260, 0.05048, 0.03100, 7.39%
Time spent: 11.30s
- Epoch 190, ExpID 67142
Train - Loss (one batch): 0.00245
Val - Loss, MSE, RMSE, MAE, MAPE: 0.00302, 0.00302, 0.05414, 0.03515, 230737.13%
Test - Best epoch, Loss, MSE, RMSE, MAE, MAPE: 107, 0.00260, 0.00260, 0.05048, 0.03100, 7.39%
Time spent: 11.33s
- Epoch 191, ExpID 67142
Train - Loss (one batch): 0.00225
Val - Loss, MSE, RMSE, MAE, MAPE: 0.00281, 0.00281, 0.05224, 0.03261, 218654.13%
Test - Best epoch, Loss, MSE, RMSE, MAE, MAPE: 107, 0.00260, 0.00260, 0.05048, 0.03100, 7.39%
Time spent: 11.55s
- Epoch 192, ExpID 67142
Train - Loss (one batch): 0.00205
Val - Loss, MSE, RMSE, MAE, MAPE: 0.00281, 0.00281, 0.05227, 0.03269, 223492.28%
Test - Best epoch, Loss, MSE, RMSE, MAE, MAPE: 107, 0.00260, 0.00260, 0.05048, 0.03100, 7.39%
Time spent: 11.45s
- Epoch 193, ExpID 67142
Train - Loss (one batch): 0.00199
Val - Loss, MSE, RMSE, MAE, MAPE: 0.00283, 0.00283, 0.05238, 0.03291, 221846.85%
Test - Best epoch, Loss, MSE, RMSE, MAE, MAPE: 107, 0.00260, 0.00260, 0.05048, 0.03100, 7.39%
Time spent: 11.40s
- Epoch 194, ExpID 67142
Train - Loss (one batch): 0.00168
Val - Loss, MSE, RMSE, MAE, MAPE: 0.00301, 0.00301, 0.05405, 0.03519, 232255.69%
Test - Best epoch, Loss, MSE, RMSE, MAE, MAPE: 107, 0.00260, 0.00260, 0.05048, 0.03100, 7.39%
Time spent: 11.22s
- Epoch 195, ExpID 67142
Train - Loss (one batch): 0.00169
Val - Loss, MSE, RMSE, MAE, MAPE: 0.00296, 0.00296, 0.05362, 0.03447, 233343.23%
Test - Best epoch, Loss, MSE, RMSE, MAE, MAPE: 107, 0.00260, 0.00260, 0.05048, 0.03100, 7.39%
Time spent: 11.31s
- Epoch 196, ExpID 67142
Train - Loss (one batch): 0.00181
Val - Loss, MSE, RMSE, MAE, MAPE: 0.00293, 0.00293, 0.05331, 0.03372, 230125.65%
Test - Best epoch, Loss, MSE, RMSE, MAE, MAPE: 107, 0.00260, 0.00260, 0.05048, 0.03100, 7.39%
Time spent: 11.22s
- Epoch 197, ExpID 67142
Train - Loss (one batch): 0.00200
Val - Loss, MSE, RMSE, MAE, MAPE: 0.00286, 0.00286, 0.05265, 0.03310, 223040.03%
Test - Best epoch, Loss, MSE, RMSE, MAE, MAPE: 107, 0.00260, 0.00260, 0.05048, 0.03100, 7.39%
Time spent: 11.69s
