/home/ouass/Test/MSP-IMTS/tPatchGNN/run_models.py
2025-10-28 17:16:19
run_models.py --dataset activity --history 4000 --hid_dim 64 --te_dim 10 --node_dim 10 --nlayer 1 --tf_layer 1 --nhead 1 --batch_size 64 --lr 1e-3 --w_decay 1e-4 --patience 90 --epoch 450 --seed 1 --gpu 0 --multi_scales 200,1400 --multi_strides 100,700 --fusion concat
Namespace(multi_scales='200,1400', multi_strides='100,700', fusion='concat', state='def', n=100000000, hop=1, nhead=1, tf_layer=1, nlayer=1, epoch=450, patience=90, history=4000, patch_size=24, stride=24, logmode='a', lr=0.001, w_decay=0.0001, batch_size=64, save='experiments/', load=None, seed=1, dataset='activity', quantization=0.0, model='tPatchGNN', outlayer='Linear', hid_dim=64, te_dim=10, node_dim=10, gpu='0', npatch=167, device=device(type='cuda'), PID=1368023, pred_window=1000, ndim=12)
- Epoch 000, ExpID 24449
Train - Loss (one batch): 0.00669
Val - Loss, MSE, RMSE, MAE, MAPE: 0.00772, 0.00772, 0.08647, 0.06459, 272229.93%
Test - Best epoch, Loss, MSE, RMSE, MAE, MAPE: 0, 0.00683, 0.00683, 0.08157, 0.06135, 14.60%
Time spent: 8.59s
- Epoch 001, ExpID 24449
Train - Loss (one batch): 0.00374
Val - Loss, MSE, RMSE, MAE, MAPE: 0.00353, 0.00353, 0.05867, 0.03759, 228300.20%
Test - Best epoch, Loss, MSE, RMSE, MAE, MAPE: 1, 0.00327, 0.00327, 0.05667, 0.03620, 8.62%
Time spent: 7.81s
- Epoch 002, ExpID 24449
Train - Loss (one batch): 0.00310
Val - Loss, MSE, RMSE, MAE, MAPE: 0.00320, 0.00320, 0.05578, 0.03438, 222998.81%
Test - Best epoch, Loss, MSE, RMSE, MAE, MAPE: 2, 0.00299, 0.00299, 0.05421, 0.03353, 8.04%
Time spent: 7.99s
- Epoch 003, ExpID 24449
Train - Loss (one batch): 0.00247
Val - Loss, MSE, RMSE, MAE, MAPE: 0.00316, 0.00316, 0.05550, 0.03461, 223497.51%
Test - Best epoch, Loss, MSE, RMSE, MAE, MAPE: 3, 0.00299, 0.00299, 0.05422, 0.03405, 8.16%
Time spent: 7.87s
- Epoch 004, ExpID 24449
Train - Loss (one batch): 0.00283
Val - Loss, MSE, RMSE, MAE, MAPE: 0.00417, 0.00417, 0.06409, 0.04763, 235196.93%
Test - Best epoch, Loss, MSE, RMSE, MAE, MAPE: 3, 0.00299, 0.00299, 0.05422, 0.03405, 8.16%
Time spent: 7.20s
- Epoch 005, ExpID 24449
Train - Loss (one batch): 0.00190
Val - Loss, MSE, RMSE, MAE, MAPE: 0.00402, 0.00402, 0.06287, 0.04623, 237874.38%
Test - Best epoch, Loss, MSE, RMSE, MAE, MAPE: 3, 0.00299, 0.00299, 0.05422, 0.03405, 8.16%
Time spent: 7.09s
- Epoch 006, ExpID 24449
Train - Loss (one batch): 0.00250
Val - Loss, MSE, RMSE, MAE, MAPE: 0.00299, 0.00299, 0.05388, 0.03298, 217557.97%
Test - Best epoch, Loss, MSE, RMSE, MAE, MAPE: 6, 0.00286, 0.00286, 0.05295, 0.03260, 7.85%
Time spent: 7.91s
- Epoch 007, ExpID 24449
Train - Loss (one batch): 0.00254
Val - Loss, MSE, RMSE, MAE, MAPE: 0.00333, 0.00333, 0.05707, 0.03813, 222922.42%
Test - Best epoch, Loss, MSE, RMSE, MAE, MAPE: 6, 0.00286, 0.00286, 0.05295, 0.03260, 7.85%
Time spent: 7.01s
- Epoch 008, ExpID 24449
Train - Loss (one batch): 0.00251
Val - Loss, MSE, RMSE, MAE, MAPE: 0.00313, 0.00313, 0.05522, 0.03581, 224249.53%
Test - Best epoch, Loss, MSE, RMSE, MAE, MAPE: 6, 0.00286, 0.00286, 0.05295, 0.03260, 7.85%
Time spent: 6.95s
- Epoch 009, ExpID 24449
Train - Loss (one batch): 0.00409
Val - Loss, MSE, RMSE, MAE, MAPE: 0.00316, 0.00316, 0.05554, 0.03637, 223835.12%
Test - Best epoch, Loss, MSE, RMSE, MAE, MAPE: 6, 0.00286, 0.00286, 0.05295, 0.03260, 7.85%
Time spent: 7.08s
- Epoch 010, ExpID 24449
Train - Loss (one batch): 0.00329
Val - Loss, MSE, RMSE, MAE, MAPE: 0.00333, 0.00333, 0.05707, 0.03887, 223687.93%
Test - Best epoch, Loss, MSE, RMSE, MAE, MAPE: 6, 0.00286, 0.00286, 0.05295, 0.03260, 7.85%
Time spent: 6.92s
- Epoch 011, ExpID 24449
Train - Loss (one batch): 0.00243
Val - Loss, MSE, RMSE, MAE, MAPE: 0.00318, 0.00318, 0.05572, 0.03682, 226013.84%
Test - Best epoch, Loss, MSE, RMSE, MAE, MAPE: 6, 0.00286, 0.00286, 0.05295, 0.03260, 7.85%
Time spent: 6.94s
- Epoch 012, ExpID 24449
Train - Loss (one batch): 0.00243
Val - Loss, MSE, RMSE, MAE, MAPE: 0.00307, 0.00307, 0.05469, 0.03519, 221363.71%
Test - Best epoch, Loss, MSE, RMSE, MAE, MAPE: 6, 0.00286, 0.00286, 0.05295, 0.03260, 7.85%
Time spent: 6.97s
- Epoch 013, ExpID 24449
Train - Loss (one batch): 0.00229
Val - Loss, MSE, RMSE, MAE, MAPE: 0.00291, 0.00291, 0.05319, 0.03236, 215584.14%
Test - Best epoch, Loss, MSE, RMSE, MAE, MAPE: 13, 0.00282, 0.00282, 0.05258, 0.03209, 7.62%
Time spent: 7.89s
- Epoch 014, ExpID 24449
Train - Loss (one batch): 0.00328
Val - Loss, MSE, RMSE, MAE, MAPE: 0.00290, 0.00290, 0.05307, 0.03268, 218440.32%
Test - Best epoch, Loss, MSE, RMSE, MAE, MAPE: 14, 0.00281, 0.00281, 0.05248, 0.03245, 7.85%
Time spent: 7.93s
- Epoch 015, ExpID 24449
Train - Loss (one batch): 0.00295
Val - Loss, MSE, RMSE, MAE, MAPE: 0.00286, 0.00286, 0.05271, 0.03203, 217846.42%
Test - Best epoch, Loss, MSE, RMSE, MAE, MAPE: 15, 0.00278, 0.00278, 0.05223, 0.03188, 7.69%
Time spent: 7.94s
- Epoch 016, ExpID 24449
Train - Loss (one batch): 0.00303
Val - Loss, MSE, RMSE, MAE, MAPE: 0.00309, 0.00309, 0.05490, 0.03560, 221696.15%
Test - Best epoch, Loss, MSE, RMSE, MAE, MAPE: 15, 0.00278, 0.00278, 0.05223, 0.03188, 7.69%
Time spent: 6.98s
- Epoch 017, ExpID 24449
Train - Loss (one batch): 0.00295
Val - Loss, MSE, RMSE, MAE, MAPE: 0.00286, 0.00286, 0.05267, 0.03195, 215732.61%
Test - Best epoch, Loss, MSE, RMSE, MAE, MAPE: 17, 0.00278, 0.00278, 0.05222, 0.03183, 7.62%
Time spent: 8.12s
- Epoch 018, ExpID 24449
Train - Loss (one batch): 0.00297
Val - Loss, MSE, RMSE, MAE, MAPE: 0.00286, 0.00286, 0.05268, 0.03202, 216787.02%
Test - Best epoch, Loss, MSE, RMSE, MAE, MAPE: 17, 0.00278, 0.00278, 0.05222, 0.03183, 7.62%
Time spent: 7.20s
- Epoch 019, ExpID 24449
Train - Loss (one batch): 0.00297
Val - Loss, MSE, RMSE, MAE, MAPE: 0.00395, 0.00395, 0.06236, 0.04652, 235033.78%
Test - Best epoch, Loss, MSE, RMSE, MAE, MAPE: 17, 0.00278, 0.00278, 0.05222, 0.03183, 7.62%
Time spent: 7.03s
- Epoch 020, ExpID 24449
Train - Loss (one batch): 0.00277
Val - Loss, MSE, RMSE, MAE, MAPE: 0.00285, 0.00285, 0.05261, 0.03204, 216795.89%
Test - Best epoch, Loss, MSE, RMSE, MAE, MAPE: 20, 0.00277, 0.00277, 0.05212, 0.03195, 7.63%
Time spent: 7.79s
- Epoch 021, ExpID 24449
Train - Loss (one batch): 0.00214
Val - Loss, MSE, RMSE, MAE, MAPE: 0.00293, 0.00293, 0.05336, 0.03323, 216465.77%
Test - Best epoch, Loss, MSE, RMSE, MAE, MAPE: 20, 0.00277, 0.00277, 0.05212, 0.03195, 7.63%
Time spent: 7.11s
- Epoch 022, ExpID 24449
Train - Loss (one batch): 0.00234
Val - Loss, MSE, RMSE, MAE, MAPE: 0.00328, 0.00328, 0.05666, 0.03825, 219758.89%
Test - Best epoch, Loss, MSE, RMSE, MAE, MAPE: 20, 0.00277, 0.00277, 0.05212, 0.03195, 7.63%
Time spent: 7.12s
- Epoch 023, ExpID 24449
Train - Loss (one batch): 0.00188
Val - Loss, MSE, RMSE, MAE, MAPE: 0.00315, 0.00315, 0.05540, 0.03668, 225055.54%
Test - Best epoch, Loss, MSE, RMSE, MAE, MAPE: 20, 0.00277, 0.00277, 0.05212, 0.03195, 7.63%
Time spent: 7.03s
- Epoch 024, ExpID 24449
Train - Loss (one batch): 0.00264
Val - Loss, MSE, RMSE, MAE, MAPE: 0.00334, 0.00334, 0.05725, 0.03930, 224874.37%
Test - Best epoch, Loss, MSE, RMSE, MAE, MAPE: 20, 0.00277, 0.00277, 0.05212, 0.03195, 7.63%
Time spent: 7.07s
- Epoch 025, ExpID 24449
Train - Loss (one batch): 0.00289
Val - Loss, MSE, RMSE, MAE, MAPE: 0.00345, 0.00345, 0.05810, 0.04061, 228079.01%
Test - Best epoch, Loss, MSE, RMSE, MAE, MAPE: 20, 0.00277, 0.00277, 0.05212, 0.03195, 7.63%
Time spent: 7.05s
- Epoch 026, ExpID 24449
Train - Loss (one batch): 0.00159
Val - Loss, MSE, RMSE, MAE, MAPE: 0.00365, 0.00365, 0.05990, 0.04323, 227472.31%
Test - Best epoch, Loss, MSE, RMSE, MAE, MAPE: 20, 0.00277, 0.00277, 0.05212, 0.03195, 7.63%
Time spent: 7.07s
- Epoch 027, ExpID 24449
Train - Loss (one batch): 0.00214
Val - Loss, MSE, RMSE, MAE, MAPE: 0.00303, 0.00303, 0.05433, 0.03533, 219590.80%
Test - Best epoch, Loss, MSE, RMSE, MAE, MAPE: 20, 0.00277, 0.00277, 0.05212, 0.03195, 7.63%
Time spent: 7.10s
- Epoch 028, ExpID 24449
Train - Loss (one batch): 0.00238
Val - Loss, MSE, RMSE, MAE, MAPE: 0.00293, 0.00293, 0.05341, 0.03353, 213891.89%
Test - Best epoch, Loss, MSE, RMSE, MAE, MAPE: 20, 0.00277, 0.00277, 0.05212, 0.03195, 7.63%
Time spent: 7.01s
- Epoch 029, ExpID 24449
Train - Loss (one batch): 0.00227
Val - Loss, MSE, RMSE, MAE, MAPE: 0.00301, 0.00301, 0.05412, 0.03493, 221178.86%
Test - Best epoch, Loss, MSE, RMSE, MAE, MAPE: 20, 0.00277, 0.00277, 0.05212, 0.03195, 7.63%
Time spent: 6.91s
- Epoch 030, ExpID 24449
Train - Loss (one batch): 0.00320
Val - Loss, MSE, RMSE, MAE, MAPE: 0.00281, 0.00281, 0.05224, 0.03171, 213546.96%
Test - Best epoch, Loss, MSE, RMSE, MAE, MAPE: 30, 0.00275, 0.00275, 0.05196, 0.03187, 7.52%
Time spent: 7.96s
- Epoch 031, ExpID 24449
Train - Loss (one batch): 0.00229
Val - Loss, MSE, RMSE, MAE, MAPE: 0.00282, 0.00282, 0.05231, 0.03196, 213477.41%
Test - Best epoch, Loss, MSE, RMSE, MAE, MAPE: 30, 0.00275, 0.00275, 0.05196, 0.03187, 7.52%
Time spent: 6.97s
- Epoch 032, ExpID 24449
Train - Loss (one batch): 0.00225
Val - Loss, MSE, RMSE, MAE, MAPE: 0.00292, 0.00292, 0.05330, 0.03336, 219085.57%
Test - Best epoch, Loss, MSE, RMSE, MAE, MAPE: 30, 0.00275, 0.00275, 0.05196, 0.03187, 7.52%
Time spent: 6.99s
- Epoch 033, ExpID 24449
Train - Loss (one batch): 0.00316
Val - Loss, MSE, RMSE, MAE, MAPE: 0.00295, 0.00295, 0.05354, 0.03462, 226244.19%
Test - Best epoch, Loss, MSE, RMSE, MAE, MAPE: 30, 0.00275, 0.00275, 0.05196, 0.03187, 7.52%
Time spent: 7.05s
- Epoch 034, ExpID 24449
Train - Loss (one batch): 0.00259
Val - Loss, MSE, RMSE, MAE, MAPE: 0.00288, 0.00288, 0.05290, 0.03330, 223142.78%
Test - Best epoch, Loss, MSE, RMSE, MAE, MAPE: 30, 0.00275, 0.00275, 0.05196, 0.03187, 7.52%
Time spent: 6.97s
- Epoch 035, ExpID 24449
Train - Loss (one batch): 0.00225
Val - Loss, MSE, RMSE, MAE, MAPE: 0.00289, 0.00289, 0.05305, 0.03360, 221979.92%
Test - Best epoch, Loss, MSE, RMSE, MAE, MAPE: 30, 0.00275, 0.00275, 0.05196, 0.03187, 7.52%
Time spent: 6.99s
- Epoch 036, ExpID 24449
Train - Loss (one batch): 0.00186
Val - Loss, MSE, RMSE, MAE, MAPE: 0.00297, 0.00297, 0.05379, 0.03463, 218651.27%
Test - Best epoch, Loss, MSE, RMSE, MAE, MAPE: 30, 0.00275, 0.00275, 0.05196, 0.03187, 7.52%
Time spent: 7.24s
- Epoch 037, ExpID 24449
Train - Loss (one batch): 0.00264
Val - Loss, MSE, RMSE, MAE, MAPE: 0.00292, 0.00292, 0.05329, 0.03374, 218170.46%
Test - Best epoch, Loss, MSE, RMSE, MAE, MAPE: 30, 0.00275, 0.00275, 0.05196, 0.03187, 7.52%
Time spent: 7.21s
- Epoch 038, ExpID 24449
Train - Loss (one batch): 0.00259
Val - Loss, MSE, RMSE, MAE, MAPE: 0.00284, 0.00284, 0.05255, 0.03278, 219878.05%
Test - Best epoch, Loss, MSE, RMSE, MAE, MAPE: 30, 0.00275, 0.00275, 0.05196, 0.03187, 7.52%
Time spent: 7.09s
- Epoch 039, ExpID 24449
Train - Loss (one batch): 0.00214
Val - Loss, MSE, RMSE, MAE, MAPE: 0.00290, 0.00290, 0.05311, 0.03375, 218243.41%
Test - Best epoch, Loss, MSE, RMSE, MAE, MAPE: 30, 0.00275, 0.00275, 0.05196, 0.03187, 7.52%
Time spent: 7.17s
- Epoch 040, ExpID 24449
Train - Loss (one batch): 0.00227
Val - Loss, MSE, RMSE, MAE, MAPE: 0.00344, 0.00344, 0.05803, 0.04098, 231252.96%
Test - Best epoch, Loss, MSE, RMSE, MAE, MAPE: 30, 0.00275, 0.00275, 0.05196, 0.03187, 7.52%
Time spent: 7.04s
- Epoch 041, ExpID 24449
Train - Loss (one batch): 0.00256
Val - Loss, MSE, RMSE, MAE, MAPE: 0.00286, 0.00286, 0.05274, 0.03275, 211213.78%
Test - Best epoch, Loss, MSE, RMSE, MAE, MAPE: 30, 0.00275, 0.00275, 0.05196, 0.03187, 7.52%
Time spent: 6.92s
- Epoch 042, ExpID 24449
Train - Loss (one batch): 0.00275
Val - Loss, MSE, RMSE, MAE, MAPE: 0.00274, 0.00274, 0.05159, 0.03145, 213982.45%
Test - Best epoch, Loss, MSE, RMSE, MAE, MAPE: 42, 0.00268, 0.00268, 0.05120, 0.03152, 7.52%
Time spent: 7.83s
- Epoch 043, ExpID 24449
Train - Loss (one batch): 0.00266
Val - Loss, MSE, RMSE, MAE, MAPE: 0.00368, 0.00368, 0.06006, 0.04391, 236615.31%
Test - Best epoch, Loss, MSE, RMSE, MAE, MAPE: 42, 0.00268, 0.00268, 0.05120, 0.03152, 7.52%
Time spent: 7.04s
- Epoch 044, ExpID 24449
Train - Loss (one batch): 0.00232
Val - Loss, MSE, RMSE, MAE, MAPE: 0.00300, 0.00300, 0.05405, 0.03576, 227222.56%
Test - Best epoch, Loss, MSE, RMSE, MAE, MAPE: 42, 0.00268, 0.00268, 0.05120, 0.03152, 7.52%
Time spent: 7.19s
- Epoch 045, ExpID 24449
Train - Loss (one batch): 0.00270
Val - Loss, MSE, RMSE, MAE, MAPE: 0.00306, 0.00306, 0.05462, 0.03601, 225411.31%
Test - Best epoch, Loss, MSE, RMSE, MAE, MAPE: 42, 0.00268, 0.00268, 0.05120, 0.03152, 7.52%
Time spent: 7.29s
- Epoch 046, ExpID 24449
Train - Loss (one batch): 0.00205
Val - Loss, MSE, RMSE, MAE, MAPE: 0.00282, 0.00282, 0.05239, 0.03304, 218430.88%
Test - Best epoch, Loss, MSE, RMSE, MAE, MAPE: 42, 0.00268, 0.00268, 0.05120, 0.03152, 7.52%
Time spent: 7.02s
- Epoch 047, ExpID 24449
Train - Loss (one batch): 0.00223
Val - Loss, MSE, RMSE, MAE, MAPE: 0.00272, 0.00272, 0.05143, 0.03168, 216688.00%
Test - Best epoch, Loss, MSE, RMSE, MAE, MAPE: 47, 0.00266, 0.00266, 0.05109, 0.03172, 7.58%
Time spent: 8.03s
- Epoch 048, ExpID 24449
Train - Loss (one batch): 0.00260
Val - Loss, MSE, RMSE, MAE, MAPE: 0.00276, 0.00276, 0.05173, 0.03203, 221784.30%
Test - Best epoch, Loss, MSE, RMSE, MAE, MAPE: 47, 0.00266, 0.00266, 0.05109, 0.03172, 7.58%
Time spent: 7.04s
- Epoch 049, ExpID 24449
Train - Loss (one batch): 0.00307
Val - Loss, MSE, RMSE, MAE, MAPE: 0.00307, 0.00307, 0.05471, 0.03675, 225246.16%
Test - Best epoch, Loss, MSE, RMSE, MAE, MAPE: 47, 0.00266, 0.00266, 0.05109, 0.03172, 7.58%
Time spent: 7.28s
- Epoch 050, ExpID 24449
Train - Loss (one batch): 0.00250
Val - Loss, MSE, RMSE, MAE, MAPE: 0.00274, 0.00274, 0.05160, 0.03197, 220649.66%
Test - Best epoch, Loss, MSE, RMSE, MAE, MAPE: 47, 0.00266, 0.00266, 0.05109, 0.03172, 7.58%
Time spent: 7.00s
- Epoch 051, ExpID 24449
Train - Loss (one batch): 0.00262
Val - Loss, MSE, RMSE, MAE, MAPE: 0.00270, 0.00270, 0.05122, 0.03122, 215249.68%
Test - Best epoch, Loss, MSE, RMSE, MAE, MAPE: 51, 0.00265, 0.00265, 0.05094, 0.03137, 7.44%
Time spent: 7.81s
- Epoch 052, ExpID 24449
Train - Loss (one batch): 0.00272
Val - Loss, MSE, RMSE, MAE, MAPE: 0.00314, 0.00314, 0.05538, 0.03791, 225784.49%
Test - Best epoch, Loss, MSE, RMSE, MAE, MAPE: 51, 0.00265, 0.00265, 0.05094, 0.03137, 7.44%
Time spent: 6.97s
- Epoch 053, ExpID 24449
Train - Loss (one batch): 0.00292
Val - Loss, MSE, RMSE, MAE, MAPE: 0.00307, 0.00307, 0.05476, 0.03695, 222399.30%
Test - Best epoch, Loss, MSE, RMSE, MAE, MAPE: 51, 0.00265, 0.00265, 0.05094, 0.03137, 7.44%
Time spent: 7.20s
- Epoch 054, ExpID 24449
Train - Loss (one batch): 0.00316
Val - Loss, MSE, RMSE, MAE, MAPE: 0.00286, 0.00286, 0.05272, 0.03380, 221553.49%
Test - Best epoch, Loss, MSE, RMSE, MAE, MAPE: 51, 0.00265, 0.00265, 0.05094, 0.03137, 7.44%
Time spent: 6.96s
- Epoch 055, ExpID 24449
Train - Loss (one batch): 0.00264
Val - Loss, MSE, RMSE, MAE, MAPE: 0.00300, 0.00300, 0.05409, 0.03608, 221022.38%
Test - Best epoch, Loss, MSE, RMSE, MAE, MAPE: 51, 0.00265, 0.00265, 0.05094, 0.03137, 7.44%
Time spent: 6.95s
- Epoch 056, ExpID 24449
Train - Loss (one batch): 0.00243
Val - Loss, MSE, RMSE, MAE, MAPE: 0.00273, 0.00273, 0.05145, 0.03189, 218473.66%
Test - Best epoch, Loss, MSE, RMSE, MAE, MAPE: 51, 0.00265, 0.00265, 0.05094, 0.03137, 7.44%
Time spent: 7.22s
- Epoch 057, ExpID 24449
Train - Loss (one batch): 0.00257
Val - Loss, MSE, RMSE, MAE, MAPE: 0.00273, 0.00273, 0.05151, 0.03201, 215341.91%
Test - Best epoch, Loss, MSE, RMSE, MAE, MAPE: 51, 0.00265, 0.00265, 0.05094, 0.03137, 7.44%
Time spent: 7.10s
- Epoch 058, ExpID 24449
Train - Loss (one batch): 0.00265
Val - Loss, MSE, RMSE, MAE, MAPE: 0.00270, 0.00270, 0.05119, 0.03160, 217206.05%
Test - Best epoch, Loss, MSE, RMSE, MAE, MAPE: 58, 0.00263, 0.00263, 0.05080, 0.03161, 7.63%
Time spent: 8.00s
- Epoch 059, ExpID 24449
Train - Loss (one batch): 0.00184
Val - Loss, MSE, RMSE, MAE, MAPE: 0.00309, 0.00309, 0.05490, 0.03733, 226062.29%
Test - Best epoch, Loss, MSE, RMSE, MAE, MAPE: 58, 0.00263, 0.00263, 0.05080, 0.03161, 7.63%
Time spent: 7.19s
- Epoch 060, ExpID 24449
Train - Loss (one batch): 0.00250
Val - Loss, MSE, RMSE, MAE, MAPE: 0.00298, 0.00298, 0.05394, 0.03579, 220225.31%
Test - Best epoch, Loss, MSE, RMSE, MAE, MAPE: 58, 0.00263, 0.00263, 0.05080, 0.03161, 7.63%
Time spent: 6.96s
- Epoch 061, ExpID 24449
Train - Loss (one batch): 0.00240
Val - Loss, MSE, RMSE, MAE, MAPE: 0.00272, 0.00272, 0.05141, 0.03185, 215980.05%
Test - Best epoch, Loss, MSE, RMSE, MAE, MAPE: 58, 0.00263, 0.00263, 0.05080, 0.03161, 7.63%
Time spent: 6.92s
- Epoch 062, ExpID 24449
Train - Loss (one batch): 0.00210
Val - Loss, MSE, RMSE, MAE, MAPE: 0.00272, 0.00272, 0.05142, 0.03196, 216343.28%
Test - Best epoch, Loss, MSE, RMSE, MAE, MAPE: 58, 0.00263, 0.00263, 0.05080, 0.03161, 7.63%
Time spent: 7.05s
- Epoch 063, ExpID 24449
Train - Loss (one batch): 0.00240
Val - Loss, MSE, RMSE, MAE, MAPE: 0.00329, 0.00329, 0.05671, 0.03969, 231127.09%
Test - Best epoch, Loss, MSE, RMSE, MAE, MAPE: 58, 0.00263, 0.00263, 0.05080, 0.03161, 7.63%
Time spent: 6.99s
- Epoch 064, ExpID 24449
Train - Loss (one batch): 0.00246
Val - Loss, MSE, RMSE, MAE, MAPE: 0.00309, 0.00309, 0.05493, 0.03739, 224389.47%
Test - Best epoch, Loss, MSE, RMSE, MAE, MAPE: 58, 0.00263, 0.00263, 0.05080, 0.03161, 7.63%
Time spent: 7.00s
- Epoch 065, ExpID 24449
Train - Loss (one batch): 0.00303
Val - Loss, MSE, RMSE, MAE, MAPE: 0.00296, 0.00296, 0.05369, 0.03561, 223168.21%
Test - Best epoch, Loss, MSE, RMSE, MAE, MAPE: 58, 0.00263, 0.00263, 0.05080, 0.03161, 7.63%
Time spent: 7.16s
- Epoch 066, ExpID 24449
Train - Loss (one batch): 0.00154
Val - Loss, MSE, RMSE, MAE, MAPE: 0.00271, 0.00271, 0.05133, 0.03149, 214286.41%
Test - Best epoch, Loss, MSE, RMSE, MAE, MAPE: 58, 0.00263, 0.00263, 0.05080, 0.03161, 7.63%
Time spent: 6.99s
- Epoch 067, ExpID 24449
Train - Loss (one batch): 0.00184
Val - Loss, MSE, RMSE, MAE, MAPE: 0.00267, 0.00267, 0.05092, 0.03112, 216727.68%
Test - Best epoch, Loss, MSE, RMSE, MAE, MAPE: 67, 0.00262, 0.00262, 0.05066, 0.03131, 7.53%
Time spent: 7.92s
- Epoch 068, ExpID 24449
Train - Loss (one batch): 0.00185
Val - Loss, MSE, RMSE, MAE, MAPE: 0.00274, 0.00274, 0.05162, 0.03220, 214026.79%
Test - Best epoch, Loss, MSE, RMSE, MAE, MAPE: 67, 0.00262, 0.00262, 0.05066, 0.03131, 7.53%
Time spent: 6.99s
- Epoch 069, ExpID 24449
Train - Loss (one batch): 0.00190
Val - Loss, MSE, RMSE, MAE, MAPE: 0.00270, 0.00270, 0.05122, 0.03148, 211202.35%
Test - Best epoch, Loss, MSE, RMSE, MAE, MAPE: 67, 0.00262, 0.00262, 0.05066, 0.03131, 7.53%
Time spent: 7.12s
- Epoch 070, ExpID 24449
Train - Loss (one batch): 0.00279
Val - Loss, MSE, RMSE, MAE, MAPE: 0.00272, 0.00272, 0.05142, 0.03194, 221655.91%
Test - Best epoch, Loss, MSE, RMSE, MAE, MAPE: 67, 0.00262, 0.00262, 0.05066, 0.03131, 7.53%
Time spent: 6.97s
- Epoch 071, ExpID 24449
Train - Loss (one batch): 0.00250
Val - Loss, MSE, RMSE, MAE, MAPE: 0.00291, 0.00291, 0.05323, 0.03488, 222549.49%
Test - Best epoch, Loss, MSE, RMSE, MAE, MAPE: 67, 0.00262, 0.00262, 0.05066, 0.03131, 7.53%
Time spent: 7.12s
- Epoch 072, ExpID 24449
Train - Loss (one batch): 0.00258
Val - Loss, MSE, RMSE, MAE, MAPE: 0.00270, 0.00270, 0.05123, 0.03149, 220316.68%
Test - Best epoch, Loss, MSE, RMSE, MAE, MAPE: 67, 0.00262, 0.00262, 0.05066, 0.03131, 7.53%
Time spent: 6.82s
- Epoch 073, ExpID 24449
Train - Loss (one batch): 0.00236
Val - Loss, MSE, RMSE, MAE, MAPE: 0.00284, 0.00284, 0.05259, 0.03401, 220866.74%
Test - Best epoch, Loss, MSE, RMSE, MAE, MAPE: 67, 0.00262, 0.00262, 0.05066, 0.03131, 7.53%
Time spent: 7.11s
- Epoch 074, ExpID 24449
Train - Loss (one batch): 0.00232
Val - Loss, MSE, RMSE, MAE, MAPE: 0.00274, 0.00274, 0.05161, 0.03229, 216494.59%
Test - Best epoch, Loss, MSE, RMSE, MAE, MAPE: 67, 0.00262, 0.00262, 0.05066, 0.03131, 7.53%
Time spent: 6.93s
- Epoch 075, ExpID 24449
Train - Loss (one batch): 0.00314
Val - Loss, MSE, RMSE, MAE, MAPE: 0.00302, 0.00302, 0.05429, 0.03675, 224933.51%
Test - Best epoch, Loss, MSE, RMSE, MAE, MAPE: 67, 0.00262, 0.00262, 0.05066, 0.03131, 7.53%
Time spent: 7.10s
- Epoch 076, ExpID 24449
Train - Loss (one batch): 0.00237
Val - Loss, MSE, RMSE, MAE, MAPE: 0.00270, 0.00270, 0.05117, 0.03161, 213633.52%
Test - Best epoch, Loss, MSE, RMSE, MAE, MAPE: 67, 0.00262, 0.00262, 0.05066, 0.03131, 7.53%
Time spent: 7.07s
- Epoch 077, ExpID 24449
Train - Loss (one batch): 0.00259
Val - Loss, MSE, RMSE, MAE, MAPE: 0.00267, 0.00267, 0.05087, 0.03114, 216588.38%
Test - Best epoch, Loss, MSE, RMSE, MAE, MAPE: 77, 0.00263, 0.00263, 0.05079, 0.03157, 7.51%
Time spent: 7.98s
- Epoch 078, ExpID 24449
Train - Loss (one batch): 0.00209
Val - Loss, MSE, RMSE, MAE, MAPE: 0.00303, 0.00303, 0.05444, 0.03678, 222242.12%
Test - Best epoch, Loss, MSE, RMSE, MAE, MAPE: 77, 0.00263, 0.00263, 0.05079, 0.03157, 7.51%
Time spent: 6.89s
- Epoch 079, ExpID 24449
Train - Loss (one batch): 0.00221
Val - Loss, MSE, RMSE, MAE, MAPE: 0.00278, 0.00278, 0.05194, 0.03287, 218474.66%
Test - Best epoch, Loss, MSE, RMSE, MAE, MAPE: 77, 0.00263, 0.00263, 0.05079, 0.03157, 7.51%
Time spent: 6.95s
- Epoch 080, ExpID 24449
Train - Loss (one batch): 0.00232
Val - Loss, MSE, RMSE, MAE, MAPE: 0.00266, 0.00266, 0.05078, 0.03098, 210849.27%
Test - Best epoch, Loss, MSE, RMSE, MAE, MAPE: 80, 0.00259, 0.00259, 0.05038, 0.03110, 7.39%
Time spent: 7.97s
- Epoch 081, ExpID 24449
Train - Loss (one batch): 0.00193
Val - Loss, MSE, RMSE, MAE, MAPE: 0.00269, 0.00269, 0.05113, 0.03122, 207805.44%
Test - Best epoch, Loss, MSE, RMSE, MAE, MAPE: 80, 0.00259, 0.00259, 0.05038, 0.03110, 7.39%
Time spent: 7.19s
- Epoch 082, ExpID 24449
Train - Loss (one batch): 0.00170
Val - Loss, MSE, RMSE, MAE, MAPE: 0.00274, 0.00274, 0.05157, 0.03234, 216132.81%
Test - Best epoch, Loss, MSE, RMSE, MAE, MAPE: 80, 0.00259, 0.00259, 0.05038, 0.03110, 7.39%
Time spent: 7.07s
- Epoch 083, ExpID 24449
Train - Loss (one batch): 0.00319
Val - Loss, MSE, RMSE, MAE, MAPE: 0.00274, 0.00274, 0.05159, 0.03241, 219836.55%
Test - Best epoch, Loss, MSE, RMSE, MAE, MAPE: 80, 0.00259, 0.00259, 0.05038, 0.03110, 7.39%
Time spent: 6.90s
- Epoch 084, ExpID 24449
Train - Loss (one batch): 0.00241
Val - Loss, MSE, RMSE, MAE, MAPE: 0.00265, 0.00265, 0.05074, 0.03112, 211413.40%
Test - Best epoch, Loss, MSE, RMSE, MAE, MAPE: 84, 0.00261, 0.00261, 0.05054, 0.03132, 7.46%
Time spent: 7.97s
- Epoch 085, ExpID 24449
Train - Loss (one batch): 0.00235
Val - Loss, MSE, RMSE, MAE, MAPE: 0.00266, 0.00266, 0.05082, 0.03112, 209092.24%
Test - Best epoch, Loss, MSE, RMSE, MAE, MAPE: 84, 0.00261, 0.00261, 0.05054, 0.03132, 7.46%
Time spent: 7.10s
- Epoch 086, ExpID 24449
Train - Loss (one batch): 0.00235
Val - Loss, MSE, RMSE, MAE, MAPE: 0.00278, 0.00278, 0.05187, 0.03259, 223844.39%
Test - Best epoch, Loss, MSE, RMSE, MAE, MAPE: 84, 0.00261, 0.00261, 0.05054, 0.03132, 7.46%
Time spent: 7.10s
- Epoch 087, ExpID 24449
Train - Loss (one batch): 0.00205
Val - Loss, MSE, RMSE, MAE, MAPE: 0.00265, 0.00265, 0.05067, 0.03109, 215672.46%
Test - Best epoch, Loss, MSE, RMSE, MAE, MAPE: 87, 0.00259, 0.00259, 0.05041, 0.03130, 7.51%
Time spent: 7.93s
- Epoch 088, ExpID 24449
Train - Loss (one batch): 0.00229
Val - Loss, MSE, RMSE, MAE, MAPE: 0.00265, 0.00265, 0.05066, 0.03087, 217495.22%
Test - Best epoch, Loss, MSE, RMSE, MAE, MAPE: 88, 0.00260, 0.00260, 0.05050, 0.03120, 7.47%
Time spent: 8.03s
- Epoch 089, ExpID 24449
Train - Loss (one batch): 0.00270
Val - Loss, MSE, RMSE, MAE, MAPE: 0.00270, 0.00270, 0.05120, 0.03189, 212502.98%
Test - Best epoch, Loss, MSE, RMSE, MAE, MAPE: 88, 0.00260, 0.00260, 0.05050, 0.03120, 7.47%
Time spent: 7.12s
- Epoch 090, ExpID 24449
Train - Loss (one batch): 0.00194
Val - Loss, MSE, RMSE, MAE, MAPE: 0.00293, 0.00293, 0.05347, 0.03530, 221669.87%
Test - Best epoch, Loss, MSE, RMSE, MAE, MAPE: 88, 0.00260, 0.00260, 0.05050, 0.03120, 7.47%
Time spent: 7.10s
- Epoch 091, ExpID 24449
Train - Loss (one batch): 0.00208
Val - Loss, MSE, RMSE, MAE, MAPE: 0.00268, 0.00268, 0.05096, 0.03117, 216779.81%
Test - Best epoch, Loss, MSE, RMSE, MAE, MAPE: 88, 0.00260, 0.00260, 0.05050, 0.03120, 7.47%
Time spent: 7.10s
- Epoch 092, ExpID 24449
Train - Loss (one batch): 0.00259
Val - Loss, MSE, RMSE, MAE, MAPE: 0.00269, 0.00269, 0.05114, 0.03188, 222335.85%
Test - Best epoch, Loss, MSE, RMSE, MAE, MAPE: 88, 0.00260, 0.00260, 0.05050, 0.03120, 7.47%
Time spent: 6.96s
- Epoch 093, ExpID 24449
Train - Loss (one batch): 0.00229
Val - Loss, MSE, RMSE, MAE, MAPE: 0.00281, 0.00281, 0.05227, 0.03322, 215688.28%
Test - Best epoch, Loss, MSE, RMSE, MAE, MAPE: 88, 0.00260, 0.00260, 0.05050, 0.03120, 7.47%
Time spent: 6.92s
- Epoch 094, ExpID 24449
Train - Loss (one batch): 0.00275
Val - Loss, MSE, RMSE, MAE, MAPE: 0.00267, 0.00267, 0.05090, 0.03117, 213009.39%
Test - Best epoch, Loss, MSE, RMSE, MAE, MAPE: 88, 0.00260, 0.00260, 0.05050, 0.03120, 7.47%
Time spent: 7.01s
- Epoch 095, ExpID 24449
Train - Loss (one batch): 0.00268
Val - Loss, MSE, RMSE, MAE, MAPE: 0.00267, 0.00267, 0.05095, 0.03159, 216880.61%
Test - Best epoch, Loss, MSE, RMSE, MAE, MAPE: 88, 0.00260, 0.00260, 0.05050, 0.03120, 7.47%
Time spent: 6.97s
- Epoch 096, ExpID 24449
Train - Loss (one batch): 0.00198
Val - Loss, MSE, RMSE, MAE, MAPE: 0.00312, 0.00312, 0.05514, 0.03737, 226104.05%
Test - Best epoch, Loss, MSE, RMSE, MAE, MAPE: 88, 0.00260, 0.00260, 0.05050, 0.03120, 7.47%
Time spent: 6.98s
- Epoch 097, ExpID 24449
Train - Loss (one batch): 0.00172
Val - Loss, MSE, RMSE, MAE, MAPE: 0.00268, 0.00268, 0.05098, 0.03123, 212542.33%
Test - Best epoch, Loss, MSE, RMSE, MAE, MAPE: 88, 0.00260, 0.00260, 0.05050, 0.03120, 7.47%
Time spent: 6.96s
- Epoch 098, ExpID 24449
Train - Loss (one batch): 0.00158
Val - Loss, MSE, RMSE, MAE, MAPE: 0.00280, 0.00280, 0.05217, 0.03325, 221713.76%
Test - Best epoch, Loss, MSE, RMSE, MAE, MAPE: 88, 0.00260, 0.00260, 0.05050, 0.03120, 7.47%
Time spent: 6.93s
- Epoch 099, ExpID 24449
Train - Loss (one batch): 0.00196
Val - Loss, MSE, RMSE, MAE, MAPE: 0.00271, 0.00271, 0.05131, 0.03187, 212256.22%
Test - Best epoch, Loss, MSE, RMSE, MAE, MAPE: 88, 0.00260, 0.00260, 0.05050, 0.03120, 7.47%
Time spent: 7.11s
- Epoch 100, ExpID 24449
Train - Loss (one batch): 0.00225
Val - Loss, MSE, RMSE, MAE, MAPE: 0.00265, 0.00265, 0.05069, 0.03070, 209825.23%
Test - Best epoch, Loss, MSE, RMSE, MAE, MAPE: 88, 0.00260, 0.00260, 0.05050, 0.03120, 7.47%
Time spent: 7.04s
- Epoch 101, ExpID 24449
Train - Loss (one batch): 0.00232
Val - Loss, MSE, RMSE, MAE, MAPE: 0.00277, 0.00277, 0.05189, 0.03280, 217684.12%
Test - Best epoch, Loss, MSE, RMSE, MAE, MAPE: 88, 0.00260, 0.00260, 0.05050, 0.03120, 7.47%
Time spent: 7.08s
- Epoch 102, ExpID 24449
Train - Loss (one batch): 0.00258
Val - Loss, MSE, RMSE, MAE, MAPE: 0.00268, 0.00268, 0.05102, 0.03122, 216562.58%
Test - Best epoch, Loss, MSE, RMSE, MAE, MAPE: 88, 0.00260, 0.00260, 0.05050, 0.03120, 7.47%
Time spent: 7.07s
- Epoch 103, ExpID 24449
Train - Loss (one batch): 0.00226
Val - Loss, MSE, RMSE, MAE, MAPE: 0.00297, 0.00297, 0.05381, 0.03582, 221302.75%
Test - Best epoch, Loss, MSE, RMSE, MAE, MAPE: 88, 0.00260, 0.00260, 0.05050, 0.03120, 7.47%
Time spent: 7.26s
- Epoch 104, ExpID 24449
Train - Loss (one batch): 0.00219
Val - Loss, MSE, RMSE, MAE, MAPE: 0.00272, 0.00272, 0.05136, 0.03173, 208559.83%
Test - Best epoch, Loss, MSE, RMSE, MAE, MAPE: 88, 0.00260, 0.00260, 0.05050, 0.03120, 7.47%
Time spent: 7.08s
- Epoch 105, ExpID 24449
Train - Loss (one batch): 0.00230
Val - Loss, MSE, RMSE, MAE, MAPE: 0.00271, 0.00271, 0.05130, 0.03173, 213431.33%
Test - Best epoch, Loss, MSE, RMSE, MAE, MAPE: 88, 0.00260, 0.00260, 0.05050, 0.03120, 7.47%
Time spent: 7.17s
- Epoch 106, ExpID 24449
Train - Loss (one batch): 0.00235
Val - Loss, MSE, RMSE, MAE, MAPE: 0.00285, 0.00285, 0.05264, 0.03410, 209686.39%
Test - Best epoch, Loss, MSE, RMSE, MAE, MAPE: 88, 0.00260, 0.00260, 0.05050, 0.03120, 7.47%
Time spent: 7.07s
- Epoch 107, ExpID 24449
Train - Loss (one batch): 0.00242
Val - Loss, MSE, RMSE, MAE, MAPE: 0.00280, 0.00280, 0.05222, 0.03304, 222587.71%
Test - Best epoch, Loss, MSE, RMSE, MAE, MAPE: 88, 0.00260, 0.00260, 0.05050, 0.03120, 7.47%
Time spent: 7.12s
- Epoch 108, ExpID 24449
Train - Loss (one batch): 0.00237
Val - Loss, MSE, RMSE, MAE, MAPE: 0.00303, 0.00303, 0.05438, 0.03629, 222183.74%
Test - Best epoch, Loss, MSE, RMSE, MAE, MAPE: 88, 0.00260, 0.00260, 0.05050, 0.03120, 7.47%
Time spent: 6.97s
- Epoch 109, ExpID 24449
Train - Loss (one batch): 0.00215
Val - Loss, MSE, RMSE, MAE, MAPE: 0.00281, 0.00281, 0.05232, 0.03331, 206006.98%
Test - Best epoch, Loss, MSE, RMSE, MAE, MAPE: 88, 0.00260, 0.00260, 0.05050, 0.03120, 7.47%
Time spent: 6.91s
- Epoch 110, ExpID 24449
Train - Loss (one batch): 0.00182
Val - Loss, MSE, RMSE, MAE, MAPE: 0.00271, 0.00271, 0.05131, 0.03171, 217098.65%
Test - Best epoch, Loss, MSE, RMSE, MAE, MAPE: 88, 0.00260, 0.00260, 0.05050, 0.03120, 7.47%
Time spent: 7.41s
- Epoch 111, ExpID 24449
Train - Loss (one batch): 0.00186
Val - Loss, MSE, RMSE, MAE, MAPE: 0.00269, 0.00269, 0.05106, 0.03118, 217081.90%
Test - Best epoch, Loss, MSE, RMSE, MAE, MAPE: 88, 0.00260, 0.00260, 0.05050, 0.03120, 7.47%
Time spent: 7.02s
- Epoch 112, ExpID 24449
Train - Loss (one batch): 0.00230
Val - Loss, MSE, RMSE, MAE, MAPE: 0.00282, 0.00282, 0.05229, 0.03288, 223418.03%
Test - Best epoch, Loss, MSE, RMSE, MAE, MAPE: 88, 0.00260, 0.00260, 0.05050, 0.03120, 7.47%
Time spent: 7.03s
- Epoch 113, ExpID 24449
Train - Loss (one batch): 0.00269
Val - Loss, MSE, RMSE, MAE, MAPE: 0.00269, 0.00269, 0.05111, 0.03174, 217682.96%
Test - Best epoch, Loss, MSE, RMSE, MAE, MAPE: 88, 0.00260, 0.00260, 0.05050, 0.03120, 7.47%
Time spent: 7.19s
- Epoch 114, ExpID 24449
Train - Loss (one batch): 0.00164
Val - Loss, MSE, RMSE, MAE, MAPE: 0.00272, 0.00272, 0.05137, 0.03205, 217925.22%
Test - Best epoch, Loss, MSE, RMSE, MAE, MAPE: 88, 0.00260, 0.00260, 0.05050, 0.03120, 7.47%
Time spent: 7.28s
- Epoch 115, ExpID 24449
Train - Loss (one batch): 0.00241
Val - Loss, MSE, RMSE, MAE, MAPE: 0.00268, 0.00268, 0.05097, 0.03101, 211943.26%
Test - Best epoch, Loss, MSE, RMSE, MAE, MAPE: 88, 0.00260, 0.00260, 0.05050, 0.03120, 7.47%
Time spent: 7.00s
- Epoch 116, ExpID 24449
Train - Loss (one batch): 0.00235
Val - Loss, MSE, RMSE, MAE, MAPE: 0.00303, 0.00303, 0.05436, 0.03640, 221764.64%
Test - Best epoch, Loss, MSE, RMSE, MAE, MAPE: 88, 0.00260, 0.00260, 0.05050, 0.03120, 7.47%
Time spent: 6.94s
- Epoch 117, ExpID 24449
Train - Loss (one batch): 0.00227
Val - Loss, MSE, RMSE, MAE, MAPE: 0.00280, 0.00280, 0.05217, 0.03334, 224170.13%
Test - Best epoch, Loss, MSE, RMSE, MAE, MAPE: 88, 0.00260, 0.00260, 0.05050, 0.03120, 7.47%
Time spent: 7.22s
- Epoch 118, ExpID 24449
Train - Loss (one batch): 0.00242
Val - Loss, MSE, RMSE, MAE, MAPE: 0.00273, 0.00273, 0.05143, 0.03216, 219975.81%
Test - Best epoch, Loss, MSE, RMSE, MAE, MAPE: 88, 0.00260, 0.00260, 0.05050, 0.03120, 7.47%
Time spent: 7.15s
- Epoch 119, ExpID 24449
Train - Loss (one batch): 0.00224
Val - Loss, MSE, RMSE, MAE, MAPE: 0.00277, 0.00277, 0.05191, 0.03303, 223665.31%
Test - Best epoch, Loss, MSE, RMSE, MAE, MAPE: 88, 0.00260, 0.00260, 0.05050, 0.03120, 7.47%
Time spent: 7.04s
- Epoch 120, ExpID 24449
Train - Loss (one batch): 0.00227
Val - Loss, MSE, RMSE, MAE, MAPE: 0.00269, 0.00269, 0.05106, 0.03129, 218016.42%
Test - Best epoch, Loss, MSE, RMSE, MAE, MAPE: 88, 0.00260, 0.00260, 0.05050, 0.03120, 7.47%
Time spent: 7.04s
- Epoch 121, ExpID 24449
Train - Loss (one batch): 0.00227
Val - Loss, MSE, RMSE, MAE, MAPE: 0.00268, 0.00268, 0.05102, 0.03151, 217951.05%
Test - Best epoch, Loss, MSE, RMSE, MAE, MAPE: 88, 0.00260, 0.00260, 0.05050, 0.03120, 7.47%
Time spent: 7.02s
- Epoch 122, ExpID 24449
Train - Loss (one batch): 0.00203
Val - Loss, MSE, RMSE, MAE, MAPE: 0.00279, 0.00279, 0.05204, 0.03305, 218099.61%
Test - Best epoch, Loss, MSE, RMSE, MAE, MAPE: 88, 0.00260, 0.00260, 0.05050, 0.03120, 7.47%
Time spent: 7.07s
- Epoch 123, ExpID 24449
Train - Loss (one batch): 0.00265
Val - Loss, MSE, RMSE, MAE, MAPE: 0.00280, 0.00280, 0.05213, 0.03326, 217115.37%
Test - Best epoch, Loss, MSE, RMSE, MAE, MAPE: 88, 0.00260, 0.00260, 0.05050, 0.03120, 7.47%
Time spent: 6.95s
- Epoch 124, ExpID 24449
Train - Loss (one batch): 0.00308
Val - Loss, MSE, RMSE, MAE, MAPE: 0.00272, 0.00272, 0.05134, 0.03196, 221231.31%
Test - Best epoch, Loss, MSE, RMSE, MAE, MAPE: 88, 0.00260, 0.00260, 0.05050, 0.03120, 7.47%
Time spent: 7.07s
- Epoch 125, ExpID 24449
Train - Loss (one batch): 0.00201
Val - Loss, MSE, RMSE, MAE, MAPE: 0.00269, 0.00269, 0.05108, 0.03117, 210255.14%
Test - Best epoch, Loss, MSE, RMSE, MAE, MAPE: 88, 0.00260, 0.00260, 0.05050, 0.03120, 7.47%
Time spent: 7.12s
- Epoch 126, ExpID 24449
Train - Loss (one batch): 0.00216
Val - Loss, MSE, RMSE, MAE, MAPE: 0.00270, 0.00270, 0.05116, 0.03150, 216283.40%
Test - Best epoch, Loss, MSE, RMSE, MAE, MAPE: 88, 0.00260, 0.00260, 0.05050, 0.03120, 7.47%
Time spent: 7.18s
- Epoch 127, ExpID 24449
Train - Loss (one batch): 0.00212
Val - Loss, MSE, RMSE, MAE, MAPE: 0.00277, 0.00277, 0.05189, 0.03254, 217042.97%
Test - Best epoch, Loss, MSE, RMSE, MAE, MAPE: 88, 0.00260, 0.00260, 0.05050, 0.03120, 7.47%
Time spent: 7.05s
- Epoch 128, ExpID 24449
Train - Loss (one batch): 0.00203
Val - Loss, MSE, RMSE, MAE, MAPE: 0.00269, 0.00269, 0.05105, 0.03117, 212804.11%
Test - Best epoch, Loss, MSE, RMSE, MAE, MAPE: 88, 0.00260, 0.00260, 0.05050, 0.03120, 7.47%
Time spent: 7.04s
- Epoch 129, ExpID 24449
Train - Loss (one batch): 0.00253
Val - Loss, MSE, RMSE, MAE, MAPE: 0.00273, 0.00273, 0.05144, 0.03193, 215438.62%
Test - Best epoch, Loss, MSE, RMSE, MAE, MAPE: 88, 0.00260, 0.00260, 0.05050, 0.03120, 7.47%
Time spent: 7.07s
- Epoch 130, ExpID 24449
Train - Loss (one batch): 0.00201
Val - Loss, MSE, RMSE, MAE, MAPE: 0.00299, 0.00299, 0.05397, 0.03528, 214643.82%
Test - Best epoch, Loss, MSE, RMSE, MAE, MAPE: 88, 0.00260, 0.00260, 0.05050, 0.03120, 7.47%
Time spent: 7.14s
- Epoch 131, ExpID 24449
Train - Loss (one batch): 0.00162
Val - Loss, MSE, RMSE, MAE, MAPE: 0.00274, 0.00274, 0.05151, 0.03193, 216522.41%
Test - Best epoch, Loss, MSE, RMSE, MAE, MAPE: 88, 0.00260, 0.00260, 0.05050, 0.03120, 7.47%
Time spent: 6.99s
- Epoch 132, ExpID 24449
Train - Loss (one batch): 0.00213
Val - Loss, MSE, RMSE, MAE, MAPE: 0.00272, 0.00272, 0.05140, 0.03165, 218477.46%
Test - Best epoch, Loss, MSE, RMSE, MAE, MAPE: 88, 0.00260, 0.00260, 0.05050, 0.03120, 7.47%
Time spent: 7.18s
- Epoch 133, ExpID 24449
Train - Loss (one batch): 0.00187
Val - Loss, MSE, RMSE, MAE, MAPE: 0.00275, 0.00275, 0.05165, 0.03204, 221380.61%
Test - Best epoch, Loss, MSE, RMSE, MAE, MAPE: 88, 0.00260, 0.00260, 0.05050, 0.03120, 7.47%
Time spent: 7.09s
- Epoch 134, ExpID 24449
Train - Loss (one batch): 0.00209
Val - Loss, MSE, RMSE, MAE, MAPE: 0.00281, 0.00281, 0.05217, 0.03303, 226110.16%
Test - Best epoch, Loss, MSE, RMSE, MAE, MAPE: 88, 0.00260, 0.00260, 0.05050, 0.03120, 7.47%
Time spent: 6.92s
- Epoch 135, ExpID 24449
Train - Loss (one batch): 0.00219
Val - Loss, MSE, RMSE, MAE, MAPE: 0.00277, 0.00277, 0.05183, 0.03243, 224034.89%
Test - Best epoch, Loss, MSE, RMSE, MAE, MAPE: 88, 0.00260, 0.00260, 0.05050, 0.03120, 7.47%
Time spent: 6.94s
- Epoch 136, ExpID 24449
Train - Loss (one batch): 0.00197
Val - Loss, MSE, RMSE, MAE, MAPE: 0.00280, 0.00280, 0.05215, 0.03298, 220952.83%
Test - Best epoch, Loss, MSE, RMSE, MAE, MAPE: 88, 0.00260, 0.00260, 0.05050, 0.03120, 7.47%
Time spent: 6.92s
- Epoch 137, ExpID 24449
Train - Loss (one batch): 0.00180
Val - Loss, MSE, RMSE, MAE, MAPE: 0.00278, 0.00278, 0.05191, 0.03286, 218208.89%
Test - Best epoch, Loss, MSE, RMSE, MAE, MAPE: 88, 0.00260, 0.00260, 0.05050, 0.03120, 7.47%
Time spent: 7.01s
- Epoch 138, ExpID 24449
Train - Loss (one batch): 0.00215
Val - Loss, MSE, RMSE, MAE, MAPE: 0.00272, 0.00272, 0.05133, 0.03177, 217415.88%
Test - Best epoch, Loss, MSE, RMSE, MAE, MAPE: 88, 0.00260, 0.00260, 0.05050, 0.03120, 7.47%
Time spent: 7.06s
- Epoch 139, ExpID 24449
Train - Loss (one batch): 0.00232
Val - Loss, MSE, RMSE, MAE, MAPE: 0.00274, 0.00274, 0.05147, 0.03156, 213926.63%
Test - Best epoch, Loss, MSE, RMSE, MAE, MAPE: 88, 0.00260, 0.00260, 0.05050, 0.03120, 7.47%
Time spent: 7.16s
- Epoch 140, ExpID 24449
Train - Loss (one batch): 0.00165
Val - Loss, MSE, RMSE, MAE, MAPE: 0.00276, 0.00276, 0.05171, 0.03219, 218818.54%
Test - Best epoch, Loss, MSE, RMSE, MAE, MAPE: 88, 0.00260, 0.00260, 0.05050, 0.03120, 7.47%
Time spent: 6.93s
- Epoch 141, ExpID 24449
Train - Loss (one batch): 0.00222
Val - Loss, MSE, RMSE, MAE, MAPE: 0.00270, 0.00270, 0.05118, 0.03143, 210601.75%
Test - Best epoch, Loss, MSE, RMSE, MAE, MAPE: 88, 0.00260, 0.00260, 0.05050, 0.03120, 7.47%
Time spent: 6.99s
- Epoch 142, ExpID 24449
Train - Loss (one batch): 0.00186
Val - Loss, MSE, RMSE, MAE, MAPE: 0.00273, 0.00273, 0.05146, 0.03214, 216098.09%
Test - Best epoch, Loss, MSE, RMSE, MAE, MAPE: 88, 0.00260, 0.00260, 0.05050, 0.03120, 7.47%
Time spent: 6.93s
- Epoch 143, ExpID 24449
Train - Loss (one batch): 0.00224
Val - Loss, MSE, RMSE, MAE, MAPE: 0.00272, 0.00272, 0.05141, 0.03198, 217944.30%
Test - Best epoch, Loss, MSE, RMSE, MAE, MAPE: 88, 0.00260, 0.00260, 0.05050, 0.03120, 7.47%
Time spent: 6.98s
- Epoch 144, ExpID 24449
Train - Loss (one batch): 0.00213
Val - Loss, MSE, RMSE, MAE, MAPE: 0.00274, 0.00274, 0.05157, 0.03180, 210363.87%
Test - Best epoch, Loss, MSE, RMSE, MAE, MAPE: 88, 0.00260, 0.00260, 0.05050, 0.03120, 7.47%
Time spent: 6.96s
- Epoch 145, ExpID 24449
Train - Loss (one batch): 0.00232
Val - Loss, MSE, RMSE, MAE, MAPE: 0.00275, 0.00275, 0.05161, 0.03216, 220392.46%
Test - Best epoch, Loss, MSE, RMSE, MAE, MAPE: 88, 0.00260, 0.00260, 0.05050, 0.03120, 7.47%
Time spent: 6.97s
- Epoch 146, ExpID 24449
Train - Loss (one batch): 0.00268
Val - Loss, MSE, RMSE, MAE, MAPE: 0.00275, 0.00275, 0.05167, 0.03229, 218786.46%
Test - Best epoch, Loss, MSE, RMSE, MAE, MAPE: 88, 0.00260, 0.00260, 0.05050, 0.03120, 7.47%
Time spent: 6.99s
- Epoch 147, ExpID 24449
Train - Loss (one batch): 0.00177
Val - Loss, MSE, RMSE, MAE, MAPE: 0.00270, 0.00270, 0.05119, 0.03154, 217608.73%
Test - Best epoch, Loss, MSE, RMSE, MAE, MAPE: 88, 0.00260, 0.00260, 0.05050, 0.03120, 7.47%
Time spent: 6.90s
- Epoch 148, ExpID 24449
Train - Loss (one batch): 0.00240
Val - Loss, MSE, RMSE, MAE, MAPE: 0.00275, 0.00275, 0.05165, 0.03230, 219070.14%
Test - Best epoch, Loss, MSE, RMSE, MAE, MAPE: 88, 0.00260, 0.00260, 0.05050, 0.03120, 7.47%
Time spent: 7.25s
- Epoch 149, ExpID 24449
Train - Loss (one batch): 0.00217
Val - Loss, MSE, RMSE, MAE, MAPE: 0.00277, 0.00277, 0.05187, 0.03263, 211994.15%
Test - Best epoch, Loss, MSE, RMSE, MAE, MAPE: 88, 0.00260, 0.00260, 0.05050, 0.03120, 7.47%
Time spent: 7.11s
- Epoch 150, ExpID 24449
Train - Loss (one batch): 0.00280
Val - Loss, MSE, RMSE, MAE, MAPE: 0.00277, 0.00277, 0.05181, 0.03220, 217575.06%
Test - Best epoch, Loss, MSE, RMSE, MAE, MAPE: 88, 0.00260, 0.00260, 0.05050, 0.03120, 7.47%
Time spent: 6.99s
- Epoch 151, ExpID 24449
Train - Loss (one batch): 0.00200
Val - Loss, MSE, RMSE, MAE, MAPE: 0.00273, 0.00273, 0.05143, 0.03166, 220705.63%
Test - Best epoch, Loss, MSE, RMSE, MAE, MAPE: 88, 0.00260, 0.00260, 0.05050, 0.03120, 7.47%
Time spent: 7.01s
- Epoch 152, ExpID 24449
Train - Loss (one batch): 0.00208
Val - Loss, MSE, RMSE, MAE, MAPE: 0.00275, 0.00275, 0.05165, 0.03221, 221326.25%
Test - Best epoch, Loss, MSE, RMSE, MAE, MAPE: 88, 0.00260, 0.00260, 0.05050, 0.03120, 7.47%
Time spent: 7.06s
- Epoch 153, ExpID 24449
Train - Loss (one batch): 0.00230
Val - Loss, MSE, RMSE, MAE, MAPE: 0.00271, 0.00271, 0.05121, 0.03144, 221281.17%
Test - Best epoch, Loss, MSE, RMSE, MAE, MAPE: 88, 0.00260, 0.00260, 0.05050, 0.03120, 7.47%
Time spent: 7.14s
- Epoch 154, ExpID 24449
Train - Loss (one batch): 0.00215
Val - Loss, MSE, RMSE, MAE, MAPE: 0.00278, 0.00278, 0.05190, 0.03223, 220654.15%
Test - Best epoch, Loss, MSE, RMSE, MAE, MAPE: 88, 0.00260, 0.00260, 0.05050, 0.03120, 7.47%
Time spent: 6.99s
- Epoch 155, ExpID 24449
Train - Loss (one batch): 0.00254
Val - Loss, MSE, RMSE, MAE, MAPE: 0.00273, 0.00273, 0.05145, 0.03169, 222060.88%
Test - Best epoch, Loss, MSE, RMSE, MAE, MAPE: 88, 0.00260, 0.00260, 0.05050, 0.03120, 7.47%
Time spent: 6.98s
- Epoch 156, ExpID 24449
Train - Loss (one batch): 0.00183
Val - Loss, MSE, RMSE, MAE, MAPE: 0.00277, 0.00277, 0.05182, 0.03257, 221898.47%
Test - Best epoch, Loss, MSE, RMSE, MAE, MAPE: 88, 0.00260, 0.00260, 0.05050, 0.03120, 7.47%
Time spent: 7.07s
- Epoch 157, ExpID 24449
Train - Loss (one batch): 0.00197
Val - Loss, MSE, RMSE, MAE, MAPE: 0.00275, 0.00275, 0.05166, 0.03206, 223387.11%
Test - Best epoch, Loss, MSE, RMSE, MAE, MAPE: 88, 0.00260, 0.00260, 0.05050, 0.03120, 7.47%
Time spent: 7.07s
- Epoch 158, ExpID 24449
Train - Loss (one batch): 0.00215
Val - Loss, MSE, RMSE, MAE, MAPE: 0.00276, 0.00276, 0.05170, 0.03190, 213144.55%
Test - Best epoch, Loss, MSE, RMSE, MAE, MAPE: 88, 0.00260, 0.00260, 0.05050, 0.03120, 7.47%
Time spent: 6.96s
- Epoch 159, ExpID 24449
Train - Loss (one batch): 0.00241
Val - Loss, MSE, RMSE, MAE, MAPE: 0.00276, 0.00276, 0.05171, 0.03196, 226323.66%
Test - Best epoch, Loss, MSE, RMSE, MAE, MAPE: 88, 0.00260, 0.00260, 0.05050, 0.03120, 7.47%
Time spent: 7.21s
- Epoch 160, ExpID 24449
Train - Loss (one batch): 0.00157
Val - Loss, MSE, RMSE, MAE, MAPE: 0.00277, 0.00277, 0.05180, 0.03236, 218140.35%
Test - Best epoch, Loss, MSE, RMSE, MAE, MAPE: 88, 0.00260, 0.00260, 0.05050, 0.03120, 7.47%
Time spent: 7.20s
- Epoch 161, ExpID 24449
Train - Loss (one batch): 0.00214
Val - Loss, MSE, RMSE, MAE, MAPE: 0.00277, 0.00277, 0.05185, 0.03248, 223755.17%
Test - Best epoch, Loss, MSE, RMSE, MAE, MAPE: 88, 0.00260, 0.00260, 0.05050, 0.03120, 7.47%
Time spent: 7.11s
- Epoch 162, ExpID 24449
Train - Loss (one batch): 0.00232
Val - Loss, MSE, RMSE, MAE, MAPE: 0.00278, 0.00278, 0.05199, 0.03273, 220602.52%
Test - Best epoch, Loss, MSE, RMSE, MAE, MAPE: 88, 0.00260, 0.00260, 0.05050, 0.03120, 7.47%
Time spent: 7.23s
- Epoch 163, ExpID 24449
Train - Loss (one batch): 0.00203
Val - Loss, MSE, RMSE, MAE, MAPE: 0.00273, 0.00273, 0.05142, 0.03167, 225338.09%
Test - Best epoch, Loss, MSE, RMSE, MAE, MAPE: 88, 0.00260, 0.00260, 0.05050, 0.03120, 7.47%
Time spent: 7.21s
- Epoch 164, ExpID 24449
Train - Loss (one batch): 0.00202
Val - Loss, MSE, RMSE, MAE, MAPE: 0.00279, 0.00279, 0.05197, 0.03260, 230983.37%
Test - Best epoch, Loss, MSE, RMSE, MAE, MAPE: 88, 0.00260, 0.00260, 0.05050, 0.03120, 7.47%
Time spent: 7.05s
- Epoch 165, ExpID 24449
Train - Loss (one batch): 0.00208
Val - Loss, MSE, RMSE, MAE, MAPE: 0.00283, 0.00283, 0.05239, 0.03294, 222241.79%
Test - Best epoch, Loss, MSE, RMSE, MAE, MAPE: 88, 0.00260, 0.00260, 0.05050, 0.03120, 7.47%
Time spent: 6.90s
- Epoch 166, ExpID 24449
Train - Loss (one batch): 0.00212
Val - Loss, MSE, RMSE, MAE, MAPE: 0.00274, 0.00274, 0.05155, 0.03213, 224571.64%
Test - Best epoch, Loss, MSE, RMSE, MAE, MAPE: 88, 0.00260, 0.00260, 0.05050, 0.03120, 7.47%
Time spent: 7.10s
- Epoch 167, ExpID 24449
Train - Loss (one batch): 0.00225
Val - Loss, MSE, RMSE, MAE, MAPE: 0.00285, 0.00285, 0.05254, 0.03349, 230976.13%
Test - Best epoch, Loss, MSE, RMSE, MAE, MAPE: 88, 0.00260, 0.00260, 0.05050, 0.03120, 7.47%
Time spent: 7.15s
- Epoch 168, ExpID 24449
Train - Loss (one batch): 0.00224
Val - Loss, MSE, RMSE, MAE, MAPE: 0.00275, 0.00275, 0.05166, 0.03184, 222082.95%
Test - Best epoch, Loss, MSE, RMSE, MAE, MAPE: 88, 0.00260, 0.00260, 0.05050, 0.03120, 7.47%
Time spent: 7.18s
- Epoch 169, ExpID 24449
Train - Loss (one batch): 0.00211
Val - Loss, MSE, RMSE, MAE, MAPE: 0.00274, 0.00274, 0.05151, 0.03159, 226470.46%
Test - Best epoch, Loss, MSE, RMSE, MAE, MAPE: 88, 0.00260, 0.00260, 0.05050, 0.03120, 7.47%
Time spent: 6.99s
- Epoch 170, ExpID 24449
Train - Loss (one batch): 0.00207
Val - Loss, MSE, RMSE, MAE, MAPE: 0.00274, 0.00274, 0.05160, 0.03197, 223073.77%
Test - Best epoch, Loss, MSE, RMSE, MAE, MAPE: 88, 0.00260, 0.00260, 0.05050, 0.03120, 7.47%
Time spent: 6.99s
- Epoch 171, ExpID 24449
Train - Loss (one batch): 0.00257
Val - Loss, MSE, RMSE, MAE, MAPE: 0.00275, 0.00275, 0.05162, 0.03195, 229224.90%
Test - Best epoch, Loss, MSE, RMSE, MAE, MAPE: 88, 0.00260, 0.00260, 0.05050, 0.03120, 7.47%
Time spent: 7.26s
- Epoch 172, ExpID 24449
Train - Loss (one batch): 0.00205
Val - Loss, MSE, RMSE, MAE, MAPE: 0.00282, 0.00282, 0.05230, 0.03301, 221332.60%
Test - Best epoch, Loss, MSE, RMSE, MAE, MAPE: 88, 0.00260, 0.00260, 0.05050, 0.03120, 7.47%
Time spent: 7.07s
- Epoch 173, ExpID 24449
Train - Loss (one batch): 0.00197
Val - Loss, MSE, RMSE, MAE, MAPE: 0.00274, 0.00274, 0.05149, 0.03179, 221704.07%
Test - Best epoch, Loss, MSE, RMSE, MAE, MAPE: 88, 0.00260, 0.00260, 0.05050, 0.03120, 7.47%
Time spent: 6.98s
- Epoch 174, ExpID 24449
Train - Loss (one batch): 0.00176
Val - Loss, MSE, RMSE, MAE, MAPE: 0.00277, 0.00277, 0.05179, 0.03193, 236507.80%
Test - Best epoch, Loss, MSE, RMSE, MAE, MAPE: 88, 0.00260, 0.00260, 0.05050, 0.03120, 7.47%
Time spent: 7.09s
- Epoch 175, ExpID 24449
Train - Loss (one batch): 0.00179
Val - Loss, MSE, RMSE, MAE, MAPE: 0.00281, 0.00281, 0.05214, 0.03276, 229590.58%
Test - Best epoch, Loss, MSE, RMSE, MAE, MAPE: 88, 0.00260, 0.00260, 0.05050, 0.03120, 7.47%
Time spent: 7.06s
- Epoch 176, ExpID 24449
Train - Loss (one batch): 0.00174
Val - Loss, MSE, RMSE, MAE, MAPE: 0.00290, 0.00290, 0.05302, 0.03386, 227337.91%
Test - Best epoch, Loss, MSE, RMSE, MAE, MAPE: 88, 0.00260, 0.00260, 0.05050, 0.03120, 7.47%
Time spent: 6.98s
- Epoch 177, ExpID 24449
Train - Loss (one batch): 0.00194
Val - Loss, MSE, RMSE, MAE, MAPE: 0.00277, 0.00277, 0.05175, 0.03200, 227609.57%
Test - Best epoch, Loss, MSE, RMSE, MAE, MAPE: 88, 0.00260, 0.00260, 0.05050, 0.03120, 7.47%
Time spent: 7.03s
- Epoch 178, ExpID 24449
Train - Loss (one batch): 0.00195
Val - Loss, MSE, RMSE, MAE, MAPE: 0.00277, 0.00277, 0.05181, 0.03212, 223900.45%
Test - Best epoch, Loss, MSE, RMSE, MAE, MAPE: 88, 0.00260, 0.00260, 0.05050, 0.03120, 7.47%
Time spent: 7.06s
