/home/ouass/Test/MSP-IMTS/tPatchGNN/run_models.py
2025-10-28 13:12:54
run_models.py --dataset activity --history 3000 --hid_dim 32 --te_dim 10 --node_dim 10 --nlayer 1 --tf_layer 1 --nhead 1 --batch_size 64 --lr 1e-3 --patience 40 --epoch 300 --seed 1 --gpu 0 --multi_scales 300,1200 --multi_strides 150,600 --fusion concat
Namespace(multi_scales='300,1200', multi_strides='150,600', fusion='concat', state='def', n=100000000, hop=1, nhead=1, tf_layer=1, nlayer=1, epoch=300, patience=40, history=3000, patch_size=24, stride=24, logmode='a', lr=0.001, w_decay=0.0, batch_size=64, save='experiments/', load=None, seed=1, dataset='activity', quantization=0.0, model='tPatchGNN', outlayer='Linear', hid_dim=32, te_dim=10, node_dim=10, gpu='0', npatch=125, device=device(type='cuda'), PID=491941, pred_window=1000, ndim=12)
- Epoch 000, ExpID 69049
Train - Loss (one batch): 0.01542
Val - Loss, MSE, RMSE, MAE, MAPE: 0.01571, 0.01571, 0.12422, 0.09622, 302418.58%
Test - Best epoch, Loss, MSE, RMSE, MAE, MAPE: 0, 0.01480, 0.01480, 0.12062, 0.09431, 23.15%
Time spent: 4.70s
- Epoch 001, ExpID 69049
Train - Loss (one batch): 0.00529
Val - Loss, MSE, RMSE, MAE, MAPE: 0.00476, 0.00476, 0.06839, 0.04866, 230267.69%
Test - Best epoch, Loss, MSE, RMSE, MAE, MAPE: 1, 0.00451, 0.00451, 0.06673, 0.04727, 11.12%
Time spent: 3.55s
- Epoch 002, ExpID 69049
Train - Loss (one batch): 0.00334
Val - Loss, MSE, RMSE, MAE, MAPE: 0.00363, 0.00363, 0.05959, 0.03865, 222372.31%
Test - Best epoch, Loss, MSE, RMSE, MAE, MAPE: 2, 0.00346, 0.00346, 0.05833, 0.03769, 9.10%
Time spent: 3.58s
- Epoch 003, ExpID 69049
Train - Loss (one batch): 0.00316
Val - Loss, MSE, RMSE, MAE, MAPE: 0.00382, 0.00382, 0.06132, 0.04259, 223905.59%
Test - Best epoch, Loss, MSE, RMSE, MAE, MAPE: 2, 0.00346, 0.00346, 0.05833, 0.03769, 9.10%
Time spent: 3.73s
- Epoch 004, ExpID 69049
Train - Loss (one batch): 0.00296
Val - Loss, MSE, RMSE, MAE, MAPE: 0.00366, 0.00366, 0.06003, 0.04190, 220595.39%
Test - Best epoch, Loss, MSE, RMSE, MAE, MAPE: 2, 0.00346, 0.00346, 0.05833, 0.03769, 9.10%
Time spent: 3.68s
- Epoch 005, ExpID 69049
Train - Loss (one batch): 0.00285
Val - Loss, MSE, RMSE, MAE, MAPE: 0.00317, 0.00317, 0.05573, 0.03571, 214848.06%
Test - Best epoch, Loss, MSE, RMSE, MAE, MAPE: 5, 0.00307, 0.00307, 0.05493, 0.03515, 8.57%
Time spent: 4.44s
- Epoch 006, ExpID 69049
Train - Loss (one batch): 0.00306
Val - Loss, MSE, RMSE, MAE, MAPE: 0.00369, 0.00369, 0.06030, 0.04272, 217307.06%
Test - Best epoch, Loss, MSE, RMSE, MAE, MAPE: 5, 0.00307, 0.00307, 0.05493, 0.03515, 8.57%
Time spent: 3.55s
- Epoch 007, ExpID 69049
Train - Loss (one batch): 0.00268
Val - Loss, MSE, RMSE, MAE, MAPE: 0.00329, 0.00329, 0.05676, 0.03761, 210475.10%
Test - Best epoch, Loss, MSE, RMSE, MAE, MAPE: 5, 0.00307, 0.00307, 0.05493, 0.03515, 8.57%
Time spent: 3.52s
- Epoch 008, ExpID 69049
Train - Loss (one batch): 0.00283
Val - Loss, MSE, RMSE, MAE, MAPE: 0.00335, 0.00335, 0.05735, 0.03877, 211817.78%
Test - Best epoch, Loss, MSE, RMSE, MAE, MAPE: 5, 0.00307, 0.00307, 0.05493, 0.03515, 8.57%
Time spent: 3.60s
- Epoch 009, ExpID 69049
Train - Loss (one batch): 0.00388
Val - Loss, MSE, RMSE, MAE, MAPE: 0.00305, 0.00305, 0.05455, 0.03347, 199157.34%
Test - Best epoch, Loss, MSE, RMSE, MAE, MAPE: 9, 0.00296, 0.00296, 0.05387, 0.03309, 7.81%
Time spent: 3.85s
- Epoch 010, ExpID 69049
Train - Loss (one batch): 0.00375
Val - Loss, MSE, RMSE, MAE, MAPE: 0.00345, 0.00345, 0.05821, 0.04019, 214214.77%
Test - Best epoch, Loss, MSE, RMSE, MAE, MAPE: 9, 0.00296, 0.00296, 0.05387, 0.03309, 7.81%
Time spent: 3.73s
- Epoch 011, ExpID 69049
Train - Loss (one batch): 0.00277
Val - Loss, MSE, RMSE, MAE, MAPE: 0.00316, 0.00316, 0.05558, 0.03614, 210006.58%
Test - Best epoch, Loss, MSE, RMSE, MAE, MAPE: 9, 0.00296, 0.00296, 0.05387, 0.03309, 7.81%
Time spent: 3.69s
- Epoch 012, ExpID 69049
Train - Loss (one batch): 0.00331
Val - Loss, MSE, RMSE, MAE, MAPE: 0.00354, 0.00354, 0.05903, 0.04134, 216437.27%
Test - Best epoch, Loss, MSE, RMSE, MAE, MAPE: 9, 0.00296, 0.00296, 0.05387, 0.03309, 7.81%
Time spent: 3.31s
- Epoch 013, ExpID 69049
Train - Loss (one batch): 0.00251
Val - Loss, MSE, RMSE, MAE, MAPE: 0.00354, 0.00354, 0.05899, 0.04133, 217649.77%
Test - Best epoch, Loss, MSE, RMSE, MAE, MAPE: 9, 0.00296, 0.00296, 0.05387, 0.03309, 7.81%
Time spent: 3.67s
- Epoch 014, ExpID 69049
Train - Loss (one batch): 0.00288
Val - Loss, MSE, RMSE, MAE, MAPE: 0.00365, 0.00365, 0.05996, 0.04277, 220333.33%
Test - Best epoch, Loss, MSE, RMSE, MAE, MAPE: 9, 0.00296, 0.00296, 0.05387, 0.03309, 7.81%
Time spent: 3.24s
- Epoch 015, ExpID 69049
Train - Loss (one batch): 0.00201
Val - Loss, MSE, RMSE, MAE, MAPE: 0.00390, 0.00390, 0.06207, 0.04546, 219004.98%
Test - Best epoch, Loss, MSE, RMSE, MAE, MAPE: 9, 0.00296, 0.00296, 0.05387, 0.03309, 7.81%
Time spent: 3.64s
- Epoch 016, ExpID 69049
Train - Loss (one batch): 0.00250
Val - Loss, MSE, RMSE, MAE, MAPE: 0.00330, 0.00330, 0.05687, 0.03835, 214339.31%
Test - Best epoch, Loss, MSE, RMSE, MAE, MAPE: 9, 0.00296, 0.00296, 0.05387, 0.03309, 7.81%
Time spent: 3.60s
- Epoch 017, ExpID 69049
Train - Loss (one batch): 0.00270
Val - Loss, MSE, RMSE, MAE, MAPE: 0.00323, 0.00323, 0.05630, 0.03737, 211655.42%
Test - Best epoch, Loss, MSE, RMSE, MAE, MAPE: 9, 0.00296, 0.00296, 0.05387, 0.03309, 7.81%
Time spent: 3.67s
- Epoch 018, ExpID 69049
Train - Loss (one batch): 0.00272
Val - Loss, MSE, RMSE, MAE, MAPE: 0.00309, 0.00309, 0.05499, 0.03501, 208207.24%
Test - Best epoch, Loss, MSE, RMSE, MAE, MAPE: 9, 0.00296, 0.00296, 0.05387, 0.03309, 7.81%
Time spent: 3.69s
- Epoch 019, ExpID 69049
Train - Loss (one batch): 0.00465
Val - Loss, MSE, RMSE, MAE, MAPE: 0.00364, 0.00364, 0.05984, 0.04281, 216144.22%
Test - Best epoch, Loss, MSE, RMSE, MAE, MAPE: 9, 0.00296, 0.00296, 0.05387, 0.03309, 7.81%
Time spent: 3.71s
- Epoch 020, ExpID 69049
Train - Loss (one batch): 0.00219
Val - Loss, MSE, RMSE, MAE, MAPE: 0.00315, 0.00315, 0.05554, 0.03629, 211437.79%
Test - Best epoch, Loss, MSE, RMSE, MAE, MAPE: 9, 0.00296, 0.00296, 0.05387, 0.03309, 7.81%
Time spent: 3.56s
- Epoch 021, ExpID 69049
Train - Loss (one batch): 0.00258
Val - Loss, MSE, RMSE, MAE, MAPE: 0.00296, 0.00296, 0.05376, 0.03332, 205203.58%
Test - Best epoch, Loss, MSE, RMSE, MAE, MAPE: 21, 0.00287, 0.00287, 0.05311, 0.03302, 7.90%
Time spent: 4.21s
- Epoch 022, ExpID 69049
Train - Loss (one batch): 0.00348
Val - Loss, MSE, RMSE, MAE, MAPE: 0.00312, 0.00312, 0.05525, 0.03583, 209161.57%
Test - Best epoch, Loss, MSE, RMSE, MAE, MAPE: 21, 0.00287, 0.00287, 0.05311, 0.03302, 7.90%
Time spent: 3.68s
- Epoch 023, ExpID 69049
Train - Loss (one batch): 0.00229
Val - Loss, MSE, RMSE, MAE, MAPE: 0.00399, 0.00399, 0.06275, 0.04684, 223805.75%
Test - Best epoch, Loss, MSE, RMSE, MAE, MAPE: 21, 0.00287, 0.00287, 0.05311, 0.03302, 7.90%
Time spent: 3.63s
- Epoch 024, ExpID 69049
Train - Loss (one batch): 0.00228
Val - Loss, MSE, RMSE, MAE, MAPE: 0.00331, 0.00331, 0.05703, 0.03867, 211754.53%
Test - Best epoch, Loss, MSE, RMSE, MAE, MAPE: 21, 0.00287, 0.00287, 0.05311, 0.03302, 7.90%
Time spent: 3.67s
- Epoch 025, ExpID 69049
Train - Loss (one batch): 0.00202
Val - Loss, MSE, RMSE, MAE, MAPE: 0.00371, 0.00371, 0.06046, 0.04380, 219050.41%
Test - Best epoch, Loss, MSE, RMSE, MAE, MAPE: 21, 0.00287, 0.00287, 0.05311, 0.03302, 7.90%
Time spent: 3.54s
- Epoch 026, ExpID 69049
Train - Loss (one batch): 0.00238
Val - Loss, MSE, RMSE, MAE, MAPE: 0.00311, 0.00311, 0.05516, 0.03550, 201691.80%
Test - Best epoch, Loss, MSE, RMSE, MAE, MAPE: 21, 0.00287, 0.00287, 0.05311, 0.03302, 7.90%
Time spent: 3.21s
- Epoch 027, ExpID 69049
Train - Loss (one batch): 0.00225
Val - Loss, MSE, RMSE, MAE, MAPE: 0.00330, 0.00330, 0.05695, 0.03884, 214121.26%
Test - Best epoch, Loss, MSE, RMSE, MAE, MAPE: 21, 0.00287, 0.00287, 0.05311, 0.03302, 7.90%
Time spent: 3.55s
- Epoch 028, ExpID 69049
Train - Loss (one batch): 0.00318
Val - Loss, MSE, RMSE, MAE, MAPE: 0.00300, 0.00300, 0.05412, 0.03432, 204853.78%
Test - Best epoch, Loss, MSE, RMSE, MAE, MAPE: 21, 0.00287, 0.00287, 0.05311, 0.03302, 7.90%
Time spent: 3.71s
- Epoch 029, ExpID 69049
Train - Loss (one batch): 0.00303
Val - Loss, MSE, RMSE, MAE, MAPE: 0.00340, 0.00340, 0.05780, 0.04007, 217327.31%
Test - Best epoch, Loss, MSE, RMSE, MAE, MAPE: 21, 0.00287, 0.00287, 0.05311, 0.03302, 7.90%
Time spent: 3.27s
- Epoch 030, ExpID 69049
Train - Loss (one batch): 0.00318
Val - Loss, MSE, RMSE, MAE, MAPE: 0.00341, 0.00341, 0.05786, 0.04020, 215405.07%
Test - Best epoch, Loss, MSE, RMSE, MAE, MAPE: 21, 0.00287, 0.00287, 0.05311, 0.03302, 7.90%
Time spent: 3.13s
- Epoch 031, ExpID 69049
Train - Loss (one batch): 0.00268
Val - Loss, MSE, RMSE, MAE, MAPE: 0.00324, 0.00324, 0.05638, 0.03779, 206702.43%
Test - Best epoch, Loss, MSE, RMSE, MAE, MAPE: 21, 0.00287, 0.00287, 0.05311, 0.03302, 7.90%
Time spent: 3.60s
- Epoch 032, ExpID 69049
Train - Loss (one batch): 0.00263
Val - Loss, MSE, RMSE, MAE, MAPE: 0.00334, 0.00334, 0.05723, 0.03919, 211214.00%
Test - Best epoch, Loss, MSE, RMSE, MAE, MAPE: 21, 0.00287, 0.00287, 0.05311, 0.03302, 7.90%
Time spent: 3.37s
- Epoch 033, ExpID 69049
Train - Loss (one batch): 0.00290
Val - Loss, MSE, RMSE, MAE, MAPE: 0.00318, 0.00318, 0.05586, 0.03679, 203717.42%
Test - Best epoch, Loss, MSE, RMSE, MAE, MAPE: 21, 0.00287, 0.00287, 0.05311, 0.03302, 7.90%
Time spent: 3.57s
- Epoch 034, ExpID 69049
Train - Loss (one batch): 0.00240
Val - Loss, MSE, RMSE, MAE, MAPE: 0.00373, 0.00373, 0.06066, 0.04386, 212050.77%
Test - Best epoch, Loss, MSE, RMSE, MAE, MAPE: 21, 0.00287, 0.00287, 0.05311, 0.03302, 7.90%
Time spent: 3.32s
- Epoch 035, ExpID 69049
Train - Loss (one batch): 0.00303
Val - Loss, MSE, RMSE, MAE, MAPE: 0.00286, 0.00286, 0.05283, 0.03220, 201371.47%
Test - Best epoch, Loss, MSE, RMSE, MAE, MAPE: 35, 0.00279, 0.00279, 0.05237, 0.03213, 7.68%
Time spent: 4.01s
- Epoch 036, ExpID 69049
Train - Loss (one batch): 0.00195
Val - Loss, MSE, RMSE, MAE, MAPE: 0.00306, 0.00306, 0.05473, 0.03527, 204955.78%
Test - Best epoch, Loss, MSE, RMSE, MAE, MAPE: 35, 0.00279, 0.00279, 0.05237, 0.03213, 7.68%
Time spent: 3.59s
- Epoch 037, ExpID 69049
Train - Loss (one batch): 0.00235
Val - Loss, MSE, RMSE, MAE, MAPE: 0.00379, 0.00379, 0.06119, 0.04428, 213587.46%
Test - Best epoch, Loss, MSE, RMSE, MAE, MAPE: 35, 0.00279, 0.00279, 0.05237, 0.03213, 7.68%
Time spent: 3.67s
- Epoch 038, ExpID 69049
Train - Loss (one batch): 0.00224
Val - Loss, MSE, RMSE, MAE, MAPE: 0.00301, 0.00301, 0.05430, 0.03464, 201198.11%
Test - Best epoch, Loss, MSE, RMSE, MAE, MAPE: 35, 0.00279, 0.00279, 0.05237, 0.03213, 7.68%
Time spent: 3.92s
- Epoch 039, ExpID 69049
Train - Loss (one batch): 0.00338
Val - Loss, MSE, RMSE, MAE, MAPE: 0.00307, 0.00307, 0.05480, 0.03560, 207211.80%
Test - Best epoch, Loss, MSE, RMSE, MAE, MAPE: 35, 0.00279, 0.00279, 0.05237, 0.03213, 7.68%
Time spent: 3.68s
- Epoch 040, ExpID 69049
Train - Loss (one batch): 0.00260
Val - Loss, MSE, RMSE, MAE, MAPE: 0.00336, 0.00336, 0.05746, 0.03982, 209609.96%
Test - Best epoch, Loss, MSE, RMSE, MAE, MAPE: 35, 0.00279, 0.00279, 0.05237, 0.03213, 7.68%
Time spent: 3.51s
- Epoch 041, ExpID 69049
Train - Loss (one batch): 0.00222
Val - Loss, MSE, RMSE, MAE, MAPE: 0.00308, 0.00308, 0.05489, 0.03576, 198669.93%
Test - Best epoch, Loss, MSE, RMSE, MAE, MAPE: 35, 0.00279, 0.00279, 0.05237, 0.03213, 7.68%
Time spent: 3.33s
- Epoch 042, ExpID 69049
Train - Loss (one batch): 0.00313
Val - Loss, MSE, RMSE, MAE, MAPE: 0.00283, 0.00283, 0.05251, 0.03227, 201929.50%
Test - Best epoch, Loss, MSE, RMSE, MAE, MAPE: 42, 0.00276, 0.00276, 0.05206, 0.03219, 7.78%
Time spent: 3.56s
- Epoch 043, ExpID 69049
Train - Loss (one batch): 0.00250
Val - Loss, MSE, RMSE, MAE, MAPE: 0.00352, 0.00352, 0.05882, 0.04175, 215498.99%
Test - Best epoch, Loss, MSE, RMSE, MAE, MAPE: 42, 0.00276, 0.00276, 0.05206, 0.03219, 7.78%
Time spent: 3.10s
- Epoch 044, ExpID 69049
Train - Loss (one batch): 0.00257
Val - Loss, MSE, RMSE, MAE, MAPE: 0.00358, 0.00358, 0.05937, 0.04255, 209879.19%
Test - Best epoch, Loss, MSE, RMSE, MAE, MAPE: 42, 0.00276, 0.00276, 0.05206, 0.03219, 7.78%
Time spent: 3.56s
- Epoch 045, ExpID 69049
Train - Loss (one batch): 0.00326
Val - Loss, MSE, RMSE, MAE, MAPE: 0.00303, 0.00303, 0.05447, 0.03553, 203435.98%
Test - Best epoch, Loss, MSE, RMSE, MAE, MAPE: 42, 0.00276, 0.00276, 0.05206, 0.03219, 7.78%
Time spent: 3.58s
- Epoch 046, ExpID 69049
Train - Loss (one batch): 0.00201
Val - Loss, MSE, RMSE, MAE, MAPE: 0.00323, 0.00323, 0.05633, 0.03834, 207821.99%
Test - Best epoch, Loss, MSE, RMSE, MAE, MAPE: 42, 0.00276, 0.00276, 0.05206, 0.03219, 7.78%
Time spent: 3.56s
- Epoch 047, ExpID 69049
Train - Loss (one batch): 0.00243
Val - Loss, MSE, RMSE, MAE, MAPE: 0.00290, 0.00290, 0.05320, 0.03332, 197498.77%
Test - Best epoch, Loss, MSE, RMSE, MAE, MAPE: 42, 0.00276, 0.00276, 0.05206, 0.03219, 7.78%
Time spent: 3.65s
- Epoch 048, ExpID 69049
Train - Loss (one batch): 0.00311
Val - Loss, MSE, RMSE, MAE, MAPE: 0.00332, 0.00332, 0.05707, 0.03946, 211702.62%
Test - Best epoch, Loss, MSE, RMSE, MAE, MAPE: 42, 0.00276, 0.00276, 0.05206, 0.03219, 7.78%
Time spent: 3.69s
- Epoch 049, ExpID 69049
Train - Loss (one batch): 0.00284
Val - Loss, MSE, RMSE, MAE, MAPE: 0.00305, 0.00305, 0.05460, 0.03574, 205706.00%
Test - Best epoch, Loss, MSE, RMSE, MAE, MAPE: 42, 0.00276, 0.00276, 0.05206, 0.03219, 7.78%
Time spent: 3.32s
- Epoch 050, ExpID 69049
Train - Loss (one batch): 0.00296
Val - Loss, MSE, RMSE, MAE, MAPE: 0.00315, 0.00315, 0.05558, 0.03723, 206299.34%
Test - Best epoch, Loss, MSE, RMSE, MAE, MAPE: 42, 0.00276, 0.00276, 0.05206, 0.03219, 7.78%
Time spent: 3.22s
- Epoch 051, ExpID 69049
Train - Loss (one batch): 0.00264
Val - Loss, MSE, RMSE, MAE, MAPE: 0.00306, 0.00306, 0.05473, 0.03596, 206296.50%
Test - Best epoch, Loss, MSE, RMSE, MAE, MAPE: 42, 0.00276, 0.00276, 0.05206, 0.03219, 7.78%
Time spent: 3.49s
- Epoch 052, ExpID 69049
Train - Loss (one batch): 0.00391
Val - Loss, MSE, RMSE, MAE, MAPE: 0.00403, 0.00403, 0.06313, 0.04736, 216024.02%
Test - Best epoch, Loss, MSE, RMSE, MAE, MAPE: 42, 0.00276, 0.00276, 0.05206, 0.03219, 7.78%
Time spent: 3.72s
- Epoch 053, ExpID 69049
Train - Loss (one batch): 0.00203
Val - Loss, MSE, RMSE, MAE, MAPE: 0.00301, 0.00301, 0.05427, 0.03517, 200027.20%
Test - Best epoch, Loss, MSE, RMSE, MAE, MAPE: 42, 0.00276, 0.00276, 0.05206, 0.03219, 7.78%
Time spent: 3.26s
- Epoch 054, ExpID 69049
Train - Loss (one batch): 0.00248
Val - Loss, MSE, RMSE, MAE, MAPE: 0.00362, 0.00362, 0.05973, 0.04291, 210117.88%
Test - Best epoch, Loss, MSE, RMSE, MAE, MAPE: 42, 0.00276, 0.00276, 0.05206, 0.03219, 7.78%
Time spent: 3.28s
- Epoch 055, ExpID 69049
Train - Loss (one batch): 0.00245
Val - Loss, MSE, RMSE, MAE, MAPE: 0.00364, 0.00364, 0.05994, 0.04335, 211415.13%
Test - Best epoch, Loss, MSE, RMSE, MAE, MAPE: 42, 0.00276, 0.00276, 0.05206, 0.03219, 7.78%
Time spent: 3.65s
- Epoch 056, ExpID 69049
Train - Loss (one batch): 0.00296
Val - Loss, MSE, RMSE, MAE, MAPE: 0.00307, 0.00307, 0.05485, 0.03618, 203515.00%
Test - Best epoch, Loss, MSE, RMSE, MAE, MAPE: 42, 0.00276, 0.00276, 0.05206, 0.03219, 7.78%
Time spent: 3.55s
- Epoch 057, ExpID 69049
Train - Loss (one batch): 0.00219
Val - Loss, MSE, RMSE, MAE, MAPE: 0.00312, 0.00312, 0.05531, 0.03685, 205891.14%
Test - Best epoch, Loss, MSE, RMSE, MAE, MAPE: 42, 0.00276, 0.00276, 0.05206, 0.03219, 7.78%
Time spent: 3.12s
- Epoch 058, ExpID 69049
Train - Loss (one batch): 0.00267
Val - Loss, MSE, RMSE, MAE, MAPE: 0.00308, 0.00308, 0.05496, 0.03618, 200655.79%
Test - Best epoch, Loss, MSE, RMSE, MAE, MAPE: 42, 0.00276, 0.00276, 0.05206, 0.03219, 7.78%
Time spent: 3.57s
- Epoch 059, ExpID 69049
Train - Loss (one batch): 0.00256
Val - Loss, MSE, RMSE, MAE, MAPE: 0.00347, 0.00347, 0.05841, 0.04148, 213862.13%
Test - Best epoch, Loss, MSE, RMSE, MAE, MAPE: 42, 0.00276, 0.00276, 0.05206, 0.03219, 7.78%
Time spent: 3.68s
- Epoch 060, ExpID 69049
Train - Loss (one batch): 0.00339
Val - Loss, MSE, RMSE, MAE, MAPE: 0.00299, 0.00299, 0.05407, 0.03510, 208782.87%
Test - Best epoch, Loss, MSE, RMSE, MAE, MAPE: 42, 0.00276, 0.00276, 0.05206, 0.03219, 7.78%
Time spent: 3.70s
- Epoch 061, ExpID 69049
Train - Loss (one batch): 0.00214
Val - Loss, MSE, RMSE, MAE, MAPE: 0.00289, 0.00289, 0.05309, 0.03368, 204093.58%
Test - Best epoch, Loss, MSE, RMSE, MAE, MAPE: 42, 0.00276, 0.00276, 0.05206, 0.03219, 7.78%
Time spent: 3.43s
- Epoch 062, ExpID 69049
Train - Loss (one batch): 0.00187
Val - Loss, MSE, RMSE, MAE, MAPE: 0.00291, 0.00291, 0.05335, 0.03388, 202835.16%
Test - Best epoch, Loss, MSE, RMSE, MAE, MAPE: 42, 0.00276, 0.00276, 0.05206, 0.03219, 7.78%
Time spent: 3.42s
- Epoch 063, ExpID 69049
Train - Loss (one batch): 0.00263
Val - Loss, MSE, RMSE, MAE, MAPE: 0.00332, 0.00332, 0.05711, 0.03977, 214587.44%
Test - Best epoch, Loss, MSE, RMSE, MAE, MAPE: 42, 0.00276, 0.00276, 0.05206, 0.03219, 7.78%
Time spent: 3.69s
- Epoch 064, ExpID 69049
Train - Loss (one batch): 0.00259
Val - Loss, MSE, RMSE, MAE, MAPE: 0.00318, 0.00318, 0.05590, 0.03805, 211127.01%
Test - Best epoch, Loss, MSE, RMSE, MAE, MAPE: 42, 0.00276, 0.00276, 0.05206, 0.03219, 7.78%
Time spent: 3.81s
- Epoch 065, ExpID 69049
Train - Loss (one batch): 0.00182
Val - Loss, MSE, RMSE, MAE, MAPE: 0.00320, 0.00320, 0.05602, 0.03763, 205800.80%
Test - Best epoch, Loss, MSE, RMSE, MAE, MAPE: 42, 0.00276, 0.00276, 0.05206, 0.03219, 7.78%
Time spent: 3.35s
- Epoch 066, ExpID 69049
Train - Loss (one batch): 0.00278
Val - Loss, MSE, RMSE, MAE, MAPE: 0.00283, 0.00283, 0.05254, 0.03253, 194506.61%
Test - Best epoch, Loss, MSE, RMSE, MAE, MAPE: 42, 0.00276, 0.00276, 0.05206, 0.03219, 7.78%
Time spent: 3.71s
- Epoch 067, ExpID 69049
Train - Loss (one batch): 0.00250
Val - Loss, MSE, RMSE, MAE, MAPE: 0.00308, 0.00308, 0.05492, 0.03667, 208104.01%
Test - Best epoch, Loss, MSE, RMSE, MAE, MAPE: 42, 0.00276, 0.00276, 0.05206, 0.03219, 7.78%
Time spent: 3.50s
- Epoch 068, ExpID 69049
Train - Loss (one batch): 0.00359
Val - Loss, MSE, RMSE, MAE, MAPE: 0.00301, 0.00301, 0.05424, 0.03553, 205633.82%
Test - Best epoch, Loss, MSE, RMSE, MAE, MAPE: 42, 0.00276, 0.00276, 0.05206, 0.03219, 7.78%
Time spent: 3.44s
- Epoch 069, ExpID 69049
Train - Loss (one batch): 0.00238
Val - Loss, MSE, RMSE, MAE, MAPE: 0.00309, 0.00309, 0.05507, 0.03653, 201131.71%
Test - Best epoch, Loss, MSE, RMSE, MAE, MAPE: 42, 0.00276, 0.00276, 0.05206, 0.03219, 7.78%
Time spent: 3.18s
- Epoch 070, ExpID 69049
Train - Loss (one batch): 0.00217
Val - Loss, MSE, RMSE, MAE, MAPE: 0.00312, 0.00312, 0.05532, 0.03715, 209254.03%
Test - Best epoch, Loss, MSE, RMSE, MAE, MAPE: 42, 0.00276, 0.00276, 0.05206, 0.03219, 7.78%
Time spent: 3.49s
- Epoch 071, ExpID 69049
Train - Loss (one batch): 0.00201
Val - Loss, MSE, RMSE, MAE, MAPE: 0.00314, 0.00314, 0.05546, 0.03746, 209898.23%
Test - Best epoch, Loss, MSE, RMSE, MAE, MAPE: 42, 0.00276, 0.00276, 0.05206, 0.03219, 7.78%
Time spent: 3.60s
- Epoch 072, ExpID 69049
Train - Loss (one batch): 0.00271
Val - Loss, MSE, RMSE, MAE, MAPE: 0.00298, 0.00298, 0.05402, 0.03508, 205550.54%
Test - Best epoch, Loss, MSE, RMSE, MAE, MAPE: 42, 0.00276, 0.00276, 0.05206, 0.03219, 7.78%
Time spent: 3.20s
- Epoch 073, ExpID 69049
Train - Loss (one batch): 0.00269
Val - Loss, MSE, RMSE, MAE, MAPE: 0.00314, 0.00314, 0.05551, 0.03752, 205095.50%
Test - Best epoch, Loss, MSE, RMSE, MAE, MAPE: 42, 0.00276, 0.00276, 0.05206, 0.03219, 7.78%
Time spent: 3.14s
- Epoch 074, ExpID 69049
Train - Loss (one batch): 0.00259
Val - Loss, MSE, RMSE, MAE, MAPE: 0.00289, 0.00289, 0.05311, 0.03399, 208054.16%
Test - Best epoch, Loss, MSE, RMSE, MAE, MAPE: 42, 0.00276, 0.00276, 0.05206, 0.03219, 7.78%
Time spent: 3.47s
- Epoch 075, ExpID 69049
Train - Loss (one batch): 0.00279
Val - Loss, MSE, RMSE, MAE, MAPE: 0.00316, 0.00316, 0.05571, 0.03775, 210577.39%
Test - Best epoch, Loss, MSE, RMSE, MAE, MAPE: 42, 0.00276, 0.00276, 0.05206, 0.03219, 7.78%
Time spent: 3.32s
- Epoch 076, ExpID 69049
Train - Loss (one batch): 0.00239
Val - Loss, MSE, RMSE, MAE, MAPE: 0.00331, 0.00331, 0.05707, 0.03964, 208379.05%
Test - Best epoch, Loss, MSE, RMSE, MAE, MAPE: 42, 0.00276, 0.00276, 0.05206, 0.03219, 7.78%
Time spent: 3.67s
- Epoch 077, ExpID 69049
Train - Loss (one batch): 0.00231
Val - Loss, MSE, RMSE, MAE, MAPE: 0.00325, 0.00325, 0.05651, 0.03899, 209573.09%
Test - Best epoch, Loss, MSE, RMSE, MAE, MAPE: 42, 0.00276, 0.00276, 0.05206, 0.03219, 7.78%
Time spent: 3.60s
- Epoch 078, ExpID 69049
Train - Loss (one batch): 0.00200
Val - Loss, MSE, RMSE, MAE, MAPE: 0.00332, 0.00332, 0.05711, 0.04006, 212117.88%
Test - Best epoch, Loss, MSE, RMSE, MAE, MAPE: 42, 0.00276, 0.00276, 0.05206, 0.03219, 7.78%
Time spent: 3.11s
- Epoch 079, ExpID 69049
Train - Loss (one batch): 0.00257
Val - Loss, MSE, RMSE, MAE, MAPE: 0.00290, 0.00290, 0.05325, 0.03465, 205282.69%
Test - Best epoch, Loss, MSE, RMSE, MAE, MAPE: 42, 0.00276, 0.00276, 0.05206, 0.03219, 7.78%
Time spent: 3.13s
- Epoch 080, ExpID 69049
Train - Loss (one batch): 0.00247
Val - Loss, MSE, RMSE, MAE, MAPE: 0.00310, 0.00310, 0.05511, 0.03693, 208010.77%
Test - Best epoch, Loss, MSE, RMSE, MAE, MAPE: 42, 0.00276, 0.00276, 0.05206, 0.03219, 7.78%
Time spent: 3.27s
- Epoch 081, ExpID 69049
Train - Loss (one batch): 0.00288
Val - Loss, MSE, RMSE, MAE, MAPE: 0.00312, 0.00312, 0.05536, 0.03727, 207413.21%
Test - Best epoch, Loss, MSE, RMSE, MAE, MAPE: 42, 0.00276, 0.00276, 0.05206, 0.03219, 7.78%
Time spent: 3.69s
- Epoch 082, ExpID 69049
Train - Loss (one batch): 0.00266
Val - Loss, MSE, RMSE, MAE, MAPE: 0.00318, 0.00318, 0.05591, 0.03849, 211088.19%
Test - Best epoch, Loss, MSE, RMSE, MAE, MAPE: 42, 0.00276, 0.00276, 0.05206, 0.03219, 7.78%
Time spent: 3.65s
