/home/ouass/Test/MSP-IMTS/tPatchGNN/run_models.py
2025-10-28 17:08:33
run_models.py --dataset activity --history 4000 --hid_dim 64 --te_dim 10 --node_dim 10 --nlayer 1 --tf_layer 1 --nhead 1 --batch_size 96 --lr 1e-3 --w_decay 1e-4 --patience 120 --epoch 500 --seed 1 --gpu 0 --multi_scales 150,1600 --multi_strides 75,800 --fusion concat
Namespace(multi_scales='150,1600', multi_strides='75,800', fusion='concat', state='def', n=100000000, hop=1, nhead=1, tf_layer=1, nlayer=1, epoch=500, patience=120, history=4000, patch_size=24, stride=24, logmode='a', lr=0.001, w_decay=0.0001, batch_size=96, save='experiments/', load=None, seed=1, dataset='activity', quantization=0.0, model='tPatchGNN', outlayer='Linear', hid_dim=64, te_dim=10, node_dim=10, gpu='0', npatch=167, device=device(type='cuda'), PID=1367813, pred_window=1000, ndim=12)
- Epoch 000, ExpID 95202
Train - Loss (one batch): 0.01366
Val - Loss, MSE, RMSE, MAE, MAPE: 0.01391, 0.01391, 0.11718, 0.08969, 331075.25%
Test - Best epoch, Loss, MSE, RMSE, MAE, MAPE: 0, 0.01389, 0.01389, 0.11645, 0.09022, 23.05%
Time spent: 10.34s
- Epoch 001, ExpID 95202
Train - Loss (one batch): 0.00335
Val - Loss, MSE, RMSE, MAE, MAPE: 0.00762, 0.00762, 0.08705, 0.06945, 290453.27%
Test - Best epoch, Loss, MSE, RMSE, MAE, MAPE: 1, 0.00758, 0.00758, 0.08655, 0.06883, 16.79%
Time spent: 9.03s
- Epoch 002, ExpID 95202
Train - Loss (one batch): 0.00397
Val - Loss, MSE, RMSE, MAE, MAPE: 0.00431, 0.00431, 0.06525, 0.04478, 261139.26%
Test - Best epoch, Loss, MSE, RMSE, MAE, MAPE: 2, 0.00443, 0.00443, 0.06578, 0.04531, 11.17%
Time spent: 9.15s
- Epoch 003, ExpID 95202
Train - Loss (one batch): 0.00313
Val - Loss, MSE, RMSE, MAE, MAPE: 0.00581, 0.00581, 0.07602, 0.05956, 268871.17%
Test - Best epoch, Loss, MSE, RMSE, MAE, MAPE: 2, 0.00443, 0.00443, 0.06578, 0.04531, 11.17%
Time spent: 8.20s
- Epoch 004, ExpID 95202
Train - Loss (one batch): 0.00342
Val - Loss, MSE, RMSE, MAE, MAPE: 0.00347, 0.00347, 0.05847, 0.03662, 248291.59%
Test - Best epoch, Loss, MSE, RMSE, MAE, MAPE: 4, 0.00361, 0.00361, 0.05919, 0.03756, 9.28%
Time spent: 9.23s
- Epoch 005, ExpID 95202
Train - Loss (one batch): 0.00361
Val - Loss, MSE, RMSE, MAE, MAPE: 0.00327, 0.00327, 0.05671, 0.03499, 236988.92%
Test - Best epoch, Loss, MSE, RMSE, MAE, MAPE: 5, 0.00343, 0.00343, 0.05763, 0.03589, 8.65%
Time spent: 9.09s
- Epoch 006, ExpID 95202
Train - Loss (one batch): 0.00249
Val - Loss, MSE, RMSE, MAE, MAPE: 0.00350, 0.00350, 0.05872, 0.03855, 251290.37%
Test - Best epoch, Loss, MSE, RMSE, MAE, MAPE: 5, 0.00343, 0.00343, 0.05763, 0.03589, 8.65%
Time spent: 7.89s
- Epoch 007, ExpID 95202
Train - Loss (one batch): 0.00341
Val - Loss, MSE, RMSE, MAE, MAPE: 0.00320, 0.00320, 0.05611, 0.03488, 247738.70%
Test - Best epoch, Loss, MSE, RMSE, MAE, MAPE: 7, 0.00334, 0.00334, 0.05696, 0.03592, 8.95%
Time spent: 9.07s
- Epoch 008, ExpID 95202
Train - Loss (one batch): 0.00269
Val - Loss, MSE, RMSE, MAE, MAPE: 0.00320, 0.00320, 0.05617, 0.03497, 244857.70%
Test - Best epoch, Loss, MSE, RMSE, MAE, MAPE: 7, 0.00334, 0.00334, 0.05696, 0.03592, 8.95%
Time spent: 7.97s
- Epoch 009, ExpID 95202
Train - Loss (one batch): 0.00259
Val - Loss, MSE, RMSE, MAE, MAPE: 0.00322, 0.00322, 0.05627, 0.03517, 239603.75%
Test - Best epoch, Loss, MSE, RMSE, MAE, MAPE: 7, 0.00334, 0.00334, 0.05696, 0.03592, 8.95%
Time spent: 8.09s
- Epoch 010, ExpID 95202
Train - Loss (one batch): 0.00256
Val - Loss, MSE, RMSE, MAE, MAPE: 0.00302, 0.00302, 0.05446, 0.03260, 240484.69%
Test - Best epoch, Loss, MSE, RMSE, MAE, MAPE: 10, 0.00319, 0.00319, 0.05550, 0.03382, 8.28%
Time spent: 9.19s
- Epoch 011, ExpID 95202
Train - Loss (one batch): 0.00319
Val - Loss, MSE, RMSE, MAE, MAPE: 0.00367, 0.00367, 0.06022, 0.04191, 252949.04%
Test - Best epoch, Loss, MSE, RMSE, MAE, MAPE: 10, 0.00319, 0.00319, 0.05550, 0.03382, 8.28%
Time spent: 8.23s
- Epoch 012, ExpID 95202
Train - Loss (one batch): 0.00294
Val - Loss, MSE, RMSE, MAE, MAPE: 0.00307, 0.00307, 0.05496, 0.03337, 236490.93%
Test - Best epoch, Loss, MSE, RMSE, MAE, MAPE: 10, 0.00319, 0.00319, 0.05550, 0.03382, 8.28%
Time spent: 8.00s
- Epoch 013, ExpID 95202
Train - Loss (one batch): 0.00330
Val - Loss, MSE, RMSE, MAE, MAPE: 0.00299, 0.00299, 0.05421, 0.03266, 235500.20%
Test - Best epoch, Loss, MSE, RMSE, MAE, MAPE: 13, 0.00317, 0.00317, 0.05528, 0.03379, 8.17%
Time spent: 9.21s
- Epoch 014, ExpID 95202
Train - Loss (one batch): 0.00262
Val - Loss, MSE, RMSE, MAE, MAPE: 0.00315, 0.00315, 0.05566, 0.03512, 243669.54%
Test - Best epoch, Loss, MSE, RMSE, MAE, MAPE: 13, 0.00317, 0.00317, 0.05528, 0.03379, 8.17%
Time spent: 8.10s
- Epoch 015, ExpID 95202
Train - Loss (one batch): 0.00316
Val - Loss, MSE, RMSE, MAE, MAPE: 0.00298, 0.00298, 0.05408, 0.03229, 238056.45%
Test - Best epoch, Loss, MSE, RMSE, MAE, MAPE: 15, 0.00314, 0.00314, 0.05510, 0.03346, 8.13%
Time spent: 9.09s
- Epoch 016, ExpID 95202
Train - Loss (one batch): 0.00255
Val - Loss, MSE, RMSE, MAE, MAPE: 0.00303, 0.00303, 0.05456, 0.03320, 242077.46%
Test - Best epoch, Loss, MSE, RMSE, MAE, MAPE: 15, 0.00314, 0.00314, 0.05510, 0.03346, 8.13%
Time spent: 8.04s
- Epoch 017, ExpID 95202
Train - Loss (one batch): 0.00299
Val - Loss, MSE, RMSE, MAE, MAPE: 0.00311, 0.00311, 0.05532, 0.03470, 241545.84%
Test - Best epoch, Loss, MSE, RMSE, MAE, MAPE: 15, 0.00314, 0.00314, 0.05510, 0.03346, 8.13%
Time spent: 8.20s
- Epoch 018, ExpID 95202
Train - Loss (one batch): 0.00253
Val - Loss, MSE, RMSE, MAE, MAPE: 0.00324, 0.00324, 0.05657, 0.03713, 251016.63%
Test - Best epoch, Loss, MSE, RMSE, MAE, MAPE: 15, 0.00314, 0.00314, 0.05510, 0.03346, 8.13%
Time spent: 7.97s
- Epoch 019, ExpID 95202
Train - Loss (one batch): 0.00243
Val - Loss, MSE, RMSE, MAE, MAPE: 0.00359, 0.00359, 0.05955, 0.04170, 262742.97%
Test - Best epoch, Loss, MSE, RMSE, MAE, MAPE: 15, 0.00314, 0.00314, 0.05510, 0.03346, 8.13%
Time spent: 8.06s
- Epoch 020, ExpID 95202
Train - Loss (one batch): 0.00250
Val - Loss, MSE, RMSE, MAE, MAPE: 0.00313, 0.00313, 0.05556, 0.03543, 246829.49%
Test - Best epoch, Loss, MSE, RMSE, MAE, MAPE: 15, 0.00314, 0.00314, 0.05510, 0.03346, 8.13%
Time spent: 8.26s
- Epoch 021, ExpID 95202
Train - Loss (one batch): 0.00216
Val - Loss, MSE, RMSE, MAE, MAPE: 0.00306, 0.00306, 0.05491, 0.03426, 242062.92%
Test - Best epoch, Loss, MSE, RMSE, MAE, MAPE: 15, 0.00314, 0.00314, 0.05510, 0.03346, 8.13%
Time spent: 7.88s
- Epoch 022, ExpID 95202
Train - Loss (one batch): 0.00256
Val - Loss, MSE, RMSE, MAE, MAPE: 0.00313, 0.00313, 0.05549, 0.03567, 247536.97%
Test - Best epoch, Loss, MSE, RMSE, MAE, MAPE: 15, 0.00314, 0.00314, 0.05510, 0.03346, 8.13%
Time spent: 8.13s
- Epoch 023, ExpID 95202
Train - Loss (one batch): 0.00291
Val - Loss, MSE, RMSE, MAE, MAPE: 0.00317, 0.00317, 0.05589, 0.03625, 247053.06%
Test - Best epoch, Loss, MSE, RMSE, MAE, MAPE: 15, 0.00314, 0.00314, 0.05510, 0.03346, 8.13%
Time spent: 8.29s
- Epoch 024, ExpID 95202
Train - Loss (one batch): 0.00349
Val - Loss, MSE, RMSE, MAE, MAPE: 0.00291, 0.00291, 0.05352, 0.03220, 239567.37%
Test - Best epoch, Loss, MSE, RMSE, MAE, MAPE: 24, 0.00308, 0.00308, 0.05460, 0.03338, 8.11%
Time spent: 9.03s
- Epoch 025, ExpID 95202
Train - Loss (one batch): 0.00262
Val - Loss, MSE, RMSE, MAE, MAPE: 0.00295, 0.00295, 0.05382, 0.03269, 238261.48%
Test - Best epoch, Loss, MSE, RMSE, MAE, MAPE: 24, 0.00308, 0.00308, 0.05460, 0.03338, 8.11%
Time spent: 8.07s
- Epoch 026, ExpID 95202
Train - Loss (one batch): 0.00268
Val - Loss, MSE, RMSE, MAE, MAPE: 0.00342, 0.00342, 0.05811, 0.03944, 255343.51%
Test - Best epoch, Loss, MSE, RMSE, MAE, MAPE: 24, 0.00308, 0.00308, 0.05460, 0.03338, 8.11%
Time spent: 8.07s
- Epoch 027, ExpID 95202
Train - Loss (one batch): 0.00259
Val - Loss, MSE, RMSE, MAE, MAPE: 0.00311, 0.00311, 0.05532, 0.03542, 245168.70%
Test - Best epoch, Loss, MSE, RMSE, MAE, MAPE: 24, 0.00308, 0.00308, 0.05460, 0.03338, 8.11%
Time spent: 8.21s
- Epoch 028, ExpID 95202
Train - Loss (one batch): 0.00228
Val - Loss, MSE, RMSE, MAE, MAPE: 0.00295, 0.00295, 0.05391, 0.03314, 242338.44%
Test - Best epoch, Loss, MSE, RMSE, MAE, MAPE: 24, 0.00308, 0.00308, 0.05460, 0.03338, 8.11%
Time spent: 7.98s
- Epoch 029, ExpID 95202
Train - Loss (one batch): 0.00273
Val - Loss, MSE, RMSE, MAE, MAPE: 0.00329, 0.00329, 0.05698, 0.03800, 248033.49%
Test - Best epoch, Loss, MSE, RMSE, MAE, MAPE: 24, 0.00308, 0.00308, 0.05460, 0.03338, 8.11%
Time spent: 8.11s
- Epoch 030, ExpID 95202
Train - Loss (one batch): 0.00235
Val - Loss, MSE, RMSE, MAE, MAPE: 0.00364, 0.00364, 0.06002, 0.04280, 255093.10%
Test - Best epoch, Loss, MSE, RMSE, MAE, MAPE: 24, 0.00308, 0.00308, 0.05460, 0.03338, 8.11%
Time spent: 8.06s
- Epoch 031, ExpID 95202
Train - Loss (one batch): 0.00250
Val - Loss, MSE, RMSE, MAE, MAPE: 0.00319, 0.00319, 0.05605, 0.03669, 245374.17%
Test - Best epoch, Loss, MSE, RMSE, MAE, MAPE: 24, 0.00308, 0.00308, 0.05460, 0.03338, 8.11%
Time spent: 8.00s
- Epoch 032, ExpID 95202
Train - Loss (one batch): 0.00234
Val - Loss, MSE, RMSE, MAE, MAPE: 0.00390, 0.00390, 0.06216, 0.04534, 253892.22%
Test - Best epoch, Loss, MSE, RMSE, MAE, MAPE: 24, 0.00308, 0.00308, 0.05460, 0.03338, 8.11%
Time spent: 8.06s
- Epoch 033, ExpID 95202
Train - Loss (one batch): 0.00246
Val - Loss, MSE, RMSE, MAE, MAPE: 0.00289, 0.00289, 0.05329, 0.03211, 233799.82%
Test - Best epoch, Loss, MSE, RMSE, MAE, MAPE: 33, 0.00305, 0.00305, 0.05436, 0.03315, 8.02%
Time spent: 8.77s
- Epoch 034, ExpID 95202
Train - Loss (one batch): 0.00275
Val - Loss, MSE, RMSE, MAE, MAPE: 0.00319, 0.00319, 0.05610, 0.03720, 246170.37%
Test - Best epoch, Loss, MSE, RMSE, MAE, MAPE: 33, 0.00305, 0.00305, 0.05436, 0.03315, 8.02%
Time spent: 8.10s
- Epoch 035, ExpID 95202
Train - Loss (one batch): 0.00244
Val - Loss, MSE, RMSE, MAE, MAPE: 0.00347, 0.00347, 0.05860, 0.04076, 248545.27%
Test - Best epoch, Loss, MSE, RMSE, MAE, MAPE: 33, 0.00305, 0.00305, 0.05436, 0.03315, 8.02%
Time spent: 7.88s
- Epoch 036, ExpID 95202
Train - Loss (one batch): 0.00235
Val - Loss, MSE, RMSE, MAE, MAPE: 0.00289, 0.00289, 0.05336, 0.03258, 241031.82%
Test - Best epoch, Loss, MSE, RMSE, MAE, MAPE: 33, 0.00305, 0.00305, 0.05436, 0.03315, 8.02%
Time spent: 8.09s
- Epoch 037, ExpID 95202
Train - Loss (one batch): 0.00249
Val - Loss, MSE, RMSE, MAE, MAPE: 0.00290, 0.00290, 0.05342, 0.03282, 236558.49%
Test - Best epoch, Loss, MSE, RMSE, MAE, MAPE: 33, 0.00305, 0.00305, 0.05436, 0.03315, 8.02%
Time spent: 8.11s
- Epoch 038, ExpID 95202
Train - Loss (one batch): 0.00322
Val - Loss, MSE, RMSE, MAE, MAPE: 0.00310, 0.00310, 0.05525, 0.03587, 249066.07%
Test - Best epoch, Loss, MSE, RMSE, MAE, MAPE: 33, 0.00305, 0.00305, 0.05436, 0.03315, 8.02%
Time spent: 8.00s
- Epoch 039, ExpID 95202
Train - Loss (one batch): 0.00311
Val - Loss, MSE, RMSE, MAE, MAPE: 0.00342, 0.00342, 0.05812, 0.04003, 242502.67%
Test - Best epoch, Loss, MSE, RMSE, MAE, MAPE: 33, 0.00305, 0.00305, 0.05436, 0.03315, 8.02%
Time spent: 8.09s
- Epoch 040, ExpID 95202
Train - Loss (one batch): 0.00273
Val - Loss, MSE, RMSE, MAE, MAPE: 0.00290, 0.00290, 0.05345, 0.03329, 245189.81%
Test - Best epoch, Loss, MSE, RMSE, MAE, MAPE: 33, 0.00305, 0.00305, 0.05436, 0.03315, 8.02%
Time spent: 7.96s
- Epoch 041, ExpID 95202
Train - Loss (one batch): 0.00266
Val - Loss, MSE, RMSE, MAE, MAPE: 0.00289, 0.00289, 0.05332, 0.03296, 242246.07%
Test - Best epoch, Loss, MSE, RMSE, MAE, MAPE: 33, 0.00305, 0.00305, 0.05436, 0.03315, 8.02%
Time spent: 8.20s
- Epoch 042, ExpID 95202
Train - Loss (one batch): 0.00261
Val - Loss, MSE, RMSE, MAE, MAPE: 0.00322, 0.00322, 0.05632, 0.03782, 248711.62%
Test - Best epoch, Loss, MSE, RMSE, MAE, MAPE: 33, 0.00305, 0.00305, 0.05436, 0.03315, 8.02%
Time spent: 8.08s
- Epoch 043, ExpID 95202
Train - Loss (one batch): 0.00304
Val - Loss, MSE, RMSE, MAE, MAPE: 0.00383, 0.00383, 0.06158, 0.04447, 251892.12%
Test - Best epoch, Loss, MSE, RMSE, MAE, MAPE: 33, 0.00305, 0.00305, 0.05436, 0.03315, 8.02%
Time spent: 8.12s
- Epoch 044, ExpID 95202
Train - Loss (one batch): 0.00281
Val - Loss, MSE, RMSE, MAE, MAPE: 0.00283, 0.00283, 0.05271, 0.03185, 232010.59%
Test - Best epoch, Loss, MSE, RMSE, MAE, MAPE: 44, 0.00297, 0.00297, 0.05370, 0.03294, 8.00%
Time spent: 9.13s
- Epoch 045, ExpID 95202
Train - Loss (one batch): 0.00253
Val - Loss, MSE, RMSE, MAE, MAPE: 0.00285, 0.00285, 0.05294, 0.03218, 233776.42%
Test - Best epoch, Loss, MSE, RMSE, MAE, MAPE: 44, 0.00297, 0.00297, 0.05370, 0.03294, 8.00%
Time spent: 7.99s
- Epoch 046, ExpID 95202
Train - Loss (one batch): 0.00236
Val - Loss, MSE, RMSE, MAE, MAPE: 0.00300, 0.00300, 0.05437, 0.03467, 239935.36%
Test - Best epoch, Loss, MSE, RMSE, MAE, MAPE: 44, 0.00297, 0.00297, 0.05370, 0.03294, 8.00%
Time spent: 8.10s
- Epoch 047, ExpID 95202
Train - Loss (one batch): 0.00286
Val - Loss, MSE, RMSE, MAE, MAPE: 0.00281, 0.00281, 0.05256, 0.03164, 233803.36%
Test - Best epoch, Loss, MSE, RMSE, MAE, MAPE: 47, 0.00294, 0.00294, 0.05344, 0.03270, 7.97%
Time spent: 8.98s
- Epoch 048, ExpID 95202
Train - Loss (one batch): 0.00221
Val - Loss, MSE, RMSE, MAE, MAPE: 0.00307, 0.00307, 0.05499, 0.03579, 242145.14%
Test - Best epoch, Loss, MSE, RMSE, MAE, MAPE: 47, 0.00294, 0.00294, 0.05344, 0.03270, 7.97%
Time spent: 8.05s
- Epoch 049, ExpID 95202
Train - Loss (one batch): 0.00256
Val - Loss, MSE, RMSE, MAE, MAPE: 0.00286, 0.00286, 0.05300, 0.03220, 226832.92%
Test - Best epoch, Loss, MSE, RMSE, MAE, MAPE: 47, 0.00294, 0.00294, 0.05344, 0.03270, 7.97%
Time spent: 8.06s
- Epoch 050, ExpID 95202
Train - Loss (one batch): 0.00184
Val - Loss, MSE, RMSE, MAE, MAPE: 0.00299, 0.00299, 0.05424, 0.03460, 236270.32%
Test - Best epoch, Loss, MSE, RMSE, MAE, MAPE: 47, 0.00294, 0.00294, 0.05344, 0.03270, 7.97%
Time spent: 8.04s
- Epoch 051, ExpID 95202
Train - Loss (one batch): 0.00278
Val - Loss, MSE, RMSE, MAE, MAPE: 0.00299, 0.00299, 0.05430, 0.03441, 241760.08%
Test - Best epoch, Loss, MSE, RMSE, MAE, MAPE: 47, 0.00294, 0.00294, 0.05344, 0.03270, 7.97%
Time spent: 8.08s
- Epoch 052, ExpID 95202
Train - Loss (one batch): 0.00230
Val - Loss, MSE, RMSE, MAE, MAPE: 0.00308, 0.00308, 0.05515, 0.03642, 243898.37%
Test - Best epoch, Loss, MSE, RMSE, MAE, MAPE: 47, 0.00294, 0.00294, 0.05344, 0.03270, 7.97%
Time spent: 8.00s
- Epoch 053, ExpID 95202
Train - Loss (one batch): 0.00228
Val - Loss, MSE, RMSE, MAE, MAPE: 0.00316, 0.00316, 0.05588, 0.03735, 242020.84%
Test - Best epoch, Loss, MSE, RMSE, MAE, MAPE: 47, 0.00294, 0.00294, 0.05344, 0.03270, 7.97%
Time spent: 8.21s
- Epoch 054, ExpID 95202
Train - Loss (one batch): 0.00250
Val - Loss, MSE, RMSE, MAE, MAPE: 0.00282, 0.00282, 0.05264, 0.03182, 224448.01%
Test - Best epoch, Loss, MSE, RMSE, MAE, MAPE: 47, 0.00294, 0.00294, 0.05344, 0.03270, 7.97%
Time spent: 7.89s
- Epoch 055, ExpID 95202
Train - Loss (one batch): 0.00243
Val - Loss, MSE, RMSE, MAE, MAPE: 0.00332, 0.00332, 0.05731, 0.03940, 246159.45%
Test - Best epoch, Loss, MSE, RMSE, MAE, MAPE: 47, 0.00294, 0.00294, 0.05344, 0.03270, 7.97%
Time spent: 8.05s
- Epoch 056, ExpID 95202
Train - Loss (one batch): 0.00315
Val - Loss, MSE, RMSE, MAE, MAPE: 0.00339, 0.00339, 0.05793, 0.04081, 246904.84%
Test - Best epoch, Loss, MSE, RMSE, MAE, MAPE: 47, 0.00294, 0.00294, 0.05344, 0.03270, 7.97%
Time spent: 8.19s
- Epoch 057, ExpID 95202
Train - Loss (one batch): 0.00213
Val - Loss, MSE, RMSE, MAE, MAPE: 0.00324, 0.00324, 0.05656, 0.03850, 245141.37%
Test - Best epoch, Loss, MSE, RMSE, MAE, MAPE: 47, 0.00294, 0.00294, 0.05344, 0.03270, 7.97%
Time spent: 8.07s
- Epoch 058, ExpID 95202
Train - Loss (one batch): 0.00286
Val - Loss, MSE, RMSE, MAE, MAPE: 0.00274, 0.00274, 0.05191, 0.03143, 234398.80%
Test - Best epoch, Loss, MSE, RMSE, MAE, MAPE: 58, 0.00289, 0.00289, 0.05300, 0.03267, 7.93%
Time spent: 9.07s
- Epoch 059, ExpID 95202
Train - Loss (one batch): 0.00214
Val - Loss, MSE, RMSE, MAE, MAPE: 0.00297, 0.00297, 0.05409, 0.03499, 238587.27%
Test - Best epoch, Loss, MSE, RMSE, MAE, MAPE: 58, 0.00289, 0.00289, 0.05300, 0.03267, 7.93%
Time spent: 7.92s
- Epoch 060, ExpID 95202
Train - Loss (one batch): 0.00273
Val - Loss, MSE, RMSE, MAE, MAPE: 0.00284, 0.00284, 0.05290, 0.03308, 237634.08%
Test - Best epoch, Loss, MSE, RMSE, MAE, MAPE: 58, 0.00289, 0.00289, 0.05300, 0.03267, 7.93%
Time spent: 8.21s
- Epoch 061, ExpID 95202
Train - Loss (one batch): 0.00220
Val - Loss, MSE, RMSE, MAE, MAPE: 0.00378, 0.00378, 0.06120, 0.04511, 252923.43%
Test - Best epoch, Loss, MSE, RMSE, MAE, MAPE: 58, 0.00289, 0.00289, 0.05300, 0.03267, 7.93%
Time spent: 8.04s
- Epoch 062, ExpID 95202
Train - Loss (one batch): 0.00274
Val - Loss, MSE, RMSE, MAE, MAPE: 0.00288, 0.00288, 0.05328, 0.03377, 244605.81%
Test - Best epoch, Loss, MSE, RMSE, MAE, MAPE: 58, 0.00289, 0.00289, 0.05300, 0.03267, 7.93%
Time spent: 7.92s
- Epoch 063, ExpID 95202
Train - Loss (one batch): 0.00247
Val - Loss, MSE, RMSE, MAE, MAPE: 0.00279, 0.00279, 0.05235, 0.03213, 236231.57%
Test - Best epoch, Loss, MSE, RMSE, MAE, MAPE: 58, 0.00289, 0.00289, 0.05300, 0.03267, 7.93%
Time spent: 7.95s
- Epoch 064, ExpID 95202
Train - Loss (one batch): 0.00248
Val - Loss, MSE, RMSE, MAE, MAPE: 0.00274, 0.00274, 0.05195, 0.03180, 236387.98%
Test - Best epoch, Loss, MSE, RMSE, MAE, MAPE: 58, 0.00289, 0.00289, 0.05300, 0.03267, 7.93%
Time spent: 8.07s
- Epoch 065, ExpID 95202
Train - Loss (one batch): 0.00220
Val - Loss, MSE, RMSE, MAE, MAPE: 0.00299, 0.00299, 0.05429, 0.03559, 241624.76%
Test - Best epoch, Loss, MSE, RMSE, MAE, MAPE: 58, 0.00289, 0.00289, 0.05300, 0.03267, 7.93%
Time spent: 8.07s
- Epoch 066, ExpID 95202
Train - Loss (one batch): 0.00253
Val - Loss, MSE, RMSE, MAE, MAPE: 0.00274, 0.00274, 0.05188, 0.03134, 237192.54%
Test - Best epoch, Loss, MSE, RMSE, MAE, MAPE: 66, 0.00288, 0.00288, 0.05286, 0.03249, 7.92%
Time spent: 9.15s
- Epoch 067, ExpID 95202
Train - Loss (one batch): 0.00259
Val - Loss, MSE, RMSE, MAE, MAPE: 0.00329, 0.00329, 0.05699, 0.03953, 247856.79%
Test - Best epoch, Loss, MSE, RMSE, MAE, MAPE: 66, 0.00288, 0.00288, 0.05286, 0.03249, 7.92%
Time spent: 7.93s
- Epoch 068, ExpID 95202
Train - Loss (one batch): 0.00285
Val - Loss, MSE, RMSE, MAE, MAPE: 0.00276, 0.00276, 0.05206, 0.03161, 234970.62%
Test - Best epoch, Loss, MSE, RMSE, MAE, MAPE: 66, 0.00288, 0.00288, 0.05286, 0.03249, 7.92%
Time spent: 7.94s
- Epoch 069, ExpID 95202
Train - Loss (one batch): 0.00244
Val - Loss, MSE, RMSE, MAE, MAPE: 0.00272, 0.00272, 0.05172, 0.03132, 233179.59%
Test - Best epoch, Loss, MSE, RMSE, MAE, MAPE: 69, 0.00286, 0.00286, 0.05268, 0.03240, 7.86%
Time spent: 9.04s
- Epoch 070, ExpID 95202
Train - Loss (one batch): 0.00256
Val - Loss, MSE, RMSE, MAE, MAPE: 0.00274, 0.00274, 0.05194, 0.03156, 237801.91%
Test - Best epoch, Loss, MSE, RMSE, MAE, MAPE: 69, 0.00286, 0.00286, 0.05268, 0.03240, 7.86%
Time spent: 7.96s
- Epoch 071, ExpID 95202
Train - Loss (one batch): 0.00170
Val - Loss, MSE, RMSE, MAE, MAPE: 0.00290, 0.00290, 0.05347, 0.03451, 246815.27%
Test - Best epoch, Loss, MSE, RMSE, MAE, MAPE: 69, 0.00286, 0.00286, 0.05268, 0.03240, 7.86%
Time spent: 7.89s
- Epoch 072, ExpID 95202
Train - Loss (one batch): 0.00281
Val - Loss, MSE, RMSE, MAE, MAPE: 0.00318, 0.00318, 0.05605, 0.03827, 247052.63%
Test - Best epoch, Loss, MSE, RMSE, MAE, MAPE: 69, 0.00286, 0.00286, 0.05268, 0.03240, 7.86%
Time spent: 7.91s
- Epoch 073, ExpID 95202
Train - Loss (one batch): 0.00217
Val - Loss, MSE, RMSE, MAE, MAPE: 0.00311, 0.00311, 0.05542, 0.03752, 251069.61%
Test - Best epoch, Loss, MSE, RMSE, MAE, MAPE: 69, 0.00286, 0.00286, 0.05268, 0.03240, 7.86%
Time spent: 8.06s
- Epoch 074, ExpID 95202
Train - Loss (one batch): 0.00294
Val - Loss, MSE, RMSE, MAE, MAPE: 0.00307, 0.00307, 0.05497, 0.03665, 253680.75%
Test - Best epoch, Loss, MSE, RMSE, MAE, MAPE: 69, 0.00286, 0.00286, 0.05268, 0.03240, 7.86%
Time spent: 7.92s
- Epoch 075, ExpID 95202
Train - Loss (one batch): 0.00232
Val - Loss, MSE, RMSE, MAE, MAPE: 0.00278, 0.00278, 0.05232, 0.03246, 241040.62%
Test - Best epoch, Loss, MSE, RMSE, MAE, MAPE: 69, 0.00286, 0.00286, 0.05268, 0.03240, 7.86%
Time spent: 7.95s
- Epoch 076, ExpID 95202
Train - Loss (one batch): 0.00231
Val - Loss, MSE, RMSE, MAE, MAPE: 0.00279, 0.00279, 0.05236, 0.03270, 242891.59%
Test - Best epoch, Loss, MSE, RMSE, MAE, MAPE: 69, 0.00286, 0.00286, 0.05268, 0.03240, 7.86%
Time spent: 8.02s
- Epoch 077, ExpID 95202
Train - Loss (one batch): 0.00232
Val - Loss, MSE, RMSE, MAE, MAPE: 0.00281, 0.00281, 0.05260, 0.03288, 242149.80%
Test - Best epoch, Loss, MSE, RMSE, MAE, MAPE: 69, 0.00286, 0.00286, 0.05268, 0.03240, 7.86%
Time spent: 8.01s
- Epoch 078, ExpID 95202
Train - Loss (one batch): 0.00233
Val - Loss, MSE, RMSE, MAE, MAPE: 0.00330, 0.00330, 0.05709, 0.03943, 250519.37%
Test - Best epoch, Loss, MSE, RMSE, MAE, MAPE: 69, 0.00286, 0.00286, 0.05268, 0.03240, 7.86%
Time spent: 8.05s
- Epoch 079, ExpID 95202
Train - Loss (one batch): 0.00248
Val - Loss, MSE, RMSE, MAE, MAPE: 0.00285, 0.00285, 0.05293, 0.03361, 237842.71%
Test - Best epoch, Loss, MSE, RMSE, MAE, MAPE: 69, 0.00286, 0.00286, 0.05268, 0.03240, 7.86%
Time spent: 8.07s
- Epoch 080, ExpID 95202
Train - Loss (one batch): 0.00255
Val - Loss, MSE, RMSE, MAE, MAPE: 0.00308, 0.00308, 0.05517, 0.03725, 252659.98%
Test - Best epoch, Loss, MSE, RMSE, MAE, MAPE: 69, 0.00286, 0.00286, 0.05268, 0.03240, 7.86%
Time spent: 7.94s
- Epoch 081, ExpID 95202
Train - Loss (one batch): 0.00211
Val - Loss, MSE, RMSE, MAE, MAPE: 0.00303, 0.00303, 0.05471, 0.03623, 242506.62%
Test - Best epoch, Loss, MSE, RMSE, MAE, MAPE: 69, 0.00286, 0.00286, 0.05268, 0.03240, 7.86%
Time spent: 8.02s
- Epoch 082, ExpID 95202
Train - Loss (one batch): 0.00242
Val - Loss, MSE, RMSE, MAE, MAPE: 0.00302, 0.00302, 0.05462, 0.03598, 237108.93%
Test - Best epoch, Loss, MSE, RMSE, MAE, MAPE: 69, 0.00286, 0.00286, 0.05268, 0.03240, 7.86%
Time spent: 8.10s
- Epoch 083, ExpID 95202
Train - Loss (one batch): 0.00207
Val - Loss, MSE, RMSE, MAE, MAPE: 0.00271, 0.00271, 0.05162, 0.03139, 239248.15%
Test - Best epoch, Loss, MSE, RMSE, MAE, MAPE: 83, 0.00285, 0.00285, 0.05261, 0.03252, 7.91%
Time spent: 9.24s
- Epoch 084, ExpID 95202
Train - Loss (one batch): 0.00276
Val - Loss, MSE, RMSE, MAE, MAPE: 0.00303, 0.00303, 0.05461, 0.03604, 246841.85%
Test - Best epoch, Loss, MSE, RMSE, MAE, MAPE: 83, 0.00285, 0.00285, 0.05261, 0.03252, 7.91%
Time spent: 8.11s
- Epoch 085, ExpID 95202
Train - Loss (one batch): 0.00214
Val - Loss, MSE, RMSE, MAE, MAPE: 0.00280, 0.00280, 0.05250, 0.03296, 241710.22%
Test - Best epoch, Loss, MSE, RMSE, MAE, MAPE: 83, 0.00285, 0.00285, 0.05261, 0.03252, 7.91%
Time spent: 7.98s
- Epoch 086, ExpID 95202
Train - Loss (one batch): 0.00256
Val - Loss, MSE, RMSE, MAE, MAPE: 0.00327, 0.00327, 0.05680, 0.03962, 247735.50%
Test - Best epoch, Loss, MSE, RMSE, MAE, MAPE: 83, 0.00285, 0.00285, 0.05261, 0.03252, 7.91%
Time spent: 8.02s
- Epoch 087, ExpID 95202
Train - Loss (one batch): 0.00310
Val - Loss, MSE, RMSE, MAE, MAPE: 0.00281, 0.00281, 0.05259, 0.03348, 243001.04%
Test - Best epoch, Loss, MSE, RMSE, MAE, MAPE: 83, 0.00285, 0.00285, 0.05261, 0.03252, 7.91%
Time spent: 7.93s
- Epoch 088, ExpID 95202
Train - Loss (one batch): 0.00250
Val - Loss, MSE, RMSE, MAE, MAPE: 0.00278, 0.00278, 0.05231, 0.03294, 241465.41%
Test - Best epoch, Loss, MSE, RMSE, MAE, MAPE: 83, 0.00285, 0.00285, 0.05261, 0.03252, 7.91%
Time spent: 7.98s
- Epoch 089, ExpID 95202
Train - Loss (one batch): 0.00240
Val - Loss, MSE, RMSE, MAE, MAPE: 0.00271, 0.00271, 0.05160, 0.03154, 238269.23%
Test - Best epoch, Loss, MSE, RMSE, MAE, MAPE: 83, 0.00285, 0.00285, 0.05261, 0.03252, 7.91%
Time spent: 8.08s
- Epoch 090, ExpID 95202
Train - Loss (one batch): 0.00215
Val - Loss, MSE, RMSE, MAE, MAPE: 0.00286, 0.00286, 0.05302, 0.03369, 246676.38%
Test - Best epoch, Loss, MSE, RMSE, MAE, MAPE: 83, 0.00285, 0.00285, 0.05261, 0.03252, 7.91%
Time spent: 8.08s
- Epoch 091, ExpID 95202
Train - Loss (one batch): 0.00270
Val - Loss, MSE, RMSE, MAE, MAPE: 0.00281, 0.00281, 0.05259, 0.03316, 243934.01%
Test - Best epoch, Loss, MSE, RMSE, MAE, MAPE: 83, 0.00285, 0.00285, 0.05261, 0.03252, 7.91%
Time spent: 7.94s
- Epoch 092, ExpID 95202
Train - Loss (one batch): 0.00244
Val - Loss, MSE, RMSE, MAE, MAPE: 0.00272, 0.00272, 0.05170, 0.03158, 239729.59%
Test - Best epoch, Loss, MSE, RMSE, MAE, MAPE: 83, 0.00285, 0.00285, 0.05261, 0.03252, 7.91%
Time spent: 8.08s
- Epoch 093, ExpID 95202
Train - Loss (one batch): 0.00230
Val - Loss, MSE, RMSE, MAE, MAPE: 0.00343, 0.00343, 0.05817, 0.04123, 260202.94%
Test - Best epoch, Loss, MSE, RMSE, MAE, MAPE: 83, 0.00285, 0.00285, 0.05261, 0.03252, 7.91%
Time spent: 8.10s
- Epoch 094, ExpID 95202
Train - Loss (one batch): 0.00233
Val - Loss, MSE, RMSE, MAE, MAPE: 0.00267, 0.00267, 0.05127, 0.03119, 243474.54%
Test - Best epoch, Loss, MSE, RMSE, MAE, MAPE: 94, 0.00284, 0.00284, 0.05251, 0.03258, 7.96%
Time spent: 8.98s
- Epoch 095, ExpID 95202
Train - Loss (one batch): 0.00224
Val - Loss, MSE, RMSE, MAE, MAPE: 0.00301, 0.00301, 0.05454, 0.03637, 244156.65%
Test - Best epoch, Loss, MSE, RMSE, MAE, MAPE: 94, 0.00284, 0.00284, 0.05251, 0.03258, 7.96%
Time spent: 7.97s
- Epoch 096, ExpID 95202
Train - Loss (one batch): 0.00224
Val - Loss, MSE, RMSE, MAE, MAPE: 0.00295, 0.00295, 0.05390, 0.03555, 246090.29%
Test - Best epoch, Loss, MSE, RMSE, MAE, MAPE: 94, 0.00284, 0.00284, 0.05251, 0.03258, 7.96%
Time spent: 7.96s
- Epoch 097, ExpID 95202
Train - Loss (one batch): 0.00247
Val - Loss, MSE, RMSE, MAE, MAPE: 0.00270, 0.00270, 0.05147, 0.03132, 241698.04%
Test - Best epoch, Loss, MSE, RMSE, MAE, MAPE: 94, 0.00284, 0.00284, 0.05251, 0.03258, 7.96%
Time spent: 7.97s
- Epoch 098, ExpID 95202
Train - Loss (one batch): 0.00234
Val - Loss, MSE, RMSE, MAE, MAPE: 0.00289, 0.00289, 0.05338, 0.03446, 246094.67%
Test - Best epoch, Loss, MSE, RMSE, MAE, MAPE: 94, 0.00284, 0.00284, 0.05251, 0.03258, 7.96%
Time spent: 7.93s
- Epoch 099, ExpID 95202
Train - Loss (one batch): 0.00258
Val - Loss, MSE, RMSE, MAE, MAPE: 0.00293, 0.00293, 0.05376, 0.03487, 240265.40%
Test - Best epoch, Loss, MSE, RMSE, MAE, MAPE: 94, 0.00284, 0.00284, 0.05251, 0.03258, 7.96%
Time spent: 8.06s
- Epoch 100, ExpID 95202
Train - Loss (one batch): 0.00220
Val - Loss, MSE, RMSE, MAE, MAPE: 0.00274, 0.00274, 0.05192, 0.03191, 239586.17%
Test - Best epoch, Loss, MSE, RMSE, MAE, MAPE: 94, 0.00284, 0.00284, 0.05251, 0.03258, 7.96%
Time spent: 7.89s
- Epoch 101, ExpID 95202
Train - Loss (one batch): 0.00228
Val - Loss, MSE, RMSE, MAE, MAPE: 0.00272, 0.00272, 0.05175, 0.03194, 246139.97%
Test - Best epoch, Loss, MSE, RMSE, MAE, MAPE: 94, 0.00284, 0.00284, 0.05251, 0.03258, 7.96%
Time spent: 8.05s
- Epoch 102, ExpID 95202
Train - Loss (one batch): 0.00269
Val - Loss, MSE, RMSE, MAE, MAPE: 0.00278, 0.00278, 0.05228, 0.03274, 239568.37%
Test - Best epoch, Loss, MSE, RMSE, MAE, MAPE: 94, 0.00284, 0.00284, 0.05251, 0.03258, 7.96%
Time spent: 8.02s
- Epoch 103, ExpID 95202
Train - Loss (one batch): 0.00244
Val - Loss, MSE, RMSE, MAE, MAPE: 0.00273, 0.00273, 0.05178, 0.03191, 234674.12%
Test - Best epoch, Loss, MSE, RMSE, MAE, MAPE: 94, 0.00284, 0.00284, 0.05251, 0.03258, 7.96%
Time spent: 8.08s
- Epoch 104, ExpID 95202
Train - Loss (one batch): 0.00225
Val - Loss, MSE, RMSE, MAE, MAPE: 0.00293, 0.00293, 0.05369, 0.03482, 246766.09%
Test - Best epoch, Loss, MSE, RMSE, MAE, MAPE: 94, 0.00284, 0.00284, 0.05251, 0.03258, 7.96%
Time spent: 8.08s
- Epoch 105, ExpID 95202
Train - Loss (one batch): 0.00244
Val - Loss, MSE, RMSE, MAE, MAPE: 0.00335, 0.00335, 0.05753, 0.04072, 253313.03%
Test - Best epoch, Loss, MSE, RMSE, MAE, MAPE: 94, 0.00284, 0.00284, 0.05251, 0.03258, 7.96%
Time spent: 8.05s
- Epoch 106, ExpID 95202
Train - Loss (one batch): 0.00244
Val - Loss, MSE, RMSE, MAE, MAPE: 0.00267, 0.00267, 0.05121, 0.03104, 239743.23%
Test - Best epoch, Loss, MSE, RMSE, MAE, MAPE: 106, 0.00283, 0.00283, 0.05244, 0.03240, 7.92%
Time spent: 9.10s
- Epoch 107, ExpID 95202
Train - Loss (one batch): 0.00171
Val - Loss, MSE, RMSE, MAE, MAPE: 0.00304, 0.00304, 0.05470, 0.03652, 250354.69%
Test - Best epoch, Loss, MSE, RMSE, MAE, MAPE: 106, 0.00283, 0.00283, 0.05244, 0.03240, 7.92%
Time spent: 7.98s
- Epoch 108, ExpID 95202
Train - Loss (one batch): 0.00240
Val - Loss, MSE, RMSE, MAE, MAPE: 0.00274, 0.00274, 0.05195, 0.03232, 242089.19%
Test - Best epoch, Loss, MSE, RMSE, MAE, MAPE: 106, 0.00283, 0.00283, 0.05244, 0.03240, 7.92%
Time spent: 7.99s
- Epoch 109, ExpID 95202
Train - Loss (one batch): 0.00211
Val - Loss, MSE, RMSE, MAE, MAPE: 0.00297, 0.00297, 0.05412, 0.03566, 245973.57%
Test - Best epoch, Loss, MSE, RMSE, MAE, MAPE: 106, 0.00283, 0.00283, 0.05244, 0.03240, 7.92%
Time spent: 8.00s
- Epoch 110, ExpID 95202
Train - Loss (one batch): 0.00206
Val - Loss, MSE, RMSE, MAE, MAPE: 0.00338, 0.00338, 0.05781, 0.04101, 252112.04%
Test - Best epoch, Loss, MSE, RMSE, MAE, MAPE: 106, 0.00283, 0.00283, 0.05244, 0.03240, 7.92%
Time spent: 7.99s
- Epoch 111, ExpID 95202
Train - Loss (one batch): 0.00278
Val - Loss, MSE, RMSE, MAE, MAPE: 0.00286, 0.00286, 0.05305, 0.03370, 244365.64%
Test - Best epoch, Loss, MSE, RMSE, MAE, MAPE: 106, 0.00283, 0.00283, 0.05244, 0.03240, 7.92%
Time spent: 7.87s
- Epoch 112, ExpID 95202
Train - Loss (one batch): 0.00245
Val - Loss, MSE, RMSE, MAE, MAPE: 0.00283, 0.00283, 0.05274, 0.03357, 245149.33%
Test - Best epoch, Loss, MSE, RMSE, MAE, MAPE: 106, 0.00283, 0.00283, 0.05244, 0.03240, 7.92%
Time spent: 7.89s
- Epoch 113, ExpID 95202
Train - Loss (one batch): 0.00285
Val - Loss, MSE, RMSE, MAE, MAPE: 0.00269, 0.00269, 0.05144, 0.03137, 240399.30%
Test - Best epoch, Loss, MSE, RMSE, MAE, MAPE: 106, 0.00283, 0.00283, 0.05244, 0.03240, 7.92%
Time spent: 7.96s
- Epoch 114, ExpID 95202
Train - Loss (one batch): 0.00196
Val - Loss, MSE, RMSE, MAE, MAPE: 0.00294, 0.00294, 0.05378, 0.03530, 253396.77%
Test - Best epoch, Loss, MSE, RMSE, MAE, MAPE: 106, 0.00283, 0.00283, 0.05244, 0.03240, 7.92%
Time spent: 8.01s
- Epoch 115, ExpID 95202
Train - Loss (one batch): 0.00202
Val - Loss, MSE, RMSE, MAE, MAPE: 0.00286, 0.00286, 0.05311, 0.03429, 249507.41%
Test - Best epoch, Loss, MSE, RMSE, MAE, MAPE: 106, 0.00283, 0.00283, 0.05244, 0.03240, 7.92%
Time spent: 8.16s
- Epoch 116, ExpID 95202
Train - Loss (one batch): 0.00202
Val - Loss, MSE, RMSE, MAE, MAPE: 0.00276, 0.00276, 0.05213, 0.03261, 248605.73%
Test - Best epoch, Loss, MSE, RMSE, MAE, MAPE: 106, 0.00283, 0.00283, 0.05244, 0.03240, 7.92%
Time spent: 8.04s
- Epoch 117, ExpID 95202
Train - Loss (one batch): 0.00254
Val - Loss, MSE, RMSE, MAE, MAPE: 0.00281, 0.00281, 0.05257, 0.03350, 243037.99%
Test - Best epoch, Loss, MSE, RMSE, MAE, MAPE: 106, 0.00283, 0.00283, 0.05244, 0.03240, 7.92%
Time spent: 8.02s
- Epoch 118, ExpID 95202
Train - Loss (one batch): 0.00252
Val - Loss, MSE, RMSE, MAE, MAPE: 0.00266, 0.00266, 0.05110, 0.03092, 235791.90%
Test - Best epoch, Loss, MSE, RMSE, MAE, MAPE: 118, 0.00285, 0.00285, 0.05252, 0.03245, 7.87%
Time spent: 8.98s
- Epoch 119, ExpID 95202
Train - Loss (one batch): 0.00254
Val - Loss, MSE, RMSE, MAE, MAPE: 0.00301, 0.00301, 0.05443, 0.03607, 251733.04%
Test - Best epoch, Loss, MSE, RMSE, MAE, MAPE: 118, 0.00285, 0.00285, 0.05252, 0.03245, 7.87%
Time spent: 8.05s
- Epoch 120, ExpID 95202
Train - Loss (one batch): 0.00284
Val - Loss, MSE, RMSE, MAE, MAPE: 0.00282, 0.00282, 0.05273, 0.03355, 243148.11%
Test - Best epoch, Loss, MSE, RMSE, MAE, MAPE: 118, 0.00285, 0.00285, 0.05252, 0.03245, 7.87%
Time spent: 7.92s
- Epoch 121, ExpID 95202
Train - Loss (one batch): 0.00217
Val - Loss, MSE, RMSE, MAE, MAPE: 0.00291, 0.00291, 0.05352, 0.03471, 240538.06%
Test - Best epoch, Loss, MSE, RMSE, MAE, MAPE: 118, 0.00285, 0.00285, 0.05252, 0.03245, 7.87%
Time spent: 7.88s
- Epoch 122, ExpID 95202
Train - Loss (one batch): 0.00235
Val - Loss, MSE, RMSE, MAE, MAPE: 0.00273, 0.00273, 0.05183, 0.03243, 239720.95%
Test - Best epoch, Loss, MSE, RMSE, MAE, MAPE: 118, 0.00285, 0.00285, 0.05252, 0.03245, 7.87%
Time spent: 8.20s
- Epoch 123, ExpID 95202
Train - Loss (one batch): 0.00225
Val - Loss, MSE, RMSE, MAE, MAPE: 0.00265, 0.00265, 0.05105, 0.03094, 243296.35%
Test - Best epoch, Loss, MSE, RMSE, MAE, MAPE: 123, 0.00285, 0.00285, 0.05259, 0.03260, 7.96%
Time spent: 9.11s
- Epoch 124, ExpID 95202
Train - Loss (one batch): 0.00219
Val - Loss, MSE, RMSE, MAE, MAPE: 0.00278, 0.00278, 0.05232, 0.03293, 242361.28%
Test - Best epoch, Loss, MSE, RMSE, MAE, MAPE: 123, 0.00285, 0.00285, 0.05259, 0.03260, 7.96%
Time spent: 7.89s
- Epoch 125, ExpID 95202
Train - Loss (one batch): 0.00267
Val - Loss, MSE, RMSE, MAE, MAPE: 0.00290, 0.00290, 0.05347, 0.03484, 245421.10%
Test - Best epoch, Loss, MSE, RMSE, MAE, MAPE: 123, 0.00285, 0.00285, 0.05259, 0.03260, 7.96%
Time spent: 8.03s
- Epoch 126, ExpID 95202
Train - Loss (one batch): 0.00234
Val - Loss, MSE, RMSE, MAE, MAPE: 0.00272, 0.00272, 0.05175, 0.03205, 249055.11%
Test - Best epoch, Loss, MSE, RMSE, MAE, MAPE: 123, 0.00285, 0.00285, 0.05259, 0.03260, 7.96%
Time spent: 8.29s
- Epoch 127, ExpID 95202
Train - Loss (one batch): 0.00228
Val - Loss, MSE, RMSE, MAE, MAPE: 0.00269, 0.00269, 0.05141, 0.03117, 238586.15%
Test - Best epoch, Loss, MSE, RMSE, MAE, MAPE: 123, 0.00285, 0.00285, 0.05259, 0.03260, 7.96%
Time spent: 8.11s
- Epoch 128, ExpID 95202
Train - Loss (one batch): 0.00237
Val - Loss, MSE, RMSE, MAE, MAPE: 0.00268, 0.00268, 0.05127, 0.03133, 243032.18%
Test - Best epoch, Loss, MSE, RMSE, MAE, MAPE: 123, 0.00285, 0.00285, 0.05259, 0.03260, 7.96%
Time spent: 7.92s
- Epoch 129, ExpID 95202
Train - Loss (one batch): 0.00245
Val - Loss, MSE, RMSE, MAE, MAPE: 0.00285, 0.00285, 0.05295, 0.03385, 246659.16%
Test - Best epoch, Loss, MSE, RMSE, MAE, MAPE: 123, 0.00285, 0.00285, 0.05259, 0.03260, 7.96%
Time spent: 7.91s
- Epoch 130, ExpID 95202
Train - Loss (one batch): 0.00258
Val - Loss, MSE, RMSE, MAE, MAPE: 0.00274, 0.00274, 0.05192, 0.03191, 242178.20%
Test - Best epoch, Loss, MSE, RMSE, MAE, MAPE: 123, 0.00285, 0.00285, 0.05259, 0.03260, 7.96%
Time spent: 7.89s
- Epoch 131, ExpID 95202
Train - Loss (one batch): 0.00259
Val - Loss, MSE, RMSE, MAE, MAPE: 0.00271, 0.00271, 0.05159, 0.03178, 236162.90%
Test - Best epoch, Loss, MSE, RMSE, MAE, MAPE: 123, 0.00285, 0.00285, 0.05259, 0.03260, 7.96%
Time spent: 8.06s
- Epoch 132, ExpID 95202
Train - Loss (one batch): 0.00251
Val - Loss, MSE, RMSE, MAE, MAPE: 0.00286, 0.00286, 0.05305, 0.03421, 248043.47%
Test - Best epoch, Loss, MSE, RMSE, MAE, MAPE: 123, 0.00285, 0.00285, 0.05259, 0.03260, 7.96%
Time spent: 7.90s
- Epoch 133, ExpID 95202
Train - Loss (one batch): 0.00260
Val - Loss, MSE, RMSE, MAE, MAPE: 0.00277, 0.00277, 0.05225, 0.03295, 245540.42%
Test - Best epoch, Loss, MSE, RMSE, MAE, MAPE: 123, 0.00285, 0.00285, 0.05259, 0.03260, 7.96%
Time spent: 8.14s
- Epoch 134, ExpID 95202
Train - Loss (one batch): 0.00232
Val - Loss, MSE, RMSE, MAE, MAPE: 0.00277, 0.00277, 0.05218, 0.03234, 239676.05%
Test - Best epoch, Loss, MSE, RMSE, MAE, MAPE: 123, 0.00285, 0.00285, 0.05259, 0.03260, 7.96%
Time spent: 8.18s
- Epoch 135, ExpID 95202
Train - Loss (one batch): 0.00257
Val - Loss, MSE, RMSE, MAE, MAPE: 0.00273, 0.00273, 0.05178, 0.03187, 243193.52%
Test - Best epoch, Loss, MSE, RMSE, MAE, MAPE: 123, 0.00285, 0.00285, 0.05259, 0.03260, 7.96%
Time spent: 8.02s
- Epoch 136, ExpID 95202
Train - Loss (one batch): 0.00245
Val - Loss, MSE, RMSE, MAE, MAPE: 0.00275, 0.00275, 0.05200, 0.03239, 246004.69%
Test - Best epoch, Loss, MSE, RMSE, MAE, MAPE: 123, 0.00285, 0.00285, 0.05259, 0.03260, 7.96%
Time spent: 7.97s
- Epoch 137, ExpID 95202
Train - Loss (one batch): 0.00258
Val - Loss, MSE, RMSE, MAE, MAPE: 0.00308, 0.00308, 0.05514, 0.03737, 245735.72%
Test - Best epoch, Loss, MSE, RMSE, MAE, MAPE: 123, 0.00285, 0.00285, 0.05259, 0.03260, 7.96%
Time spent: 8.01s
- Epoch 138, ExpID 95202
Train - Loss (one batch): 0.00285
Val - Loss, MSE, RMSE, MAE, MAPE: 0.00268, 0.00268, 0.05127, 0.03124, 233864.69%
Test - Best epoch, Loss, MSE, RMSE, MAE, MAPE: 123, 0.00285, 0.00285, 0.05259, 0.03260, 7.96%
Time spent: 7.92s
- Epoch 139, ExpID 95202
Train - Loss (one batch): 0.00256
Val - Loss, MSE, RMSE, MAE, MAPE: 0.00329, 0.00329, 0.05704, 0.04002, 248332.92%
Test - Best epoch, Loss, MSE, RMSE, MAE, MAPE: 123, 0.00285, 0.00285, 0.05259, 0.03260, 7.96%
Time spent: 8.03s
- Epoch 140, ExpID 95202
Train - Loss (one batch): 0.00180
Val - Loss, MSE, RMSE, MAE, MAPE: 0.00266, 0.00266, 0.05115, 0.03086, 240528.44%
Test - Best epoch, Loss, MSE, RMSE, MAE, MAPE: 123, 0.00285, 0.00285, 0.05259, 0.03260, 7.96%
Time spent: 8.07s
- Epoch 141, ExpID 95202
Train - Loss (one batch): 0.00191
Val - Loss, MSE, RMSE, MAE, MAPE: 0.00298, 0.00298, 0.05424, 0.03610, 244956.20%
Test - Best epoch, Loss, MSE, RMSE, MAE, MAPE: 123, 0.00285, 0.00285, 0.05259, 0.03260, 7.96%
Time spent: 7.98s
- Epoch 142, ExpID 95202
Train - Loss (one batch): 0.00235
Val - Loss, MSE, RMSE, MAE, MAPE: 0.00296, 0.00296, 0.05406, 0.03574, 253873.49%
Test - Best epoch, Loss, MSE, RMSE, MAE, MAPE: 123, 0.00285, 0.00285, 0.05259, 0.03260, 7.96%
Time spent: 7.94s
- Epoch 143, ExpID 95202
Train - Loss (one batch): 0.00193
Val - Loss, MSE, RMSE, MAE, MAPE: 0.00278, 0.00278, 0.05230, 0.03308, 251995.55%
Test - Best epoch, Loss, MSE, RMSE, MAE, MAPE: 123, 0.00285, 0.00285, 0.05259, 0.03260, 7.96%
Time spent: 8.06s
- Epoch 144, ExpID 95202
Train - Loss (one batch): 0.00282
Val - Loss, MSE, RMSE, MAE, MAPE: 0.00274, 0.00274, 0.05189, 0.03249, 243931.44%
Test - Best epoch, Loss, MSE, RMSE, MAE, MAPE: 123, 0.00285, 0.00285, 0.05259, 0.03260, 7.96%
Time spent: 8.02s
- Epoch 145, ExpID 95202
Train - Loss (one batch): 0.00191
Val - Loss, MSE, RMSE, MAE, MAPE: 0.00268, 0.00268, 0.05131, 0.03148, 239063.63%
Test - Best epoch, Loss, MSE, RMSE, MAE, MAPE: 123, 0.00285, 0.00285, 0.05259, 0.03260, 7.96%
Time spent: 8.07s
- Epoch 146, ExpID 95202
Train - Loss (one batch): 0.00216
Val - Loss, MSE, RMSE, MAE, MAPE: 0.00281, 0.00281, 0.05259, 0.03369, 247109.41%
Test - Best epoch, Loss, MSE, RMSE, MAE, MAPE: 123, 0.00285, 0.00285, 0.05259, 0.03260, 7.96%
Time spent: 8.01s
- Epoch 147, ExpID 95202
Train - Loss (one batch): 0.00254
Val - Loss, MSE, RMSE, MAE, MAPE: 0.00278, 0.00278, 0.05225, 0.03261, 248797.73%
Test - Best epoch, Loss, MSE, RMSE, MAE, MAPE: 123, 0.00285, 0.00285, 0.05259, 0.03260, 7.96%
Time spent: 8.08s
- Epoch 148, ExpID 95202
Train - Loss (one batch): 0.00213
Val - Loss, MSE, RMSE, MAE, MAPE: 0.00281, 0.00281, 0.05260, 0.03350, 245163.57%
Test - Best epoch, Loss, MSE, RMSE, MAE, MAPE: 123, 0.00285, 0.00285, 0.05259, 0.03260, 7.96%
Time spent: 7.99s
- Epoch 149, ExpID 95202
Train - Loss (one batch): 0.00225
Val - Loss, MSE, RMSE, MAE, MAPE: 0.00291, 0.00291, 0.05348, 0.03447, 248751.48%
Test - Best epoch, Loss, MSE, RMSE, MAE, MAPE: 123, 0.00285, 0.00285, 0.05259, 0.03260, 7.96%
Time spent: 8.12s
- Epoch 150, ExpID 95202
Train - Loss (one batch): 0.00273
Val - Loss, MSE, RMSE, MAE, MAPE: 0.00284, 0.00284, 0.05288, 0.03391, 248407.60%
Test - Best epoch, Loss, MSE, RMSE, MAE, MAPE: 123, 0.00285, 0.00285, 0.05259, 0.03260, 7.96%
Time spent: 8.05s
- Epoch 151, ExpID 95202
Train - Loss (one batch): 0.00238
Val - Loss, MSE, RMSE, MAE, MAPE: 0.00270, 0.00270, 0.05155, 0.03132, 236946.41%
Test - Best epoch, Loss, MSE, RMSE, MAE, MAPE: 123, 0.00285, 0.00285, 0.05259, 0.03260, 7.96%
Time spent: 7.96s
- Epoch 152, ExpID 95202
Train - Loss (one batch): 0.00267
Val - Loss, MSE, RMSE, MAE, MAPE: 0.00312, 0.00312, 0.05548, 0.03789, 255676.70%
Test - Best epoch, Loss, MSE, RMSE, MAE, MAPE: 123, 0.00285, 0.00285, 0.05259, 0.03260, 7.96%
Time spent: 8.04s
- Epoch 153, ExpID 95202
Train - Loss (one batch): 0.00208
Val - Loss, MSE, RMSE, MAE, MAPE: 0.00273, 0.00273, 0.05182, 0.03190, 229900.92%
Test - Best epoch, Loss, MSE, RMSE, MAE, MAPE: 123, 0.00285, 0.00285, 0.05259, 0.03260, 7.96%
Time spent: 7.96s
- Epoch 154, ExpID 95202
Train - Loss (one batch): 0.00241
Val - Loss, MSE, RMSE, MAE, MAPE: 0.00272, 0.00272, 0.05173, 0.03206, 245061.41%
Test - Best epoch, Loss, MSE, RMSE, MAE, MAPE: 123, 0.00285, 0.00285, 0.05259, 0.03260, 7.96%
Time spent: 7.98s
- Epoch 155, ExpID 95202
Train - Loss (one batch): 0.00228
Val - Loss, MSE, RMSE, MAE, MAPE: 0.00276, 0.00276, 0.05205, 0.03233, 245145.76%
Test - Best epoch, Loss, MSE, RMSE, MAE, MAPE: 123, 0.00285, 0.00285, 0.05259, 0.03260, 7.96%
Time spent: 8.11s
- Epoch 156, ExpID 95202
Train - Loss (one batch): 0.00228
Val - Loss, MSE, RMSE, MAE, MAPE: 0.00280, 0.00280, 0.05249, 0.03309, 241503.08%
Test - Best epoch, Loss, MSE, RMSE, MAE, MAPE: 123, 0.00285, 0.00285, 0.05259, 0.03260, 7.96%
Time spent: 8.04s
- Epoch 157, ExpID 95202
Train - Loss (one batch): 0.00240
Val - Loss, MSE, RMSE, MAE, MAPE: 0.00269, 0.00269, 0.05137, 0.03115, 240378.41%
Test - Best epoch, Loss, MSE, RMSE, MAE, MAPE: 123, 0.00285, 0.00285, 0.05259, 0.03260, 7.96%
Time spent: 7.95s
- Epoch 158, ExpID 95202
Train - Loss (one batch): 0.00261
Val - Loss, MSE, RMSE, MAE, MAPE: 0.00274, 0.00274, 0.05193, 0.03207, 251732.82%
Test - Best epoch, Loss, MSE, RMSE, MAE, MAPE: 123, 0.00285, 0.00285, 0.05259, 0.03260, 7.96%
Time spent: 7.96s
- Epoch 159, ExpID 95202
Train - Loss (one batch): 0.00190
Val - Loss, MSE, RMSE, MAE, MAPE: 0.00268, 0.00268, 0.05130, 0.03122, 239402.05%
Test - Best epoch, Loss, MSE, RMSE, MAE, MAPE: 123, 0.00285, 0.00285, 0.05259, 0.03260, 7.96%
Time spent: 8.09s
- Epoch 160, ExpID 95202
Train - Loss (one batch): 0.00228
Val - Loss, MSE, RMSE, MAE, MAPE: 0.00286, 0.00286, 0.05311, 0.03390, 245207.34%
Test - Best epoch, Loss, MSE, RMSE, MAE, MAPE: 123, 0.00285, 0.00285, 0.05259, 0.03260, 7.96%
Time spent: 7.95s
- Epoch 161, ExpID 95202
Train - Loss (one batch): 0.00233
Val - Loss, MSE, RMSE, MAE, MAPE: 0.00270, 0.00270, 0.05155, 0.03180, 241513.61%
Test - Best epoch, Loss, MSE, RMSE, MAE, MAPE: 123, 0.00285, 0.00285, 0.05259, 0.03260, 7.96%
Time spent: 8.00s
- Epoch 162, ExpID 95202
Train - Loss (one batch): 0.00197
Val - Loss, MSE, RMSE, MAE, MAPE: 0.00285, 0.00285, 0.05289, 0.03291, 244147.59%
Test - Best epoch, Loss, MSE, RMSE, MAE, MAPE: 123, 0.00285, 0.00285, 0.05259, 0.03260, 7.96%
Time spent: 7.88s
- Epoch 163, ExpID 95202
Train - Loss (one batch): 0.00245
Val - Loss, MSE, RMSE, MAE, MAPE: 0.00289, 0.00289, 0.05331, 0.03450, 250386.92%
Test - Best epoch, Loss, MSE, RMSE, MAE, MAPE: 123, 0.00285, 0.00285, 0.05259, 0.03260, 7.96%
Time spent: 7.97s
- Epoch 164, ExpID 95202
Train - Loss (one batch): 0.00212
Val - Loss, MSE, RMSE, MAE, MAPE: 0.00286, 0.00286, 0.05309, 0.03397, 248475.80%
Test - Best epoch, Loss, MSE, RMSE, MAE, MAPE: 123, 0.00285, 0.00285, 0.05259, 0.03260, 7.96%
Time spent: 8.02s
- Epoch 165, ExpID 95202
Train - Loss (one batch): 0.00262
Val - Loss, MSE, RMSE, MAE, MAPE: 0.00274, 0.00274, 0.05190, 0.03188, 251195.07%
Test - Best epoch, Loss, MSE, RMSE, MAE, MAPE: 123, 0.00285, 0.00285, 0.05259, 0.03260, 7.96%
Time spent: 7.98s
- Epoch 166, ExpID 95202
Train - Loss (one batch): 0.00227
Val - Loss, MSE, RMSE, MAE, MAPE: 0.00275, 0.00275, 0.05196, 0.03206, 245217.25%
Test - Best epoch, Loss, MSE, RMSE, MAE, MAPE: 123, 0.00285, 0.00285, 0.05259, 0.03260, 7.96%
Time spent: 8.17s
- Epoch 167, ExpID 95202
Train - Loss (one batch): 0.00244
Val - Loss, MSE, RMSE, MAE, MAPE: 0.00270, 0.00270, 0.05149, 0.03124, 234912.27%
Test - Best epoch, Loss, MSE, RMSE, MAE, MAPE: 123, 0.00285, 0.00285, 0.05259, 0.03260, 7.96%
Time spent: 7.92s
- Epoch 168, ExpID 95202
Train - Loss (one batch): 0.00221
Val - Loss, MSE, RMSE, MAE, MAPE: 0.00273, 0.00273, 0.05182, 0.03188, 245084.43%
Test - Best epoch, Loss, MSE, RMSE, MAE, MAPE: 123, 0.00285, 0.00285, 0.05259, 0.03260, 7.96%
Time spent: 7.96s
- Epoch 169, ExpID 95202
Train - Loss (one batch): 0.00243
Val - Loss, MSE, RMSE, MAE, MAPE: 0.00301, 0.00301, 0.05442, 0.03537, 243392.86%
Test - Best epoch, Loss, MSE, RMSE, MAE, MAPE: 123, 0.00285, 0.00285, 0.05259, 0.03260, 7.96%
Time spent: 7.91s
- Epoch 170, ExpID 95202
Train - Loss (one batch): 0.00208
Val - Loss, MSE, RMSE, MAE, MAPE: 0.00312, 0.00312, 0.05545, 0.03743, 257588.88%
Test - Best epoch, Loss, MSE, RMSE, MAE, MAPE: 123, 0.00285, 0.00285, 0.05259, 0.03260, 7.96%
Time spent: 8.20s
- Epoch 171, ExpID 95202
Train - Loss (one batch): 0.00160
Val - Loss, MSE, RMSE, MAE, MAPE: 0.00274, 0.00274, 0.05188, 0.03165, 238253.62%
Test - Best epoch, Loss, MSE, RMSE, MAE, MAPE: 123, 0.00285, 0.00285, 0.05259, 0.03260, 7.96%
Time spent: 7.84s
- Epoch 172, ExpID 95202
Train - Loss (one batch): 0.00197
Val - Loss, MSE, RMSE, MAE, MAPE: 0.00289, 0.00289, 0.05336, 0.03434, 248747.88%
Test - Best epoch, Loss, MSE, RMSE, MAE, MAPE: 123, 0.00285, 0.00285, 0.05259, 0.03260, 7.96%
Time spent: 7.91s
- Epoch 173, ExpID 95202
Train - Loss (one batch): 0.00231
Val - Loss, MSE, RMSE, MAE, MAPE: 0.00276, 0.00276, 0.05210, 0.03197, 244891.36%
Test - Best epoch, Loss, MSE, RMSE, MAE, MAPE: 123, 0.00285, 0.00285, 0.05259, 0.03260, 7.96%
Time spent: 7.99s
- Epoch 174, ExpID 95202
Train - Loss (one batch): 0.00222
Val - Loss, MSE, RMSE, MAE, MAPE: 0.00273, 0.00273, 0.05182, 0.03167, 243225.76%
Test - Best epoch, Loss, MSE, RMSE, MAE, MAPE: 123, 0.00285, 0.00285, 0.05259, 0.03260, 7.96%
Time spent: 7.91s
- Epoch 175, ExpID 95202
Train - Loss (one batch): 0.00296
Val - Loss, MSE, RMSE, MAE, MAPE: 0.00283, 0.00283, 0.05274, 0.03256, 249480.76%
Test - Best epoch, Loss, MSE, RMSE, MAE, MAPE: 123, 0.00285, 0.00285, 0.05259, 0.03260, 7.96%
Time spent: 8.09s
- Epoch 176, ExpID 95202
Train - Loss (one batch): 0.00215
Val - Loss, MSE, RMSE, MAE, MAPE: 0.00272, 0.00272, 0.05167, 0.03119, 235861.36%
Test - Best epoch, Loss, MSE, RMSE, MAE, MAPE: 123, 0.00285, 0.00285, 0.05259, 0.03260, 7.96%
Time spent: 8.13s
- Epoch 177, ExpID 95202
Train - Loss (one batch): 0.00236
Val - Loss, MSE, RMSE, MAE, MAPE: 0.00293, 0.00293, 0.05367, 0.03465, 246955.39%
Test - Best epoch, Loss, MSE, RMSE, MAE, MAPE: 123, 0.00285, 0.00285, 0.05259, 0.03260, 7.96%
Time spent: 8.14s
- Epoch 178, ExpID 95202
Train - Loss (one batch): 0.00230
Val - Loss, MSE, RMSE, MAE, MAPE: 0.00274, 0.00274, 0.05186, 0.03157, 246187.03%
Test - Best epoch, Loss, MSE, RMSE, MAE, MAPE: 123, 0.00285, 0.00285, 0.05259, 0.03260, 7.96%
Time spent: 8.01s
- Epoch 179, ExpID 95202
Train - Loss (one batch): 0.00236
Val - Loss, MSE, RMSE, MAE, MAPE: 0.00278, 0.00278, 0.05225, 0.03202, 241390.65%
Test - Best epoch, Loss, MSE, RMSE, MAE, MAPE: 123, 0.00285, 0.00285, 0.05259, 0.03260, 7.96%
Time spent: 7.92s
- Epoch 180, ExpID 95202
Train - Loss (one batch): 0.00210
Val - Loss, MSE, RMSE, MAE, MAPE: 0.00288, 0.00288, 0.05316, 0.03329, 241783.70%
Test - Best epoch, Loss, MSE, RMSE, MAE, MAPE: 123, 0.00285, 0.00285, 0.05259, 0.03260, 7.96%
Time spent: 7.93s
- Epoch 181, ExpID 95202
Train - Loss (one batch): 0.00185
Val - Loss, MSE, RMSE, MAE, MAPE: 0.00291, 0.00291, 0.05345, 0.03373, 246221.91%
Test - Best epoch, Loss, MSE, RMSE, MAE, MAPE: 123, 0.00285, 0.00285, 0.05259, 0.03260, 7.96%
Time spent: 7.88s
- Epoch 182, ExpID 95202
Train - Loss (one batch): 0.00216
Val - Loss, MSE, RMSE, MAE, MAPE: 0.00269, 0.00269, 0.05144, 0.03103, 239688.82%
Test - Best epoch, Loss, MSE, RMSE, MAE, MAPE: 123, 0.00285, 0.00285, 0.05259, 0.03260, 7.96%
Time spent: 7.96s
- Epoch 183, ExpID 95202
Train - Loss (one batch): 0.00209
Val - Loss, MSE, RMSE, MAE, MAPE: 0.00295, 0.00295, 0.05389, 0.03510, 253553.91%
Test - Best epoch, Loss, MSE, RMSE, MAE, MAPE: 123, 0.00285, 0.00285, 0.05259, 0.03260, 7.96%
Time spent: 8.03s
- Epoch 184, ExpID 95202
Train - Loss (one batch): 0.00242
Val - Loss, MSE, RMSE, MAE, MAPE: 0.00276, 0.00276, 0.05209, 0.03188, 247790.60%
Test - Best epoch, Loss, MSE, RMSE, MAE, MAPE: 123, 0.00285, 0.00285, 0.05259, 0.03260, 7.96%
Time spent: 7.97s
- Epoch 185, ExpID 95202
Train - Loss (one batch): 0.00192
Val - Loss, MSE, RMSE, MAE, MAPE: 0.00281, 0.00281, 0.05253, 0.03270, 246854.67%
Test - Best epoch, Loss, MSE, RMSE, MAE, MAPE: 123, 0.00285, 0.00285, 0.05259, 0.03260, 7.96%
Time spent: 8.02s
- Epoch 186, ExpID 95202
Train - Loss (one batch): 0.00186
Val - Loss, MSE, RMSE, MAE, MAPE: 0.00278, 0.00278, 0.05224, 0.03180, 247302.77%
Test - Best epoch, Loss, MSE, RMSE, MAE, MAPE: 123, 0.00285, 0.00285, 0.05259, 0.03260, 7.96%
Time spent: 8.05s
- Epoch 187, ExpID 95202
Train - Loss (one batch): 0.00175
Val - Loss, MSE, RMSE, MAE, MAPE: 0.00279, 0.00279, 0.05233, 0.03194, 243942.50%
Test - Best epoch, Loss, MSE, RMSE, MAE, MAPE: 123, 0.00285, 0.00285, 0.05259, 0.03260, 7.96%
Time spent: 7.99s
- Epoch 188, ExpID 95202
Train - Loss (one batch): 0.00195
Val - Loss, MSE, RMSE, MAE, MAPE: 0.00279, 0.00279, 0.05235, 0.03214, 247447.29%
Test - Best epoch, Loss, MSE, RMSE, MAE, MAPE: 123, 0.00285, 0.00285, 0.05259, 0.03260, 7.96%
Time spent: 7.95s
- Epoch 189, ExpID 95202
Train - Loss (one batch): 0.00250
Val - Loss, MSE, RMSE, MAE, MAPE: 0.00276, 0.00276, 0.05208, 0.03213, 245729.02%
Test - Best epoch, Loss, MSE, RMSE, MAE, MAPE: 123, 0.00285, 0.00285, 0.05259, 0.03260, 7.96%
Time spent: 8.04s
- Epoch 190, ExpID 95202
Train - Loss (one batch): 0.00196
Val - Loss, MSE, RMSE, MAE, MAPE: 0.00282, 0.00282, 0.05261, 0.03213, 240895.48%
Test - Best epoch, Loss, MSE, RMSE, MAE, MAPE: 123, 0.00285, 0.00285, 0.05259, 0.03260, 7.96%
Time spent: 7.92s
- Epoch 191, ExpID 95202
Train - Loss (one batch): 0.00164
Val - Loss, MSE, RMSE, MAE, MAPE: 0.00279, 0.00279, 0.05230, 0.03227, 247035.48%
Test - Best epoch, Loss, MSE, RMSE, MAE, MAPE: 123, 0.00285, 0.00285, 0.05259, 0.03260, 7.96%
Time spent: 7.91s
- Epoch 192, ExpID 95202
Train - Loss (one batch): 0.00241
Val - Loss, MSE, RMSE, MAE, MAPE: 0.00281, 0.00281, 0.05249, 0.03226, 239206.91%
Test - Best epoch, Loss, MSE, RMSE, MAE, MAPE: 123, 0.00285, 0.00285, 0.05259, 0.03260, 7.96%
Time spent: 7.92s
- Epoch 193, ExpID 95202
Train - Loss (one batch): 0.00192
Val - Loss, MSE, RMSE, MAE, MAPE: 0.00292, 0.00292, 0.05362, 0.03412, 243805.80%
Test - Best epoch, Loss, MSE, RMSE, MAE, MAPE: 123, 0.00285, 0.00285, 0.05259, 0.03260, 7.96%
Time spent: 8.06s
- Epoch 194, ExpID 95202
Train - Loss (one batch): 0.00234
Val - Loss, MSE, RMSE, MAE, MAPE: 0.00321, 0.00321, 0.05631, 0.03849, 254461.51%
Test - Best epoch, Loss, MSE, RMSE, MAE, MAPE: 123, 0.00285, 0.00285, 0.05259, 0.03260, 7.96%
Time spent: 7.97s
- Epoch 195, ExpID 95202
Train - Loss (one batch): 0.00204
Val - Loss, MSE, RMSE, MAE, MAPE: 0.00282, 0.00282, 0.05263, 0.03272, 243030.19%
Test - Best epoch, Loss, MSE, RMSE, MAE, MAPE: 123, 0.00285, 0.00285, 0.05259, 0.03260, 7.96%
Time spent: 8.06s
- Epoch 196, ExpID 95202
Train - Loss (one batch): 0.00174
Val - Loss, MSE, RMSE, MAE, MAPE: 0.00278, 0.00278, 0.05220, 0.03205, 239319.34%
Test - Best epoch, Loss, MSE, RMSE, MAE, MAPE: 123, 0.00285, 0.00285, 0.05259, 0.03260, 7.96%
Time spent: 8.03s
- Epoch 197, ExpID 95202
Train - Loss (one batch): 0.00241
Val - Loss, MSE, RMSE, MAE, MAPE: 0.00314, 0.00314, 0.05559, 0.03717, 260097.06%
Test - Best epoch, Loss, MSE, RMSE, MAE, MAPE: 123, 0.00285, 0.00285, 0.05259, 0.03260, 7.96%
Time spent: 8.05s
- Epoch 198, ExpID 95202
Train - Loss (one batch): 0.00239
Val - Loss, MSE, RMSE, MAE, MAPE: 0.00277, 0.00277, 0.05214, 0.03202, 235617.40%
Test - Best epoch, Loss, MSE, RMSE, MAE, MAPE: 123, 0.00285, 0.00285, 0.05259, 0.03260, 7.96%
Time spent: 7.87s
- Epoch 199, ExpID 95202
Train - Loss (one batch): 0.00220
Val - Loss, MSE, RMSE, MAE, MAPE: 0.00295, 0.00295, 0.05384, 0.03427, 250648.96%
Test - Best epoch, Loss, MSE, RMSE, MAE, MAPE: 123, 0.00285, 0.00285, 0.05259, 0.03260, 7.96%
Time spent: 8.02s
- Epoch 200, ExpID 95202
Train - Loss (one batch): 0.00152
Val - Loss, MSE, RMSE, MAE, MAPE: 0.00281, 0.00281, 0.05248, 0.03194, 234380.40%
Test - Best epoch, Loss, MSE, RMSE, MAE, MAPE: 123, 0.00285, 0.00285, 0.05259, 0.03260, 7.96%
Time spent: 7.89s
- Epoch 201, ExpID 95202
Train - Loss (one batch): 0.00195
Val - Loss, MSE, RMSE, MAE, MAPE: 0.00280, 0.00280, 0.05237, 0.03195, 226378.06%
Test - Best epoch, Loss, MSE, RMSE, MAE, MAPE: 123, 0.00285, 0.00285, 0.05259, 0.03260, 7.96%
Time spent: 7.93s
- Epoch 202, ExpID 95202
Train - Loss (one batch): 0.00203
Val - Loss, MSE, RMSE, MAE, MAPE: 0.00279, 0.00279, 0.05236, 0.03256, 238634.67%
Test - Best epoch, Loss, MSE, RMSE, MAE, MAPE: 123, 0.00285, 0.00285, 0.05259, 0.03260, 7.96%
Time spent: 8.11s
- Epoch 203, ExpID 95202
Train - Loss (one batch): 0.00237
Val - Loss, MSE, RMSE, MAE, MAPE: 0.00278, 0.00278, 0.05225, 0.03202, 237388.89%
Test - Best epoch, Loss, MSE, RMSE, MAE, MAPE: 123, 0.00285, 0.00285, 0.05259, 0.03260, 7.96%
Time spent: 8.10s
- Epoch 204, ExpID 95202
Train - Loss (one batch): 0.00253
Val - Loss, MSE, RMSE, MAE, MAPE: 0.00277, 0.00277, 0.05211, 0.03188, 239968.56%
Test - Best epoch, Loss, MSE, RMSE, MAE, MAPE: 123, 0.00285, 0.00285, 0.05259, 0.03260, 7.96%
Time spent: 7.97s
- Epoch 205, ExpID 95202
Train - Loss (one batch): 0.00219
Val - Loss, MSE, RMSE, MAE, MAPE: 0.00296, 0.00296, 0.05389, 0.03435, 251966.93%
Test - Best epoch, Loss, MSE, RMSE, MAE, MAPE: 123, 0.00285, 0.00285, 0.05259, 0.03260, 7.96%
Time spent: 8.06s
- Epoch 206, ExpID 95202
Train - Loss (one batch): 0.00199
Val - Loss, MSE, RMSE, MAE, MAPE: 0.00283, 0.00283, 0.05270, 0.03262, 243486.09%
Test - Best epoch, Loss, MSE, RMSE, MAE, MAPE: 123, 0.00285, 0.00285, 0.05259, 0.03260, 7.96%
Time spent: 7.98s
- Epoch 207, ExpID 95202
Train - Loss (one batch): 0.00190
Val - Loss, MSE, RMSE, MAE, MAPE: 0.00282, 0.00282, 0.05260, 0.03208, 231406.38%
Test - Best epoch, Loss, MSE, RMSE, MAE, MAPE: 123, 0.00285, 0.00285, 0.05259, 0.03260, 7.96%
Time spent: 8.21s
- Epoch 208, ExpID 95202
Train - Loss (one batch): 0.00201
Val - Loss, MSE, RMSE, MAE, MAPE: 0.00281, 0.00281, 0.05247, 0.03199, 233662.73%
Test - Best epoch, Loss, MSE, RMSE, MAE, MAPE: 123, 0.00285, 0.00285, 0.05259, 0.03260, 7.96%
Time spent: 8.01s
- Epoch 209, ExpID 95202
Train - Loss (one batch): 0.00227
Val - Loss, MSE, RMSE, MAE, MAPE: 0.00308, 0.00308, 0.05513, 0.03627, 240900.46%
Test - Best epoch, Loss, MSE, RMSE, MAE, MAPE: 123, 0.00285, 0.00285, 0.05259, 0.03260, 7.96%
Time spent: 8.11s
- Epoch 210, ExpID 95202
Train - Loss (one batch): 0.00201
Val - Loss, MSE, RMSE, MAE, MAPE: 0.00289, 0.00289, 0.05331, 0.03346, 239431.72%
Test - Best epoch, Loss, MSE, RMSE, MAE, MAPE: 123, 0.00285, 0.00285, 0.05259, 0.03260, 7.96%
Time spent: 8.06s
- Epoch 211, ExpID 95202
Train - Loss (one batch): 0.00257
Val - Loss, MSE, RMSE, MAE, MAPE: 0.00283, 0.00283, 0.05276, 0.03298, 236499.87%
Test - Best epoch, Loss, MSE, RMSE, MAE, MAPE: 123, 0.00285, 0.00285, 0.05259, 0.03260, 7.96%
Time spent: 7.93s
- Epoch 212, ExpID 95202
Train - Loss (one batch): 0.00193
Val - Loss, MSE, RMSE, MAE, MAPE: 0.00281, 0.00281, 0.05247, 0.03198, 241802.43%
Test - Best epoch, Loss, MSE, RMSE, MAE, MAPE: 123, 0.00285, 0.00285, 0.05259, 0.03260, 7.96%
Time spent: 8.08s
- Epoch 213, ExpID 95202
Train - Loss (one batch): 0.00233
Val - Loss, MSE, RMSE, MAE, MAPE: 0.00287, 0.00287, 0.05304, 0.03260, 231201.92%
Test - Best epoch, Loss, MSE, RMSE, MAE, MAPE: 123, 0.00285, 0.00285, 0.05259, 0.03260, 7.96%
Time spent: 8.12s
- Epoch 214, ExpID 95202
Train - Loss (one batch): 0.00179
Val - Loss, MSE, RMSE, MAE, MAPE: 0.00280, 0.00280, 0.05245, 0.03218, 245352.69%
Test - Best epoch, Loss, MSE, RMSE, MAE, MAPE: 123, 0.00285, 0.00285, 0.05259, 0.03260, 7.96%
Time spent: 8.18s
- Epoch 215, ExpID 95202
Train - Loss (one batch): 0.00223
Val - Loss, MSE, RMSE, MAE, MAPE: 0.00296, 0.00296, 0.05396, 0.03493, 241631.28%
Test - Best epoch, Loss, MSE, RMSE, MAE, MAPE: 123, 0.00285, 0.00285, 0.05259, 0.03260, 7.96%
Time spent: 7.85s
- Epoch 216, ExpID 95202
Train - Loss (one batch): 0.00173
Val - Loss, MSE, RMSE, MAE, MAPE: 0.00284, 0.00284, 0.05276, 0.03213, 230623.36%
Test - Best epoch, Loss, MSE, RMSE, MAE, MAPE: 123, 0.00285, 0.00285, 0.05259, 0.03260, 7.96%
Time spent: 8.03s
- Epoch 217, ExpID 95202
Train - Loss (one batch): 0.00213
Val - Loss, MSE, RMSE, MAE, MAPE: 0.00286, 0.00286, 0.05296, 0.03242, 238709.30%
Test - Best epoch, Loss, MSE, RMSE, MAE, MAPE: 123, 0.00285, 0.00285, 0.05259, 0.03260, 7.96%
Time spent: 7.91s
- Epoch 218, ExpID 95202
Train - Loss (one batch): 0.00192
Val - Loss, MSE, RMSE, MAE, MAPE: 0.00283, 0.00283, 0.05270, 0.03225, 234410.97%
Test - Best epoch, Loss, MSE, RMSE, MAE, MAPE: 123, 0.00285, 0.00285, 0.05259, 0.03260, 7.96%
Time spent: 7.76s
- Epoch 219, ExpID 95202
Train - Loss (one batch): 0.00179
Val - Loss, MSE, RMSE, MAE, MAPE: 0.00298, 0.00298, 0.05414, 0.03498, 241668.28%
Test - Best epoch, Loss, MSE, RMSE, MAE, MAPE: 123, 0.00285, 0.00285, 0.05259, 0.03260, 7.96%
Time spent: 8.13s
- Epoch 220, ExpID 95202
Train - Loss (one batch): 0.00223
Val - Loss, MSE, RMSE, MAE, MAPE: 0.00285, 0.00285, 0.05290, 0.03296, 237636.27%
Test - Best epoch, Loss, MSE, RMSE, MAE, MAPE: 123, 0.00285, 0.00285, 0.05259, 0.03260, 7.96%
Time spent: 8.08s
- Epoch 221, ExpID 95202
Train - Loss (one batch): 0.00182
Val - Loss, MSE, RMSE, MAE, MAPE: 0.00306, 0.00306, 0.05481, 0.03537, 247030.52%
Test - Best epoch, Loss, MSE, RMSE, MAE, MAPE: 123, 0.00285, 0.00285, 0.05259, 0.03260, 7.96%
Time spent: 7.85s
- Epoch 222, ExpID 95202
Train - Loss (one batch): 0.00214
Val - Loss, MSE, RMSE, MAE, MAPE: 0.00298, 0.00298, 0.05411, 0.03465, 236836.93%
Test - Best epoch, Loss, MSE, RMSE, MAE, MAPE: 123, 0.00285, 0.00285, 0.05259, 0.03260, 7.96%
Time spent: 8.03s
- Epoch 223, ExpID 95202
Train - Loss (one batch): 0.00179
Val - Loss, MSE, RMSE, MAE, MAPE: 0.00300, 0.00300, 0.05425, 0.03413, 240086.98%
Test - Best epoch, Loss, MSE, RMSE, MAE, MAPE: 123, 0.00285, 0.00285, 0.05259, 0.03260, 7.96%
Time spent: 8.16s
- Epoch 224, ExpID 95202
Train - Loss (one batch): 0.00246
Val - Loss, MSE, RMSE, MAE, MAPE: 0.00284, 0.00284, 0.05274, 0.03227, 225693.09%
Test - Best epoch, Loss, MSE, RMSE, MAE, MAPE: 123, 0.00285, 0.00285, 0.05259, 0.03260, 7.96%
Time spent: 8.09s
- Epoch 225, ExpID 95202
Train - Loss (one batch): 0.00235
Val - Loss, MSE, RMSE, MAE, MAPE: 0.00288, 0.00288, 0.05315, 0.03308, 239594.84%
Test - Best epoch, Loss, MSE, RMSE, MAE, MAPE: 123, 0.00285, 0.00285, 0.05259, 0.03260, 7.96%
Time spent: 8.07s
- Epoch 226, ExpID 95202
Train - Loss (one batch): 0.00209
Val - Loss, MSE, RMSE, MAE, MAPE: 0.00288, 0.00288, 0.05316, 0.03332, 239252.32%
Test - Best epoch, Loss, MSE, RMSE, MAE, MAPE: 123, 0.00285, 0.00285, 0.05259, 0.03260, 7.96%
Time spent: 7.98s
- Epoch 227, ExpID 95202
Train - Loss (one batch): 0.00231
Val - Loss, MSE, RMSE, MAE, MAPE: 0.00280, 0.00280, 0.05239, 0.03186, 239718.38%
Test - Best epoch, Loss, MSE, RMSE, MAE, MAPE: 123, 0.00285, 0.00285, 0.05259, 0.03260, 7.96%
Time spent: 7.89s
- Epoch 228, ExpID 95202
Train - Loss (one batch): 0.00188
Val - Loss, MSE, RMSE, MAE, MAPE: 0.00289, 0.00289, 0.05330, 0.03339, 234946.64%
Test - Best epoch, Loss, MSE, RMSE, MAE, MAPE: 123, 0.00285, 0.00285, 0.05259, 0.03260, 7.96%
Time spent: 7.89s
- Epoch 229, ExpID 95202
Train - Loss (one batch): 0.00218
Val - Loss, MSE, RMSE, MAE, MAPE: 0.00281, 0.00281, 0.05247, 0.03204, 240098.09%
Test - Best epoch, Loss, MSE, RMSE, MAE, MAPE: 123, 0.00285, 0.00285, 0.05259, 0.03260, 7.96%
Time spent: 7.90s
- Epoch 230, ExpID 95202
Train - Loss (one batch): 0.00176
Val - Loss, MSE, RMSE, MAE, MAPE: 0.00324, 0.00324, 0.05651, 0.03814, 253899.83%
Test - Best epoch, Loss, MSE, RMSE, MAE, MAPE: 123, 0.00285, 0.00285, 0.05259, 0.03260, 7.96%
Time spent: 7.99s
- Epoch 231, ExpID 95202
Train - Loss (one batch): 0.00186
Val - Loss, MSE, RMSE, MAE, MAPE: 0.00291, 0.00291, 0.05343, 0.03336, 242329.38%
Test - Best epoch, Loss, MSE, RMSE, MAE, MAPE: 123, 0.00285, 0.00285, 0.05259, 0.03260, 7.96%
Time spent: 7.87s
- Epoch 232, ExpID 95202
Train - Loss (one batch): 0.00204
Val - Loss, MSE, RMSE, MAE, MAPE: 0.00297, 0.00297, 0.05397, 0.03430, 242874.00%
Test - Best epoch, Loss, MSE, RMSE, MAE, MAPE: 123, 0.00285, 0.00285, 0.05259, 0.03260, 7.96%
Time spent: 8.10s
- Epoch 233, ExpID 95202
Train - Loss (one batch): 0.00172
Val - Loss, MSE, RMSE, MAE, MAPE: 0.00298, 0.00298, 0.05405, 0.03427, 233928.13%
Test - Best epoch, Loss, MSE, RMSE, MAE, MAPE: 123, 0.00285, 0.00285, 0.05259, 0.03260, 7.96%
Time spent: 7.91s
- Epoch 234, ExpID 95202
Train - Loss (one batch): 0.00200
Val - Loss, MSE, RMSE, MAE, MAPE: 0.00286, 0.00286, 0.05293, 0.03253, 244192.39%
Test - Best epoch, Loss, MSE, RMSE, MAE, MAPE: 123, 0.00285, 0.00285, 0.05259, 0.03260, 7.96%
Time spent: 8.03s
- Epoch 235, ExpID 95202
Train - Loss (one batch): 0.00170
Val - Loss, MSE, RMSE, MAE, MAPE: 0.00298, 0.00298, 0.05407, 0.03454, 236258.87%
Test - Best epoch, Loss, MSE, RMSE, MAE, MAPE: 123, 0.00285, 0.00285, 0.05259, 0.03260, 7.96%
Time spent: 8.09s
- Epoch 236, ExpID 95202
Train - Loss (one batch): 0.00232
Val - Loss, MSE, RMSE, MAE, MAPE: 0.00297, 0.00297, 0.05408, 0.03473, 236884.63%
Test - Best epoch, Loss, MSE, RMSE, MAE, MAPE: 123, 0.00285, 0.00285, 0.05259, 0.03260, 7.96%
Time spent: 8.06s
- Epoch 237, ExpID 95202
Train - Loss (one batch): 0.00194
Val - Loss, MSE, RMSE, MAE, MAPE: 0.00295, 0.00295, 0.05379, 0.03399, 244018.20%
Test - Best epoch, Loss, MSE, RMSE, MAE, MAPE: 123, 0.00285, 0.00285, 0.05259, 0.03260, 7.96%
Time spent: 8.08s
- Epoch 238, ExpID 95202
Train - Loss (one batch): 0.00179
Val - Loss, MSE, RMSE, MAE, MAPE: 0.00287, 0.00287, 0.05308, 0.03278, 247230.99%
Test - Best epoch, Loss, MSE, RMSE, MAE, MAPE: 123, 0.00285, 0.00285, 0.05259, 0.03260, 7.96%
Time spent: 7.90s
- Epoch 239, ExpID 95202
Train - Loss (one batch): 0.00201
Val - Loss, MSE, RMSE, MAE, MAPE: 0.00301, 0.00301, 0.05435, 0.03492, 246563.59%
Test - Best epoch, Loss, MSE, RMSE, MAE, MAPE: 123, 0.00285, 0.00285, 0.05259, 0.03260, 7.96%
Time spent: 7.88s
- Epoch 240, ExpID 95202
Train - Loss (one batch): 0.00216
Val - Loss, MSE, RMSE, MAE, MAPE: 0.00289, 0.00289, 0.05334, 0.03375, 235476.00%
Test - Best epoch, Loss, MSE, RMSE, MAE, MAPE: 123, 0.00285, 0.00285, 0.05259, 0.03260, 7.96%
Time spent: 8.07s
- Epoch 241, ExpID 95202
Train - Loss (one batch): 0.00227
Val - Loss, MSE, RMSE, MAE, MAPE: 0.00294, 0.00294, 0.05371, 0.03393, 241807.03%
Test - Best epoch, Loss, MSE, RMSE, MAE, MAPE: 123, 0.00285, 0.00285, 0.05259, 0.03260, 7.96%
Time spent: 7.97s
- Epoch 242, ExpID 95202
Train - Loss (one batch): 0.00214
Val - Loss, MSE, RMSE, MAE, MAPE: 0.00287, 0.00287, 0.05308, 0.03294, 235104.12%
Test - Best epoch, Loss, MSE, RMSE, MAE, MAPE: 123, 0.00285, 0.00285, 0.05259, 0.03260, 7.96%
Time spent: 7.88s
- Epoch 243, ExpID 95202
Train - Loss (one batch): 0.00222
Val - Loss, MSE, RMSE, MAE, MAPE: 0.00301, 0.00301, 0.05446, 0.03553, 245022.21%
Test - Best epoch, Loss, MSE, RMSE, MAE, MAPE: 123, 0.00285, 0.00285, 0.05259, 0.03260, 7.96%
Time spent: 8.20s
